Run training...
usage: train_kiel_train.py [-h] [--data DATA]
                           [--dataset {wt103,lm1b,enwik8,text8,Kdev,Ktrain}]
                           [--n_layer N_LAYER] [--n_head N_HEAD]
                           [--d_head D_HEAD] [--d_embed D_EMBED]
                           [--d_model D_MODEL] [--d_inner D_INNER]
                           [--dropout DROPOUT] [--dropatt DROPATT]
                           [--init INIT] [--emb_init EMB_INIT]
                           [--init_range INIT_RANGE]
                           [--emb_init_range EMB_INIT_RANGE]
                           [--init_std INIT_STD]
                           [--proj_init_std PROJ_INIT_STD]
                           [--optim {adam,sgd,adagrad}] [--lr LR] [--mom MOM]
                           [--scheduler {cosine,inv_sqrt,dev_perf,constant}]
                           [--warmup_step WARMUP_STEP]
                           [--decay_rate DECAY_RATE] [--lr_min LR_MIN]
                           [--clip CLIP] [--clip_nonemb] [--max_step MAX_STEP]
                           [--batch_size BATCH_SIZE]
                           [--batch_chunk BATCH_CHUNK] [--tgt_len TGT_LEN]
                           [--eval_tgt_len EVAL_TGT_LEN] [--ext_len EXT_LEN]
                           [--mem_len MEM_LEN] [--not_tied] [--seed SEED]
                           [--cuda] [--adaptive] [--div_val DIV_VAL]
                           [--pre_lnorm] [--varlen] [--multi_gpu]
                           [--log-interval LOG_INTERVAL]
                           [--eval-interval EVAL_INTERVAL]
                           [--work_dir WORK_DIR] [--restart]
                           [--restart_dir RESTART_DIR] [--debug]
                           [--same_length] [--attn_type ATTN_TYPE]
                           [--clamp_len CLAMP_LEN] [--eta_min ETA_MIN]
                           [--gpu0_bsz GPU0_BSZ]
                           [--max_eval_steps MAX_EVAL_STEPS]
                           [--sample_softmax SAMPLE_SOFTMAX]
                           [--patience PATIENCE] [--finetune_v2]
                           [--finetune_v3] [--fp16]
                           [--static-loss-scale STATIC_LOSS_SCALE]
                           [--dynamic-loss-scale]
train_kiel_train.py: error: unrecognized arguments:  
run_Ktrain_low_layers_mem64_restart.sh: line 16: --optim: command not found
srun: error: gpu34: task 0: Exited with exit code 127
srun: Terminating job step 44258123.0
