Run training...
Experiment dir : /m/triton/scratch/elec/puhe/p/jaina5/transformer-xl/FinnishXL/-Ktrain/20190816-120701
Loading cached dataset...
====================================================================================================
    - data : /m/triton/scratch/elec/puhe/p/jaina5/transformer-xl/FinnishXL/data/kiel_train/
    - dataset : Ktrain
    - n_layer : 6
    - n_head : 8
    - d_head : 80
    - d_embed : 1024
    - d_model : 1024
    - d_inner : 4096
    - dropout : 0.05
    - dropatt : 0.05
    - init : normal
    - emb_init : normal
    - init_range : 0.1
    - emb_init_range : 0.01
    - init_std : 0.02
    - proj_init_std : 0.01
    - optim : sgd
    - lr : 0.05
    - mom : 0.9
    - scheduler : dev_perf
    - warmup_step : 0
    - decay_rate : 0.5
    - lr_min : 0.0
    - clip : 0.25
    - clip_nonemb : False
    - max_step : 1200000
    - batch_size : 64
    - batch_chunk : 1
    - tgt_len : 32
    - eval_tgt_len : 32
    - ext_len : 0
    - mem_len : 32
    - not_tied : False
    - seed : 1111
    - cuda : True
    - adaptive : False
    - div_val : 1
    - pre_lnorm : False
    - varlen : False
    - multi_gpu : False
    - log_interval : 200
    - eval_interval : 4000
    - work_dir : /m/triton/scratch/elec/puhe/p/jaina5/transformer-xl/FinnishXL/-Ktrain/20190816-120701
    - restart : True
    - restart_dir : /m/triton/scratch/elec/puhe/p/jaina5/transformer-xl/FinnishXL/-Ktrain/20190812-115633
    - debug : False
    - same_length : False
    - attn_type : 0
    - clamp_len : -1
    - eta_min : 0.0
    - gpu0_bsz : -1
    - max_eval_steps : -1
    - sample_softmax : -1
    - patience : 0
    - finetune_v2 : False
    - finetune_v3 : False
    - fp16 : False
    - static_loss_scale : 1
    - dynamic_loss_scale : False
    - tied : True
    - n_token : 34519
    - n_all_param : 105430999
    - n_nonemb_param : 70047744
====================================================================================================
#params = 105430999
#non emb params = 70047744
Traceback (most recent call last):
  File "train_kiel_train.py", line 539, in <module>
    train()
  File "train_kiel_train.py", line 459, in train
    optimizer.step()
  File "/share/apps2/anaconda/anaconda3/latest/lib/python3.6/site-packages/torch/optim/sgd.py", line 84, in step
    momentum = group['momentum']
KeyError: 'momentum'
srun: error: gpu34: task 0: Exited with exit code 1
srun: Terminating job step 44258124.0
