Run training...
Experiment dir : /m/triton/scratch/elec/puhe/p/jaina5/transformer-xl/FinnishXL/-Ktrain/20190906-143624
Loading cached dataset...
====================================================================================================
    - data : /m/triton/scratch/elec/puhe/p/jaina5/transformer-xl/FinnishXL/data/cp_kiel_train/
    - dataset : Ktrain
    - n_layer : 48
    - n_head : 8
    - d_head : 40
    - d_embed : 256
    - d_model : 256
    - d_inner : 1024
    - dropout : 0.05
    - dropatt : 0.05
    - init : normal
    - emb_init : normal
    - init_range : 0.1
    - emb_init_range : 0.01
    - init_std : 0.02
    - proj_init_std : 0.01
    - optim : adam
    - lr : 0.00025
    - mom : 0.0
    - scheduler : cosine
    - warmup_step : 40000
    - decay_rate : 0.5
    - lr_min : 0.0
    - clip : 0.25
    - clip_nonemb : False
    - max_step : 600000
    - batch_size : 512
    - batch_chunk : 4
    - tgt_len : 64
    - eval_tgt_len : 64
    - ext_len : 0
    - mem_len : 64
    - not_tied : False
    - seed : 1111
    - cuda : True
    - adaptive : False
    - div_val : 1
    - pre_lnorm : False
    - varlen : False
    - multi_gpu : False
    - log_interval : 200
    - eval_interval : 4000
    - work_dir : /m/triton/scratch/elec/puhe/p/jaina5/transformer-xl/FinnishXL/-Ktrain/20190906-143624
    - restart : False
    - restart_dir : 
    - debug : False
    - same_length : False
    - attn_type : 0
    - clamp_len : -1
    - eta_min : 0.0
    - gpu0_bsz : -1
    - max_eval_steps : -1
    - sample_softmax : -1
    - patience : 0
    - finetune_v2 : False
    - finetune_v3 : False
    - fp16 : False
    - static_loss_scale : 1
    - dynamic_loss_scale : False
    - tied : True
    - n_token : 34519
    - n_all_param : 53809239
    - n_nonemb_param : 44937216
====================================================================================================
#params = 53809239
#non emb params = 44937216
| epoch   1 step      200 |    200 batches | lr 1.25e-06 | ms/batch 2989.88 | loss 10.21 | ppl 27277.813
| epoch   1 step      400 |    400 batches | lr 2.5e-06 | ms/batch 2990.28 | loss 10.09 | ppl 24013.028
| epoch   1 step      600 |    600 batches | lr 3.75e-06 | ms/batch 2993.43 | loss  9.95 | ppl 20885.792
| epoch   1 step      800 |    800 batches | lr 5e-06 | ms/batch 2990.00 | loss  9.74 | ppl 17010.981
| epoch   1 step     1000 |   1000 batches | lr 6.25e-06 | ms/batch 2989.96 | loss  9.47 | ppl 13015.713
| epoch   1 step     1200 |   1200 batches | lr 7.5e-06 | ms/batch 2991.51 | loss  9.18 | ppl  9714.263
| epoch   1 step     1400 |   1400 batches | lr 8.75e-06 | ms/batch 2991.73 | loss  8.90 | ppl  7310.886
| epoch   1 step     1600 |   1600 batches | lr 1e-05 | ms/batch 2989.19 | loss  8.63 | ppl  5623.534
| epoch   1 step     1800 |   1800 batches | lr 1.13e-05 | ms/batch 2989.08 | loss  8.38 | ppl  4371.321
| epoch   1 step     2000 |   2000 batches | lr 1.25e-05 | ms/batch 2990.45 | loss  8.13 | ppl  3399.177
| epoch   1 step     2200 |   2200 batches | lr 1.38e-05 | ms/batch 2988.06 | loss  7.89 | ppl  2671.025
| epoch   1 step     2400 |   2400 batches | lr 1.5e-05 | ms/batch 2988.10 | loss  7.68 | ppl  2165.800
| epoch   1 step     2600 |   2600 batches | lr 1.63e-05 | ms/batch 2991.55 | loss  7.50 | ppl  1801.991
| epoch   1 step     2800 |   2800 batches | lr 1.75e-05 | ms/batch 2989.29 | loss  7.33 | ppl  1531.029
| epoch   1 step     3000 |   3000 batches | lr 1.87e-05 | ms/batch 2990.10 | loss  7.20 | ppl  1334.842
| epoch   1 step     3200 |   3200 batches | lr 2e-05 | ms/batch 2989.42 | loss  7.08 | ppl  1182.282
| epoch   1 step     3400 |   3400 batches | lr 2.12e-05 | ms/batch 2988.44 | loss  6.97 | ppl  1061.890
| epoch   1 step     3600 |   3600 batches | lr 2.25e-05 | ms/batch 2988.14 | loss  6.87 | ppl   959.909
| epoch   1 step     3800 |   3800 batches | lr 2.38e-05 | ms/batch 2988.59 | loss  6.78 | ppl   880.711
| epoch   1 step     4000 |   4000 batches | lr 2.5e-05 | ms/batch 2988.17 | loss  6.70 | ppl   810.755
----------------------------------------------------------------------------------------------------
| Eval   1 at step     4000 | time: 11963.13s | valid loss  6.74 | valid ppl   842.172
----------------------------------------------------------------------------------------------------
| epoch   1 step     4200 |   4200 batches | lr 2.63e-05 | ms/batch 3013.41 | loss  6.62 | ppl   752.745
| epoch   1 step     4400 |   4400 batches | lr 2.75e-05 | ms/batch 2988.48 | loss  6.55 | ppl   701.938
| epoch   1 step     4600 |   4600 batches | lr 2.88e-05 | ms/batch 2987.08 | loss  6.49 | ppl   656.429
| epoch   1 step     4800 |   4800 batches | lr 3e-05 | ms/batch 2986.48 | loss  6.43 | ppl   618.813
| epoch   1 step     5000 |   5000 batches | lr 3.13e-05 | ms/batch 2987.11 | loss  6.37 | ppl   584.113
| epoch   1 step     5200 |   5200 batches | lr 3.25e-05 | ms/batch 2987.07 | loss  6.31 | ppl   551.924
| epoch   1 step     5400 |   5400 batches | lr 3.38e-05 | ms/batch 2987.16 | loss  6.26 | ppl   524.082
| epoch   1 step     5600 |   5600 batches | lr 3.5e-05 | ms/batch 2986.90 | loss  6.21 | ppl   497.244
| epoch   1 step     5800 |   5800 batches | lr 3.63e-05 | ms/batch 2987.15 | loss  6.16 | ppl   472.532
| epoch   1 step     6000 |   6000 batches | lr 3.75e-05 | ms/batch 2986.71 | loss  6.11 | ppl   450.968
| epoch   1 step     6200 |   6200 batches | lr 3.87e-05 | ms/batch 2987.07 | loss  6.06 | ppl   430.392
| epoch   1 step     6400 |   6400 batches | lr 4e-05 | ms/batch 2987.11 | loss  6.02 | ppl   411.985
| epoch   1 step     6600 |   6600 batches | lr 4.13e-05 | ms/batch 2987.54 | loss  5.98 | ppl   394.358
| epoch   1 step     6800 |   6800 batches | lr 4.25e-05 | ms/batch 2986.97 | loss  5.94 | ppl   378.445
| epoch   1 step     7000 |   7000 batches | lr 4.37e-05 | ms/batch 2987.60 | loss  5.89 | ppl   362.793
| epoch   2 step     7200 |    110 batches | lr 4.5e-05 | ms/batch 2986.93 | loss  5.85 | ppl   348.736
| epoch   2 step     7400 |    310 batches | lr 4.62e-05 | ms/batch 2988.03 | loss  5.81 | ppl   334.827
| epoch   2 step     7600 |    510 batches | lr 4.75e-05 | ms/batch 2988.64 | loss  5.78 | ppl   322.517
| epoch   2 step     7800 |    710 batches | lr 4.87e-05 | ms/batch 2986.71 | loss  5.74 | ppl   310.921
| epoch   2 step     8000 |    910 batches | lr 5e-05 | ms/batch 2985.56 | loss  5.71 | ppl   300.997
----------------------------------------------------------------------------------------------------
| Eval   2 at step     8000 | time: 11952.78s | valid loss  5.78 | valid ppl   322.304
----------------------------------------------------------------------------------------------------
| epoch   2 step     8200 |   1110 batches | lr 5.12e-05 | ms/batch 3010.02 | loss  5.67 | ppl   289.866
| epoch   2 step     8400 |   1310 batches | lr 5.25e-05 | ms/batch 2986.20 | loss  5.63 | ppl   279.701
| epoch   2 step     8600 |   1510 batches | lr 5.37e-05 | ms/batch 2985.95 | loss  5.60 | ppl   271.011
| epoch   2 step     8800 |   1710 batches | lr 5.5e-05 | ms/batch 2986.13 | loss  5.57 | ppl   262.264
| epoch   2 step     9000 |   1910 batches | lr 5.62e-05 | ms/batch 2985.90 | loss  5.54 | ppl   254.612
| epoch   2 step     9200 |   2110 batches | lr 5.75e-05 | ms/batch 2986.96 | loss  5.51 | ppl   246.707
| epoch   2 step     9400 |   2310 batches | lr 5.88e-05 | ms/batch 2986.87 | loss  5.48 | ppl   239.516
| epoch   2 step     9600 |   2510 batches | lr 6e-05 | ms/batch 2987.28 | loss  5.45 | ppl   232.687
| epoch   2 step     9800 |   2710 batches | lr 6.12e-05 | ms/batch 2986.69 | loss  5.42 | ppl   225.736
| epoch   2 step    10000 |   2910 batches | lr 6.25e-05 | ms/batch 2986.67 | loss  5.39 | ppl   219.755
| epoch   2 step    10200 |   3110 batches | lr 6.38e-05 | ms/batch 2986.63 | loss  5.36 | ppl   213.483
| epoch   2 step    10400 |   3310 batches | lr 6.5e-05 | ms/batch 2986.42 | loss  5.34 | ppl   208.638
| epoch   2 step    10600 |   3510 batches | lr 6.62e-05 | ms/batch 2986.38 | loss  5.31 | ppl   203.119
| epoch   2 step    10800 |   3710 batches | lr 6.75e-05 | ms/batch 2985.99 | loss  5.29 | ppl   197.725
| epoch   2 step    11000 |   3910 batches | lr 6.88e-05 | ms/batch 2985.67 | loss  5.26 | ppl   193.385
| epoch   2 step    11200 |   4110 batches | lr 7e-05 | ms/batch 2985.85 | loss  5.24 | ppl   188.547
| epoch   2 step    11400 |   4310 batches | lr 7.12e-05 | ms/batch 2985.77 | loss  5.22 | ppl   184.355
| epoch   2 step    11600 |   4510 batches | lr 7.25e-05 | ms/batch 2986.36 | loss  5.20 | ppl   180.659
| epoch   2 step    11800 |   4710 batches | lr 7.38e-05 | ms/batch 2986.37 | loss  5.17 | ppl   176.416
| epoch   2 step    12000 |   4910 batches | lr 7.5e-05 | ms/batch 2987.30 | loss  5.15 | ppl   173.057
----------------------------------------------------------------------------------------------------
| Eval   3 at step    12000 | time: 11949.36s | valid loss  5.25 | valid ppl   189.846
----------------------------------------------------------------------------------------------------
| epoch   2 step    12200 |   5110 batches | lr 7.63e-05 | ms/batch 3012.05 | loss  5.13 | ppl   169.607
| epoch   2 step    12400 |   5310 batches | lr 7.75e-05 | ms/batch 2989.36 | loss  5.11 | ppl   166.120
| epoch   2 step    12600 |   5510 batches | lr 7.88e-05 | ms/batch 2986.81 | loss  5.10 | ppl   163.546
| epoch   2 step    12800 |   5710 batches | lr 8e-05 | ms/batch 2988.26 | loss  5.08 | ppl   159.998
| epoch   2 step    13000 |   5910 batches | lr 8.12e-05 | ms/batch 2993.09 | loss  5.06 | ppl   157.405
| epoch   2 step    13200 |   6110 batches | lr 8.25e-05 | ms/batch 2993.00 | loss  5.04 | ppl   154.702
| epoch   2 step    13400 |   6310 batches | lr 8.38e-05 | ms/batch 2990.11 | loss  5.03 | ppl   152.371
| epoch   2 step    13600 |   6510 batches | lr 8.5e-05 | ms/batch 2989.27 | loss  5.01 | ppl   149.336
| epoch   2 step    13800 |   6710 batches | lr 8.63e-05 | ms/batch 2990.18 | loss  4.99 | ppl   147.274
| epoch   2 step    14000 |   6910 batches | lr 8.75e-05 | ms/batch 2986.69 | loss  4.98 | ppl   144.872
| epoch   3 step    14200 |     20 batches | lr 8.88e-05 | ms/batch 2986.75 | loss  4.96 | ppl   142.541
| epoch   3 step    14400 |    220 batches | lr 9e-05 | ms/batch 2987.84 | loss  4.94 | ppl   139.382
| epoch   3 step    14600 |    420 batches | lr 9.12e-05 | ms/batch 2988.74 | loss  4.93 | ppl   137.705
| epoch   3 step    14800 |    620 batches | lr 9.25e-05 | ms/batch 2988.31 | loss  4.91 | ppl   135.897
| epoch   3 step    15000 |    820 batches | lr 9.38e-05 | ms/batch 2986.28 | loss  4.90 | ppl   134.160
| epoch   3 step    15200 |   1020 batches | lr 9.5e-05 | ms/batch 2988.00 | loss  4.88 | ppl   132.154
| epoch   3 step    15400 |   1220 batches | lr 9.63e-05 | ms/batch 2988.46 | loss  4.87 | ppl   130.577
| epoch   3 step    15600 |   1420 batches | lr 9.75e-05 | ms/batch 2989.14 | loss  4.86 | ppl   128.919
| epoch   3 step    15800 |   1620 batches | lr 9.88e-05 | ms/batch 2989.59 | loss  4.85 | ppl   127.793
| epoch   3 step    16000 |   1820 batches | lr 0.0001 | ms/batch 2989.28 | loss  4.84 | ppl   126.350
----------------------------------------------------------------------------------------------------
| Eval   4 at step    16000 | time: 11959.43s | valid loss  4.95 | valid ppl   141.583
----------------------------------------------------------------------------------------------------
| epoch   3 step    16200 |   2020 batches | lr 0.000101 | ms/batch 3013.46 | loss  4.83 | ppl   124.858
| epoch   3 step    16400 |   2220 batches | lr 0.000102 | ms/batch 2989.08 | loss  4.81 | ppl   123.346
| epoch   3 step    16600 |   2420 batches | lr 0.000104 | ms/batch 2987.38 | loss  4.80 | ppl   121.977
| epoch   3 step    16800 |   2620 batches | lr 0.000105 | ms/batch 2986.19 | loss  4.80 | ppl   121.108
| epoch   3 step    17000 |   2820 batches | lr 0.000106 | ms/batch 2985.94 | loss  4.78 | ppl   119.619
| epoch   3 step    17200 |   3020 batches | lr 0.000107 | ms/batch 2986.81 | loss  4.78 | ppl   118.621
| epoch   3 step    17400 |   3220 batches | lr 0.000109 | ms/batch 2986.37 | loss  4.76 | ppl   117.165
| epoch   3 step    17600 |   3420 batches | lr 0.00011 | ms/batch 2986.57 | loss  4.76 | ppl   116.342
| epoch   3 step    17800 |   3620 batches | lr 0.000111 | ms/batch 2986.60 | loss  4.74 | ppl   114.996
| epoch   3 step    18000 |   3820 batches | lr 0.000112 | ms/batch 2986.14 | loss  4.74 | ppl   113.905
| epoch   3 step    18200 |   4020 batches | lr 0.000114 | ms/batch 2987.72 | loss  4.73 | ppl   113.274
| epoch   3 step    18400 |   4220 batches | lr 0.000115 | ms/batch 2986.85 | loss  4.72 | ppl   112.002
| epoch   3 step    18600 |   4420 batches | lr 0.000116 | ms/batch 2987.00 | loss  4.71 | ppl   111.130
| epoch   3 step    18800 |   4620 batches | lr 0.000118 | ms/batch 2988.07 | loss  4.70 | ppl   110.021
| epoch   3 step    19000 |   4820 batches | lr 0.000119 | ms/batch 2988.03 | loss  4.69 | ppl   109.380
| epoch   3 step    19200 |   5020 batches | lr 0.00012 | ms/batch 2988.00 | loss  4.69 | ppl   108.468
| epoch   3 step    19400 |   5220 batches | lr 0.000121 | ms/batch 2987.51 | loss  4.68 | ppl   108.137
| epoch   3 step    19600 |   5420 batches | lr 0.000122 | ms/batch 2988.34 | loss  4.67 | ppl   106.983
| epoch   3 step    19800 |   5620 batches | lr 0.000124 | ms/batch 2988.29 | loss  4.66 | ppl   106.034
| epoch   3 step    20000 |   5820 batches | lr 0.000125 | ms/batch 2987.53 | loss  4.66 | ppl   105.441
----------------------------------------------------------------------------------------------------
| Eval   5 at step    20000 | time: 11953.43s | valid loss  4.79 | valid ppl   120.275
----------------------------------------------------------------------------------------------------
| epoch   3 step    20200 |   6020 batches | lr 0.000126 | ms/batch 3012.33 | loss  4.65 | ppl   104.580
| epoch   3 step    20400 |   6220 batches | lr 0.000128 | ms/batch 2987.97 | loss  4.64 | ppl   103.888
| epoch   3 step    20600 |   6420 batches | lr 0.000129 | ms/batch 2987.53 | loss  4.64 | ppl   103.208
| epoch   3 step    20800 |   6620 batches | lr 0.00013 | ms/batch 2987.80 | loss  4.63 | ppl   102.606
| epoch   3 step    21000 |   6820 batches | lr 0.000131 | ms/batch 2987.48 | loss  4.62 | ppl   101.730
| epoch   3 step    21200 |   7020 batches | lr 0.000132 | ms/batch 2986.55 | loss  4.61 | ppl   100.975
| epoch   4 step    21400 |    130 batches | lr 0.000134 | ms/batch 2984.26 | loss  4.60 | ppl    99.594
| epoch   4 step    21600 |    330 batches | lr 0.000135 | ms/batch 2986.21 | loss  4.59 | ppl    98.488
| epoch   4 step    21800 |    530 batches | lr 0.000136 | ms/batch 2986.64 | loss  4.58 | ppl    98.002
| epoch   4 step    22000 |    730 batches | lr 0.000138 | ms/batch 2986.52 | loss  4.58 | ppl    97.510
| epoch   4 step    22200 |    930 batches | lr 0.000139 | ms/batch 2986.25 | loss  4.58 | ppl    97.031
| epoch   4 step    22400 |   1130 batches | lr 0.00014 | ms/batch 2986.82 | loss  4.57 | ppl    96.676
| epoch   4 step    22600 |   1330 batches | lr 0.000141 | ms/batch 2985.84 | loss  4.57 | ppl    96.153
| epoch   4 step    22800 |   1530 batches | lr 0.000142 | ms/batch 2985.84 | loss  4.56 | ppl    95.520
| epoch   4 step    23000 |   1730 batches | lr 0.000144 | ms/batch 2985.98 | loss  4.56 | ppl    95.156
| epoch   4 step    23200 |   1930 batches | lr 0.000145 | ms/batch 2987.33 | loss  4.55 | ppl    94.483
| epoch   4 step    23400 |   2130 batches | lr 0.000146 | ms/batch 2987.02 | loss  4.55 | ppl    94.225
| epoch   4 step    23600 |   2330 batches | lr 0.000148 | ms/batch 2988.00 | loss  4.54 | ppl    93.568
| epoch   4 step    23800 |   2530 batches | lr 0.000149 | ms/batch 2988.50 | loss  4.54 | ppl    93.573
| epoch   4 step    24000 |   2730 batches | lr 0.00015 | ms/batch 2987.94 | loss  4.53 | ppl    92.788
----------------------------------------------------------------------------------------------------
| Eval   6 at step    24000 | time: 11951.65s | valid loss  4.68 | valid ppl   107.856
----------------------------------------------------------------------------------------------------
| epoch   4 step    24200 |   2930 batches | lr 0.000151 | ms/batch 3012.13 | loss  4.53 | ppl    92.422
| epoch   4 step    24400 |   3130 batches | lr 0.000153 | ms/batch 2986.41 | loss  4.52 | ppl    92.127
| epoch   4 step    24600 |   3330 batches | lr 0.000154 | ms/batch 2987.42 | loss  4.52 | ppl    91.417
| epoch   4 step    24800 |   3530 batches | lr 0.000155 | ms/batch 2987.01 | loss  4.51 | ppl    91.255
| epoch   4 step    25000 |   3730 batches | lr 0.000156 | ms/batch 2986.39 | loss  4.51 | ppl    90.616
| epoch   4 step    25200 |   3930 batches | lr 0.000158 | ms/batch 2986.54 | loss  4.50 | ppl    90.314
| epoch   4 step    25400 |   4130 batches | lr 0.000159 | ms/batch 2986.26 | loss  4.50 | ppl    90.050
| epoch   4 step    25600 |   4330 batches | lr 0.00016 | ms/batch 2986.02 | loss  4.50 | ppl    89.888
| epoch   4 step    25800 |   4530 batches | lr 0.000161 | ms/batch 2987.35 | loss  4.49 | ppl    89.443
| epoch   4 step    26000 |   4730 batches | lr 0.000162 | ms/batch 2987.69 | loss  4.49 | ppl    88.903
| epoch   4 step    26200 |   4930 batches | lr 0.000164 | ms/batch 2987.76 | loss  4.48 | ppl    88.524
| epoch   4 step    26400 |   5130 batches | lr 0.000165 | ms/batch 2986.98 | loss  4.48 | ppl    88.066
| epoch   4 step    26600 |   5330 batches | lr 0.000166 | ms/batch 2987.60 | loss  4.48 | ppl    87.800
| epoch   4 step    26800 |   5530 batches | lr 0.000168 | ms/batch 2987.81 | loss  4.47 | ppl    87.564
| epoch   4 step    27000 |   5730 batches | lr 0.000169 | ms/batch 2986.05 | loss  4.47 | ppl    87.199
| epoch   4 step    27200 |   5930 batches | lr 0.00017 | ms/batch 2986.35 | loss  4.47 | ppl    87.046
| epoch   4 step    27400 |   6130 batches | lr 0.000171 | ms/batch 2985.96 | loss  4.46 | ppl    86.715
| epoch   4 step    27600 |   6330 batches | lr 0.000173 | ms/batch 2986.45 | loss  4.46 | ppl    86.370
| epoch   4 step    27800 |   6530 batches | lr 0.000174 | ms/batch 2985.71 | loss  4.45 | ppl    86.028
| epoch   4 step    28000 |   6730 batches | lr 0.000175 | ms/batch 2985.53 | loss  4.45 | ppl    85.908
----------------------------------------------------------------------------------------------------
| Eval   7 at step    28000 | time: 11950.95s | valid loss  4.60 | valid ppl    99.091
----------------------------------------------------------------------------------------------------
| epoch   4 step    28200 |   6930 batches | lr 0.000176 | ms/batch 3010.54 | loss  4.45 | ppl    85.309
| epoch   5 step    28400 |     40 batches | lr 0.000178 | ms/batch 2984.55 | loss  4.44 | ppl    84.649
| epoch   5 step    28600 |    240 batches | lr 0.000179 | ms/batch 2986.03 | loss  4.42 | ppl    83.193
| epoch   5 step    28800 |    440 batches | lr 0.00018 | ms/batch 2986.04 | loss  4.42 | ppl    83.116
| epoch   5 step    29000 |    640 batches | lr 0.000181 | ms/batch 2986.17 | loss  4.42 | ppl    82.943
| epoch   5 step    29200 |    840 batches | lr 0.000182 | ms/batch 2985.97 | loss  4.41 | ppl    82.629
| epoch   5 step    29400 |   1040 batches | lr 0.000184 | ms/batch 2985.44 | loss  4.41 | ppl    82.571
| epoch   5 step    29600 |   1240 batches | lr 0.000185 | ms/batch 2986.03 | loss  4.41 | ppl    82.568
| epoch   5 step    29800 |   1440 batches | lr 0.000186 | ms/batch 2985.79 | loss  4.41 | ppl    82.332
| epoch   5 step    30000 |   1640 batches | lr 0.000188 | ms/batch 2985.85 | loss  4.41 | ppl    82.157
| epoch   5 step    30200 |   1840 batches | lr 0.000189 | ms/batch 2986.45 | loss  4.40 | ppl    81.844
| epoch   5 step    30400 |   2040 batches | lr 0.00019 | ms/batch 2986.32 | loss  4.41 | ppl    81.861
| epoch   5 step    30600 |   2240 batches | lr 0.000191 | ms/batch 2986.48 | loss  4.40 | ppl    81.325
| epoch   5 step    30800 |   2440 batches | lr 0.000193 | ms/batch 2986.42 | loss  4.40 | ppl    81.253
| epoch   5 step    31000 |   2640 batches | lr 0.000194 | ms/batch 2986.42 | loss  4.40 | ppl    81.227
| epoch   5 step    31200 |   2840 batches | lr 0.000195 | ms/batch 2986.12 | loss  4.39 | ppl    80.936
| epoch   5 step    31400 |   3040 batches | lr 0.000196 | ms/batch 2986.86 | loss  4.39 | ppl    80.460
| epoch   5 step    31600 |   3240 batches | lr 0.000198 | ms/batch 2986.09 | loss  4.39 | ppl    80.586
| epoch   5 step    31800 |   3440 batches | lr 0.000199 | ms/batch 2985.96 | loss  4.39 | ppl    80.350
| epoch   5 step    32000 |   3640 batches | lr 0.0002 | ms/batch 2986.73 | loss  4.39 | ppl    80.292
----------------------------------------------------------------------------------------------------
| Eval   8 at step    32000 | time: 11948.26s | valid loss  4.55 | valid ppl    94.528
----------------------------------------------------------------------------------------------------
| epoch   5 step    32200 |   3840 batches | lr 0.000201 | ms/batch 3010.78 | loss  4.38 | ppl    79.989
| epoch   5 step    32400 |   4040 batches | lr 0.000202 | ms/batch 2986.72 | loss  4.38 | ppl    80.006
| epoch   5 step    32600 |   4240 batches | lr 0.000204 | ms/batch 2987.01 | loss  4.38 | ppl    79.682
| epoch   5 step    32800 |   4440 batches | lr 0.000205 | ms/batch 2986.88 | loss  4.38 | ppl    79.642
| epoch   5 step    33000 |   4640 batches | lr 0.000206 | ms/batch 2986.42 | loss  4.37 | ppl    79.316
| epoch   5 step    33200 |   4840 batches | lr 0.000208 | ms/batch 2986.81 | loss  4.37 | ppl    79.225
| epoch   5 step    33400 |   5040 batches | lr 0.000209 | ms/batch 2986.32 | loss  4.37 | ppl    79.140
| epoch   5 step    33600 |   5240 batches | lr 0.00021 | ms/batch 2987.14 | loss  4.37 | ppl    79.090
| epoch   5 step    33800 |   5440 batches | lr 0.000211 | ms/batch 2986.05 | loss  4.36 | ppl    78.614
| epoch   5 step    34000 |   5640 batches | lr 0.000212 | ms/batch 2985.88 | loss  4.36 | ppl    78.608
| epoch   5 step    34200 |   5840 batches | lr 0.000214 | ms/batch 2986.74 | loss  4.36 | ppl    78.551
| epoch   5 step    34400 |   6040 batches | lr 0.000215 | ms/batch 2986.02 | loss  4.36 | ppl    78.422
| epoch   5 step    34600 |   6240 batches | lr 0.000216 | ms/batch 2985.58 | loss  4.36 | ppl    78.143
| epoch   5 step    34800 |   6440 batches | lr 0.000218 | ms/batch 2985.66 | loss  4.36 | ppl    78.011
| epoch   5 step    35000 |   6640 batches | lr 0.000219 | ms/batch 2985.63 | loss  4.35 | ppl    77.840
| epoch   5 step    35200 |   6840 batches | lr 0.00022 | ms/batch 2985.35 | loss  4.35 | ppl    77.764
| epoch   5 step    35400 |   7040 batches | lr 0.000221 | ms/batch 2985.32 | loss  4.35 | ppl    77.738
| epoch   6 step    35600 |    150 batches | lr 0.000223 | ms/batch 2983.95 | loss  4.33 | ppl    76.182
| epoch   6 step    35800 |    350 batches | lr 0.000224 | ms/batch 2985.48 | loss  4.32 | ppl    75.535
| epoch   6 step    36000 |    550 batches | lr 0.000225 | ms/batch 2985.04 | loss  4.33 | ppl    75.670
----------------------------------------------------------------------------------------------------
| Eval   9 at step    36000 | time: 11948.01s | valid loss  4.52 | valid ppl    92.122
----------------------------------------------------------------------------------------------------
| epoch   6 step    36200 |    750 batches | lr 0.000226 | ms/batch 3009.66 | loss  4.32 | ppl    75.447
| epoch   6 step    36400 |    950 batches | lr 0.000228 | ms/batch 2986.59 | loss  4.33 | ppl    75.723
| epoch   6 step    36600 |   1150 batches | lr 0.000229 | ms/batch 2985.98 | loss  4.33 | ppl    75.688
| epoch   6 step    36800 |   1350 batches | lr 0.00023 | ms/batch 2986.22 | loss  4.33 | ppl    75.595
| epoch   6 step    37000 |   1550 batches | lr 0.000231 | ms/batch 2986.38 | loss  4.32 | ppl    75.363
| epoch   6 step    37200 |   1750 batches | lr 0.000233 | ms/batch 2986.15 | loss  4.32 | ppl    75.447
| epoch   6 step    37400 |   1950 batches | lr 0.000234 | ms/batch 2985.83 | loss  4.32 | ppl    75.423
| epoch   6 step    37600 |   2150 batches | lr 0.000235 | ms/batch 2985.68 | loss  4.32 | ppl    75.287
| epoch   6 step    37800 |   2350 batches | lr 0.000236 | ms/batch 2985.48 | loss  4.32 | ppl    75.156
| epoch   6 step    38000 |   2550 batches | lr 0.000237 | ms/batch 2985.30 | loss  4.32 | ppl    75.271
| epoch   6 step    38200 |   2750 batches | lr 0.000239 | ms/batch 2985.46 | loss  4.32 | ppl    74.971
| epoch   6 step    38400 |   2950 batches | lr 0.00024 | ms/batch 2985.40 | loss  4.32 | ppl    74.821
| epoch   6 step    38600 |   3150 batches | lr 0.000241 | ms/batch 2985.40 | loss  4.31 | ppl    74.799
| epoch   6 step    38800 |   3350 batches | lr 0.000243 | ms/batch 2985.17 | loss  4.32 | ppl    74.993
| epoch   6 step    39000 |   3550 batches | lr 0.000244 | ms/batch 2984.74 | loss  4.31 | ppl    74.709
| epoch   6 step    39200 |   3750 batches | lr 0.000245 | ms/batch 2986.02 | loss  4.31 | ppl    74.590
| epoch   6 step    39400 |   3950 batches | lr 0.000246 | ms/batch 2986.19 | loss  4.31 | ppl    74.562
| epoch   6 step    39600 |   4150 batches | lr 0.000247 | ms/batch 2985.14 | loss  4.31 | ppl    74.567
| epoch   6 step    39800 |   4350 batches | lr 0.000249 | ms/batch 2985.44 | loss  4.31 | ppl    74.424
| epoch   6 step    40000 |   4550 batches | lr 0.000247 | ms/batch 2985.37 | loss  4.31 | ppl    74.530
----------------------------------------------------------------------------------------------------
| Eval  10 at step    40000 | time: 11946.76s | valid loss  4.49 | valid ppl    89.455
----------------------------------------------------------------------------------------------------
| epoch   6 step    40200 |   4750 batches | lr 0.000247 | ms/batch 3010.27 | loss  4.31 | ppl    74.188
| epoch   6 step    40400 |   4950 batches | lr 0.000247 | ms/batch 2985.63 | loss  4.30 | ppl    74.046
| epoch   6 step    40600 |   5150 batches | lr 0.000247 | ms/batch 2985.34 | loss  4.30 | ppl    73.957
| epoch   6 step    40800 |   5350 batches | lr 0.000247 | ms/batch 2984.59 | loss  4.30 | ppl    73.947
| epoch   6 step    41000 |   5550 batches | lr 0.000247 | ms/batch 2985.25 | loss  4.30 | ppl    73.758
| epoch   6 step    41200 |   5750 batches | lr 0.000247 | ms/batch 2984.72 | loss  4.30 | ppl    73.531
| epoch   6 step    41400 |   5950 batches | lr 0.000247 | ms/batch 2985.21 | loss  4.30 | ppl    73.425
| epoch   6 step    41600 |   6150 batches | lr 0.000247 | ms/batch 2985.01 | loss  4.30 | ppl    73.597
| epoch   6 step    41800 |   6350 batches | lr 0.000247 | ms/batch 2984.40 | loss  4.30 | ppl    73.437
| epoch   6 step    42000 |   6550 batches | lr 0.000247 | ms/batch 2984.77 | loss  4.29 | ppl    73.113
| epoch   6 step    42200 |   6750 batches | lr 0.000247 | ms/batch 2985.26 | loss  4.29 | ppl    73.099
| epoch   6 step    42400 |   6950 batches | lr 0.000247 | ms/batch 2984.95 | loss  4.29 | ppl    73.082
| epoch   7 step    42600 |     60 batches | lr 0.000247 | ms/batch 2982.29 | loss  4.28 | ppl    72.378
| epoch   7 step    42800 |    260 batches | lr 0.000247 | ms/batch 2984.45 | loss  4.26 | ppl    70.874
| epoch   7 step    43000 |    460 batches | lr 0.000247 | ms/batch 2984.52 | loss  4.26 | ppl    71.162
| epoch   7 step    43200 |    660 batches | lr 0.000247 | ms/batch 2984.28 | loss  4.26 | ppl    71.095
| epoch   7 step    43400 |    860 batches | lr 0.000247 | ms/batch 2985.27 | loss  4.27 | ppl    71.178
| epoch   7 step    43600 |   1060 batches | lr 0.000247 | ms/batch 2985.11 | loss  4.26 | ppl    70.931
| epoch   7 step    43800 |   1260 batches | lr 0.000247 | ms/batch 2985.03 | loss  4.27 | ppl    71.214
| epoch   7 step    44000 |   1460 batches | lr 0.000247 | ms/batch 2985.08 | loss  4.26 | ppl    71.124
----------------------------------------------------------------------------------------------------
| Eval  11 at step    44000 | time: 11943.19s | valid loss  4.46 | valid ppl    86.208
----------------------------------------------------------------------------------------------------
| epoch   7 step    44200 |   1660 batches | lr 0.000247 | ms/batch 3009.10 | loss  4.27 | ppl    71.215
| epoch   7 step    44400 |   1860 batches | lr 0.000247 | ms/batch 2984.91 | loss  4.26 | ppl    70.808
| epoch   7 step    44600 |   2060 batches | lr 0.000247 | ms/batch 2985.04 | loss  4.26 | ppl    70.921
| epoch   7 step    44800 |   2260 batches | lr 0.000247 | ms/batch 2985.29 | loss  4.26 | ppl    70.580
| epoch   7 step    45000 |   2460 batches | lr 0.000247 | ms/batch 2984.96 | loss  4.26 | ppl    70.804
| epoch   7 step    45200 |   2660 batches | lr 0.000247 | ms/batch 2985.63 | loss  4.26 | ppl    70.829
| epoch   7 step    45400 |   2860 batches | lr 0.000246 | ms/batch 2985.14 | loss  4.26 | ppl    70.627
| epoch   7 step    45600 |   3060 batches | lr 0.000246 | ms/batch 2985.91 | loss  4.26 | ppl    70.716
| epoch   7 step    45800 |   3260 batches | lr 0.000246 | ms/batch 2985.41 | loss  4.25 | ppl    70.395
| epoch   7 step    46000 |   3460 batches | lr 0.000246 | ms/batch 2985.39 | loss  4.25 | ppl    70.286
| epoch   7 step    46200 |   3660 batches | lr 0.000246 | ms/batch 2985.15 | loss  4.25 | ppl    70.417
| epoch   7 step    46400 |   3860 batches | lr 0.000246 | ms/batch 2984.94 | loss  4.26 | ppl    70.495
| epoch   7 step    46600 |   4060 batches | lr 0.000246 | ms/batch 2985.00 | loss  4.25 | ppl    70.269
| epoch   7 step    46800 |   4260 batches | lr 0.000246 | ms/batch 2985.60 | loss  4.25 | ppl    70.206
| epoch   7 step    47000 |   4460 batches | lr 0.000246 | ms/batch 2985.03 | loss  4.25 | ppl    70.059
| epoch   7 step    47200 |   4660 batches | lr 0.000246 | ms/batch 2985.26 | loss  4.25 | ppl    69.991
| epoch   7 step    47400 |   4860 batches | lr 0.000246 | ms/batch 2984.86 | loss  4.25 | ppl    69.938
| epoch   7 step    47600 |   5060 batches | lr 0.000246 | ms/batch 2985.15 | loss  4.25 | ppl    70.022
| epoch   7 step    47800 |   5260 batches | lr 0.000246 | ms/batch 2984.88 | loss  4.25 | ppl    69.829
| epoch   7 step    48000 |   5460 batches | lr 0.000246 | ms/batch 2985.00 | loss  4.25 | ppl    69.832
----------------------------------------------------------------------------------------------------
| Eval  12 at step    48000 | time: 11944.64s | valid loss  4.45 | valid ppl    85.250
----------------------------------------------------------------------------------------------------
| epoch   7 step    48200 |   5660 batches | lr 0.000246 | ms/batch 3009.39 | loss  4.25 | ppl    69.956
| epoch   7 step    48400 |   5860 batches | lr 0.000246 | ms/batch 2985.14 | loss  4.24 | ppl    69.626
| epoch   7 step    48600 |   6060 batches | lr 0.000246 | ms/batch 2984.52 | loss  4.24 | ppl    69.581
| epoch   7 step    48800 |   6260 batches | lr 0.000246 | ms/batch 2984.98 | loss  4.24 | ppl    69.685
| epoch   7 step    49000 |   6460 batches | lr 0.000246 | ms/batch 2985.29 | loss  4.24 | ppl    69.390
| epoch   7 step    49200 |   6660 batches | lr 0.000246 | ms/batch 2985.38 | loss  4.24 | ppl    69.560
| epoch   7 step    49400 |   6860 batches | lr 0.000246 | ms/batch 2985.03 | loss  4.24 | ppl    69.485
| epoch   7 step    49600 |   7060 batches | lr 0.000246 | ms/batch 2984.79 | loss  4.24 | ppl    69.407
| epoch   8 step    49800 |    170 batches | lr 0.000246 | ms/batch 2983.42 | loss  4.21 | ppl    67.562
| epoch   8 step    50000 |    370 batches | lr 0.000246 | ms/batch 2985.31 | loss  4.21 | ppl    67.466
| epoch   8 step    50200 |    570 batches | lr 0.000246 | ms/batch 2983.83 | loss  4.21 | ppl    67.419
| epoch   8 step    50400 |    770 batches | lr 0.000246 | ms/batch 2984.35 | loss  4.21 | ppl    67.595
| epoch   8 step    50600 |    970 batches | lr 0.000246 | ms/batch 2984.23 | loss  4.21 | ppl    67.506
| epoch   8 step    50800 |   1170 batches | lr 0.000246 | ms/batch 2984.43 | loss  4.22 | ppl    67.737
| epoch   8 step    51000 |   1370 batches | lr 0.000246 | ms/batch 2984.29 | loss  4.21 | ppl    67.571
| epoch   8 step    51200 |   1570 batches | lr 0.000246 | ms/batch 2984.26 | loss  4.22 | ppl    67.701
| epoch   8 step    51400 |   1770 batches | lr 0.000246 | ms/batch 2983.64 | loss  4.22 | ppl    67.794
| epoch   8 step    51600 |   1970 batches | lr 0.000245 | ms/batch 2984.08 | loss  4.21 | ppl    67.566
| epoch   8 step    51800 |   2170 batches | lr 0.000245 | ms/batch 2983.96 | loss  4.21 | ppl    67.653
| epoch   8 step    52000 |   2370 batches | lr 0.000245 | ms/batch 2983.54 | loss  4.21 | ppl    67.511
----------------------------------------------------------------------------------------------------
| Eval  13 at step    52000 | time: 11941.83s | valid loss  4.42 | valid ppl    83.463
----------------------------------------------------------------------------------------------------
| epoch   8 step    52200 |   2570 batches | lr 0.000245 | ms/batch 3008.44 | loss  4.21 | ppl    67.647
| epoch   8 step    52400 |   2770 batches | lr 0.000245 | ms/batch 2984.26 | loss  4.21 | ppl    67.415
| epoch   8 step    52600 |   2970 batches | lr 0.000245 | ms/batch 2984.15 | loss  4.21 | ppl    67.575
| epoch   8 step    52800 |   3170 batches | lr 0.000245 | ms/batch 2984.93 | loss  4.21 | ppl    67.570
| epoch   8 step    53000 |   3370 batches | lr 0.000245 | ms/batch 2984.97 | loss  4.21 | ppl    67.557
| epoch   8 step    53200 |   3570 batches | lr 0.000245 | ms/batch 2985.01 | loss  4.21 | ppl    67.584
| epoch   8 step    53400 |   3770 batches | lr 0.000245 | ms/batch 2984.71 | loss  4.21 | ppl    67.376
| epoch   8 step    53600 |   3970 batches | lr 0.000245 | ms/batch 2985.54 | loss  4.21 | ppl    67.296
| epoch   8 step    53800 |   4170 batches | lr 0.000245 | ms/batch 2984.04 | loss  4.21 | ppl    67.378
| epoch   8 step    54000 |   4370 batches | lr 0.000245 | ms/batch 2984.47 | loss  4.21 | ppl    67.405
| epoch   8 step    54200 |   4570 batches | lr 0.000245 | ms/batch 2984.23 | loss  4.21 | ppl    67.351
| epoch   8 step    54400 |   4770 batches | lr 0.000245 | ms/batch 2984.17 | loss  4.21 | ppl    67.228
| epoch   8 step    54600 |   4970 batches | lr 0.000245 | ms/batch 2983.63 | loss  4.21 | ppl    67.097
| epoch   8 step    54800 |   5170 batches | lr 0.000245 | ms/batch 2984.28 | loss  4.21 | ppl    67.073
| epoch   8 step    55000 |   5370 batches | lr 0.000245 | ms/batch 2984.67 | loss  4.20 | ppl    66.920
| epoch   8 step    55200 |   5570 batches | lr 0.000245 | ms/batch 2984.30 | loss  4.21 | ppl    67.134
| epoch   8 step    55400 |   5770 batches | lr 0.000245 | ms/batch 2985.37 | loss  4.20 | ppl    66.940
| epoch   8 step    55600 |   5970 batches | lr 0.000245 | ms/batch 2984.34 | loss  4.21 | ppl    67.321
| epoch   8 step    55800 |   6170 batches | lr 0.000245 | ms/batch 2985.16 | loss  4.20 | ppl    66.909
| epoch   8 step    56000 |   6370 batches | lr 0.000245 | ms/batch 2984.02 | loss  4.20 | ppl    67.008
----------------------------------------------------------------------------------------------------
| Eval  14 at step    56000 | time: 11942.01s | valid loss  4.42 | valid ppl    82.918
----------------------------------------------------------------------------------------------------
| epoch   8 step    56200 |   6570 batches | lr 0.000245 | ms/batch 3008.70 | loss  4.20 | ppl    66.981
| epoch   8 step    56400 |   6770 batches | lr 0.000245 | ms/batch 2984.24 | loss  4.20 | ppl    66.795
| epoch   8 step    56600 |   6970 batches | lr 0.000245 | ms/batch 2983.89 | loss  4.20 | ppl    66.859
| epoch   9 step    56800 |     80 batches | lr 0.000245 | ms/batch 2981.82 | loss  4.19 | ppl    65.959
| epoch   9 step    57000 |    280 batches | lr 0.000244 | ms/batch 2984.89 | loss  4.17 | ppl    65.003
| epoch   9 step    57200 |    480 batches | lr 0.000244 | ms/batch 2984.15 | loss  4.17 | ppl    65.006
| epoch   9 step    57400 |    680 batches | lr 0.000244 | ms/batch 2984.13 | loss  4.18 | ppl    65.175
| epoch   9 step    57600 |    880 batches | lr 0.000244 | ms/batch 2984.00 | loss  4.18 | ppl    65.202
| epoch   9 step    57800 |   1080 batches | lr 0.000244 | ms/batch 2983.61 | loss  4.18 | ppl    65.304
| epoch   9 step    58000 |   1280 batches | lr 0.000244 | ms/batch 2983.69 | loss  4.18 | ppl    65.418
| epoch   9 step    58200 |   1480 batches | lr 0.000244 | ms/batch 2983.28 | loss  4.18 | ppl    65.374
| epoch   9 step    58400 |   1680 batches | lr 0.000244 | ms/batch 2983.31 | loss  4.18 | ppl    65.529
| epoch   9 step    58600 |   1880 batches | lr 0.000244 | ms/batch 2982.77 | loss  4.18 | ppl    65.471
| epoch   9 step    58800 |   2080 batches | lr 0.000244 | ms/batch 2983.68 | loss  4.18 | ppl    65.271
| epoch   9 step    59000 |   2280 batches | lr 0.000244 | ms/batch 2983.01 | loss  4.18 | ppl    65.449
| epoch   9 step    59200 |   2480 batches | lr 0.000244 | ms/batch 2982.51 | loss  4.18 | ppl    65.321
| epoch   9 step    59400 |   2680 batches | lr 0.000244 | ms/batch 2982.83 | loss  4.18 | ppl    65.157
| epoch   9 step    59600 |   2880 batches | lr 0.000244 | ms/batch 2983.02 | loss  4.18 | ppl    65.345
| epoch   9 step    59800 |   3080 batches | lr 0.000244 | ms/batch 2983.20 | loss  4.18 | ppl    65.410
| epoch   9 step    60000 |   3280 batches | lr 0.000244 | ms/batch 2983.28 | loss  4.18 | ppl    65.397
----------------------------------------------------------------------------------------------------
| Eval  15 at step    60000 | time: 11937.85s | valid loss  4.41 | valid ppl    82.419
----------------------------------------------------------------------------------------------------
| epoch   9 step    60200 |   3480 batches | lr 0.000244 | ms/batch 3007.06 | loss  4.18 | ppl    65.179
| epoch   9 step    60400 |   3680 batches | lr 0.000244 | ms/batch 2983.38 | loss  4.18 | ppl    65.180
| epoch   9 step    60600 |   3880 batches | lr 0.000244 | ms/batch 2983.44 | loss  4.18 | ppl    65.434
| epoch   9 step    60800 |   4080 batches | lr 0.000244 | ms/batch 2983.49 | loss  4.18 | ppl    65.270
| epoch   9 step    61000 |   4280 batches | lr 0.000244 | ms/batch 2982.99 | loss  4.18 | ppl    65.208
| epoch   9 step    61200 |   4480 batches | lr 0.000244 | ms/batch 2983.34 | loss  4.18 | ppl    65.234
| epoch   9 step    61400 |   4680 batches | lr 0.000244 | ms/batch 2983.18 | loss  4.18 | ppl    65.357
| epoch   9 step    61600 |   4880 batches | lr 0.000244 | ms/batch 2983.26 | loss  4.18 | ppl    65.172
| epoch   9 step    61800 |   5080 batches | lr 0.000244 | ms/batch 2983.16 | loss  4.18 | ppl    65.175
| epoch   9 step    62000 |   5280 batches | lr 0.000243 | ms/batch 2983.11 | loss  4.18 | ppl    65.132
| epoch   9 step    62200 |   5480 batches | lr 0.000243 | ms/batch 2983.68 | loss  4.18 | ppl    65.117
| epoch   9 step    62400 |   5680 batches | lr 0.000243 | ms/batch 2983.22 | loss  4.18 | ppl    65.149
| epoch   9 step    62600 |   5880 batches | lr 0.000243 | ms/batch 2983.33 | loss  4.18 | ppl    65.201
| epoch   9 step    62800 |   6080 batches | lr 0.000243 | ms/batch 2983.21 | loss  4.18 | ppl    65.153
| epoch   9 step    63000 |   6280 batches | lr 0.000243 | ms/batch 2982.87 | loss  4.18 | ppl    65.051
| epoch   9 step    63200 |   6480 batches | lr 0.000243 | ms/batch 2983.42 | loss  4.17 | ppl    64.925
| epoch   9 step    63400 |   6680 batches | lr 0.000243 | ms/batch 2983.10 | loss  4.17 | ppl    65.030
| epoch   9 step    63600 |   6880 batches | lr 0.000243 | ms/batch 2983.55 | loss  4.17 | ppl    64.812
| epoch   9 step    63800 |   7080 batches | lr 0.000243 | ms/batch 2983.62 | loss  4.17 | ppl    64.792
| epoch  10 step    64000 |    190 batches | lr 0.000243 | ms/batch 2981.92 | loss  4.15 | ppl    63.255
----------------------------------------------------------------------------------------------------
| Eval  16 at step    64000 | time: 11936.71s | valid loss  4.42 | valid ppl    82.848
----------------------------------------------------------------------------------------------------
| epoch  10 step    64200 |    390 batches | lr 0.000243 | ms/batch 3003.29 | loss  4.15 | ppl    63.259
| epoch  10 step    64400 |    590 batches | lr 0.000243 | ms/batch 2983.73 | loss  4.14 | ppl    63.104
| epoch  10 step    64600 |    790 batches | lr 0.000243 | ms/batch 2984.24 | loss  4.15 | ppl    63.372
| epoch  10 step    64800 |    990 batches | lr 0.000243 | ms/batch 2985.08 | loss  4.15 | ppl    63.591
| epoch  10 step    65000 |   1190 batches | lr 0.000243 | ms/batch 2984.20 | loss  4.15 | ppl    63.574
| epoch  10 step    65200 |   1390 batches | lr 0.000243 | ms/batch 2984.71 | loss  4.15 | ppl    63.745
| epoch  10 step    65400 |   1590 batches | lr 0.000243 | ms/batch 2983.84 | loss  4.15 | ppl    63.404
| epoch  10 step    65600 |   1790 batches | lr 0.000243 | ms/batch 2984.31 | loss  4.15 | ppl    63.700
| epoch  10 step    65800 |   1990 batches | lr 0.000243 | ms/batch 2985.44 | loss  4.15 | ppl    63.740
| epoch  10 step    66000 |   2190 batches | lr 0.000243 | ms/batch 2984.26 | loss  4.15 | ppl    63.644
| epoch  10 step    66200 |   2390 batches | lr 0.000243 | ms/batch 2984.62 | loss  4.15 | ppl    63.713
| epoch  10 step    66400 |   2590 batches | lr 0.000243 | ms/batch 2983.15 | loss  4.15 | ppl    63.648
| epoch  10 step    66600 |   2790 batches | lr 0.000242 | ms/batch 2984.32 | loss  4.16 | ppl    63.788
| epoch  10 step    66800 |   2990 batches | lr 0.000242 | ms/batch 2986.84 | loss  4.15 | ppl    63.664
| epoch  10 step    67000 |   3190 batches | lr 0.000242 | ms/batch 2987.41 | loss  4.15 | ppl    63.714
| epoch  10 step    67200 |   3390 batches | lr 0.000242 | ms/batch 2985.50 | loss  4.16 | ppl    63.758
| epoch  10 step    67400 |   3590 batches | lr 0.000242 | ms/batch 2992.61 | loss  4.15 | ppl    63.743
| epoch  10 step    67600 |   3790 batches | lr 0.000242 | ms/batch 2992.48 | loss  4.15 | ppl    63.643
| epoch  10 step    67800 |   3990 batches | lr 0.000242 | ms/batch 2992.38 | loss  4.15 | ppl    63.659
| epoch  10 step    68000 |   4190 batches | lr 0.000242 | ms/batch 2992.38 | loss  4.15 | ppl    63.650
----------------------------------------------------------------------------------------------------
| Eval  17 at step    68000 | time: 11949.16s | valid loss  4.39 | valid ppl    80.944
----------------------------------------------------------------------------------------------------
| epoch  10 step    68200 |   4390 batches | lr 0.000242 | ms/batch 3018.59 | loss  4.15 | ppl    63.623
| epoch  10 step    68400 |   4590 batches | lr 0.000242 | ms/batch 2993.40 | loss  4.15 | ppl    63.618
| epoch  10 step    68600 |   4790 batches | lr 0.000242 | ms/batch 2992.68 | loss  4.16 | ppl    63.935
| epoch  10 step    68800 |   4990 batches | lr 0.000242 | ms/batch 2992.47 | loss  4.15 | ppl    63.677
| epoch  10 step    69000 |   5190 batches | lr 0.000242 | ms/batch 2992.62 | loss  4.15 | ppl    63.564
| epoch  10 step    69200 |   5390 batches | lr 0.000242 | ms/batch 2991.91 | loss  4.15 | ppl    63.516
| epoch  10 step    69400 |   5590 batches | lr 0.000242 | ms/batch 2991.70 | loss  4.15 | ppl    63.652
| epoch  10 step    69600 |   5790 batches | lr 0.000242 | ms/batch 2992.23 | loss  4.15 | ppl    63.685
| epoch  10 step    69800 |   5990 batches | lr 0.000242 | ms/batch 2992.88 | loss  4.15 | ppl    63.647
| epoch  10 step    70000 |   6190 batches | lr 0.000242 | ms/batch 2991.66 | loss  4.15 | ppl    63.658
| epoch  10 step    70200 |   6390 batches | lr 0.000242 | ms/batch 2991.47 | loss  4.15 | ppl    63.633
| epoch  10 step    70400 |   6590 batches | lr 0.000242 | ms/batch 2991.87 | loss  4.15 | ppl    63.652
| epoch  10 step    70600 |   6790 batches | lr 0.000242 | ms/batch 2992.24 | loss  4.15 | ppl    63.422
| epoch  10 step    70800 |   6990 batches | lr 0.000242 | ms/batch 2991.51 | loss  4.15 | ppl    63.513
| epoch  11 step    71000 |    100 batches | lr 0.000241 | ms/batch 2990.16 | loss  4.14 | ppl    62.650
| epoch  11 step    71200 |    300 batches | lr 0.000241 | ms/batch 2992.03 | loss  4.12 | ppl    61.582
| epoch  11 step    71400 |    500 batches | lr 0.000241 | ms/batch 2992.05 | loss  4.13 | ppl    61.878
| epoch  11 step    71600 |    700 batches | lr 0.000241 | ms/batch 2991.99 | loss  4.13 | ppl    61.946
| epoch  11 step    71800 |    900 batches | lr 0.000241 | ms/batch 2993.03 | loss  4.13 | ppl    62.073
| epoch  11 step    72000 |   1100 batches | lr 0.000241 | ms/batch 2991.71 | loss  4.13 | ppl    61.896
----------------------------------------------------------------------------------------------------
| Eval  18 at step    72000 | time: 11972.71s | valid loss  4.41 | valid ppl    82.081
----------------------------------------------------------------------------------------------------
| epoch  11 step    72200 |   1300 batches | lr 0.000241 | ms/batch 3011.52 | loss  4.13 | ppl    62.221
| epoch  11 step    72400 |   1500 batches | lr 0.000241 | ms/batch 2991.92 | loss  4.13 | ppl    62.126
| epoch  11 step    72600 |   1700 batches | lr 0.000241 | ms/batch 2992.15 | loss  4.13 | ppl    62.332
| epoch  11 step    72800 |   1900 batches | lr 0.000241 | ms/batch 2992.36 | loss  4.13 | ppl    62.278
| epoch  11 step    73000 |   2100 batches | lr 0.000241 | ms/batch 2991.56 | loss  4.13 | ppl    62.346
| epoch  11 step    73200 |   2300 batches | lr 0.000241 | ms/batch 2991.88 | loss  4.13 | ppl    62.282
| epoch  11 step    73400 |   2500 batches | lr 0.000241 | ms/batch 2991.99 | loss  4.13 | ppl    62.426
| epoch  11 step    73600 |   2700 batches | lr 0.000241 | ms/batch 2991.50 | loss  4.13 | ppl    62.214
| epoch  11 step    73800 |   2900 batches | lr 0.000241 | ms/batch 2990.35 | loss  4.13 | ppl    62.437
| epoch  11 step    74000 |   3100 batches | lr 0.000241 | ms/batch 2991.27 | loss  4.14 | ppl    62.491
| epoch  11 step    74200 |   3300 batches | lr 0.000241 | ms/batch 2991.64 | loss  4.13 | ppl    62.292
| epoch  11 step    74400 |   3500 batches | lr 0.000241 | ms/batch 2991.92 | loss  4.13 | ppl    62.479
| epoch  11 step    74600 |   3700 batches | lr 0.000241 | ms/batch 2991.12 | loss  4.13 | ppl    62.322
| epoch  11 step    74800 |   3900 batches | lr 0.000241 | ms/batch 2992.00 | loss  4.14 | ppl    62.631
| epoch  11 step    75000 |   4100 batches | lr 0.00024 | ms/batch 2992.00 | loss  4.14 | ppl    62.508
| epoch  11 step    75200 |   4300 batches | lr 0.00024 | ms/batch 2992.00 | loss  4.13 | ppl    62.431
| epoch  11 step    75400 |   4500 batches | lr 0.00024 | ms/batch 2992.50 | loss  4.14 | ppl    62.611
| epoch  11 step    75600 |   4700 batches | lr 0.00024 | ms/batch 2991.54 | loss  4.13 | ppl    62.472
| epoch  11 step    75800 |   4900 batches | lr 0.00024 | ms/batch 2992.08 | loss  4.13 | ppl    62.431
| epoch  11 step    76000 |   5100 batches | lr 0.00024 | ms/batch 2991.56 | loss  4.13 | ppl    62.416
----------------------------------------------------------------------------------------------------
| Eval  19 at step    76000 | time: 11971.24s | valid loss  4.40 | valid ppl    81.584
----------------------------------------------------------------------------------------------------
| epoch  11 step    76200 |   5300 batches | lr 0.00024 | ms/batch 3012.59 | loss  4.13 | ppl    62.391
| epoch  11 step    76400 |   5500 batches | lr 0.00024 | ms/batch 2991.91 | loss  4.13 | ppl    62.294
| epoch  11 step    76600 |   5700 batches | lr 0.00024 | ms/batch 2991.27 | loss  4.13 | ppl    62.380
| epoch  11 step    76800 |   5900 batches | lr 0.00024 | ms/batch 2991.33 | loss  4.13 | ppl    62.381
| epoch  11 step    77000 |   6100 batches | lr 0.00024 | ms/batch 2991.72 | loss  4.13 | ppl    62.484
| epoch  11 step    77200 |   6300 batches | lr 0.00024 | ms/batch 2991.81 | loss  4.13 | ppl    62.341
| epoch  11 step    77400 |   6500 batches | lr 0.00024 | ms/batch 2992.14 | loss  4.14 | ppl    62.505
| epoch  11 step    77600 |   6700 batches | lr 0.00024 | ms/batch 2990.81 | loss  4.13 | ppl    62.415
| epoch  11 step    77800 |   6900 batches | lr 0.00024 | ms/batch 2991.22 | loss  4.13 | ppl    62.368
| epoch  12 step    78000 |     10 batches | lr 0.00024 | ms/batch 2989.86 | loss  4.13 | ppl    62.346
| epoch  12 step    78200 |    210 batches | lr 0.00024 | ms/batch 2991.17 | loss  4.10 | ppl    60.457
| epoch  12 step    78400 |    410 batches | lr 0.00024 | ms/batch 2990.79 | loss  4.10 | ppl    60.433
| epoch  12 step    78600 |    610 batches | lr 0.00024 | ms/batch 2990.05 | loss  4.11 | ppl    60.672
| epoch  12 step    78800 |    810 batches | lr 0.00024 | ms/batch 2982.89 | loss  4.11 | ppl    60.764
| epoch  12 step    79000 |   1010 batches | lr 0.000239 | ms/batch 2982.32 | loss  4.11 | ppl    61.096
| epoch  12 step    79200 |   1210 batches | lr 0.000239 | ms/batch 2981.80 | loss  4.11 | ppl    61.115
| epoch  12 step    79400 |   1410 batches | lr 0.000239 | ms/batch 2982.25 | loss  4.11 | ppl    61.148
| epoch  12 step    79600 |   1610 batches | lr 0.000239 | ms/batch 2982.41 | loss  4.11 | ppl    61.169
| epoch  12 step    79800 |   1810 batches | lr 0.000239 | ms/batch 2985.37 | loss  4.11 | ppl    61.241
| epoch  12 step    80000 |   2010 batches | lr 0.000239 | ms/batch 2986.05 | loss  4.11 | ppl    61.157
----------------------------------------------------------------------------------------------------
| Eval  20 at step    80000 | time: 11957.57s | valid loss  4.40 | valid ppl    81.375
----------------------------------------------------------------------------------------------------
| epoch  12 step    80200 |   2210 batches | lr 0.000239 | ms/batch 3006.69 | loss  4.11 | ppl    61.187
| epoch  12 step    80400 |   2410 batches | lr 0.000239 | ms/batch 2983.79 | loss  4.12 | ppl    61.393
| epoch  12 step    80600 |   2610 batches | lr 0.000239 | ms/batch 2984.61 | loss  4.12 | ppl    61.267
| epoch  12 step    80800 |   2810 batches | lr 0.000239 | ms/batch 2983.62 | loss  4.12 | ppl    61.369
| epoch  12 step    81000 |   3010 batches | lr 0.000239 | ms/batch 2984.48 | loss  4.12 | ppl    61.357
| epoch  12 step    81200 |   3210 batches | lr 0.000239 | ms/batch 2986.21 | loss  4.12 | ppl    61.417
| epoch  12 step    81400 |   3410 batches | lr 0.000239 | ms/batch 2984.65 | loss  4.12 | ppl    61.421
| epoch  12 step    81600 |   3610 batches | lr 0.000239 | ms/batch 2984.45 | loss  4.12 | ppl    61.494
| epoch  12 step    81800 |   3810 batches | lr 0.000239 | ms/batch 2984.58 | loss  4.12 | ppl    61.342
| epoch  12 step    82000 |   4010 batches | lr 0.000239 | ms/batch 2984.36 | loss  4.12 | ppl    61.417
| epoch  12 step    82200 |   4210 batches | lr 0.000239 | ms/batch 2983.47 | loss  4.12 | ppl    61.603
| epoch  12 step    82400 |   4410 batches | lr 0.000239 | ms/batch 2984.21 | loss  4.12 | ppl    61.450
| epoch  12 step    82600 |   4610 batches | lr 0.000238 | ms/batch 2981.72 | loss  4.12 | ppl    61.271
| epoch  12 step    82800 |   4810 batches | lr 0.000238 | ms/batch 2982.39 | loss  4.12 | ppl    61.312
| epoch  12 step    83000 |   5010 batches | lr 0.000238 | ms/batch 2983.77 | loss  4.12 | ppl    61.409
| epoch  12 step    83200 |   5210 batches | lr 0.000238 | ms/batch 2982.86 | loss  4.12 | ppl    61.301
| epoch  12 step    83400 |   5410 batches | lr 0.000238 | ms/batch 2982.65 | loss  4.12 | ppl    61.482
| epoch  12 step    83600 |   5610 batches | lr 0.000238 | ms/batch 2982.21 | loss  4.12 | ppl    61.383
| epoch  12 step    83800 |   5810 batches | lr 0.000238 | ms/batch 2982.44 | loss  4.12 | ppl    61.523
| epoch  12 step    84000 |   6010 batches | lr 0.000238 | ms/batch 2983.04 | loss  4.12 | ppl    61.417
----------------------------------------------------------------------------------------------------
| Eval  21 at step    84000 | time: 11939.27s | valid loss  4.39 | valid ppl    80.396
----------------------------------------------------------------------------------------------------
| epoch  12 step    84200 |   6210 batches | lr 0.000238 | ms/batch 3006.63 | loss  4.12 | ppl    61.500
| epoch  12 step    84400 |   6410 batches | lr 0.000238 | ms/batch 2982.03 | loss  4.12 | ppl    61.369
| epoch  12 step    84600 |   6610 batches | lr 0.000238 | ms/batch 2982.65 | loss  4.12 | ppl    61.365
| epoch  12 step    84800 |   6810 batches | lr 0.000238 | ms/batch 2982.40 | loss  4.12 | ppl    61.327
| epoch  12 step    85000 |   7010 batches | lr 0.000238 | ms/batch 2982.24 | loss  4.12 | ppl    61.393
| epoch  13 step    85200 |    120 batches | lr 0.000238 | ms/batch 2979.44 | loss  4.10 | ppl    60.249
| epoch  13 step    85400 |    320 batches | lr 0.000238 | ms/batch 2981.71 | loss  4.09 | ppl    59.576
| epoch  13 step    85600 |    520 batches | lr 0.000238 | ms/batch 2984.30 | loss  4.09 | ppl    59.693
| epoch  13 step    85800 |    720 batches | lr 0.000238 | ms/batch 2982.10 | loss  4.09 | ppl    59.818
| epoch  13 step    86000 |    920 batches | lr 0.000238 | ms/batch 2981.97 | loss  4.09 | ppl    59.997
| epoch  13 step    86200 |   1120 batches | lr 0.000237 | ms/batch 2981.77 | loss  4.09 | ppl    59.972
| epoch  13 step    86400 |   1320 batches | lr 0.000237 | ms/batch 2982.19 | loss  4.10 | ppl    60.129
| epoch  13 step    86600 |   1520 batches | lr 0.000237 | ms/batch 2983.68 | loss  4.10 | ppl    60.203
| epoch  13 step    86800 |   1720 batches | lr 0.000237 | ms/batch 2982.31 | loss  4.10 | ppl    60.209
| epoch  13 step    87000 |   1920 batches | lr 0.000237 | ms/batch 2982.04 | loss  4.10 | ppl    60.213
| epoch  13 step    87200 |   2120 batches | lr 0.000237 | ms/batch 2983.20 | loss  4.10 | ppl    60.333
| epoch  13 step    87400 |   2320 batches | lr 0.000237 | ms/batch 2982.96 | loss  4.10 | ppl    60.420
| epoch  13 step    87600 |   2520 batches | lr 0.000237 | ms/batch 2983.85 | loss  4.10 | ppl    60.313
| epoch  13 step    87800 |   2720 batches | lr 0.000237 | ms/batch 2981.99 | loss  4.10 | ppl    60.518
| epoch  13 step    88000 |   2920 batches | lr 0.000237 | ms/batch 2981.54 | loss  4.10 | ppl    60.459
----------------------------------------------------------------------------------------------------
| Eval  22 at step    88000 | time: 11933.25s | valid loss  4.40 | valid ppl    81.090
----------------------------------------------------------------------------------------------------
| epoch  13 step    88200 |   3120 batches | lr 0.000237 | ms/batch 3001.00 | loss  4.10 | ppl    60.451
| epoch  13 step    88400 |   3320 batches | lr 0.000237 | ms/batch 2981.45 | loss  4.10 | ppl    60.479
| epoch  13 step    88600 |   3520 batches | lr 0.000237 | ms/batch 2981.77 | loss  4.10 | ppl    60.313
| epoch  13 step    88800 |   3720 batches | lr 0.000237 | ms/batch 2981.72 | loss  4.10 | ppl    60.309
| epoch  13 step    89000 |   3920 batches | lr 0.000237 | ms/batch 2981.70 | loss  4.11 | ppl    60.649
| epoch  13 step    89200 |   4120 batches | lr 0.000237 | ms/batch 2981.38 | loss  4.10 | ppl    60.604
| epoch  13 step    89400 |   4320 batches | lr 0.000237 | ms/batch 2982.13 | loss  4.10 | ppl    60.592
| epoch  13 step    89600 |   4520 batches | lr 0.000236 | ms/batch 2982.67 | loss  4.10 | ppl    60.437
| epoch  13 step    89800 |   4720 batches | lr 0.000236 | ms/batch 2985.16 | loss  4.10 | ppl    60.521
| epoch  13 step    90000 |   4920 batches | lr 0.000236 | ms/batch 2983.57 | loss  4.10 | ppl    60.574
| epoch  13 step    90200 |   5120 batches | lr 0.000236 | ms/batch 2983.35 | loss  4.11 | ppl    60.701
| epoch  13 step    90400 |   5320 batches | lr 0.000236 | ms/batch 2983.45 | loss  4.11 | ppl    60.694
| epoch  13 step    90600 |   5520 batches | lr 0.000236 | ms/batch 2984.24 | loss  4.10 | ppl    60.471
| epoch  13 step    90800 |   5720 batches | lr 0.000236 | ms/batch 2984.60 | loss  4.10 | ppl    60.618
| epoch  13 step    91000 |   5920 batches | lr 0.000236 | ms/batch 2982.82 | loss  4.10 | ppl    60.515
| epoch  13 step    91200 |   6120 batches | lr 0.000236 | ms/batch 2985.37 | loss  4.10 | ppl    60.528
| epoch  13 step    91400 |   6320 batches | lr 0.000236 | ms/batch 2984.91 | loss  4.10 | ppl    60.592
| epoch  13 step    91600 |   6520 batches | lr 0.000236 | ms/batch 2983.22 | loss  4.11 | ppl    60.653
| epoch  13 step    91800 |   6720 batches | lr 0.000236 | ms/batch 2983.65 | loss  4.10 | ppl    60.565
| epoch  13 step    92000 |   6920 batches | lr 0.000236 | ms/batch 2983.69 | loss  4.11 | ppl    60.645
----------------------------------------------------------------------------------------------------
| Eval  23 at step    92000 | time: 11936.39s | valid loss  4.39 | valid ppl    80.734
----------------------------------------------------------------------------------------------------
| epoch  14 step    92200 |     30 batches | lr 0.000236 | ms/batch 3001.85 | loss  4.10 | ppl    60.491
| epoch  14 step    92400 |    230 batches | lr 0.000236 | ms/batch 2985.08 | loss  4.07 | ppl    58.636
| epoch  14 step    92600 |    430 batches | lr 0.000236 | ms/batch 2984.99 | loss  4.08 | ppl    58.942
| epoch  14 step    92800 |    630 batches | lr 0.000236 | ms/batch 2984.77 | loss  4.08 | ppl    59.021
| epoch  14 step    93000 |    830 batches | lr 0.000235 | ms/batch 2985.39 | loss  4.08 | ppl    59.318
| epoch  14 step    93200 |   1030 batches | lr 0.000235 | ms/batch 2985.15 | loss  4.08 | ppl    59.173
| epoch  14 step    93400 |   1230 batches | lr 0.000235 | ms/batch 2984.63 | loss  4.08 | ppl    59.271
| epoch  14 step    93600 |   1430 batches | lr 0.000235 | ms/batch 2984.23 | loss  4.08 | ppl    59.360
| epoch  14 step    93800 |   1630 batches | lr 0.000235 | ms/batch 2983.85 | loss  4.08 | ppl    59.213
| epoch  14 step    94000 |   1830 batches | lr 0.000235 | ms/batch 2982.78 | loss  4.09 | ppl    59.515
| epoch  14 step    94200 |   2030 batches | lr 0.000235 | ms/batch 2982.88 | loss  4.09 | ppl    59.562
| epoch  14 step    94400 |   2230 batches | lr 0.000235 | ms/batch 2982.97 | loss  4.09 | ppl    59.598
| epoch  14 step    94600 |   2430 batches | lr 0.000235 | ms/batch 2983.20 | loss  4.09 | ppl    59.526
| epoch  14 step    94800 |   2630 batches | lr 0.000235 | ms/batch 2983.39 | loss  4.09 | ppl    59.664
| epoch  14 step    95000 |   2830 batches | lr 0.000235 | ms/batch 2982.72 | loss  4.09 | ppl    59.703
| epoch  14 step    95200 |   3030 batches | lr 0.000235 | ms/batch 2983.35 | loss  4.09 | ppl    59.664
| epoch  14 step    95400 |   3230 batches | lr 0.000235 | ms/batch 2983.47 | loss  4.09 | ppl    59.601
| epoch  14 step    95600 |   3430 batches | lr 0.000235 | ms/batch 2983.04 | loss  4.09 | ppl    59.751
| epoch  14 step    95800 |   3630 batches | lr 0.000235 | ms/batch 2983.22 | loss  4.09 | ppl    59.704
| epoch  14 step    96000 |   3830 batches | lr 0.000235 | ms/batch 2983.50 | loss  4.09 | ppl    59.677
----------------------------------------------------------------------------------------------------
| Eval  24 at step    96000 | time: 11939.09s | valid loss  4.38 | valid ppl    80.227
----------------------------------------------------------------------------------------------------
| epoch  14 step    96200 |   4030 batches | lr 0.000234 | ms/batch 3007.07 | loss  4.09 | ppl    59.681
| epoch  14 step    96400 |   4230 batches | lr 0.000234 | ms/batch 2982.07 | loss  4.09 | ppl    59.832
| epoch  14 step    96600 |   4430 batches | lr 0.000234 | ms/batch 2981.73 | loss  4.09 | ppl    59.860
| epoch  14 step    96800 |   4630 batches | lr 0.000234 | ms/batch 2981.41 | loss  4.09 | ppl    59.743
| epoch  14 step    97000 |   4830 batches | lr 0.000234 | ms/batch 2981.29 | loss  4.09 | ppl    59.635
| epoch  14 step    97200 |   5030 batches | lr 0.000234 | ms/batch 2981.04 | loss  4.09 | ppl    59.811
| epoch  14 step    97400 |   5230 batches | lr 0.000234 | ms/batch 2981.32 | loss  4.09 | ppl    59.899
| epoch  14 step    97600 |   5430 batches | lr 0.000234 | ms/batch 2981.54 | loss  4.09 | ppl    59.906
| epoch  14 step    97800 |   5630 batches | lr 0.000234 | ms/batch 2981.18 | loss  4.09 | ppl    59.654
| epoch  14 step    98000 |   5830 batches | lr 0.000234 | ms/batch 2983.68 | loss  4.09 | ppl    59.897
| epoch  14 step    98200 |   6030 batches | lr 0.000234 | ms/batch 2984.05 | loss  4.09 | ppl    59.736
| epoch  14 step    98400 |   6230 batches | lr 0.000234 | ms/batch 2983.93 | loss  4.09 | ppl    59.796
| epoch  14 step    98600 |   6430 batches | lr 0.000234 | ms/batch 2984.19 | loss  4.09 | ppl    59.791
| epoch  14 step    98800 |   6630 batches | lr 0.000234 | ms/batch 2983.56 | loss  4.09 | ppl    59.868
| epoch  14 step    99000 |   6830 batches | lr 0.000234 | ms/batch 2981.02 | loss  4.09 | ppl    59.825
| epoch  14 step    99200 |   7030 batches | lr 0.000234 | ms/batch 2981.52 | loss  4.09 | ppl    59.786
| epoch  15 step    99400 |    140 batches | lr 0.000233 | ms/batch 2979.23 | loss  4.07 | ppl    58.507
| epoch  15 step    99600 |    340 batches | lr 0.000233 | ms/batch 2981.40 | loss  4.06 | ppl    58.036
| epoch  15 step    99800 |    540 batches | lr 0.000233 | ms/batch 2981.34 | loss  4.07 | ppl    58.297
| epoch  15 step   100000 |    740 batches | lr 0.000233 | ms/batch 2981.09 | loss  4.07 | ppl    58.536
----------------------------------------------------------------------------------------------------
| Eval  25 at step   100000 | time: 11931.71s | valid loss  4.39 | valid ppl    80.534
----------------------------------------------------------------------------------------------------
| epoch  15 step   100200 |    940 batches | lr 0.000233 | ms/batch 3001.33 | loss  4.07 | ppl    58.437
| epoch  15 step   100400 |   1140 batches | lr 0.000233 | ms/batch 2981.84 | loss  4.07 | ppl    58.648
| epoch  15 step   100600 |   1340 batches | lr 0.000233 | ms/batch 2981.18 | loss  4.07 | ppl    58.630
| epoch  15 step   100800 |   1540 batches | lr 0.000233 | ms/batch 2980.46 | loss  4.07 | ppl    58.658
| epoch  15 step   101000 |   1740 batches | lr 0.000233 | ms/batch 2982.51 | loss  4.07 | ppl    58.844
| epoch  15 step   101200 |   1940 batches | lr 0.000233 | ms/batch 2983.11 | loss  4.07 | ppl    58.709
| epoch  15 step   101400 |   2140 batches | lr 0.000233 | ms/batch 2982.87 | loss  4.07 | ppl    58.700
| epoch  15 step   101600 |   2340 batches | lr 0.000233 | ms/batch 2984.61 | loss  4.08 | ppl    58.892
| epoch  15 step   101800 |   2540 batches | lr 0.000233 | ms/batch 2983.43 | loss  4.08 | ppl    59.037
| epoch  15 step   102000 |   2740 batches | lr 0.000233 | ms/batch 2984.24 | loss  4.08 | ppl    58.927
| epoch  15 step   102200 |   2940 batches | lr 0.000233 | ms/batch 2984.21 | loss  4.08 | ppl    58.906
| epoch  15 step   102400 |   3140 batches | lr 0.000232 | ms/batch 2981.14 | loss  4.08 | ppl    58.966
| epoch  15 step   102600 |   3340 batches | lr 0.000232 | ms/batch 2981.23 | loss  4.08 | ppl    58.995
| epoch  15 step   102800 |   3540 batches | lr 0.000232 | ms/batch 2980.94 | loss  4.08 | ppl    58.990
| epoch  15 step   103000 |   3740 batches | lr 0.000232 | ms/batch 2981.12 | loss  4.08 | ppl    59.072
| epoch  15 step   103200 |   3940 batches | lr 0.000232 | ms/batch 2981.88 | loss  4.08 | ppl    59.010
| epoch  15 step   103400 |   4140 batches | lr 0.000232 | ms/batch 2981.41 | loss  4.08 | ppl    59.017
| epoch  15 step   103600 |   4340 batches | lr 0.000232 | ms/batch 2980.75 | loss  4.08 | ppl    59.016
| epoch  15 step   103800 |   4540 batches | lr 0.000232 | ms/batch 2981.10 | loss  4.08 | ppl    59.101
| epoch  15 step   104000 |   4740 batches | lr 0.000232 | ms/batch 2980.68 | loss  4.08 | ppl    58.937
----------------------------------------------------------------------------------------------------
| Eval  26 at step   104000 | time: 11931.92s | valid loss  4.38 | valid ppl    80.129
----------------------------------------------------------------------------------------------------
| epoch  15 step   104200 |   4940 batches | lr 0.000232 | ms/batch 3005.27 | loss  4.08 | ppl    59.096
| epoch  15 step   104400 |   5140 batches | lr 0.000232 | ms/batch 2981.17 | loss  4.08 | ppl    59.235
| epoch  15 step   104600 |   5340 batches | lr 0.000232 | ms/batch 2981.75 | loss  4.08 | ppl    59.168
| epoch  15 step   104800 |   5540 batches | lr 0.000232 | ms/batch 2981.52 | loss  4.08 | ppl    59.139
| epoch  15 step   105000 |   5740 batches | lr 0.000232 | ms/batch 2981.68 | loss  4.08 | ppl    59.185
| epoch  15 step   105200 |   5940 batches | lr 0.000232 | ms/batch 2981.04 | loss  4.08 | ppl    59.041
| epoch  15 step   105400 |   6140 batches | lr 0.000231 | ms/batch 2981.80 | loss  4.08 | ppl    59.123
| epoch  15 step   105600 |   6340 batches | lr 0.000231 | ms/batch 2981.99 | loss  4.08 | ppl    59.120
| epoch  15 step   105800 |   6540 batches | lr 0.000231 | ms/batch 2981.89 | loss  4.08 | ppl    59.267
| epoch  15 step   106000 |   6740 batches | lr 0.000231 | ms/batch 2981.18 | loss  4.08 | ppl    58.904
| epoch  15 step   106200 |   6940 batches | lr 0.000231 | ms/batch 2983.63 | loss  4.08 | ppl    59.266
| epoch  16 step   106400 |     50 batches | lr 0.000231 | ms/batch 2980.64 | loss  4.07 | ppl    58.771
| epoch  16 step   106600 |    250 batches | lr 0.000231 | ms/batch 2983.50 | loss  4.05 | ppl    57.376
| epoch  16 step   106800 |    450 batches | lr 0.000231 | ms/batch 2982.29 | loss  4.05 | ppl    57.624
| epoch  16 step   107000 |    650 batches | lr 0.000231 | ms/batch 2981.18 | loss  4.06 | ppl    57.777
| epoch  16 step   107200 |    850 batches | lr 0.000231 | ms/batch 2981.45 | loss  4.06 | ppl    57.789
| epoch  16 step   107400 |   1050 batches | lr 0.000231 | ms/batch 2980.99 | loss  4.06 | ppl    57.926
| epoch  16 step   107600 |   1250 batches | lr 0.000231 | ms/batch 2981.19 | loss  4.06 | ppl    57.970
| epoch  16 step   107800 |   1450 batches | lr 0.000231 | ms/batch 2981.21 | loss  4.06 | ppl    57.858
| epoch  16 step   108000 |   1650 batches | lr 0.000231 | ms/batch 2981.24 | loss  4.06 | ppl    57.967
----------------------------------------------------------------------------------------------------
| Eval  27 at step   108000 | time: 11930.33s | valid loss  4.38 | valid ppl    79.903
----------------------------------------------------------------------------------------------------
| epoch  16 step   108200 |   1850 batches | lr 0.00023 | ms/batch 3005.72 | loss  4.06 | ppl    58.006
| epoch  16 step   108400 |   2050 batches | lr 0.00023 | ms/batch 2981.60 | loss  4.07 | ppl    58.331
| epoch  16 step   108600 |   2250 batches | lr 0.00023 | ms/batch 2983.23 | loss  4.06 | ppl    58.208
| epoch  16 step   108800 |   2450 batches | lr 0.00023 | ms/batch 2982.57 | loss  4.06 | ppl    58.193
| epoch  16 step   109000 |   2650 batches | lr 0.00023 | ms/batch 2981.58 | loss  4.07 | ppl    58.346
| epoch  16 step   109200 |   2850 batches | lr 0.00023 | ms/batch 2982.15 | loss  4.06 | ppl    58.211
| epoch  16 step   109400 |   3050 batches | lr 0.00023 | ms/batch 2981.32 | loss  4.07 | ppl    58.438
| epoch  16 step   109600 |   3250 batches | lr 0.00023 | ms/batch 2981.31 | loss  4.07 | ppl    58.339
| epoch  16 step   109800 |   3450 batches | lr 0.00023 | ms/batch 2981.46 | loss  4.07 | ppl    58.530
| epoch  16 step   110000 |   3650 batches | lr 0.00023 | ms/batch 2981.40 | loss  4.07 | ppl    58.571
| epoch  16 step   110200 |   3850 batches | lr 0.00023 | ms/batch 2981.52 | loss  4.07 | ppl    58.517
| epoch  16 step   110400 |   4050 batches | lr 0.00023 | ms/batch 2981.42 | loss  4.07 | ppl    58.474
| epoch  16 step   110600 |   4250 batches | lr 0.00023 | ms/batch 2980.99 | loss  4.07 | ppl    58.452
| epoch  16 step   110800 |   4450 batches | lr 0.00023 | ms/batch 2980.90 | loss  4.07 | ppl    58.428
| epoch  16 step   111000 |   4650 batches | lr 0.000229 | ms/batch 2984.62 | loss  4.07 | ppl    58.411
| epoch  16 step   111200 |   4850 batches | lr 0.000229 | ms/batch 2986.01 | loss  4.07 | ppl    58.617
| epoch  16 step   111400 |   5050 batches | lr 0.000229 | ms/batch 2982.84 | loss  4.07 | ppl    58.684
| epoch  16 step   111600 |   5250 batches | lr 0.000229 | ms/batch 2980.90 | loss  4.07 | ppl    58.405
| epoch  16 step   111800 |   5450 batches | lr 0.000229 | ms/batch 2980.41 | loss  4.07 | ppl    58.498
| epoch  16 step   112000 |   5650 batches | lr 0.000229 | ms/batch 2980.81 | loss  4.07 | ppl    58.292
----------------------------------------------------------------------------------------------------
| Eval  28 at step   112000 | time: 11931.59s | valid loss  4.38 | valid ppl    79.805
----------------------------------------------------------------------------------------------------
| epoch  16 step   112200 |   5850 batches | lr 0.000229 | ms/batch 3004.16 | loss  4.07 | ppl    58.578
| epoch  16 step   112400 |   6050 batches | lr 0.000229 | ms/batch 2981.32 | loss  4.07 | ppl    58.521
| epoch  16 step   112600 |   6250 batches | lr 0.000229 | ms/batch 2980.59 | loss  4.07 | ppl    58.629
| epoch  16 step   112800 |   6450 batches | lr 0.000229 | ms/batch 2981.24 | loss  4.07 | ppl    58.460
| epoch  16 step   113000 |   6650 batches | lr 0.000229 | ms/batch 2981.31 | loss  4.07 | ppl    58.538
| epoch  16 step   113200 |   6850 batches | lr 0.000229 | ms/batch 2980.83 | loss  4.07 | ppl    58.538
| epoch  16 step   113400 |   7050 batches | lr 0.000229 | ms/batch 2980.74 | loss  4.07 | ppl    58.481
| epoch  17 step   113600 |    160 batches | lr 0.000229 | ms/batch 2978.78 | loss  4.04 | ppl    57.021
| epoch  17 step   113800 |    360 batches | lr 0.000228 | ms/batch 2981.39 | loss  4.04 | ppl    56.933
| epoch  17 step   114000 |    560 batches | lr 0.000228 | ms/batch 2982.00 | loss  4.05 | ppl    57.120
| epoch  17 step   114200 |    760 batches | lr 0.000228 | ms/batch 2983.33 | loss  4.05 | ppl    57.194
| epoch  17 step   114400 |    960 batches | lr 0.000228 | ms/batch 2982.06 | loss  4.05 | ppl    57.378
| epoch  17 step   114600 |   1160 batches | lr 0.000228 | ms/batch 2980.95 | loss  4.05 | ppl    57.415
| epoch  17 step   114800 |   1360 batches | lr 0.000228 | ms/batch 2980.66 | loss  4.05 | ppl    57.385
| epoch  17 step   115000 |   1560 batches | lr 0.000228 | ms/batch 2980.69 | loss  4.05 | ppl    57.454
| epoch  17 step   115200 |   1760 batches | lr 0.000228 | ms/batch 2983.08 | loss  4.05 | ppl    57.631
| epoch  17 step   115400 |   1960 batches | lr 0.000228 | ms/batch 2981.08 | loss  4.06 | ppl    57.719
| epoch  17 step   115600 |   2160 batches | lr 0.000228 | ms/batch 2981.27 | loss  4.05 | ppl    57.613
| epoch  17 step   115800 |   2360 batches | lr 0.000228 | ms/batch 2983.03 | loss  4.05 | ppl    57.681
| epoch  17 step   116000 |   2560 batches | lr 0.000228 | ms/batch 2983.78 | loss  4.06 | ppl    57.698
----------------------------------------------------------------------------------------------------
| Eval  29 at step   116000 | time: 11929.56s | valid loss  4.38 | valid ppl    79.778
----------------------------------------------------------------------------------------------------
| epoch  17 step   116200 |   2760 batches | lr 0.000228 | ms/batch 3007.01 | loss  4.05 | ppl    57.636
| epoch  17 step   116400 |   2960 batches | lr 0.000227 | ms/batch 2981.20 | loss  4.06 | ppl    57.796
| epoch  17 step   116600 |   3160 batches | lr 0.000227 | ms/batch 2984.64 | loss  4.06 | ppl    57.778
| epoch  17 step   116800 |   3360 batches | lr 0.000227 | ms/batch 2981.70 | loss  4.06 | ppl    57.892
| epoch  17 step   117000 |   3560 batches | lr 0.000227 | ms/batch 2982.76 | loss  4.06 | ppl    57.798
| epoch  17 step   117200 |   3760 batches | lr 0.000227 | ms/batch 2983.31 | loss  4.06 | ppl    57.787
| epoch  17 step   117400 |   3960 batches | lr 0.000227 | ms/batch 2983.83 | loss  4.06 | ppl    58.042
| epoch  17 step   117600 |   4160 batches | lr 0.000227 | ms/batch 2982.73 | loss  4.06 | ppl    57.964
| epoch  17 step   117800 |   4360 batches | lr 0.000227 | ms/batch 2984.31 | loss  4.06 | ppl    57.900
| epoch  17 step   118000 |   4560 batches | lr 0.000227 | ms/batch 2982.36 | loss  4.06 | ppl    57.960
| epoch  17 step   118200 |   4760 batches | lr 0.000227 | ms/batch 2982.92 | loss  4.06 | ppl    57.869
| epoch  17 step   118400 |   4960 batches | lr 0.000227 | ms/batch 2982.03 | loss  4.06 | ppl    57.962
| epoch  17 step   118600 |   5160 batches | lr 0.000227 | ms/batch 2983.64 | loss  4.06 | ppl    57.907
| epoch  17 step   118800 |   5360 batches | lr 0.000227 | ms/batch 2985.28 | loss  4.06 | ppl    58.050
| epoch  17 step   119000 |   5560 batches | lr 0.000227 | ms/batch 2982.27 | loss  4.06 | ppl    57.893
| epoch  17 step   119200 |   5760 batches | lr 0.000226 | ms/batch 2981.61 | loss  4.06 | ppl    57.931
| epoch  17 step   119400 |   5960 batches | lr 0.000226 | ms/batch 2982.65 | loss  4.06 | ppl    58.050
| epoch  17 step   119600 |   6160 batches | lr 0.000226 | ms/batch 2986.12 | loss  4.06 | ppl    57.982
| epoch  17 step   119800 |   6360 batches | lr 0.000226 | ms/batch 2981.35 | loss  4.06 | ppl    57.970
| epoch  17 step   120000 |   6560 batches | lr 0.000226 | ms/batch 2982.60 | loss  4.06 | ppl    58.064
----------------------------------------------------------------------------------------------------
| Eval  30 at step   120000 | time: 11935.46s | valid loss  4.37 | valid ppl    78.848
----------------------------------------------------------------------------------------------------
| epoch  17 step   120200 |   6760 batches | lr 0.000226 | ms/batch 3006.05 | loss  4.06 | ppl    58.010
| epoch  17 step   120400 |   6960 batches | lr 0.000226 | ms/batch 2982.53 | loss  4.06 | ppl    58.098
| epoch  18 step   120600 |     70 batches | lr 0.000226 | ms/batch 2980.09 | loss  4.05 | ppl    57.418
| epoch  18 step   120800 |    270 batches | lr 0.000226 | ms/batch 2982.66 | loss  4.03 | ppl    56.382
| epoch  18 step   121000 |    470 batches | lr 0.000226 | ms/batch 2981.53 | loss  4.04 | ppl    56.626
| epoch  18 step   121200 |    670 batches | lr 0.000226 | ms/batch 2982.12 | loss  4.04 | ppl    56.628
| epoch  18 step   121400 |    870 batches | lr 0.000226 | ms/batch 2982.35 | loss  4.04 | ppl    56.751
| epoch  18 step   121600 |   1070 batches | lr 0.000226 | ms/batch 2982.58 | loss  4.04 | ppl    56.758
| epoch  18 step   121800 |   1270 batches | lr 0.000225 | ms/batch 2982.20 | loss  4.04 | ppl    56.791
| epoch  18 step   122000 |   1470 batches | lr 0.000225 | ms/batch 2982.08 | loss  4.04 | ppl    57.015
| epoch  18 step   122200 |   1670 batches | lr 0.000225 | ms/batch 2981.62 | loss  4.04 | ppl    56.986
| epoch  18 step   122400 |   1870 batches | lr 0.000225 | ms/batch 2981.44 | loss  4.04 | ppl    57.109
| epoch  18 step   122600 |   2070 batches | lr 0.000225 | ms/batch 2981.50 | loss  4.05 | ppl    57.189
| epoch  18 step   122800 |   2270 batches | lr 0.000225 | ms/batch 2981.05 | loss  4.04 | ppl    56.946
| epoch  18 step   123000 |   2470 batches | lr 0.000225 | ms/batch 2980.84 | loss  4.05 | ppl    57.296
| epoch  18 step   123200 |   2670 batches | lr 0.000225 | ms/batch 2980.38 | loss  4.05 | ppl    57.289
| epoch  18 step   123400 |   2870 batches | lr 0.000225 | ms/batch 2981.23 | loss  4.05 | ppl    57.283
| epoch  18 step   123600 |   3070 batches | lr 0.000225 | ms/batch 2981.76 | loss  4.05 | ppl    57.374
| epoch  18 step   123800 |   3270 batches | lr 0.000225 | ms/batch 2980.78 | loss  4.05 | ppl    57.270
| epoch  18 step   124000 |   3470 batches | lr 0.000225 | ms/batch 2981.70 | loss  4.05 | ppl    57.304
----------------------------------------------------------------------------------------------------
| Eval  31 at step   124000 | time: 11930.41s | valid loss  4.37 | valid ppl    78.716
----------------------------------------------------------------------------------------------------
| epoch  18 step   124200 |   3670 batches | lr 0.000224 | ms/batch 3004.86 | loss  4.05 | ppl    57.334
| epoch  18 step   124400 |   3870 batches | lr 0.000224 | ms/batch 2981.33 | loss  4.05 | ppl    57.261
| epoch  18 step   124600 |   4070 batches | lr 0.000224 | ms/batch 2981.24 | loss  4.05 | ppl    57.315
| epoch  18 step   124800 |   4270 batches | lr 0.000224 | ms/batch 2980.83 | loss  4.05 | ppl    57.459
| epoch  18 step   125000 |   4470 batches | lr 0.000224 | ms/batch 2980.66 | loss  4.05 | ppl    57.496
| epoch  18 step   125200 |   4670 batches | lr 0.000224 | ms/batch 2980.31 | loss  4.05 | ppl    57.367
| epoch  18 step   125400 |   4870 batches | lr 0.000224 | ms/batch 2981.41 | loss  4.05 | ppl    57.382
| epoch  18 step   125600 |   5070 batches | lr 0.000224 | ms/batch 2980.49 | loss  4.05 | ppl    57.663
| epoch  18 step   125800 |   5270 batches | lr 0.000224 | ms/batch 2981.12 | loss  4.05 | ppl    57.517
| epoch  18 step   126000 |   5470 batches | lr 0.000224 | ms/batch 2981.07 | loss  4.05 | ppl    57.479
| epoch  18 step   126200 |   5670 batches | lr 0.000224 | ms/batch 2981.11 | loss  4.05 | ppl    57.482
| epoch  18 step   126400 |   5870 batches | lr 0.000224 | ms/batch 2980.87 | loss  4.05 | ppl    57.605
| epoch  18 step   126600 |   6070 batches | lr 0.000224 | ms/batch 2982.10 | loss  4.05 | ppl    57.431
| epoch  18 step   126800 |   6270 batches | lr 0.000223 | ms/batch 2981.78 | loss  4.05 | ppl    57.537
| epoch  18 step   127000 |   6470 batches | lr 0.000223 | ms/batch 2981.96 | loss  4.05 | ppl    57.515
| epoch  18 step   127200 |   6670 batches | lr 0.000223 | ms/batch 2982.44 | loss  4.05 | ppl    57.393
| epoch  18 step   127400 |   6870 batches | lr 0.000223 | ms/batch 2982.41 | loss  4.05 | ppl    57.551
| epoch  18 step   127600 |   7070 batches | lr 0.000223 | ms/batch 2981.47 | loss  4.05 | ppl    57.596
| epoch  19 step   127800 |    180 batches | lr 0.000223 | ms/batch 2980.63 | loss  4.03 | ppl    56.087
| epoch  19 step   128000 |    380 batches | lr 0.000223 | ms/batch 2982.17 | loss  4.03 | ppl    56.047
----------------------------------------------------------------------------------------------------
| Eval  32 at step   128000 | time: 11929.18s | valid loss  4.37 | valid ppl    78.913
----------------------------------------------------------------------------------------------------
| epoch  19 step   128200 |    580 batches | lr 0.000223 | ms/batch 3001.71 | loss  4.03 | ppl    56.119
| epoch  19 step   128400 |    780 batches | lr 0.000223 | ms/batch 2982.40 | loss  4.03 | ppl    56.166
| epoch  19 step   128600 |    980 batches | lr 0.000223 | ms/batch 2982.04 | loss  4.03 | ppl    56.290
| epoch  19 step   128800 |   1180 batches | lr 0.000223 | ms/batch 2980.99 | loss  4.03 | ppl    56.482
| epoch  19 step   129000 |   1380 batches | lr 0.000223 | ms/batch 2980.26 | loss  4.03 | ppl    56.454
| epoch  19 step   129200 |   1580 batches | lr 0.000222 | ms/batch 2980.82 | loss  4.03 | ppl    56.441
| epoch  19 step   129400 |   1780 batches | lr 0.000222 | ms/batch 2980.14 | loss  4.04 | ppl    56.654
| epoch  19 step   129600 |   1980 batches | lr 0.000222 | ms/batch 2981.32 | loss  4.04 | ppl    56.715
| epoch  19 step   129800 |   2180 batches | lr 0.000222 | ms/batch 2981.28 | loss  4.04 | ppl    56.715
| epoch  19 step   130000 |   2380 batches | lr 0.000222 | ms/batch 2980.26 | loss  4.04 | ppl    56.841
| epoch  19 step   130200 |   2580 batches | lr 0.000222 | ms/batch 2979.60 | loss  4.04 | ppl    56.615
| epoch  19 step   130400 |   2780 batches | lr 0.000222 | ms/batch 2980.44 | loss  4.04 | ppl    56.652
| epoch  19 step   130600 |   2980 batches | lr 0.000222 | ms/batch 2980.94 | loss  4.04 | ppl    56.797
| epoch  19 step   130800 |   3180 batches | lr 0.000222 | ms/batch 2981.42 | loss  4.04 | ppl    56.811
| epoch  19 step   131000 |   3380 batches | lr 0.000222 | ms/batch 2980.53 | loss  4.04 | ppl    56.884
| epoch  19 step   131200 |   3580 batches | lr 0.000222 | ms/batch 2981.03 | loss  4.04 | ppl    56.944
| epoch  19 step   131400 |   3780 batches | lr 0.000222 | ms/batch 2980.49 | loss  4.04 | ppl    56.952
| epoch  19 step   131600 |   3980 batches | lr 0.000221 | ms/batch 2981.78 | loss  4.04 | ppl    57.016
| epoch  19 step   131800 |   4180 batches | lr 0.000221 | ms/batch 2980.96 | loss  4.04 | ppl    57.026
| epoch  19 step   132000 |   4380 batches | lr 0.000221 | ms/batch 2980.83 | loss  4.04 | ppl    56.905
----------------------------------------------------------------------------------------------------
| Eval  33 at step   132000 | time: 11927.83s | valid loss  4.36 | valid ppl    78.175
----------------------------------------------------------------------------------------------------
| epoch  19 step   132200 |   4580 batches | lr 0.000221 | ms/batch 3004.16 | loss  4.04 | ppl    56.941
| epoch  19 step   132400 |   4780 batches | lr 0.000221 | ms/batch 2980.30 | loss  4.04 | ppl    57.004
| epoch  19 step   132600 |   4980 batches | lr 0.000221 | ms/batch 2980.19 | loss  4.04 | ppl    56.891
| epoch  19 step   132800 |   5180 batches | lr 0.000221 | ms/batch 2980.38 | loss  4.04 | ppl    57.109
| epoch  19 step   133000 |   5380 batches | lr 0.000221 | ms/batch 2980.86 | loss  4.04 | ppl    57.024
| epoch  19 step   133200 |   5580 batches | lr 0.000221 | ms/batch 2981.05 | loss  4.04 | ppl    56.998
| epoch  19 step   133400 |   5780 batches | lr 0.000221 | ms/batch 2981.29 | loss  4.04 | ppl    57.051
| epoch  19 step   133600 |   5980 batches | lr 0.000221 | ms/batch 2982.34 | loss  4.04 | ppl    57.048
| epoch  19 step   133800 |   6180 batches | lr 0.000221 | ms/batch 2981.07 | loss  4.04 | ppl    57.025
| epoch  19 step   134000 |   6380 batches | lr 0.00022 | ms/batch 2980.11 | loss  4.04 | ppl    57.086
| epoch  19 step   134200 |   6580 batches | lr 0.00022 | ms/batch 2981.06 | loss  4.04 | ppl    56.977
| epoch  19 step   134400 |   6780 batches | lr 0.00022 | ms/batch 2980.75 | loss  4.04 | ppl    57.095
| epoch  19 step   134600 |   6980 batches | lr 0.00022 | ms/batch 2981.08 | loss  4.04 | ppl    57.098
| epoch  20 step   134800 |     90 batches | lr 0.00022 | ms/batch 2979.06 | loss  4.03 | ppl    56.354
| epoch  20 step   135000 |    290 batches | lr 0.00022 | ms/batch 2980.77 | loss  4.02 | ppl    55.482
srun: Job step aborted: Waiting up to 32 seconds for job step to finish.
slurmstepd: error: *** JOB 45172202 ON gpu9 CANCELLED AT 2019-09-11T15:36:25 DUE TO TIME LIMIT ***
slurmstepd: error: *** STEP 45172202.0 ON gpu9 CANCELLED AT 2019-09-11T15:36:25 DUE TO TIME LIMIT ***
Job has already finished for job 45172202
