Run training...
Experiment dir : /m/triton/scratch/elec/puhe/p/jaina5/transformer-xl/FinnishXL/-Ktrain/20191108-143437
Loading cached dataset...
====================================================================================================
    - data : /m/triton/scratch/elec/puhe/p/jaina5/transformer-xl/FinnishXL/data/kiel_data/
    - dataset : Ktrain
    - n_layer : 96
    - n_head : 8
    - d_head : 40
    - d_embed : 256
    - d_model : 256
    - d_inner : 1024
    - dropout : 0.05
    - dropatt : 0.05
    - init : normal
    - emb_init : normal
    - init_range : 0.1
    - emb_init_range : 0.01
    - init_std : 0.02
    - proj_init_std : 0.01
    - optim : adam
    - lr : 0.00025
    - mom : 0.0
    - scheduler : cosine
    - warmup_step : 10000
    - decay_rate : 0.5
    - lr_min : 0.0
    - clip : 0.25
    - clip_nonemb : False
    - max_step : 200000
    - batch_size : 512
    - batch_chunk : 4
    - tgt_len : 32
    - eval_tgt_len : 32
    - ext_len : 0
    - mem_len : 32
    - not_tied : False
    - seed : 1111
    - cuda : True
    - adaptive : False
    - div_val : 1
    - pre_lnorm : False
    - varlen : False
    - multi_gpu : False
    - log_interval : 200
    - eval_interval : 4000
    - work_dir : /m/triton/scratch/elec/puhe/p/jaina5/transformer-xl/FinnishXL/-Ktrain/20191108-143437
    - restart : True
    - restart_dir : /m/triton/scratch/elec/puhe/p/jaina5/transformer-xl/FinnishXL/-Ktrain/20191105-144617
    - debug : False
    - same_length : False
    - attn_type : 0
    - clamp_len : -1
    - eta_min : 0.0
    - gpu0_bsz : -1
    - max_eval_steps : -1
    - sample_softmax : -1
    - patience : 0
    - finetune_v2 : False
    - finetune_v3 : False
    - fp16 : False
    - static_loss_scale : 1
    - dynamic_loss_scale : False
    - tied : True
    - n_token : 34519
    - n_all_param : 98746455
    - n_nonemb_param : 89874432
====================================================================================================
#params = 98746455
#non emb params = 89874432
| epoch   1 step      200 |    200 batches | lr 5e-06 | ms/batch 2660.03 | loss  3.72 | ppl    41.318
| epoch   1 step      400 |    400 batches | lr 1e-05 | ms/batch 2649.89 | loss  3.73 | ppl    41.479
| epoch   1 step      600 |    600 batches | lr 1.5e-05 | ms/batch 2651.55 | loss  3.73 | ppl    41.564
| epoch   1 step      800 |    800 batches | lr 2e-05 | ms/batch 2647.99 | loss  3.73 | ppl    41.478
| epoch   1 step     1000 |   1000 batches | lr 2.5e-05 | ms/batch 2650.13 | loss  3.73 | ppl    41.731
| epoch   1 step     1200 |   1200 batches | lr 3e-05 | ms/batch 2647.20 | loss  3.73 | ppl    41.605
| epoch   1 step     1400 |   1400 batches | lr 3.5e-05 | ms/batch 2654.86 | loss  3.73 | ppl    41.840
| epoch   1 step     1600 |   1600 batches | lr 4e-05 | ms/batch 2653.26 | loss  3.74 | ppl    42.079
| epoch   1 step     1800 |   1800 batches | lr 4.5e-05 | ms/batch 2648.44 | loss  3.74 | ppl    42.163
| epoch   1 step     2000 |   2000 batches | lr 5e-05 | ms/batch 2655.30 | loss  3.75 | ppl    42.309
| epoch   1 step     2200 |   2200 batches | lr 5.5e-05 | ms/batch 2653.68 | loss  3.74 | ppl    42.262
| epoch   1 step     2400 |   2400 batches | lr 6e-05 | ms/batch 2654.99 | loss  3.75 | ppl    42.584
| epoch   1 step     2600 |   2600 batches | lr 6.5e-05 | ms/batch 2654.87 | loss  3.76 | ppl    42.873
| epoch   1 step     2800 |   2800 batches | lr 7e-05 | ms/batch 2645.57 | loss  3.76 | ppl    42.862
| epoch   1 step     3000 |   3000 batches | lr 7.5e-05 | ms/batch 2651.29 | loss  3.76 | ppl    42.948
| epoch   1 step     3200 |   3200 batches | lr 8e-05 | ms/batch 2647.14 | loss  3.77 | ppl    43.299
| epoch   1 step     3400 |   3400 batches | lr 8.5e-05 | ms/batch 2642.89 | loss  3.77 | ppl    43.577
| epoch   1 step     3600 |   3600 batches | lr 9e-05 | ms/batch 2646.65 | loss  3.77 | ppl    43.480
| epoch   1 step     3800 |   3800 batches | lr 9.5e-05 | ms/batch 2644.20 | loss  3.78 | ppl    43.802
| epoch   1 step     4000 |   4000 batches | lr 0.0001 | ms/batch 2642.06 | loss  3.78 | ppl    43.926
----------------------------------------------------------------------------------------------------
| Eval   1 at step     4000 | time: 11338.80s | valid loss  3.80 | valid ppl    44.479
----------------------------------------------------------------------------------------------------
| epoch   1 step     4200 |   4200 batches | lr 0.000105 | ms/batch 6346.25 | loss  3.78 | ppl    44.013
| epoch   1 step     4400 |   4400 batches | lr 0.00011 | ms/batch 2645.11 | loss  3.79 | ppl    44.477
| epoch   1 step     4600 |   4600 batches | lr 0.000115 | ms/batch 2643.37 | loss  3.80 | ppl    44.854
| epoch   1 step     4800 |   4800 batches | lr 0.00012 | ms/batch 2644.81 | loss  3.80 | ppl    44.844
| epoch   1 step     5000 |   5000 batches | lr 0.000125 | ms/batch 2646.22 | loss  3.80 | ppl    44.889
| epoch   1 step     5200 |   5200 batches | lr 0.00013 | ms/batch 2639.87 | loss  3.81 | ppl    45.143
| epoch   1 step     5400 |   5400 batches | lr 0.000135 | ms/batch 2643.40 | loss  3.82 | ppl    45.390
| epoch   1 step     5600 |   5600 batches | lr 0.00014 | ms/batch 2643.39 | loss  3.82 | ppl    45.631
| epoch   1 step     5800 |   5800 batches | lr 0.000145 | ms/batch 2644.25 | loss  3.82 | ppl    45.828
| epoch   1 step     6000 |   6000 batches | lr 0.00015 | ms/batch 2643.46 | loss  3.84 | ppl    46.425
| epoch   1 step     6200 |   6200 batches | lr 0.000155 | ms/batch 2632.21 | loss  3.84 | ppl    46.548
| epoch   1 step     6400 |   6400 batches | lr 0.00016 | ms/batch 2629.37 | loss  3.84 | ppl    46.546
| epoch   1 step     6600 |   6600 batches | lr 0.000165 | ms/batch 2636.13 | loss  3.85 | ppl    46.995
| epoch   1 step     6800 |   6800 batches | lr 0.00017 | ms/batch 2634.85 | loss  3.86 | ppl    47.286
| epoch   1 step     7000 |   7000 batches | lr 0.000175 | ms/batch 2633.21 | loss  3.86 | ppl    47.370
| epoch   1 step     7200 |   7200 batches | lr 0.00018 | ms/batch 2631.92 | loss  3.86 | ppl    47.267
| epoch   1 step     7400 |   7400 batches | lr 0.000185 | ms/batch 2630.66 | loss  3.87 | ppl    47.832
| epoch   1 step     7600 |   7600 batches | lr 0.00019 | ms/batch 2630.88 | loss  3.88 | ppl    48.215
| epoch   1 step     7800 |   7800 batches | lr 0.000195 | ms/batch 2630.79 | loss  3.88 | ppl    48.315
| epoch   1 step     8000 |   8000 batches | lr 0.0002 | ms/batch 2630.76 | loss  3.88 | ppl    48.535
----------------------------------------------------------------------------------------------------
| Eval   2 at step     8000 | time: 11269.66s | valid loss  3.85 | valid ppl    47.124
----------------------------------------------------------------------------------------------------
| epoch   1 step     8200 |   8200 batches | lr 0.000205 | ms/batch 6216.16 | loss  3.89 | ppl    48.776
| epoch   1 step     8400 |   8400 batches | lr 0.00021 | ms/batch 2633.86 | loss  3.90 | ppl    49.166
| epoch   1 step     8600 |   8600 batches | lr 0.000215 | ms/batch 2634.28 | loss  3.90 | ppl    49.161
| epoch   1 step     8800 |   8800 batches | lr 0.00022 | ms/batch 2642.39 | loss  3.90 | ppl    49.229
| epoch   1 step     9000 |   9000 batches | lr 0.000225 | ms/batch 2634.91 | loss  3.90 | ppl    49.333
| epoch   1 step     9200 |   9200 batches | lr 0.00023 | ms/batch 2631.43 | loss  3.91 | ppl    50.044
| epoch   1 step     9400 |   9400 batches | lr 0.000235 | ms/batch 2638.99 | loss  3.92 | ppl    50.353
| epoch   1 step     9600 |   9600 batches | lr 0.00024 | ms/batch 2631.50 | loss  3.96 | ppl    52.569
| epoch   1 step     9800 |   9800 batches | lr 0.000245 | ms/batch 2635.53 | loss  3.93 | ppl    50.773
| epoch   1 step    10000 |  10000 batches | lr 0.00025 | ms/batch 2635.48 | loss  3.93 | ppl    50.818
| epoch   1 step    10200 |  10200 batches | lr 0.00025 | ms/batch 2635.06 | loss  3.94 | ppl    51.358
| epoch   1 step    10400 |  10400 batches | lr 0.00025 | ms/batch 2631.29 | loss  3.94 | ppl    51.456
| epoch   1 step    10600 |  10600 batches | lr 0.00025 | ms/batch 2624.73 | loss  3.94 | ppl    51.496
| epoch   1 step    10800 |  10800 batches | lr 0.00025 | ms/batch 2618.26 | loss  3.94 | ppl    51.608
| epoch   1 step    11000 |  11000 batches | lr 0.00025 | ms/batch 2617.64 | loss  3.95 | ppl    52.137
| epoch   1 step    11200 |  11200 batches | lr 0.00025 | ms/batch 2617.65 | loss  3.94 | ppl    51.571
| epoch   1 step    11400 |  11400 batches | lr 0.00025 | ms/batch 2617.84 | loss  3.95 | ppl    52.044
| epoch   1 step    11600 |  11600 batches | lr 0.000249 | ms/batch 2617.68 | loss  3.95 | ppl    51.689
| epoch   1 step    11800 |  11800 batches | lr 0.000249 | ms/batch 2617.98 | loss  3.95 | ppl    51.984
| epoch   1 step    12000 |  12000 batches | lr 0.000249 | ms/batch 2626.91 | loss  3.96 | ppl    52.503
----------------------------------------------------------------------------------------------------
| Eval   3 at step    12000 | time: 11202.94s | valid loss  3.90 | valid ppl    49.240
----------------------------------------------------------------------------------------------------
| epoch   1 step    12200 |  12200 batches | lr 0.000249 | ms/batch 6056.69 | loss  3.96 | ppl    52.310
| epoch   1 step    12400 |  12400 batches | lr 0.000249 | ms/batch 2618.11 | loss  3.96 | ppl    52.466
| epoch   1 step    12600 |  12600 batches | lr 0.000249 | ms/batch 2617.65 | loss  3.96 | ppl    52.320
| epoch   1 step    12800 |  12800 batches | lr 0.000249 | ms/batch 2617.83 | loss  3.97 | ppl    52.818
| epoch   1 step    13000 |  13000 batches | lr 0.000249 | ms/batch 2617.39 | loss  3.96 | ppl    52.201
| epoch   1 step    13200 |  13200 batches | lr 0.000249 | ms/batch 2619.35 | loss  3.96 | ppl    52.328
| epoch   1 step    13400 |  13400 batches | lr 0.000249 | ms/batch 2622.93 | loss  3.96 | ppl    52.573
| epoch   1 step    13600 |  13600 batches | lr 0.000249 | ms/batch 2619.59 | loss  3.97 | ppl    52.813
| epoch   1 step    13800 |  13800 batches | lr 0.000249 | ms/batch 2617.74 | loss  3.97 | ppl    52.750
| epoch   1 step    14000 |  14000 batches | lr 0.000248 | ms/batch 2617.22 | loss  3.97 | ppl    52.882
| epoch   1 step    14200 |  14200 batches | lr 0.000248 | ms/batch 2617.65 | loss  3.97 | ppl    52.784
| epoch   1 step    14400 |  14400 batches | lr 0.000248 | ms/batch 2618.59 | loss  3.97 | ppl    52.987
| epoch   1 step    14600 |  14600 batches | lr 0.000248 | ms/batch 2620.79 | loss  3.97 | ppl    52.951
| epoch   1 step    14800 |  14800 batches | lr 0.000248 | ms/batch 2620.30 | loss  3.97 | ppl    53.230
| epoch   1 step    15000 |  15000 batches | lr 0.000248 | ms/batch 2617.82 | loss  3.99 | ppl    54.038
| epoch   2 step    15200 |     85 batches | lr 0.000248 | ms/batch 2623.49 | loss  3.96 | ppl    52.388
| epoch   2 step    15400 |    285 batches | lr 0.000248 | ms/batch 2617.21 | loss  3.93 | ppl    51.087
| epoch   2 step    15600 |    485 batches | lr 0.000248 | ms/batch 2617.25 | loss  3.94 | ppl    51.250
| epoch   2 step    15800 |    685 batches | lr 0.000248 | ms/batch 2617.42 | loss  3.95 | ppl    51.782
| epoch   2 step    16000 |    885 batches | lr 0.000248 | ms/batch 2617.65 | loss  3.94 | ppl    51.497
----------------------------------------------------------------------------------------------------
| Eval   4 at step    16000 | time: 11160.74s | valid loss  3.90 | valid ppl    49.643
----------------------------------------------------------------------------------------------------
| epoch   2 step    16200 |   1085 batches | lr 0.000247 | ms/batch 6046.58 | loss  3.95 | ppl    51.749
| epoch   2 step    16400 |   1285 batches | lr 0.000247 | ms/batch 2621.13 | loss  3.95 | ppl    51.789
| epoch   2 step    16600 |   1485 batches | lr 0.000247 | ms/batch 2618.83 | loss  3.95 | ppl    52.060
| epoch   2 step    16800 |   1685 batches | lr 0.000247 | ms/batch 2616.96 | loss  3.95 | ppl    51.893
| epoch   2 step    17000 |   1885 batches | lr 0.000247 | ms/batch 2617.05 | loss  3.99 | ppl    54.101
| epoch   2 step    17200 |   2085 batches | lr 0.000247 | ms/batch 2617.91 | loss  3.96 | ppl    52.293
| epoch   2 step    17400 |   2285 batches | lr 0.000247 | ms/batch 2618.27 | loss  3.96 | ppl    52.218
| epoch   2 step    17600 |   2485 batches | lr 0.000247 | ms/batch 2617.41 | loss  3.96 | ppl    52.432
| epoch   2 step    17800 |   2685 batches | lr 0.000247 | ms/batch 2617.73 | loss  3.95 | ppl    52.123
| epoch   2 step    18000 |   2885 batches | lr 0.000247 | ms/batch 2620.08 | loss  3.96 | ppl    52.201
| epoch   2 step    18200 |   3085 batches | lr 0.000246 | ms/batch 2618.63 | loss  3.96 | ppl    52.563
| epoch   2 step    18400 |   3285 batches | lr 0.000246 | ms/batch 2616.94 | loss  3.96 | ppl    52.456
| epoch   2 step    18600 |   3485 batches | lr 0.000246 | ms/batch 2617.27 | loss  3.98 | ppl    53.356
| epoch   2 step    18800 |   3685 batches | lr 0.000246 | ms/batch 2617.91 | loss  3.97 | ppl    52.724
| epoch   2 step    19000 |   3885 batches | lr 0.000246 | ms/batch 2617.21 | loss  3.96 | ppl    52.627
| epoch   2 step    19200 |   4085 batches | lr 0.000246 | ms/batch 2617.52 | loss  3.97 | ppl    52.745
| epoch   2 step    19400 |   4285 batches | lr 0.000246 | ms/batch 2620.46 | loss  3.97 | ppl    52.842
| epoch   2 step    19600 |   4485 batches | lr 0.000246 | ms/batch 2617.68 | loss  3.97 | ppl    52.926
| epoch   2 step    19800 |   4685 batches | lr 0.000245 | ms/batch 2618.33 | loss  3.97 | ppl    52.849
| epoch   2 step    20000 |   4885 batches | lr 0.000245 | ms/batch 2616.94 | loss  3.96 | ppl    52.615
----------------------------------------------------------------------------------------------------
| Eval   5 at step    20000 | time: 11158.60s | valid loss  3.91 | valid ppl    49.934
----------------------------------------------------------------------------------------------------
| epoch   2 step    20200 |   5085 batches | lr 0.000245 | ms/batch 6049.57 | loss  3.97 | ppl    52.917
| epoch   2 step    20400 |   5285 batches | lr 0.000245 | ms/batch 2617.25 | loss  3.97 | ppl    53.109
| epoch   2 step    20600 |   5485 batches | lr 0.000245 | ms/batch 2617.78 | loss  3.97 | ppl    52.963
| epoch   2 step    20800 |   5685 batches | lr 0.000245 | ms/batch 2617.18 | loss  3.97 | ppl    53.182
| epoch   2 step    21000 |   5885 batches | lr 0.000245 | ms/batch 2617.29 | loss  3.97 | ppl    52.780
| epoch   2 step    21200 |   6085 batches | lr 0.000245 | ms/batch 2617.40 | loss  3.98 | ppl    53.254
| epoch   2 step    21400 |   6285 batches | lr 0.000244 | ms/batch 2619.21 | loss  3.97 | ppl    53.045
| epoch   2 step    21600 |   6485 batches | lr 0.000244 | ms/batch 2619.29 | loss  3.97 | ppl    53.034
| epoch   2 step    21800 |   6685 batches | lr 0.000244 | ms/batch 2617.56 | loss  3.97 | ppl    53.009
| epoch   2 step    22000 |   6885 batches | lr 0.000244 | ms/batch 2617.28 | loss  4.00 | ppl    54.816
| epoch   2 step    22200 |   7085 batches | lr 0.000244 | ms/batch 2617.66 | loss  3.99 | ppl    54.124
| epoch   2 step    22400 |   7285 batches | lr 0.000244 | ms/batch 2617.27 | loss  3.98 | ppl    53.693
| epoch   2 step    22600 |   7485 batches | lr 0.000244 | ms/batch 2617.20 | loss  3.98 | ppl    53.321
| epoch   2 step    22800 |   7685 batches | lr 0.000244 | ms/batch 2619.22 | loss  3.97 | ppl    53.003
| epoch   2 step    23000 |   7885 batches | lr 0.000243 | ms/batch 2618.64 | loss  3.97 | ppl    53.125
| epoch   2 step    23200 |   8085 batches | lr 0.000243 | ms/batch 2618.34 | loss  3.98 | ppl    53.277
| epoch   2 step    23400 |   8285 batches | lr 0.000243 | ms/batch 2618.01 | loss  3.97 | ppl    52.913
| epoch   2 step    23600 |   8485 batches | lr 0.000243 | ms/batch 2621.13 | loss  3.98 | ppl    53.298
| epoch   2 step    23800 |   8685 batches | lr 0.000243 | ms/batch 2617.71 | loss  3.98 | ppl    53.280
| epoch   2 step    24000 |   8885 batches | lr 0.000243 | ms/batch 2616.75 | loss  3.97 | ppl    52.934
----------------------------------------------------------------------------------------------------
| Eval   6 at step    24000 | time: 11160.38s | valid loss  3.91 | valid ppl    49.790
----------------------------------------------------------------------------------------------------
| epoch   2 step    24200 |   9085 batches | lr 0.000243 | ms/batch 6055.39 | loss  3.98 | ppl    53.326
| epoch   2 step    24400 |   9285 batches | lr 0.000242 | ms/batch 2618.76 | loss  3.98 | ppl    53.308
| epoch   2 step    24600 |   9485 batches | lr 0.000242 | ms/batch 2617.44 | loss  3.97 | ppl    52.969
| epoch   2 step    24800 |   9685 batches | lr 0.000242 | ms/batch 2618.73 | loss  3.97 | ppl    53.178
| epoch   2 step    25000 |   9885 batches | lr 0.000242 | ms/batch 2617.48 | loss  3.97 | ppl    53.071
| epoch   2 step    25200 |  10085 batches | lr 0.000242 | ms/batch 2617.16 | loss  3.97 | ppl    53.074
| epoch   2 step    25400 |  10285 batches | lr 0.000242 | ms/batch 2618.58 | loss  3.98 | ppl    53.395
| epoch   2 step    25600 |  10485 batches | lr 0.000241 | ms/batch 2616.96 | loss  3.97 | ppl    53.110
| epoch   2 step    25800 |  10685 batches | lr 0.000241 | ms/batch 2617.61 | loss  3.98 | ppl    53.501
| epoch   2 step    26000 |  10885 batches | lr 0.000241 | ms/batch 2618.13 | loss  3.97 | ppl    53.244
| epoch   2 step    26200 |  11085 batches | lr 0.000241 | ms/batch 2617.78 | loss  3.98 | ppl    53.405
| epoch   2 step    26400 |  11285 batches | lr 0.000241 | ms/batch 2617.34 | loss  3.97 | ppl    53.177
| epoch   2 step    26600 |  11485 batches | lr 0.000241 | ms/batch 2616.53 | loss  3.97 | ppl    53.072
| epoch   2 step    26800 |  11685 batches | lr 0.000241 | ms/batch 2617.94 | loss  3.98 | ppl    53.287
| epoch   2 step    27000 |  11885 batches | lr 0.00024 | ms/batch 2617.57 | loss  3.98 | ppl    53.412
| epoch   2 step    27200 |  12085 batches | lr 0.00024 | ms/batch 2617.02 | loss  3.98 | ppl    53.455
| epoch   2 step    27400 |  12285 batches | lr 0.00024 | ms/batch 2617.78 | loss  3.97 | ppl    53.173
| epoch   2 step    27600 |  12485 batches | lr 0.00024 | ms/batch 2617.60 | loss  3.98 | ppl    53.440
| epoch   2 step    27800 |  12685 batches | lr 0.00024 | ms/batch 2617.99 | loss  3.98 | ppl    53.604
| epoch   2 step    28000 |  12885 batches | lr 0.00024 | ms/batch 2617.78 | loss  3.98 | ppl    53.532
----------------------------------------------------------------------------------------------------
| Eval   7 at step    28000 | time: 11157.89s | valid loss  3.91 | valid ppl    49.655
----------------------------------------------------------------------------------------------------
| epoch   2 step    28200 |  13085 batches | lr 0.000239 | ms/batch 6052.73 | loss  3.98 | ppl    53.594
| epoch   2 step    28400 |  13285 batches | lr 0.000239 | ms/batch 2617.45 | loss  3.98 | ppl    53.576
| epoch   2 step    28600 |  13485 batches | lr 0.000239 | ms/batch 2618.91 | loss  3.99 | ppl    54.124
| epoch   2 step    28800 |  13685 batches | lr 0.000239 | ms/batch 2617.82 | loss  3.98 | ppl    53.441
| epoch   2 step    29000 |  13885 batches | lr 0.000239 | ms/batch 2618.36 | loss  3.98 | ppl    53.538
| epoch   2 step    29200 |  14085 batches | lr 0.000239 | ms/batch 2617.36 | loss  3.98 | ppl    53.626
| epoch   2 step    29400 |  14285 batches | lr 0.000238 | ms/batch 2617.65 | loss  3.98 | ppl    53.563
| epoch   2 step    29600 |  14485 batches | lr 0.000238 | ms/batch 2617.99 | loss  4.01 | ppl    55.072
| epoch   2 step    29800 |  14685 batches | lr 0.000238 | ms/batch 2617.29 | loss  3.98 | ppl    53.401
| epoch   2 step    30000 |  14885 batches | lr 0.000238 | ms/batch 2616.77 | loss  3.98 | ppl    53.350
| epoch   2 step    30200 |  15085 batches | lr 0.000238 | ms/batch 2617.31 | loss  3.98 | ppl    53.631
| epoch   3 step    30400 |    170 batches | lr 0.000237 | ms/batch 2620.63 | loss  3.95 | ppl    51.736
| epoch   3 step    30600 |    370 batches | lr 0.000237 | ms/batch 2617.78 | loss  3.94 | ppl    51.471
| epoch   3 step    30800 |    570 batches | lr 0.000237 | ms/batch 2617.02 | loss  3.94 | ppl    51.575
| epoch   3 step    31000 |    770 batches | lr 0.000237 | ms/batch 2617.24 | loss  3.95 | ppl    52.112
| epoch   3 step    31200 |    970 batches | lr 0.000237 | ms/batch 2618.76 | loss  3.94 | ppl    51.644
| epoch   3 step    31400 |   1170 batches | lr 0.000237 | ms/batch 2617.28 | loss  3.95 | ppl    51.799
| epoch   3 step    31600 |   1370 batches | lr 0.000236 | ms/batch 2617.87 | loss  3.95 | ppl    51.992
| epoch   3 step    31800 |   1570 batches | lr 0.000236 | ms/batch 2619.08 | loss  3.95 | ppl    52.093
| epoch   3 step    32000 |   1770 batches | lr 0.000236 | ms/batch 2617.85 | loss  3.96 | ppl    52.286
----------------------------------------------------------------------------------------------------
| Eval   8 at step    32000 | time: 11158.79s | valid loss  3.90 | valid ppl    49.570
----------------------------------------------------------------------------------------------------
| epoch   3 step    32200 |   1970 batches | lr 0.000236 | ms/batch 6052.38 | loss  3.96 | ppl    52.236
| epoch   3 step    32400 |   2170 batches | lr 0.000236 | ms/batch 2619.85 | loss  3.95 | ppl    51.890
| epoch   3 step    32600 |   2370 batches | lr 0.000235 | ms/batch 2617.11 | loss  3.95 | ppl    51.960
| epoch   3 step    32800 |   2570 batches | lr 0.000235 | ms/batch 2618.42 | loss  3.96 | ppl    52.433
| epoch   3 step    33000 |   2770 batches | lr 0.000235 | ms/batch 2616.98 | loss  3.96 | ppl    52.243
| epoch   3 step    33200 |   2970 batches | lr 0.000235 | ms/batch 2617.73 | loss  3.96 | ppl    52.263
| epoch   3 step    33400 |   3170 batches | lr 0.000235 | ms/batch 2618.22 | loss  3.96 | ppl    52.348
| epoch   3 step    33600 |   3370 batches | lr 0.000234 | ms/batch 2617.04 | loss  3.96 | ppl    52.550
| epoch   3 step    33800 |   3570 batches | lr 0.000234 | ms/batch 2617.25 | loss  3.96 | ppl    52.393
| epoch   3 step    34000 |   3770 batches | lr 0.000234 | ms/batch 2616.51 | loss  3.96 | ppl    52.241
| epoch   3 step    34200 |   3970 batches | lr 0.000234 | ms/batch 2616.96 | loss  3.96 | ppl    52.376
| epoch   3 step    34400 |   4170 batches | lr 0.000234 | ms/batch 2617.53 | loss  3.96 | ppl    52.496
| epoch   3 step    34600 |   4370 batches | lr 0.000233 | ms/batch 2617.23 | loss  3.96 | ppl    52.594
| epoch   3 step    34800 |   4570 batches | lr 0.000233 | ms/batch 2619.09 | loss  3.96 | ppl    52.364
| epoch   3 step    35000 |   4770 batches | lr 0.000233 | ms/batch 2617.13 | loss  3.96 | ppl    52.348
| epoch   3 step    35200 |   4970 batches | lr 0.000233 | ms/batch 2618.65 | loss  3.96 | ppl    52.366
| epoch   3 step    35400 |   5170 batches | lr 0.000233 | ms/batch 2617.27 | loss  3.96 | ppl    52.504
| epoch   3 step    35600 |   5370 batches | lr 0.000232 | ms/batch 2617.28 | loss  3.96 | ppl    52.317
| epoch   3 step    35800 |   5570 batches | lr 0.000232 | ms/batch 2617.20 | loss  3.96 | ppl    52.527
| epoch   3 step    36000 |   5770 batches | lr 0.000232 | ms/batch 2617.34 | loss  3.96 | ppl    52.518
----------------------------------------------------------------------------------------------------
| Eval   9 at step    36000 | time: 11159.19s | valid loss  3.90 | valid ppl    49.526
----------------------------------------------------------------------------------------------------
| epoch   3 step    36200 |   5970 batches | lr 0.000232 | ms/batch 6060.02 | loss  3.96 | ppl    52.558
| epoch   3 step    36400 |   6170 batches | lr 0.000232 | ms/batch 2617.15 | loss  3.96 | ppl    52.391
| epoch   3 step    36600 |   6370 batches | lr 0.000231 | ms/batch 2617.37 | loss  3.97 | ppl    52.728
| epoch   3 step    36800 |   6570 batches | lr 0.000231 | ms/batch 2616.16 | loss  3.96 | ppl    52.642
| epoch   3 step    37000 |   6770 batches | lr 0.000231 | ms/batch 2617.21 | loss  3.97 | ppl    52.796
| epoch   3 step    37200 |   6970 batches | lr 0.000231 | ms/batch 2616.97 | loss  3.97 | ppl    52.813
| epoch   3 step    37400 |   7170 batches | lr 0.00023 | ms/batch 2617.51 | loss  3.96 | ppl    52.499
| epoch   3 step    37600 |   7370 batches | lr 0.00023 | ms/batch 2617.60 | loss  3.97 | ppl    52.940
| epoch   3 step    37800 |   7570 batches | lr 0.00023 | ms/batch 2617.08 | loss  3.99 | ppl    54.276
| epoch   3 step    38000 |   7770 batches | lr 0.00023 | ms/batch 2616.89 | loss  3.97 | ppl    53.017
| epoch   3 step    38200 |   7970 batches | lr 0.00023 | ms/batch 2617.31 | loss  3.97 | ppl    53.128
| epoch   3 step    38400 |   8170 batches | lr 0.000229 | ms/batch 2617.63 | loss  3.96 | ppl    52.547
| epoch   3 step    38600 |   8370 batches | lr 0.000229 | ms/batch 2617.53 | loss  3.96 | ppl    52.675
| epoch   3 step    38800 |   8570 batches | lr 0.000229 | ms/batch 2620.05 | loss  3.97 | ppl    53.185
| epoch   3 step    39000 |   8770 batches | lr 0.000229 | ms/batch 2617.66 | loss  3.97 | ppl    52.812
| epoch   3 step    39200 |   8970 batches | lr 0.000228 | ms/batch 2616.87 | loss  3.97 | ppl    52.914
| epoch   3 step    39400 |   9170 batches | lr 0.000228 | ms/batch 2618.74 | loss  3.97 | ppl    52.854
| epoch   3 step    39600 |   9370 batches | lr 0.000228 | ms/batch 2617.73 | loss  3.98 | ppl    53.535
| epoch   3 step    39800 |   9570 batches | lr 0.000228 | ms/batch 2617.57 | loss  3.97 | ppl    53.027
| epoch   3 step    40000 |   9770 batches | lr 0.000228 | ms/batch 2617.31 | loss  3.96 | ppl    52.397
----------------------------------------------------------------------------------------------------
| Eval  10 at step    40000 | time: 11157.14s | valid loss  3.90 | valid ppl    49.372
----------------------------------------------------------------------------------------------------
| epoch   3 step    40200 |   9970 batches | lr 0.000227 | ms/batch 6053.97 | loss  3.96 | ppl    52.615
| epoch   3 step    40400 |  10170 batches | lr 0.000227 | ms/batch 2617.42 | loss  3.97 | ppl    52.992
| epoch   3 step    40600 |  10370 batches | lr 0.000227 | ms/batch 2618.15 | loss  3.96 | ppl    52.384
| epoch   3 step    40800 |  10570 batches | lr 0.000227 | ms/batch 2618.86 | loss  3.96 | ppl    52.400
| epoch   3 step    41000 |  10770 batches | lr 0.000226 | ms/batch 2618.02 | loss  3.97 | ppl    52.811
| epoch   3 step    41200 |  10970 batches | lr 0.000226 | ms/batch 2617.77 | loss  3.96 | ppl    52.541
| epoch   3 step    41400 |  11170 batches | lr 0.000226 | ms/batch 2617.75 | loss  3.97 | ppl    52.959
| epoch   3 step    41600 |  11370 batches | lr 0.000226 | ms/batch 2617.75 | loss  3.97 | ppl    52.985
| epoch   3 step    41800 |  11570 batches | lr 0.000225 | ms/batch 2617.95 | loss  3.97 | ppl    53.167
| epoch   3 step    42000 |  11770 batches | lr 0.000225 | ms/batch 2617.50 | loss  3.97 | ppl    52.883
| epoch   3 step    42200 |  11970 batches | lr 0.000225 | ms/batch 2617.72 | loss  3.97 | ppl    52.802
| epoch   3 step    42400 |  12170 batches | lr 0.000225 | ms/batch 2617.50 | loss  3.96 | ppl    52.577
| epoch   3 step    42600 |  12370 batches | lr 0.000224 | ms/batch 2617.57 | loss  3.96 | ppl    52.610
| epoch   3 step    42800 |  12570 batches | lr 0.000224 | ms/batch 2617.37 | loss  3.97 | ppl    52.912
| epoch   3 step    43000 |  12770 batches | lr 0.000224 | ms/batch 2617.51 | loss  3.97 | ppl    52.923
| epoch   3 step    43200 |  12970 batches | lr 0.000224 | ms/batch 2617.03 | loss  3.98 | ppl    53.373
| epoch   3 step    43400 |  13170 batches | lr 0.000223 | ms/batch 2617.50 | loss  3.97 | ppl    52.799
| epoch   3 step    43600 |  13370 batches | lr 0.000223 | ms/batch 2617.40 | loss  3.96 | ppl    52.693
| epoch   3 step    43800 |  13570 batches | lr 0.000223 | ms/batch 2617.39 | loss  3.97 | ppl    53.137
| epoch   3 step    44000 |  13770 batches | lr 0.000223 | ms/batch 2617.51 | loss  3.96 | ppl    52.711
----------------------------------------------------------------------------------------------------
| Eval  11 at step    44000 | time: 11158.63s | valid loss  3.90 | valid ppl    49.415
----------------------------------------------------------------------------------------------------
| epoch   3 step    44200 |  13970 batches | lr 0.000222 | ms/batch 6056.00 | loss  3.97 | ppl    52.865
| epoch   3 step    44400 |  14170 batches | lr 0.000222 | ms/batch 2617.00 | loss  3.96 | ppl    52.662
| epoch   3 step    44600 |  14370 batches | lr 0.000222 | ms/batch 2617.30 | loss  3.97 | ppl    52.865
| epoch   3 step    44800 |  14570 batches | lr 0.000222 | ms/batch 2617.23 | loss  3.98 | ppl    53.772
| epoch   3 step    45000 |  14770 batches | lr 0.000221 | ms/batch 2617.43 | loss  3.97 | ppl    52.837
| epoch   3 step    45200 |  14970 batches | lr 0.000221 | ms/batch 2618.13 | loss  3.97 | ppl    53.038
| epoch   4 step    45400 |     55 batches | lr 0.000221 | ms/batch 2619.47 | loss  3.95 | ppl    52.121
| epoch   4 step    45600 |    255 batches | lr 0.000221 | ms/batch 2617.55 | loss  3.93 | ppl    50.923
| epoch   4 step    45800 |    455 batches | lr 0.00022 | ms/batch 2617.60 | loss  3.93 | ppl    51.007
| epoch   4 step    46000 |    655 batches | lr 0.00022 | ms/batch 2618.84 | loss  3.93 | ppl    51.100
| epoch   4 step    46200 |    855 batches | lr 0.00022 | ms/batch 2617.25 | loss  3.94 | ppl    51.311
| epoch   4 step    46400 |   1055 batches | lr 0.00022 | ms/batch 2617.22 | loss  3.93 | ppl    51.123
| epoch   4 step    46600 |   1255 batches | lr 0.000219 | ms/batch 2616.58 | loss  3.93 | ppl    51.017
| epoch   4 step    46800 |   1455 batches | lr 0.000219 | ms/batch 2617.20 | loss  3.94 | ppl    51.303
| epoch   4 step    47000 |   1655 batches | lr 0.000219 | ms/batch 2619.27 | loss  3.93 | ppl    51.142
| epoch   4 step    47200 |   1855 batches | lr 0.000219 | ms/batch 2616.76 | loss  3.94 | ppl    51.296
| epoch   4 step    47400 |   2055 batches | lr 0.000218 | ms/batch 2616.99 | loss  3.94 | ppl    51.185
| epoch   4 step    47600 |   2255 batches | lr 0.000218 | ms/batch 2617.69 | loss  3.94 | ppl    51.219
| epoch   4 step    47800 |   2455 batches | lr 0.000218 | ms/batch 2617.39 | loss  3.94 | ppl    51.485
| epoch   4 step    48000 |   2655 batches | lr 0.000217 | ms/batch 2617.34 | loss  3.94 | ppl    51.611
----------------------------------------------------------------------------------------------------
| Eval  12 at step    48000 | time: 11157.38s | valid loss  3.89 | valid ppl    48.882
----------------------------------------------------------------------------------------------------
| epoch   4 step    48200 |   2855 batches | lr 0.000217 | ms/batch 6053.30 | loss  3.94 | ppl    51.370
| epoch   4 step    48400 |   3055 batches | lr 0.000217 | ms/batch 2617.01 | loss  3.94 | ppl    51.228
| epoch   4 step    48600 |   3255 batches | lr 0.000217 | ms/batch 2617.30 | loss  3.94 | ppl    51.605
| epoch   4 step    48800 |   3455 batches | lr 0.000216 | ms/batch 2616.82 | loss  3.94 | ppl    51.602
| epoch   4 step    49000 |   3655 batches | lr 0.000216 | ms/batch 2616.99 | loss  3.94 | ppl    51.534
| epoch   4 step    49200 |   3855 batches | lr 0.000216 | ms/batch 2617.16 | loss  3.95 | ppl    51.721
| epoch   4 step    49400 |   4055 batches | lr 0.000216 | ms/batch 2617.89 | loss  3.94 | ppl    51.594
| epoch   4 step    49600 |   4255 batches | lr 0.000215 | ms/batch 2616.78 | loss  3.94 | ppl    51.582
| epoch   4 step    49800 |   4455 batches | lr 0.000215 | ms/batch 2617.02 | loss  3.95 | ppl    51.729
| epoch   4 step    50000 |   4655 batches | lr 0.000215 | ms/batch 2616.17 | loss  3.94 | ppl    51.520
| epoch   4 step    50200 |   4855 batches | lr 0.000214 | ms/batch 2617.60 | loss  3.94 | ppl    51.169
| epoch   4 step    50400 |   5055 batches | lr 0.000214 | ms/batch 2617.38 | loss  3.94 | ppl    51.634
| epoch   4 step    50600 |   5255 batches | lr 0.000214 | ms/batch 2617.39 | loss  3.94 | ppl    51.375
| epoch   4 step    50800 |   5455 batches | lr 0.000214 | ms/batch 2617.33 | loss  3.95 | ppl    51.695
| epoch   4 step    51000 |   5655 batches | lr 0.000213 | ms/batch 2617.27 | loss  3.95 | ppl    51.701
| epoch   4 step    51200 |   5855 batches | lr 0.000213 | ms/batch 2617.35 | loss  3.94 | ppl    51.459
| epoch   4 step    51400 |   6055 batches | lr 0.000213 | ms/batch 2617.02 | loss  3.95 | ppl    51.837
| epoch   4 step    51600 |   6255 batches | lr 0.000212 | ms/batch 2617.43 | loss  3.94 | ppl    51.559
| epoch   4 step    51800 |   6455 batches | lr 0.000212 | ms/batch 2617.90 | loss  3.94 | ppl    51.503
| epoch   4 step    52000 |   6655 batches | lr 0.000212 | ms/batch 2617.21 | loss  3.95 | ppl    51.988
----------------------------------------------------------------------------------------------------
| Eval  13 at step    52000 | time: 11156.39s | valid loss  3.89 | valid ppl    48.677
----------------------------------------------------------------------------------------------------
| epoch   4 step    52200 |   6855 batches | lr 0.000212 | ms/batch 6054.91 | loss  3.95 | ppl    51.853
| epoch   4 step    52400 |   7055 batches | lr 0.000211 | ms/batch 2617.36 | loss  3.94 | ppl    51.660
| epoch   4 step    52600 |   7255 batches | lr 0.000211 | ms/batch 2617.28 | loss  3.95 | ppl    51.752
| epoch   4 step    52800 |   7455 batches | lr 0.000211 | ms/batch 2617.43 | loss  3.95 | ppl    51.704
| epoch   4 step    53000 |   7655 batches | lr 0.00021 | ms/batch 2616.85 | loss  3.95 | ppl    51.696
| epoch   4 step    53200 |   7855 batches | lr 0.00021 | ms/batch 2617.44 | loss  3.95 | ppl    52.128
| epoch   4 step    53400 |   8055 batches | lr 0.00021 | ms/batch 2618.00 | loss  3.95 | ppl    51.745
| epoch   4 step    53600 |   8255 batches | lr 0.00021 | ms/batch 2617.13 | loss  3.95 | ppl    52.001
| epoch   4 step    53800 |   8455 batches | lr 0.000209 | ms/batch 2617.66 | loss  3.95 | ppl    51.813
| epoch   4 step    54000 |   8655 batches | lr 0.000209 | ms/batch 2616.99 | loss  3.95 | ppl    51.845
| epoch   4 step    54200 |   8855 batches | lr 0.000209 | ms/batch 2617.15 | loss  3.95 | ppl    51.950
| epoch   4 step    54400 |   9055 batches | lr 0.000208 | ms/batch 2617.11 | loss  3.95 | ppl    51.881
| epoch   4 step    54600 |   9255 batches | lr 0.000208 | ms/batch 2617.26 | loss  3.94 | ppl    51.614
| epoch   4 step    54800 |   9455 batches | lr 0.000208 | ms/batch 2620.29 | loss  3.95 | ppl    51.845
| epoch   4 step    55000 |   9655 batches | lr 0.000207 | ms/batch 2618.24 | loss  3.94 | ppl    51.608
| epoch   4 step    55200 |   9855 batches | lr 0.000207 | ms/batch 2616.70 | loss  3.94 | ppl    51.645
| epoch   4 step    55400 |  10055 batches | lr 0.000207 | ms/batch 2617.31 | loss  3.97 | ppl    52.935
| epoch   4 step    55600 |  10255 batches | lr 0.000207 | ms/batch 2617.08 | loss  3.94 | ppl    51.412
| epoch   4 step    55800 |  10455 batches | lr 0.000206 | ms/batch 2617.42 | loss  3.95 | ppl    52.015
| epoch   4 step    56000 |  10655 batches | lr 0.000206 | ms/batch 2617.02 | loss  3.94 | ppl    51.360
----------------------------------------------------------------------------------------------------
| Eval  14 at step    56000 | time: 11157.85s | valid loss  3.88 | valid ppl    48.431
----------------------------------------------------------------------------------------------------
| epoch   4 step    56200 |  10855 batches | lr 0.000206 | ms/batch 6057.90 | loss  3.94 | ppl    51.620
| epoch   4 step    56400 |  11055 batches | lr 0.000205 | ms/batch 2618.40 | loss  3.94 | ppl    51.329
| epoch   4 step    56600 |  11255 batches | lr 0.000205 | ms/batch 2617.85 | loss  3.95 | ppl    51.762
| epoch   4 step    56800 |  11455 batches | lr 0.000205 | ms/batch 2617.09 | loss  3.94 | ppl    51.562
| epoch   4 step    57000 |  11655 batches | lr 0.000204 | ms/batch 2617.51 | loss  3.94 | ppl    51.524
| epoch   4 step    57200 |  11855 batches | lr 0.000204 | ms/batch 2617.59 | loss  3.94 | ppl    51.288
| epoch   4 step    57400 |  12055 batches | lr 0.000204 | ms/batch 2617.26 | loss  3.94 | ppl    51.517
| epoch   4 step    57600 |  12255 batches | lr 0.000203 | ms/batch 2617.48 | loss  3.94 | ppl    51.464
| epoch   4 step    57800 |  12455 batches | lr 0.000203 | ms/batch 2617.31 | loss  3.95 | ppl    51.721
| epoch   4 step    58000 |  12655 batches | lr 0.000203 | ms/batch 2616.81 | loss  3.94 | ppl    51.354
| epoch   4 step    58200 |  12855 batches | lr 0.000203 | ms/batch 2617.07 | loss  3.94 | ppl    51.562
| epoch   4 step    58400 |  13055 batches | lr 0.000202 | ms/batch 2618.03 | loss  3.94 | ppl    51.633
| epoch   4 step    58600 |  13255 batches | lr 0.000202 | ms/batch 2617.01 | loss  3.94 | ppl    51.320
| epoch   4 step    58800 |  13455 batches | lr 0.000202 | ms/batch 2619.03 | loss  3.94 | ppl    51.616
| epoch   4 step    59000 |  13655 batches | lr 0.000201 | ms/batch 2616.91 | loss  3.95 | ppl    51.684
| epoch   4 step    59200 |  13855 batches | lr 0.000201 | ms/batch 2617.14 | loss  3.94 | ppl    51.301
| epoch   4 step    59400 |  14055 batches | lr 0.000201 | ms/batch 2616.24 | loss  3.94 | ppl    51.557
| epoch   4 step    59600 |  14255 batches | lr 0.0002 | ms/batch 2617.18 | loss  3.94 | ppl    51.448
| epoch   4 step    59800 |  14455 batches | lr 0.0002 | ms/batch 2617.23 | loss  3.94 | ppl    51.449
| epoch   4 step    60000 |  14655 batches | lr 0.0002 | ms/batch 2616.17 | loss  3.95 | ppl    51.721
----------------------------------------------------------------------------------------------------
| Eval  15 at step    60000 | time: 11157.15s | valid loss  3.87 | valid ppl    48.172
----------------------------------------------------------------------------------------------------
| epoch   4 step    60200 |  14855 batches | lr 0.000199 | ms/batch 6055.09 | loss  3.94 | ppl    51.672
| epoch   4 step    60400 |  15055 batches | lr 0.000199 | ms/batch 2616.47 | loss  3.94 | ppl    51.524
| epoch   5 step    60600 |    140 batches | lr 0.000199 | ms/batch 2619.57 | loss  3.92 | ppl    50.261
| epoch   5 step    60800 |    340 batches | lr 0.000198 | ms/batch 2617.57 | loss  3.91 | ppl    49.872
| epoch   5 step    61000 |    540 batches | lr 0.000198 | ms/batch 2617.31 | loss  3.91 | ppl    49.774
| epoch   5 step    61200 |    740 batches | lr 0.000198 | ms/batch 2617.67 | loss  3.91 | ppl    50.029
| epoch   5 step    61400 |    940 batches | lr 0.000197 | ms/batch 2617.05 | loss  3.91 | ppl    49.920
| epoch   5 step    61600 |   1140 batches | lr 0.000197 | ms/batch 2617.41 | loss  3.91 | ppl    50.127
| epoch   5 step    61800 |   1340 batches | lr 0.000197 | ms/batch 2617.51 | loss  3.91 | ppl    49.982
| epoch   5 step    62000 |   1540 batches | lr 0.000196 | ms/batch 2617.13 | loss  3.91 | ppl    49.912
| epoch   5 step    62200 |   1740 batches | lr 0.000196 | ms/batch 2617.19 | loss  3.91 | ppl    50.079
| epoch   5 step    62400 |   1940 batches | lr 0.000196 | ms/batch 2617.75 | loss  3.92 | ppl    50.332
| epoch   5 step    62600 |   2140 batches | lr 0.000195 | ms/batch 2616.76 | loss  3.91 | ppl    50.072
| epoch   5 step    62800 |   2340 batches | lr 0.000195 | ms/batch 2617.70 | loss  3.91 | ppl    49.974
| epoch   5 step    63000 |   2540 batches | lr 0.000195 | ms/batch 2617.30 | loss  3.92 | ppl    50.155
| epoch   5 step    63200 |   2740 batches | lr 0.000194 | ms/batch 2617.32 | loss  3.92 | ppl    50.287
| epoch   5 step    63400 |   2940 batches | lr 0.000194 | ms/batch 2617.26 | loss  3.92 | ppl    50.265
| epoch   5 step    63600 |   3140 batches | lr 0.000194 | ms/batch 2616.68 | loss  3.92 | ppl    50.330
| epoch   5 step    63800 |   3340 batches | lr 0.000193 | ms/batch 2616.59 | loss  3.92 | ppl    50.448
| epoch   5 step    64000 |   3540 batches | lr 0.000193 | ms/batch 2616.52 | loss  3.91 | ppl    50.137
----------------------------------------------------------------------------------------------------
| Eval  16 at step    64000 | time: 11154.89s | valid loss  3.87 | valid ppl    48.066
----------------------------------------------------------------------------------------------------
| epoch   5 step    64200 |   3740 batches | lr 0.000193 | ms/batch 6045.40 | loss  3.92 | ppl    50.197
| epoch   5 step    64400 |   3940 batches | lr 0.000192 | ms/batch 2617.02 | loss  3.92 | ppl    50.516
| epoch   5 step    64600 |   4140 batches | lr 0.000192 | ms/batch 2616.67 | loss  3.92 | ppl    50.449
| epoch   5 step    64800 |   4340 batches | lr 0.000192 | ms/batch 2616.72 | loss  3.92 | ppl    50.346
| epoch   5 step    65000 |   4540 batches | lr 0.000191 | ms/batch 2616.06 | loss  3.92 | ppl    50.503
| epoch   5 step    65200 |   4740 batches | lr 0.000191 | ms/batch 2616.36 | loss  3.93 | ppl    50.695
| epoch   5 step    65400 |   4940 batches | lr 0.000191 | ms/batch 2617.04 | loss  3.91 | ppl    50.081
| epoch   5 step    65600 |   5140 batches | lr 0.00019 | ms/batch 2616.38 | loss  3.91 | ppl    50.036
| epoch   5 step    65800 |   5340 batches | lr 0.00019 | ms/batch 2617.28 | loss  3.91 | ppl    50.041
| epoch   5 step    66000 |   5540 batches | lr 0.00019 | ms/batch 2618.23 | loss  3.91 | ppl    50.128
| epoch   5 step    66200 |   5740 batches | lr 0.000189 | ms/batch 2617.22 | loss  3.92 | ppl    50.504
| epoch   5 step    66400 |   5940 batches | lr 0.000189 | ms/batch 2616.83 | loss  3.92 | ppl    50.347
| epoch   5 step    66600 |   6140 batches | lr 0.000189 | ms/batch 2616.77 | loss  3.91 | ppl    49.973
| epoch   5 step    66800 |   6340 batches | lr 0.000188 | ms/batch 2617.09 | loss  3.92 | ppl    50.251
| epoch   5 step    67000 |   6540 batches | lr 0.000188 | ms/batch 2617.41 | loss  3.92 | ppl    50.376
| epoch   5 step    67200 |   6740 batches | lr 0.000188 | ms/batch 2617.27 | loss  3.92 | ppl    50.176
| epoch   5 step    67400 |   6940 batches | lr 0.000187 | ms/batch 2617.44 | loss  3.92 | ppl    50.367
| epoch   5 step    67600 |   7140 batches | lr 0.000187 | ms/batch 2618.32 | loss  3.92 | ppl    50.272
| epoch   5 step    67800 |   7340 batches | lr 0.000187 | ms/batch 2617.31 | loss  3.93 | ppl    50.726
| epoch   5 step    68000 |   7540 batches | lr 0.000186 | ms/batch 2618.48 | loss  3.92 | ppl    50.426
----------------------------------------------------------------------------------------------------
| Eval  17 at step    68000 | time: 11156.23s | valid loss  3.86 | valid ppl    47.692
----------------------------------------------------------------------------------------------------
| epoch   5 step    68200 |   7740 batches | lr 0.000186 | ms/batch 6055.21 | loss  3.92 | ppl    50.401
| epoch   5 step    68400 |   7940 batches | lr 0.000186 | ms/batch 2617.56 | loss  3.92 | ppl    50.630
| epoch   5 step    68600 |   8140 batches | lr 0.000185 | ms/batch 2617.47 | loss  3.92 | ppl    50.364
| epoch   5 step    68800 |   8340 batches | lr 0.000185 | ms/batch 2617.23 | loss  3.92 | ppl    50.161
| epoch   5 step    69000 |   8540 batches | lr 0.000185 | ms/batch 2617.24 | loss  3.92 | ppl    50.485
| epoch   5 step    69200 |   8740 batches | lr 0.000184 | ms/batch 2617.60 | loss  3.93 | ppl    50.889
| epoch   5 step    69400 |   8940 batches | lr 0.000184 | ms/batch 2618.59 | loss  3.92 | ppl    50.571
| epoch   5 step    69600 |   9140 batches | lr 0.000184 | ms/batch 2619.43 | loss  3.93 | ppl    50.729
| epoch   5 step    69800 |   9340 batches | lr 0.000183 | ms/batch 2617.02 | loss  3.92 | ppl    50.397
| epoch   5 step    70000 |   9540 batches | lr 0.000183 | ms/batch 2616.78 | loss  3.92 | ppl    50.516
| epoch   5 step    70200 |   9740 batches | lr 0.000183 | ms/batch 2616.76 | loss  3.92 | ppl    50.478
| epoch   5 step    70400 |   9940 batches | lr 0.000182 | ms/batch 2617.58 | loss  3.92 | ppl    50.499
| epoch   5 step    70600 |  10140 batches | lr 0.000182 | ms/batch 2617.24 | loss  3.92 | ppl    50.486
| epoch   5 step    70800 |  10340 batches | lr 0.000181 | ms/batch 2617.20 | loss  3.92 | ppl    50.477
| epoch   5 step    71000 |  10540 batches | lr 0.000181 | ms/batch 2616.61 | loss  3.92 | ppl    50.436
| epoch   5 step    71200 |  10740 batches | lr 0.000181 | ms/batch 2617.81 | loss  3.92 | ppl    50.312
| epoch   5 step    71400 |  10940 batches | lr 0.00018 | ms/batch 2616.35 | loss  3.92 | ppl    50.351
| epoch   5 step    71600 |  11140 batches | lr 0.00018 | ms/batch 2617.30 | loss  3.92 | ppl    50.524
| epoch   5 step    71800 |  11340 batches | lr 0.00018 | ms/batch 2617.88 | loss  3.92 | ppl    50.431
| epoch   5 step    72000 |  11540 batches | lr 0.000179 | ms/batch 2617.07 | loss  3.92 | ppl    50.349
----------------------------------------------------------------------------------------------------
| Eval  18 at step    72000 | time: 11156.97s | valid loss  3.86 | valid ppl    47.409
----------------------------------------------------------------------------------------------------
| epoch   5 step    72200 |  11740 batches | lr 0.000179 | ms/batch 6054.42 | loss  3.91 | ppl    50.148
| epoch   5 step    72400 |  11940 batches | lr 0.000179 | ms/batch 2618.10 | loss  3.91 | ppl    50.002
| epoch   5 step    72600 |  12140 batches | lr 0.000178 | ms/batch 2618.83 | loss  3.92 | ppl    50.331
| epoch   5 step    72800 |  12340 batches | lr 0.000178 | ms/batch 2618.86 | loss  3.92 | ppl    50.502
| epoch   5 step    73000 |  12540 batches | lr 0.000178 | ms/batch 2617.86 | loss  3.92 | ppl    50.190
| epoch   5 step    73200 |  12740 batches | lr 0.000177 | ms/batch 2618.86 | loss  3.92 | ppl    50.395
| epoch   5 step    73400 |  12940 batches | lr 0.000177 | ms/batch 2617.95 | loss  3.92 | ppl    50.239
| epoch   5 step    73600 |  13140 batches | lr 0.000176 | ms/batch 2619.19 | loss  3.92 | ppl    50.177
| epoch   5 step    73800 |  13340 batches | lr 0.000176 | ms/batch 2618.75 | loss  3.92 | ppl    50.347
| epoch   5 step    74000 |  13540 batches | lr 0.000176 | ms/batch 2618.94 | loss  3.92 | ppl    50.547
| epoch   5 step    74200 |  13740 batches | lr 0.000175 | ms/batch 2617.82 | loss  3.92 | ppl    50.245
| epoch   5 step    74400 |  13940 batches | lr 0.000175 | ms/batch 2618.18 | loss  3.91 | ppl    50.144
| epoch   5 step    74600 |  14140 batches | lr 0.000175 | ms/batch 2619.86 | loss  3.92 | ppl    50.270
| epoch   5 step    74800 |  14340 batches | lr 0.000174 | ms/batch 2618.00 | loss  3.92 | ppl    50.623
| epoch   5 step    75000 |  14540 batches | lr 0.000174 | ms/batch 2617.89 | loss  3.92 | ppl    50.428
| epoch   5 step    75200 |  14740 batches | lr 0.000174 | ms/batch 2618.60 | loss  3.91 | ppl    49.947
| epoch   5 step    75400 |  14940 batches | lr 0.000173 | ms/batch 2618.51 | loss  3.92 | ppl    50.176
| epoch   6 step    75600 |     25 batches | lr 0.000173 | ms/batch 2619.69 | loss  3.92 | ppl    50.266
| epoch   6 step    75800 |    225 batches | lr 0.000172 | ms/batch 2618.65 | loss  3.88 | ppl    48.452
| epoch   6 step    76000 |    425 batches | lr 0.000172 | ms/batch 2618.72 | loss  3.88 | ppl    48.275
----------------------------------------------------------------------------------------------------
| Eval  19 at step    76000 | time: 11161.21s | valid loss  3.85 | valid ppl    47.115
----------------------------------------------------------------------------------------------------
| epoch   6 step    76200 |    625 batches | lr 0.000172 | ms/batch 6050.74 | loss  3.88 | ppl    48.408
| epoch   6 step    76400 |    825 batches | lr 0.000171 | ms/batch 2616.39 | loss  3.88 | ppl    48.537
| epoch   6 step    76600 |   1025 batches | lr 0.000171 | ms/batch 2617.33 | loss  3.88 | ppl    48.499
| epoch   6 step    76800 |   1225 batches | lr 0.000171 | ms/batch 2617.46 | loss  3.89 | ppl    48.860
| epoch   6 step    77000 |   1425 batches | lr 0.00017 | ms/batch 2617.33 | loss  3.89 | ppl    48.873
| epoch   6 step    77200 |   1625 batches | lr 0.00017 | ms/batch 2616.97 | loss  3.89 | ppl    49.009
| epoch   6 step    77400 |   1825 batches | lr 0.000169 | ms/batch 2617.70 | loss  3.89 | ppl    48.861
| epoch   6 step    77600 |   2025 batches | lr 0.000169 | ms/batch 2616.98 | loss  3.89 | ppl    48.805
| epoch   6 step    77800 |   2225 batches | lr 0.000169 | ms/batch 2616.28 | loss  3.89 | ppl    48.678
| epoch   6 step    78000 |   2425 batches | lr 0.000168 | ms/batch 2616.86 | loss  3.89 | ppl    48.901
| epoch   6 step    78200 |   2625 batches | lr 0.000168 | ms/batch 2616.30 | loss  3.88 | ppl    48.568
| epoch   6 step    78400 |   2825 batches | lr 0.000168 | ms/batch 2616.33 | loss  3.89 | ppl    48.757
| epoch   6 step    78600 |   3025 batches | lr 0.000167 | ms/batch 2616.18 | loss  3.89 | ppl    48.718
| epoch   6 step    78800 |   3225 batches | lr 0.000167 | ms/batch 2615.70 | loss  3.89 | ppl    48.855
| epoch   6 step    79000 |   3425 batches | lr 0.000166 | ms/batch 2617.48 | loss  3.89 | ppl    48.831
| epoch   6 step    79200 |   3625 batches | lr 0.000166 | ms/batch 2616.53 | loss  3.89 | ppl    48.753
| epoch   6 step    79400 |   3825 batches | lr 0.000166 | ms/batch 2616.65 | loss  3.89 | ppl    48.946
| epoch   6 step    79600 |   4025 batches | lr 0.000165 | ms/batch 2616.44 | loss  3.89 | ppl    48.950
| epoch   6 step    79800 |   4225 batches | lr 0.000165 | ms/batch 2616.85 | loss  3.89 | ppl    48.949
| epoch   6 step    80000 |   4425 batches | lr 0.000165 | ms/batch 2616.49 | loss  3.89 | ppl    49.042
----------------------------------------------------------------------------------------------------
| Eval  20 at step    80000 | time: 11154.07s | valid loss  3.85 | valid ppl    46.913
----------------------------------------------------------------------------------------------------
| epoch   6 step    80200 |   4625 batches | lr 0.000164 | ms/batch 6051.73 | loss  3.89 | ppl    48.970
| epoch   6 step    80400 |   4825 batches | lr 0.000164 | ms/batch 2616.86 | loss  3.89 | ppl    48.960
| epoch   6 step    80600 |   5025 batches | lr 0.000163 | ms/batch 2616.86 | loss  3.88 | ppl    48.521
| epoch   6 step    80800 |   5225 batches | lr 0.000163 | ms/batch 2617.10 | loss  3.90 | ppl    49.268
| epoch   6 step    81000 |   5425 batches | lr 0.000163 | ms/batch 2616.90 | loss  3.90 | ppl    49.199
| epoch   6 step    81200 |   5625 batches | lr 0.000162 | ms/batch 2616.81 | loss  3.89 | ppl    49.146
| epoch   6 step    81400 |   5825 batches | lr 0.000162 | ms/batch 2617.10 | loss  3.89 | ppl    49.053
| epoch   6 step    81600 |   6025 batches | lr 0.000162 | ms/batch 2618.53 | loss  3.89 | ppl    48.820
| epoch   6 step    81800 |   6225 batches | lr 0.000161 | ms/batch 2616.95 | loss  3.89 | ppl    48.952
| epoch   6 step    82000 |   6425 batches | lr 0.000161 | ms/batch 2616.37 | loss  3.89 | ppl    48.767
| epoch   6 step    82200 |   6625 batches | lr 0.00016 | ms/batch 2617.07 | loss  3.89 | ppl    49.045
| epoch   6 step    82400 |   6825 batches | lr 0.00016 | ms/batch 2617.38 | loss  3.90 | ppl    49.161
| epoch   6 step    82600 |   7025 batches | lr 0.00016 | ms/batch 2616.48 | loss  3.90 | ppl    49.199
| epoch   6 step    82800 |   7225 batches | lr 0.000159 | ms/batch 2616.86 | loss  3.90 | ppl    49.254
| epoch   6 step    83000 |   7425 batches | lr 0.000159 | ms/batch 2616.23 | loss  3.89 | ppl    49.146
| epoch   6 step    83200 |   7625 batches | lr 0.000159 | ms/batch 2616.95 | loss  3.89 | ppl    49.018
| epoch   6 step    83400 |   7825 batches | lr 0.000158 | ms/batch 2616.08 | loss  3.89 | ppl    49.010
| epoch   6 step    83600 |   8025 batches | lr 0.000158 | ms/batch 2616.93 | loss  3.90 | ppl    49.243
| epoch   6 step    83800 |   8225 batches | lr 0.000157 | ms/batch 2617.25 | loss  3.89 | ppl    49.079
| epoch   6 step    84000 |   8425 batches | lr 0.000157 | ms/batch 2617.08 | loss  3.88 | ppl    48.588
----------------------------------------------------------------------------------------------------
| Eval  21 at step    84000 | time: 11154.68s | valid loss  3.84 | valid ppl    46.690
----------------------------------------------------------------------------------------------------
| epoch   6 step    84200 |   8625 batches | lr 0.000157 | ms/batch 6050.30 | loss  3.90 | ppl    49.270
| epoch   6 step    84400 |   8825 batches | lr 0.000156 | ms/batch 2616.51 | loss  3.89 | ppl    48.995
| epoch   6 step    84600 |   9025 batches | lr 0.000156 | ms/batch 2616.72 | loss  3.89 | ppl    48.954
| epoch   6 step    84800 |   9225 batches | lr 0.000156 | ms/batch 2616.52 | loss  3.90 | ppl    49.281
| epoch   6 step    85000 |   9425 batches | lr 0.000155 | ms/batch 2616.63 | loss  3.89 | ppl    49.149
| epoch   6 step    85200 |   9625 batches | lr 0.000155 | ms/batch 2616.51 | loss  3.90 | ppl    49.270
| epoch   6 step    85400 |   9825 batches | lr 0.000154 | ms/batch 2616.19 | loss  3.88 | ppl    48.652
| epoch   6 step    85600 |  10025 batches | lr 0.000154 | ms/batch 2616.97 | loss  3.89 | ppl    48.884
| epoch   6 step    85800 |  10225 batches | lr 0.000154 | ms/batch 2616.12 | loss  3.89 | ppl    48.958
| epoch   6 step    86000 |  10425 batches | lr 0.000153 | ms/batch 2615.83 | loss  3.89 | ppl    48.921
| epoch   6 step    86200 |  10625 batches | lr 0.000153 | ms/batch 2616.70 | loss  3.89 | ppl    48.846
| epoch   6 step    86400 |  10825 batches | lr 0.000152 | ms/batch 2616.02 | loss  3.89 | ppl    49.067
| epoch   6 step    86600 |  11025 batches | lr 0.000152 | ms/batch 2616.31 | loss  3.88 | ppl    48.570
| epoch   6 step    86800 |  11225 batches | lr 0.000152 | ms/batch 2616.41 | loss  3.89 | ppl    49.063
| epoch   6 step    87000 |  11425 batches | lr 0.000151 | ms/batch 2616.71 | loss  3.89 | ppl    49.004
| epoch   6 step    87200 |  11625 batches | lr 0.000151 | ms/batch 2617.84 | loss  3.89 | ppl    49.045
| epoch   6 step    87400 |  11825 batches | lr 0.00015 | ms/batch 2616.47 | loss  3.90 | ppl    49.160
| epoch   6 step    87600 |  12025 batches | lr 0.00015 | ms/batch 2616.48 | loss  3.89 | ppl    48.907
| epoch   6 step    87800 |  12225 batches | lr 0.00015 | ms/batch 2616.24 | loss  3.89 | ppl    48.960
| epoch   6 step    88000 |  12425 batches | lr 0.000149 | ms/batch 2616.79 | loss  3.89 | ppl    48.928
----------------------------------------------------------------------------------------------------
| Eval  22 at step    88000 | time: 11153.36s | valid loss  3.84 | valid ppl    46.390
----------------------------------------------------------------------------------------------------
| epoch   6 step    88200 |  12625 batches | lr 0.000149 | ms/batch 6051.75 | loss  3.89 | ppl    48.837
| epoch   6 step    88400 |  12825 batches | lr 0.000149 | ms/batch 2616.33 | loss  3.88 | ppl    48.576
| epoch   6 step    88600 |  13025 batches | lr 0.000148 | ms/batch 2617.08 | loss  3.89 | ppl    48.926
| epoch   6 step    88800 |  13225 batches | lr 0.000148 | ms/batch 2616.94 | loss  3.89 | ppl    48.755
| epoch   6 step    89000 |  13425 batches | lr 0.000147 | ms/batch 2616.79 | loss  3.89 | ppl    48.970
| epoch   6 step    89200 |  13625 batches | lr 0.000147 | ms/batch 2615.94 | loss  3.89 | ppl    48.669
| epoch   6 step    89400 |  13825 batches | lr 0.000147 | ms/batch 2617.12 | loss  3.88 | ppl    48.573
| epoch   6 step    89600 |  14025 batches | lr 0.000146 | ms/batch 2617.58 | loss  3.88 | ppl    48.489
| epoch   6 step    89800 |  14225 batches | lr 0.000146 | ms/batch 2616.72 | loss  3.89 | ppl    48.753
| epoch   6 step    90000 |  14425 batches | lr 0.000145 | ms/batch 2617.83 | loss  3.89 | ppl    48.794
| epoch   6 step    90200 |  14625 batches | lr 0.000145 | ms/batch 2616.95 | loss  3.89 | ppl    48.672
| epoch   6 step    90400 |  14825 batches | lr 0.000145 | ms/batch 2616.03 | loss  3.89 | ppl    48.933
| epoch   6 step    90600 |  15025 batches | lr 0.000144 | ms/batch 2616.92 | loss  3.89 | ppl    49.123
| epoch   7 step    90800 |    110 batches | lr 0.000144 | ms/batch 2621.20 | loss  3.87 | ppl    47.891
| epoch   7 step    91000 |    310 batches | lr 0.000143 | ms/batch 2617.46 | loss  3.85 | ppl    47.116
| epoch   7 step    91200 |    510 batches | lr 0.000143 | ms/batch 2616.42 | loss  3.85 | ppl    46.861
| epoch   7 step    91400 |    710 batches | lr 0.000143 | ms/batch 2616.80 | loss  3.86 | ppl    47.328
| epoch   7 step    91600 |    910 batches | lr 0.000142 | ms/batch 2617.67 | loss  3.86 | ppl    47.439
| epoch   7 step    91800 |   1110 batches | lr 0.000142 | ms/batch 2617.93 | loss  3.86 | ppl    47.469
| epoch   7 step    92000 |   1310 batches | lr 0.000142 | ms/batch 2616.54 | loss  3.86 | ppl    47.299
----------------------------------------------------------------------------------------------------
| Eval  23 at step    92000 | time: 11156.06s | valid loss  3.83 | valid ppl    46.078
----------------------------------------------------------------------------------------------------
| epoch   7 step    92200 |   1510 batches | lr 0.000141 | ms/batch 6054.44 | loss  3.85 | ppl    47.059
| epoch   7 step    92400 |   1710 batches | lr 0.000141 | ms/batch 2617.13 | loss  3.86 | ppl    47.281
| epoch   7 step    92600 |   1910 batches | lr 0.00014 | ms/batch 2617.28 | loss  3.86 | ppl    47.380
| epoch   7 step    92800 |   2110 batches | lr 0.00014 | ms/batch 2618.85 | loss  3.85 | ppl    47.177
| epoch   7 step    93000 |   2310 batches | lr 0.00014 | ms/batch 2617.96 | loss  3.86 | ppl    47.279
| epoch   7 step    93200 |   2510 batches | lr 0.000139 | ms/batch 2617.30 | loss  3.85 | ppl    47.204
| epoch   7 step    93400 |   2710 batches | lr 0.000139 | ms/batch 2621.72 | loss  3.86 | ppl    47.657
| epoch   7 step    93600 |   2910 batches | lr 0.000138 | ms/batch 2620.55 | loss  3.86 | ppl    47.313
| epoch   7 step    93800 |   3110 batches | lr 0.000138 | ms/batch 2618.01 | loss  3.86 | ppl    47.497
| epoch   7 step    94000 |   3310 batches | lr 0.000138 | ms/batch 2617.16 | loss  3.86 | ppl    47.586
| epoch   7 step    94200 |   3510 batches | lr 0.000137 | ms/batch 2618.82 | loss  3.86 | ppl    47.303
| epoch   7 step    94400 |   3710 batches | lr 0.000137 | ms/batch 2617.03 | loss  3.86 | ppl    47.396
| epoch   7 step    94600 |   3910 batches | lr 0.000136 | ms/batch 2617.75 | loss  3.86 | ppl    47.410
| epoch   7 step    94800 |   4110 batches | lr 0.000136 | ms/batch 2619.22 | loss  3.87 | ppl    48.018
| epoch   7 step    95000 |   4310 batches | lr 0.000136 | ms/batch 2617.17 | loss  3.86 | ppl    47.445
| epoch   7 step    95200 |   4510 batches | lr 0.000135 | ms/batch 2618.33 | loss  3.87 | ppl    47.712
| epoch   7 step    95400 |   4710 batches | lr 0.000135 | ms/batch 2616.82 | loss  3.86 | ppl    47.648
| epoch   7 step    95600 |   4910 batches | lr 0.000134 | ms/batch 2617.35 | loss  3.86 | ppl    47.607
| epoch   7 step    95800 |   5110 batches | lr 0.000134 | ms/batch 2617.82 | loss  3.86 | ppl    47.534
| epoch   7 step    96000 |   5310 batches | lr 0.000134 | ms/batch 2618.59 | loss  3.86 | ppl    47.486
----------------------------------------------------------------------------------------------------
| Eval  24 at step    96000 | time: 11161.00s | valid loss  3.83 | valid ppl    45.843
----------------------------------------------------------------------------------------------------
| epoch   7 step    96200 |   5510 batches | lr 0.000133 | ms/batch 6057.93 | loss  3.86 | ppl    47.569
| epoch   7 step    96400 |   5710 batches | lr 0.000133 | ms/batch 2617.47 | loss  3.86 | ppl    47.539
| epoch   7 step    96600 |   5910 batches | lr 0.000132 | ms/batch 2617.44 | loss  3.86 | ppl    47.596
| epoch   7 step    96800 |   6110 batches | lr 0.000132 | ms/batch 2617.28 | loss  3.86 | ppl    47.446
| epoch   7 step    97000 |   6310 batches | lr 0.000132 | ms/batch 2617.73 | loss  3.86 | ppl    47.625
| epoch   7 step    97200 |   6510 batches | lr 0.000131 | ms/batch 2618.50 | loss  3.86 | ppl    47.405
| epoch   7 step    97400 |   6710 batches | lr 0.000131 | ms/batch 2620.57 | loss  3.86 | ppl    47.643
| epoch   7 step    97600 |   6910 batches | lr 0.000131 | ms/batch 2618.78 | loss  3.86 | ppl    47.456
| epoch   7 step    97800 |   7110 batches | lr 0.00013 | ms/batch 2618.23 | loss  3.87 | ppl    47.748
| epoch   7 step    98000 |   7310 batches | lr 0.00013 | ms/batch 2617.01 | loss  3.86 | ppl    47.526
| epoch   7 step    98200 |   7510 batches | lr 0.000129 | ms/batch 2617.59 | loss  3.86 | ppl    47.477
| epoch   7 step    98400 |   7710 batches | lr 0.000129 | ms/batch 2617.23 | loss  3.87 | ppl    47.868
| epoch   7 step    98600 |   7910 batches | lr 0.000129 | ms/batch 2617.26 | loss  3.86 | ppl    47.424
| epoch   7 step    98800 |   8110 batches | lr 0.000128 | ms/batch 2621.76 | loss  3.86 | ppl    47.393
| epoch   7 step    99000 |   8310 batches | lr 0.000128 | ms/batch 2617.12 | loss  3.86 | ppl    47.535
| epoch   7 step    99200 |   8510 batches | lr 0.000127 | ms/batch 2620.44 | loss  3.86 | ppl    47.577
| epoch   7 step    99400 |   8710 batches | lr 0.000127 | ms/batch 2617.33 | loss  3.85 | ppl    47.102
| epoch   7 step    99600 |   8910 batches | lr 0.000127 | ms/batch 2617.20 | loss  3.86 | ppl    47.450
| epoch   7 step    99800 |   9110 batches | lr 0.000126 | ms/batch 2617.12 | loss  3.86 | ppl    47.687
| epoch   7 step   100000 |   9310 batches | lr 0.000126 | ms/batch 2619.98 | loss  3.86 | ppl    47.673
----------------------------------------------------------------------------------------------------
| Eval  25 at step   100000 | time: 11160.58s | valid loss  3.82 | valid ppl    45.551
----------------------------------------------------------------------------------------------------
| epoch   7 step   100200 |   9510 batches | lr 0.000125 | ms/batch 6054.40 | loss  3.86 | ppl    47.555
| epoch   7 step   100400 |   9710 batches | lr 0.000125 | ms/batch 2616.96 | loss  3.85 | ppl    47.169
| epoch   7 step   100600 |   9910 batches | lr 0.000125 | ms/batch 2616.74 | loss  3.86 | ppl    47.540
| epoch   7 step   100800 |  10110 batches | lr 0.000124 | ms/batch 2617.05 | loss  3.86 | ppl    47.281
| epoch   7 step   101000 |  10310 batches | lr 0.000124 | ms/batch 2617.31 | loss  3.86 | ppl    47.376
| epoch   7 step   101200 |  10510 batches | lr 0.000123 | ms/batch 2620.92 | loss  3.86 | ppl    47.544
| epoch   7 step   101400 |  10710 batches | lr 0.000123 | ms/batch 2617.65 | loss  3.86 | ppl    47.559
| epoch   7 step   101600 |  10910 batches | lr 0.000123 | ms/batch 2619.52 | loss  3.86 | ppl    47.482
| epoch   7 step   101800 |  11110 batches | lr 0.000122 | ms/batch 2617.66 | loss  3.86 | ppl    47.648
| epoch   7 step   102000 |  11310 batches | lr 0.000122 | ms/batch 2617.18 | loss  3.86 | ppl    47.485
| epoch   7 step   102200 |  11510 batches | lr 0.000121 | ms/batch 2617.42 | loss  3.86 | ppl    47.601
| epoch   7 step   102400 |  11710 batches | lr 0.000121 | ms/batch 2617.14 | loss  3.86 | ppl    47.403
| epoch   7 step   102600 |  11910 batches | lr 0.000121 | ms/batch 2618.61 | loss  3.86 | ppl    47.253
| epoch   7 step   102800 |  12110 batches | lr 0.00012 | ms/batch 2619.81 | loss  3.86 | ppl    47.358
| epoch   7 step   103000 |  12310 batches | lr 0.00012 | ms/batch 2617.84 | loss  3.86 | ppl    47.326
| epoch   7 step   103200 |  12510 batches | lr 0.000119 | ms/batch 2618.30 | loss  3.86 | ppl    47.380
| epoch   7 step   103400 |  12710 batches | lr 0.000119 | ms/batch 2618.33 | loss  3.86 | ppl    47.542
| epoch   7 step   103600 |  12910 batches | lr 0.000119 | ms/batch 2617.75 | loss  3.86 | ppl    47.332
| epoch   7 step   103800 |  13110 batches | lr 0.000118 | ms/batch 2616.47 | loss  3.86 | ppl    47.327
| epoch   7 step   104000 |  13310 batches | lr 0.000118 | ms/batch 2616.52 | loss  3.85 | ppl    47.163
----------------------------------------------------------------------------------------------------
| Eval  26 at step   104000 | time: 11158.20s | valid loss  3.81 | valid ppl    45.233
----------------------------------------------------------------------------------------------------
| epoch   7 step   104200 |  13510 batches | lr 0.000117 | ms/batch 6050.71 | loss  3.86 | ppl    47.262
| epoch   7 step   104400 |  13710 batches | lr 0.000117 | ms/batch 2616.27 | loss  3.86 | ppl    47.303
| epoch   7 step   104600 |  13910 batches | lr 0.000117 | ms/batch 2617.94 | loss  3.86 | ppl    47.466
| epoch   7 step   104800 |  14110 batches | lr 0.000116 | ms/batch 2616.98 | loss  3.86 | ppl    47.314
| epoch   7 step   105000 |  14310 batches | lr 0.000116 | ms/batch 2617.52 | loss  3.86 | ppl    47.503
| epoch   7 step   105200 |  14510 batches | lr 0.000116 | ms/batch 2617.35 | loss  3.86 | ppl    47.313
| epoch   7 step   105400 |  14710 batches | lr 0.000115 | ms/batch 2617.44 | loss  3.86 | ppl    47.542
| epoch   7 step   105600 |  14910 batches | lr 0.000115 | ms/batch 2618.60 | loss  3.85 | ppl    47.208
| epoch   7 step   105800 |  15110 batches | lr 0.000114 | ms/batch 2616.26 | loss  3.86 | ppl    47.301
| epoch   8 step   106000 |    195 batches | lr 0.000114 | ms/batch 2620.12 | loss  3.83 | ppl    45.940
| epoch   8 step   106200 |    395 batches | lr 0.000114 | ms/batch 2617.62 | loss  3.82 | ppl    45.649
| epoch   8 step   106400 |    595 batches | lr 0.000113 | ms/batch 2617.55 | loss  3.82 | ppl    45.765
| epoch   8 step   106600 |    795 batches | lr 0.000113 | ms/batch 2617.17 | loss  3.83 | ppl    46.043
| epoch   8 step   106800 |    995 batches | lr 0.000112 | ms/batch 2617.42 | loss  3.82 | ppl    45.796
| epoch   8 step   107000 |   1195 batches | lr 0.000112 | ms/batch 2618.91 | loss  3.82 | ppl    45.734
| epoch   8 step   107200 |   1395 batches | lr 0.000112 | ms/batch 2617.50 | loss  3.83 | ppl    45.950
| epoch   8 step   107400 |   1595 batches | lr 0.000111 | ms/batch 2617.19 | loss  3.82 | ppl    45.795
| epoch   8 step   107600 |   1795 batches | lr 0.000111 | ms/batch 2617.75 | loss  3.83 | ppl    46.035
| epoch   8 step   107800 |   1995 batches | lr 0.00011 | ms/batch 2617.27 | loss  3.83 | ppl    45.931
| epoch   8 step   108000 |   2195 batches | lr 0.00011 | ms/batch 2616.67 | loss  3.83 | ppl    45.940
----------------------------------------------------------------------------------------------------
| Eval  27 at step   108000 | time: 11158.36s | valid loss  3.81 | valid ppl    44.978
----------------------------------------------------------------------------------------------------
| epoch   8 step   108200 |   2395 batches | lr 0.00011 | ms/batch 6057.44 | loss  3.83 | ppl    45.895
| epoch   8 step   108400 |   2595 batches | lr 0.000109 | ms/batch 2617.63 | loss  3.83 | ppl    45.956
| epoch   8 step   108600 |   2795 batches | lr 0.000109 | ms/batch 2617.27 | loss  3.83 | ppl    45.972
| epoch   8 step   108800 |   2995 batches | lr 0.000108 | ms/batch 2618.42 | loss  3.83 | ppl    46.037
| epoch   8 step   109000 |   3195 batches | lr 0.000108 | ms/batch 2616.53 | loss  3.83 | ppl    46.087
| epoch   8 step   109200 |   3395 batches | lr 0.000108 | ms/batch 2617.48 | loss  3.84 | ppl    46.405
| epoch   8 step   109400 |   3595 batches | lr 0.000107 | ms/batch 2618.41 | loss  3.83 | ppl    46.009
| epoch   8 step   109600 |   3795 batches | lr 0.000107 | ms/batch 2620.29 | loss  3.82 | ppl    45.696
| epoch   8 step   109800 |   3995 batches | lr 0.000106 | ms/batch 2617.23 | loss  3.83 | ppl    46.124
| epoch   8 step   110000 |   4195 batches | lr 0.000106 | ms/batch 2617.18 | loss  3.83 | ppl    46.084
| epoch   8 step   110200 |   4395 batches | lr 0.000106 | ms/batch 2617.55 | loss  3.83 | ppl    46.148
| epoch   8 step   110400 |   4595 batches | lr 0.000105 | ms/batch 2617.14 | loss  3.83 | ppl    46.088
| epoch   8 step   110600 |   4795 batches | lr 0.000105 | ms/batch 2617.64 | loss  3.83 | ppl    46.014
| epoch   8 step   110800 |   4995 batches | lr 0.000105 | ms/batch 2617.58 | loss  3.83 | ppl    45.932
| epoch   8 step   111000 |   5195 batches | lr 0.000104 | ms/batch 2617.42 | loss  3.83 | ppl    46.107
| epoch   8 step   111200 |   5395 batches | lr 0.000104 | ms/batch 2617.27 | loss  3.83 | ppl    46.035
| epoch   8 step   111400 |   5595 batches | lr 0.000103 | ms/batch 2617.60 | loss  3.84 | ppl    46.473
| epoch   8 step   111600 |   5795 batches | lr 0.000103 | ms/batch 2616.78 | loss  3.83 | ppl    46.293
| epoch   8 step   111800 |   5995 batches | lr 0.000103 | ms/batch 2617.73 | loss  3.84 | ppl    46.352
| epoch   8 step   112000 |   6195 batches | lr 0.000102 | ms/batch 2617.58 | loss  3.83 | ppl    46.160
----------------------------------------------------------------------------------------------------
| Eval  28 at step   112000 | time: 11159.01s | valid loss  3.80 | valid ppl    44.811
----------------------------------------------------------------------------------------------------
| epoch   8 step   112200 |   6395 batches | lr 0.000102 | ms/batch 6058.47 | loss  3.83 | ppl    46.064
| epoch   8 step   112400 |   6595 batches | lr 0.000101 | ms/batch 2620.40 | loss  3.83 | ppl    46.222
| epoch   8 step   112600 |   6795 batches | lr 0.000101 | ms/batch 2616.85 | loss  3.83 | ppl    45.919
| epoch   8 step   112800 |   6995 batches | lr 0.000101 | ms/batch 2617.18 | loss  3.83 | ppl    46.072
| epoch   8 step   113000 |   7195 batches | lr 0.0001 | ms/batch 2617.34 | loss  3.83 | ppl    46.055
| epoch   8 step   113200 |   7395 batches | lr 9.99e-05 | ms/batch 2617.17 | loss  3.83 | ppl    46.146
| epoch   8 step   113400 |   7595 batches | lr 9.95e-05 | ms/batch 2617.59 | loss  3.83 | ppl    46.263
| epoch   8 step   113600 |   7795 batches | lr 9.91e-05 | ms/batch 2617.58 | loss  3.82 | ppl    45.698
| epoch   8 step   113800 |   7995 batches | lr 9.87e-05 | ms/batch 2617.31 | loss  3.83 | ppl    46.291
| epoch   8 step   114000 |   8195 batches | lr 9.83e-05 | ms/batch 2617.74 | loss  3.83 | ppl    46.252
| epoch   8 step   114200 |   8395 batches | lr 9.79e-05 | ms/batch 2617.40 | loss  3.83 | ppl    46.273
| epoch   8 step   114400 |   8595 batches | lr 9.76e-05 | ms/batch 2617.58 | loss  3.83 | ppl    46.009
| epoch   8 step   114600 |   8795 batches | lr 9.72e-05 | ms/batch 2619.80 | loss  3.83 | ppl    46.062
| epoch   8 step   114800 |   8995 batches | lr 9.68e-05 | ms/batch 2617.55 | loss  3.83 | ppl    45.894
| epoch   8 step   115000 |   9195 batches | lr 9.64e-05 | ms/batch 2616.63 | loss  3.83 | ppl    45.971
| epoch   8 step   115200 |   9395 batches | lr 9.6e-05 | ms/batch 2617.55 | loss  3.82 | ppl    45.817
| epoch   8 step   115400 |   9595 batches | lr 9.56e-05 | ms/batch 2617.80 | loss  3.83 | ppl    46.032
| epoch   8 step   115600 |   9795 batches | lr 9.53e-05 | ms/batch 2617.95 | loss  3.83 | ppl    46.217
| epoch   8 step   115800 |   9995 batches | lr 9.49e-05 | ms/batch 2617.67 | loss  3.83 | ppl    46.022
| epoch   8 step   116000 |  10195 batches | lr 9.45e-05 | ms/batch 2617.50 | loss  3.83 | ppl    46.099
----------------------------------------------------------------------------------------------------
| Eval  29 at step   116000 | time: 11158.66s | valid loss  3.80 | valid ppl    44.493
----------------------------------------------------------------------------------------------------
| epoch   8 step   116200 |  10395 batches | lr 9.41e-05 | ms/batch 6054.13 | loss  3.83 | ppl    45.929
| epoch   8 step   116400 |  10595 batches | lr 9.37e-05 | ms/batch 2616.60 | loss  3.83 | ppl    45.950
| epoch   8 step   116600 |  10795 batches | lr 9.33e-05 | ms/batch 2618.07 | loss  3.83 | ppl    46.059
| epoch   8 step   116800 |  10995 batches | lr 9.3e-05 | ms/batch 2617.18 | loss  3.83 | ppl    46.076
| epoch   8 step   117000 |  11195 batches | lr 9.26e-05 | ms/batch 2617.60 | loss  3.83 | ppl    45.929
| epoch   8 step   117200 |  11395 batches | lr 9.22e-05 | ms/batch 2617.56 | loss  3.83 | ppl    46.092
| epoch   8 step   117400 |  11595 batches | lr 9.18e-05 | ms/batch 2618.53 | loss  3.83 | ppl    46.113
| epoch   8 step   117600 |  11795 batches | lr 9.14e-05 | ms/batch 2618.80 | loss  3.86 | ppl    47.419
| epoch   8 step   117800 |  11995 batches | lr 9.11e-05 | ms/batch 2617.99 | loss  3.83 | ppl    46.105
| epoch   8 step   118000 |  12195 batches | lr 9.07e-05 | ms/batch 2620.09 | loss  3.83 | ppl    46.184
| epoch   8 step   118200 |  12395 batches | lr 9.03e-05 | ms/batch 2617.34 | loss  3.83 | ppl    46.165
| epoch   8 step   118400 |  12595 batches | lr 8.99e-05 | ms/batch 2617.22 | loss  3.83 | ppl    46.124
| epoch   8 step   118600 |  12795 batches | lr 8.95e-05 | ms/batch 2616.79 | loss  3.82 | ppl    45.723
| epoch   8 step   118800 |  12995 batches | lr 8.92e-05 | ms/batch 2617.73 | loss  3.83 | ppl    46.110
| epoch   8 step   119000 |  13195 batches | lr 8.88e-05 | ms/batch 2617.11 | loss  3.83 | ppl    45.977
| epoch   8 step   119200 |  13395 batches | lr 8.84e-05 | ms/batch 2617.40 | loss  3.83 | ppl    45.908
| epoch   8 step   119400 |  13595 batches | lr 8.8e-05 | ms/batch 2617.56 | loss  3.83 | ppl    45.894
| epoch   8 step   119600 |  13795 batches | lr 8.77e-05 | ms/batch 2618.64 | loss  3.82 | ppl    45.800
| epoch   8 step   119800 |  13995 batches | lr 8.73e-05 | ms/batch 2619.30 | loss  3.82 | ppl    45.806
| epoch   8 step   120000 |  14195 batches | lr 8.69e-05 | ms/batch 2617.42 | loss  3.82 | ppl    45.640
----------------------------------------------------------------------------------------------------
| Eval  30 at step   120000 | time: 11158.27s | valid loss  3.79 | valid ppl    44.249
----------------------------------------------------------------------------------------------------
| epoch   8 step   120200 |  14395 batches | lr 8.65e-05 | ms/batch 6066.92 | loss  3.83 | ppl    45.925
| epoch   8 step   120400 |  14595 batches | lr 8.61e-05 | ms/batch 2617.00 | loss  3.83 | ppl    45.964
| epoch   8 step   120600 |  14795 batches | lr 8.58e-05 | ms/batch 2617.36 | loss  3.83 | ppl    46.012
| epoch   8 step   120800 |  14995 batches | lr 8.54e-05 | ms/batch 2620.45 | loss  3.82 | ppl    45.742
| epoch   9 step   121000 |     80 batches | lr 8.5e-05 | ms/batch 2621.50 | loss  3.82 | ppl    45.507
| epoch   9 step   121200 |    280 batches | lr 8.47e-05 | ms/batch 2617.88 | loss  3.79 | ppl    44.319
| epoch   9 step   121400 |    480 batches | lr 8.43e-05 | ms/batch 2617.60 | loss  3.79 | ppl    44.473
| epoch   9 step   121600 |    680 batches | lr 8.39e-05 | ms/batch 2618.83 | loss  3.80 | ppl    44.627
| epoch   9 step   121800 |    880 batches | lr 8.35e-05 | ms/batch 2618.36 | loss  3.79 | ppl    44.443
| epoch   9 step   122000 |   1080 batches | lr 8.32e-05 | ms/batch 2617.55 | loss  3.79 | ppl    44.354
| epoch   9 step   122200 |   1280 batches | lr 8.28e-05 | ms/batch 2617.83 | loss  3.79 | ppl    44.430
| epoch   9 step   122400 |   1480 batches | lr 8.24e-05 | ms/batch 2619.91 | loss  3.80 | ppl    44.483
| epoch   9 step   122600 |   1680 batches | lr 8.2e-05 | ms/batch 2619.75 | loss  3.80 | ppl    44.581
| epoch   9 step   122800 |   1880 batches | lr 8.17e-05 | ms/batch 2617.03 | loss  3.80 | ppl    44.568
| epoch   9 step   123000 |   2080 batches | lr 8.13e-05 | ms/batch 2618.65 | loss  3.80 | ppl    44.920
| epoch   9 step   123200 |   2280 batches | lr 8.09e-05 | ms/batch 2617.93 | loss  3.80 | ppl    44.882
| epoch   9 step   123400 |   2480 batches | lr 8.06e-05 | ms/batch 2616.84 | loss  3.79 | ppl    44.425
| epoch   9 step   123600 |   2680 batches | lr 8.02e-05 | ms/batch 2617.27 | loss  3.79 | ppl    44.441
| epoch   9 step   123800 |   2880 batches | lr 7.98e-05 | ms/batch 2617.64 | loss  3.80 | ppl    44.598
| epoch   9 step   124000 |   3080 batches | lr 7.95e-05 | ms/batch 2617.41 | loss  3.79 | ppl    44.438
----------------------------------------------------------------------------------------------------
| Eval  31 at step   124000 | time: 11159.94s | valid loss  3.79 | valid ppl    44.105
----------------------------------------------------------------------------------------------------
| epoch   9 step   124200 |   3280 batches | lr 7.91e-05 | ms/batch 6063.98 | loss  3.80 | ppl    44.769
| epoch   9 step   124400 |   3480 batches | lr 7.87e-05 | ms/batch 2617.09 | loss  3.80 | ppl    44.848
| epoch   9 step   124600 |   3680 batches | lr 7.84e-05 | ms/batch 2617.37 | loss  3.80 | ppl    44.552
| epoch   9 step   124800 |   3880 batches | lr 7.8e-05 | ms/batch 2617.84 | loss  3.80 | ppl    44.719
| epoch   9 step   125000 |   4080 batches | lr 7.76e-05 | ms/batch 2617.53 | loss  3.80 | ppl    44.798
| epoch   9 step   125200 |   4280 batches | lr 7.73e-05 | ms/batch 2617.54 | loss  3.80 | ppl    44.761
| epoch   9 step   125400 |   4480 batches | lr 7.69e-05 | ms/batch 2620.82 | loss  3.80 | ppl    44.883
| epoch   9 step   125600 |   4680 batches | lr 7.65e-05 | ms/batch 2618.10 | loss  3.80 | ppl    44.748
| epoch   9 step   125800 |   4880 batches | lr 7.62e-05 | ms/batch 2617.44 | loss  3.80 | ppl    44.848
| epoch   9 step   126000 |   5080 batches | lr 7.58e-05 | ms/batch 2617.23 | loss  3.80 | ppl    44.788
| epoch   9 step   126200 |   5280 batches | lr 7.55e-05 | ms/batch 2617.32 | loss  3.80 | ppl    44.769
| epoch   9 step   126400 |   5480 batches | lr 7.51e-05 | ms/batch 2617.25 | loss  3.80 | ppl    44.578
| epoch   9 step   126600 |   5680 batches | lr 7.47e-05 | ms/batch 2617.27 | loss  3.80 | ppl    44.898
| epoch   9 step   126800 |   5880 batches | lr 7.44e-05 | ms/batch 2620.26 | loss  3.80 | ppl    44.758
| epoch   9 step   127000 |   6080 batches | lr 7.4e-05 | ms/batch 2621.89 | loss  3.80 | ppl    44.923
| epoch   9 step   127200 |   6280 batches | lr 7.36e-05 | ms/batch 2619.21 | loss  3.80 | ppl    44.878
| epoch   9 step   127400 |   6480 batches | lr 7.33e-05 | ms/batch 2616.66 | loss  3.79 | ppl    44.414
| epoch   9 step   127600 |   6680 batches | lr 7.29e-05 | ms/batch 2616.70 | loss  3.80 | ppl    44.694
| epoch   9 step   127800 |   6880 batches | lr 7.26e-05 | ms/batch 2617.22 | loss  3.80 | ppl    44.834
| epoch   9 step   128000 |   7080 batches | lr 7.22e-05 | ms/batch 2617.75 | loss  3.80 | ppl    44.875
----------------------------------------------------------------------------------------------------
| Eval  32 at step   128000 | time: 11158.36s | valid loss  3.78 | valid ppl    43.863
----------------------------------------------------------------------------------------------------
| epoch   9 step   128200 |   7280 batches | lr 7.19e-05 | ms/batch 6059.88 | loss  3.81 | ppl    45.099
| epoch   9 step   128400 |   7480 batches | lr 7.15e-05 | ms/batch 2617.30 | loss  3.80 | ppl    44.630
| epoch   9 step   128600 |   7680 batches | lr 7.11e-05 | ms/batch 2617.75 | loss  3.80 | ppl    44.841
| epoch   9 step   128800 |   7880 batches | lr 7.08e-05 | ms/batch 2617.24 | loss  3.80 | ppl    44.589
| epoch   9 step   129000 |   8080 batches | lr 7.04e-05 | ms/batch 2617.02 | loss  3.80 | ppl    44.662
| epoch   9 step   129200 |   8280 batches | lr 7.01e-05 | ms/batch 2617.71 | loss  3.80 | ppl    44.596
| epoch   9 step   129400 |   8480 batches | lr 6.97e-05 | ms/batch 2617.73 | loss  3.80 | ppl    44.744
| epoch   9 step   129600 |   8680 batches | lr 6.94e-05 | ms/batch 2620.44 | loss  3.80 | ppl    44.598
| epoch   9 step   129800 |   8880 batches | lr 6.9e-05 | ms/batch 2616.73 | loss  3.80 | ppl    44.723
| epoch   9 step   130000 |   9080 batches | lr 6.87e-05 | ms/batch 2617.91 | loss  3.80 | ppl    44.870
| epoch   9 step   130200 |   9280 batches | lr 6.83e-05 | ms/batch 2617.45 | loss  3.80 | ppl    44.662
| epoch   9 step   130400 |   9480 batches | lr 6.8e-05 | ms/batch 2617.30 | loss  3.81 | ppl    44.939
| epoch   9 step   130600 |   9680 batches | lr 6.76e-05 | ms/batch 2617.33 | loss  3.81 | ppl    44.995
| epoch   9 step   130800 |   9880 batches | lr 6.73e-05 | ms/batch 2617.53 | loss  3.80 | ppl    44.734
| epoch   9 step   131000 |  10080 batches | lr 6.69e-05 | ms/batch 2620.80 | loss  3.80 | ppl    44.705
| epoch   9 step   131200 |  10280 batches | lr 6.66e-05 | ms/batch 2616.97 | loss  3.81 | ppl    44.949
| epoch   9 step   131400 |  10480 batches | lr 6.62e-05 | ms/batch 2617.87 | loss  3.81 | ppl    44.960
| epoch   9 step   131600 |  10680 batches | lr 6.59e-05 | ms/batch 2617.32 | loss  3.80 | ppl    44.768
| epoch   9 step   131800 |  10880 batches | lr 6.55e-05 | ms/batch 2617.22 | loss  3.80 | ppl    44.879
| epoch   9 step   132000 |  11080 batches | lr 6.52e-05 | ms/batch 2617.03 | loss  3.80 | ppl    44.742
----------------------------------------------------------------------------------------------------
| Eval  33 at step   132000 | time: 11158.41s | valid loss  3.78 | valid ppl    43.641
----------------------------------------------------------------------------------------------------
| epoch   9 step   132200 |  11280 batches | lr 6.48e-05 | ms/batch 6068.68 | loss  3.80 | ppl    44.682
| epoch   9 step   132400 |  11480 batches | lr 6.45e-05 | ms/batch 2617.05 | loss  3.80 | ppl    44.810
| epoch   9 step   132600 |  11680 batches | lr 6.41e-05 | ms/batch 2617.75 | loss  3.80 | ppl    44.630
| epoch   9 step   132800 |  11880 batches | lr 6.38e-05 | ms/batch 2617.22 | loss  3.80 | ppl    44.771
| epoch   9 step   133000 |  12080 batches | lr 6.35e-05 | ms/batch 2618.61 | loss  3.80 | ppl    44.710
| epoch   9 step   133200 |  12280 batches | lr 6.31e-05 | ms/batch 2617.70 | loss  3.80 | ppl    44.497
| epoch   9 step   133400 |  12480 batches | lr 6.28e-05 | ms/batch 2617.38 | loss  3.80 | ppl    44.886
| epoch   9 step   133600 |  12680 batches | lr 6.24e-05 | ms/batch 2620.32 | loss  3.80 | ppl    44.693
| epoch   9 step   133800 |  12880 batches | lr 6.21e-05 | ms/batch 2617.21 | loss  3.80 | ppl    44.674
| epoch   9 step   134000 |  13080 batches | lr 6.17e-05 | ms/batch 2617.47 | loss  3.80 | ppl    44.712
| epoch   9 step   134200 |  13280 batches | lr 6.14e-05 | ms/batch 2617.47 | loss  3.80 | ppl    44.897
| epoch   9 step   134400 |  13480 batches | lr 6.11e-05 | ms/batch 2617.65 | loss  3.80 | ppl    44.567
| epoch   9 step   134600 |  13680 batches | lr 6.07e-05 | ms/batch 2617.25 | loss  3.79 | ppl    44.401
| epoch   9 step   134800 |  13880 batches | lr 6.04e-05 | ms/batch 2617.39 | loss  3.80 | ppl    44.763
| epoch   9 step   135000 |  14080 batches | lr 6.01e-05 | ms/batch 2618.65 | loss  3.80 | ppl    44.744
| epoch   9 step   135200 |  14280 batches | lr 5.97e-05 | ms/batch 2618.44 | loss  3.80 | ppl    44.586
| epoch   9 step   135400 |  14480 batches | lr 5.94e-05 | ms/batch 2616.85 | loss  3.80 | ppl    44.702
| epoch   9 step   135600 |  14680 batches | lr 5.9e-05 | ms/batch 2617.80 | loss  3.80 | ppl    44.603
| epoch   9 step   135800 |  14880 batches | lr 5.87e-05 | ms/batch 2616.90 | loss  3.80 | ppl    44.543
| epoch   9 step   136000 |  15080 batches | lr 5.84e-05 | ms/batch 2616.31 | loss  3.80 | ppl    44.691
----------------------------------------------------------------------------------------------------
| Eval  34 at step   136000 | time: 11157.58s | valid loss  3.77 | valid ppl    43.396
----------------------------------------------------------------------------------------------------
| epoch  10 step   136200 |    165 batches | lr 5.8e-05 | ms/batch 6070.22 | loss  3.77 | ppl    43.409
| epoch  10 step   136400 |    365 batches | lr 5.77e-05 | ms/batch 2618.96 | loss  3.77 | ppl    43.262
| epoch  10 step   136600 |    565 batches | lr 5.74e-05 | ms/batch 2619.35 | loss  3.77 | ppl    43.373
| epoch  10 step   136800 |    765 batches | lr 5.7e-05 | ms/batch 2620.46 | loss  3.78 | ppl    43.762
| epoch  10 step   137000 |    965 batches | lr 5.67e-05 | ms/batch 2619.15 | loss  3.77 | ppl    43.253
| epoch  10 step   137200 |   1165 batches | lr 5.64e-05 | ms/batch 2619.62 | loss  3.77 | ppl    43.291
| epoch  10 step   137400 |   1365 batches | lr 5.61e-05 | ms/batch 2620.37 | loss  3.77 | ppl    43.304
| epoch  10 step   137600 |   1565 batches | lr 5.57e-05 | ms/batch 2618.59 | loss  3.77 | ppl    43.500
| epoch  10 step   137800 |   1765 batches | lr 5.54e-05 | ms/batch 2620.13 | loss  3.77 | ppl    43.544
| epoch  10 step   138000 |   1965 batches | lr 5.51e-05 | ms/batch 2618.19 | loss  3.78 | ppl    43.723
| epoch  10 step   138200 |   2165 batches | lr 5.47e-05 | ms/batch 2619.71 | loss  3.77 | ppl    43.523
| epoch  10 step   138400 |   2365 batches | lr 5.44e-05 | ms/batch 2619.34 | loss  3.78 | ppl    43.689
| epoch  10 step   138600 |   2565 batches | lr 5.41e-05 | ms/batch 2619.74 | loss  3.78 | ppl    43.634
| epoch  10 step   138800 |   2765 batches | lr 5.38e-05 | ms/batch 2619.02 | loss  3.77 | ppl    43.547
| epoch  10 step   139000 |   2965 batches | lr 5.34e-05 | ms/batch 2618.66 | loss  3.78 | ppl    43.840
| epoch  10 step   139200 |   3165 batches | lr 5.31e-05 | ms/batch 2618.50 | loss  3.78 | ppl    43.878
| epoch  10 step   139400 |   3365 batches | lr 5.28e-05 | ms/batch 2619.05 | loss  3.77 | ppl    43.502
| epoch  10 step   139600 |   3565 batches | lr 5.25e-05 | ms/batch 2618.68 | loss  3.77 | ppl    43.585
| epoch  10 step   139800 |   3765 batches | lr 5.22e-05 | ms/batch 2619.57 | loss  3.77 | ppl    43.488
| epoch  10 step   140000 |   3965 batches | lr 5.18e-05 | ms/batch 2619.43 | loss  3.77 | ppl    43.518
----------------------------------------------------------------------------------------------------
| Eval  35 at step   140000 | time: 11164.68s | valid loss  3.77 | valid ppl    43.300
----------------------------------------------------------------------------------------------------
| epoch  10 step   140200 |   4165 batches | lr 5.15e-05 | ms/batch 6065.57 | loss  3.78 | ppl    43.634
| epoch  10 step   140400 |   4365 batches | lr 5.12e-05 | ms/batch 2618.42 | loss  3.77 | ppl    43.533
| epoch  10 step   140600 |   4565 batches | lr 5.09e-05 | ms/batch 2618.69 | loss  3.77 | ppl    43.541
| epoch  10 step   140800 |   4765 batches | lr 5.06e-05 | ms/batch 2618.67 | loss  3.77 | ppl    43.571
| epoch  10 step   141000 |   4965 batches | lr 5.03e-05 | ms/batch 2619.40 | loss  3.78 | ppl    43.642
| epoch  10 step   141200 |   5165 batches | lr 4.99e-05 | ms/batch 2619.57 | loss  3.77 | ppl    43.417
| epoch  10 step   141400 |   5365 batches | lr 4.96e-05 | ms/batch 2618.93 | loss  3.77 | ppl    43.474
| epoch  10 step   141600 |   5565 batches | lr 4.93e-05 | ms/batch 2618.59 | loss  3.78 | ppl    43.617
| epoch  10 step   141800 |   5765 batches | lr 4.9e-05 | ms/batch 2623.22 | loss  3.78 | ppl    43.750
| epoch  10 step   142000 |   5965 batches | lr 4.87e-05 | ms/batch 2619.74 | loss  3.78 | ppl    43.692
| epoch  10 step   142200 |   6165 batches | lr 4.84e-05 | ms/batch 2619.81 | loss  3.78 | ppl    43.684
| epoch  10 step   142400 |   6365 batches | lr 4.81e-05 | ms/batch 2619.19 | loss  3.78 | ppl    43.654
| epoch  10 step   142600 |   6565 batches | lr 4.77e-05 | ms/batch 2619.22 | loss  3.77 | ppl    43.316
| epoch  10 step   142800 |   6765 batches | lr 4.74e-05 | ms/batch 2619.73 | loss  3.77 | ppl    43.522
| epoch  10 step   143000 |   6965 batches | lr 4.71e-05 | ms/batch 2619.31 | loss  3.77 | ppl    43.536
| epoch  10 step   143200 |   7165 batches | lr 4.68e-05 | ms/batch 2619.63 | loss  3.78 | ppl    43.730
| epoch  10 step   143400 |   7365 batches | lr 4.65e-05 | ms/batch 2621.74 | loss  3.78 | ppl    43.700
| epoch  10 step   143600 |   7565 batches | lr 4.62e-05 | ms/batch 2618.47 | loss  3.77 | ppl    43.463
| epoch  10 step   143800 |   7765 batches | lr 4.59e-05 | ms/batch 2619.82 | loss  3.77 | ppl    43.585
| epoch  10 step   144000 |   7965 batches | lr 4.56e-05 | ms/batch 2619.44 | loss  3.78 | ppl    43.643
----------------------------------------------------------------------------------------------------
| Eval  36 at step   144000 | time: 11164.70s | valid loss  3.76 | valid ppl    43.147
----------------------------------------------------------------------------------------------------
| epoch  10 step   144200 |   8165 batches | lr 4.53e-05 | ms/batch 6062.06 | loss  3.78 | ppl    43.758
| epoch  10 step   144400 |   8365 batches | lr 4.5e-05 | ms/batch 2619.13 | loss  3.78 | ppl    43.624
| epoch  10 step   144600 |   8565 batches | lr 4.47e-05 | ms/batch 2618.83 | loss  3.77 | ppl    43.379
| epoch  10 step   144800 |   8765 batches | lr 4.44e-05 | ms/batch 2620.66 | loss  3.78 | ppl    43.774
| epoch  10 step   145000 |   8965 batches | lr 4.41e-05 | ms/batch 2623.92 | loss  3.77 | ppl    43.593
| epoch  10 step   145200 |   9165 batches | lr 4.38e-05 | ms/batch 2623.48 | loss  3.78 | ppl    43.603
| epoch  10 step   145400 |   9365 batches | lr 4.35e-05 | ms/batch 2620.33 | loss  3.78 | ppl    43.634
| epoch  10 step   145600 |   9565 batches | lr 4.32e-05 | ms/batch 2619.51 | loss  3.77 | ppl    43.260
| epoch  10 step   145800 |   9765 batches | lr 4.29e-05 | ms/batch 2619.20 | loss  3.78 | ppl    43.761
| epoch  10 step   146000 |   9965 batches | lr 4.26e-05 | ms/batch 2618.13 | loss  3.78 | ppl    43.599
| epoch  10 step   146200 |  10165 batches | lr 4.23e-05 | ms/batch 2619.41 | loss  3.78 | ppl    43.751
| epoch  10 step   146400 |  10365 batches | lr 4.2e-05 | ms/batch 2619.10 | loss  3.78 | ppl    43.688
| epoch  10 step   146600 |  10565 batches | lr 4.17e-05 | ms/batch 2619.38 | loss  3.77 | ppl    43.496
| epoch  10 step   146800 |  10765 batches | lr 4.14e-05 | ms/batch 2618.45 | loss  3.78 | ppl    43.778
| epoch  10 step   147000 |  10965 batches | lr 4.11e-05 | ms/batch 2618.45 | loss  3.77 | ppl    43.515
| epoch  10 step   147200 |  11165 batches | lr 4.08e-05 | ms/batch 2619.17 | loss  3.77 | ppl    43.349
| epoch  10 step   147400 |  11365 batches | lr 4.05e-05 | ms/batch 2617.77 | loss  3.78 | ppl    43.818
| epoch  10 step   147600 |  11565 batches | lr 4.02e-05 | ms/batch 2619.35 | loss  3.77 | ppl    43.439
| epoch  10 step   147800 |  11765 batches | lr 4e-05 | ms/batch 2619.10 | loss  3.77 | ppl    43.451
| epoch  10 step   148000 |  11965 batches | lr 3.97e-05 | ms/batch 2618.42 | loss  3.77 | ppl    43.585
----------------------------------------------------------------------------------------------------
| Eval  37 at step   148000 | time: 11166.37s | valid loss  3.76 | valid ppl    42.962
----------------------------------------------------------------------------------------------------
| epoch  10 step   148200 |  12165 batches | lr 3.94e-05 | ms/batch 6069.06 | loss  3.78 | ppl    43.675
| epoch  10 step   148400 |  12365 batches | lr 3.91e-05 | ms/batch 2620.26 | loss  3.78 | ppl    43.693
| epoch  10 step   148600 |  12565 batches | lr 3.88e-05 | ms/batch 2619.21 | loss  3.78 | ppl    43.748
slurmstepd: error: *** JOB 47541749 ON gpu34 CANCELLED AT 2019-11-13T15:34:25 DUE TO TIME LIMIT ***
srun: Job step aborted: Waiting up to 32 seconds for job step to finish.
slurmstepd: error: *** STEP 47541749.0 ON gpu34 CANCELLED AT 2019-11-13T15:34:25 DUE TO TIME LIMIT ***
