Run training...
Experiment dir : /m/triton/scratch/elec/puhe/p/jaina5/transformer-xl/FinnishXL/-Ktrain/20190902-151222
Loading cached dataset...
====================================================================================================
    - data : /m/triton/scratch/elec/puhe/p/jaina5/transformer-xl/FinnishXL/data/cp_kiel_train/
    - dataset : Ktrain
    - n_layer : 96
    - n_head : 8
    - d_head : 40
    - d_embed : 256
    - d_model : 256
    - d_inner : 1024
    - dropout : 0.05
    - dropatt : 0.05
    - init : normal
    - emb_init : normal
    - init_range : 0.1
    - emb_init_range : 0.01
    - init_std : 0.02
    - proj_init_std : 0.01
    - optim : adam
    - lr : 0.00025
    - mom : 0.0
    - scheduler : cosine
    - warmup_step : 40000
    - decay_rate : 0.5
    - lr_min : 0.0
    - clip : 0.25
    - clip_nonemb : False
    - max_step : 200000
    - batch_size : 22
    - batch_chunk : 1
    - tgt_len : 150
    - eval_tgt_len : 32
    - ext_len : 0
    - mem_len : 150
    - not_tied : False
    - seed : 1111
    - cuda : True
    - adaptive : False
    - div_val : 1
    - pre_lnorm : False
    - varlen : False
    - multi_gpu : False
    - log_interval : 200
    - eval_interval : 4000
    - work_dir : /m/triton/scratch/elec/puhe/p/jaina5/transformer-xl/FinnishXL/-Ktrain/20190902-151222
    - restart : True
    - restart_dir : /m/triton/scratch/elec/puhe/p/jaina5/transformer-xl/FinnishXL/-Ktrain/20190828-133850
    - debug : False
    - same_length : False
    - attn_type : 0
    - clamp_len : -1
    - eta_min : 0.0
    - gpu0_bsz : -1
    - max_eval_steps : -1
    - sample_softmax : -1
    - patience : 0
    - finetune_v2 : False
    - finetune_v3 : False
    - fp16 : False
    - static_loss_scale : 1
    - dynamic_loss_scale : False
    - tied : True
    - n_token : 34519
    - n_all_param : 98746455
    - n_nonemb_param : 89874432
====================================================================================================
#params = 98746455
#non emb params = 89874432
Traceback (most recent call last):
  File "train_kiel_train.py", line 539, in <module>
    train()
  File "train_kiel_train.py", line 445, in train
    ret = para_model(data, target, *mems)
  File "/share/apps2/anaconda/anaconda3/latest/lib/python3.6/site-packages/torch/nn/modules/module.py", line 489, in __call__
    result = self.forward(*input, **kwargs)
  File "/scratch/elec/puhe/p/jaina5/transformer-xl/FinnishXL/mem_transformer.py", line 745, in forward
    hidden, new_mems = self._forward(data, mems=mems)
  File "/scratch/elec/puhe/p/jaina5/transformer-xl/FinnishXL/mem_transformer.py", line 677, in _forward
    self.r_r_bias, dec_attn_mask=dec_attn_mask, mems=mems_i)
  File "/share/apps2/anaconda/anaconda3/latest/lib/python3.6/site-packages/torch/nn/modules/module.py", line 489, in __call__
    result = self.forward(*input, **kwargs)
  File "/scratch/elec/puhe/p/jaina5/transformer-xl/FinnishXL/mem_transformer.py", line 427, in forward
    mems=mems)
  File "/share/apps2/anaconda/anaconda3/latest/lib/python3.6/site-packages/torch/nn/modules/module.py", line 489, in __call__
    result = self.forward(*input, **kwargs)
  File "/scratch/elec/puhe/p/jaina5/transformer-xl/FinnishXL/mem_transformer.py", line 267, in forward
    attn_mask[:,:,:,None], -float('inf')).type_as(attn_score)
  File "/share/apps2/anaconda/anaconda3/latest/lib/python3.6/site-packages/torch/tensor.py", line 337, in masked_fill
    return self.clone().masked_fill_(mask, value)
RuntimeError: CUDA out of memory. Tried to allocate 15.12 MiB (GPU 0; 15.90 GiB total capacity; 13.21 GiB already allocated; 7.88 MiB free; 485.34 MiB cached)
srun: error: gpu25: task 0: Exited with exit code 1
srun: Terminating job step 44774654.0
