/home/jaina5/.conda/envs/TensorflowEnv/lib/python3.7/site-packages/torch/serialization.py:454: SourceChangeWarning: source code of class 'torch.nn.modules.container.ModuleList' has changed. you can retrieve the original source code by accessing the object's source attribute or set `torch.nn.Module.dump_patches = True` and use the patch tool to revert the changes.
  warnings.warn(msg, SourceChangeWarning)
/home/jaina5/.conda/envs/TensorflowEnv/lib/python3.7/site-packages/torch/serialization.py:454: SourceChangeWarning: source code of class 'torch.nn.modules.sparse.Embedding' has changed. you can retrieve the original source code by accessing the object's source attribute or set `torch.nn.Module.dump_patches = True` and use the patch tool to revert the changes.
  warnings.warn(msg, SourceChangeWarning)
/home/jaina5/.conda/envs/TensorflowEnv/lib/python3.7/site-packages/torch/serialization.py:454: SourceChangeWarning: source code of class 'torch.nn.modules.container.ParameterList' has changed. you can retrieve the original source code by accessing the object's source attribute or set `torch.nn.Module.dump_patches = True` and use the patch tool to revert the changes.
  warnings.warn(msg, SourceChangeWarning)
/home/jaina5/.conda/envs/TensorflowEnv/lib/python3.7/site-packages/torch/serialization.py:454: SourceChangeWarning: source code of class 'torch.nn.modules.dropout.Dropout' has changed. you can retrieve the original source code by accessing the object's source attribute or set `torch.nn.Module.dump_patches = True` and use the patch tool to revert the changes.
  warnings.warn(msg, SourceChangeWarning)
/home/jaina5/.conda/envs/TensorflowEnv/lib/python3.7/site-packages/torch/serialization.py:454: SourceChangeWarning: source code of class 'torch.nn.modules.linear.Linear' has changed. you can retrieve the original source code by accessing the object's source attribute or set `torch.nn.Module.dump_patches = True` and use the patch tool to revert the changes.
  warnings.warn(msg, SourceChangeWarning)
/home/jaina5/.conda/envs/TensorflowEnv/lib/python3.7/site-packages/torch/serialization.py:454: SourceChangeWarning: source code of class 'torch.nn.modules.activation.ReLU' has changed. you can retrieve the original source code by accessing the object's source attribute or set `torch.nn.Module.dump_patches = True` and use the patch tool to revert the changes.
  warnings.warn(msg, SourceChangeWarning)
Loading cached dataset...
/m/triton/scratch/elec/puhe/p/jaina5/transformer-xl/FinnishXL/data/cp_kiel_train3/test_tr_50_nbest.txt
/m/triton/scratch/elec/puhe/p/jaina5/transformer-xl/FinnishXL/data/cp_kiel_train3/test_tr_50_nbest.txt
/m/triton/scratch/elec/puhe/p/jaina5/transformer-xl/FinnishXL/data/cp_kiel_train3/test_tr_50_nbest.txt
/m/triton/scratch/elec/puhe/p/jaina5/transformer-xl/FinnishXL/data/cp_kiel_train3/test_tr_50_nbest.txt
/m/triton/scratch/elec/puhe/p/jaina5/transformer-xl/FinnishXL/data/cp_kiel_train3/test_tr_50_nbest.txt
/m/triton/scratch/elec/puhe/p/jaina5/transformer-xl/FinnishXL/data/cp_kiel_train3/test_tr_50_nbest.txt
Traceback (most recent call last):
  File "eval_rescore_all.py", line 79, in <module>
    with open(os.path.join(args.work_dir+model_dir+'/', 'model.pt'), 'rb') as f:
FileNotFoundError: [Errno 2] No such file or directory: '/m/triton/scratch/elec/puhe/p/jaina5/transformer-xl/FinnishXL/-Ktrain/20190724-134047/model.pt'
srun: error: gpu37: task 0: Exited with exit code 1
srun: Terminating job step 44278116.0
