Run training...
Experiment dir : /m/triton/scratch/elec/puhe/p/jaina5/transformer-xl/FinnishXL/-Ktrain/20190904-130419
Loading cached dataset...
====================================================================================================
    - data : /m/triton/scratch/elec/puhe/p/jaina5/transformer-xl/FinnishXL/data/cp_kiel_train/
    - dataset : Ktrain
    - n_layer : 96
    - n_head : 8
    - d_head : 40
    - d_embed : 256
    - d_model : 256
    - d_inner : 1024
    - dropout : 0.05
    - dropatt : 0.05
    - init : normal
    - emb_init : normal
    - init_range : 0.1
    - emb_init_range : 0.01
    - init_std : 0.02
    - proj_init_std : 0.01
    - optim : adam
    - lr : 0.00025
    - mom : 0.0
    - scheduler : cosine
    - warmup_step : 40000
    - decay_rate : 0.5
    - lr_min : 0.0
    - clip : 0.25
    - clip_nonemb : False
    - max_step : 200000
    - batch_size : 512
    - batch_chunk : 4
    - tgt_len : 32
    - eval_tgt_len : 32
    - ext_len : 0
    - mem_len : 32
    - not_tied : False
    - seed : 1111
    - cuda : True
    - adaptive : False
    - div_val : 1
    - pre_lnorm : False
    - varlen : False
    - multi_gpu : False
    - log_interval : 200
    - eval_interval : 4000
    - work_dir : /m/triton/scratch/elec/puhe/p/jaina5/transformer-xl/FinnishXL/-Ktrain/20190904-130419
    - restart : False
    - restart_dir : 
    - debug : False
    - same_length : False
    - attn_type : 0
    - clamp_len : -1
    - eta_min : 0.0
    - gpu0_bsz : -1
    - max_eval_steps : -1
    - sample_softmax : -1
    - patience : 0
    - finetune_v2 : False
    - finetune_v3 : False
    - fp16 : False
    - static_loss_scale : 1
    - dynamic_loss_scale : False
    - tied : True
    - n_token : 34519
    - n_all_param : 98746455
    - n_nonemb_param : 89874432
====================================================================================================
#params = 98746455
#non emb params = 89874432
| epoch   1 step      200 |    200 batches | lr 1.25e-06 | ms/batch 2640.94 | loss 10.22 | ppl 27502.471
| epoch   1 step      400 |    400 batches | lr 2.5e-06 | ms/batch 2646.43 | loss 10.11 | ppl 24590.166
| epoch   1 step      600 |    600 batches | lr 3.75e-06 | ms/batch 2646.29 | loss  9.98 | ppl 21503.984
| epoch   1 step      800 |    800 batches | lr 5e-06 | ms/batch 2646.54 | loss  9.75 | ppl 17160.653
| epoch   1 step     1000 |   1000 batches | lr 6.25e-06 | ms/batch 2646.30 | loss  9.48 | ppl 13060.161
| epoch   1 step     1200 |   1200 batches | lr 7.5e-06 | ms/batch 2646.27 | loss  9.21 | ppl  9965.126
| epoch   1 step     1400 |   1400 batches | lr 8.75e-06 | ms/batch 2646.19 | loss  8.94 | ppl  7647.648
| epoch   1 step     1600 |   1600 batches | lr 1e-05 | ms/batch 2645.04 | loss  8.69 | ppl  5931.778
| epoch   1 step     1800 |   1800 batches | lr 1.13e-05 | ms/batch 2645.42 | loss  8.44 | ppl  4646.565
| epoch   1 step     2000 |   2000 batches | lr 1.25e-05 | ms/batch 2645.05 | loss  8.20 | ppl  3644.794
| epoch   1 step     2200 |   2200 batches | lr 1.38e-05 | ms/batch 2644.91 | loss  7.97 | ppl  2893.601
| epoch   1 step     2400 |   2400 batches | lr 1.5e-05 | ms/batch 2645.13 | loss  7.76 | ppl  2345.014
| epoch   1 step     2600 |   2600 batches | lr 1.63e-05 | ms/batch 2645.45 | loss  7.58 | ppl  1963.171
| epoch   1 step     2800 |   2800 batches | lr 1.75e-05 | ms/batch 2644.47 | loss  7.44 | ppl  1694.358
| epoch   1 step     3000 |   3000 batches | lr 1.87e-05 | ms/batch 2645.12 | loss  7.31 | ppl  1495.369
| epoch   1 step     3200 |   3200 batches | lr 2e-05 | ms/batch 2643.03 | loss  7.20 | ppl  1337.157
| epoch   1 step     3400 |   3400 batches | lr 2.12e-05 | ms/batch 2643.41 | loss  7.10 | ppl  1211.769
| epoch   1 step     3600 |   3600 batches | lr 2.25e-05 | ms/batch 2642.49 | loss  7.01 | ppl  1105.800
| epoch   1 step     3800 |   3800 batches | lr 2.38e-05 | ms/batch 2642.96 | loss  6.93 | ppl  1021.485
| epoch   1 step     4000 |   4000 batches | lr 2.5e-05 | ms/batch 2642.61 | loss  6.85 | ppl   945.789
----------------------------------------------------------------------------------------------------
| Eval   1 at step     4000 | time: 10594.97s | valid loss  6.89 | valid ppl   977.802
----------------------------------------------------------------------------------------------------
| epoch   1 step     4200 |   4200 batches | lr 2.63e-05 | ms/batch 2733.99 | loss  6.78 | ppl   878.969
| epoch   1 step     4400 |   4400 batches | lr 2.75e-05 | ms/batch 2644.38 | loss  6.71 | ppl   822.911
| epoch   1 step     4600 |   4600 batches | lr 2.88e-05 | ms/batch 2644.20 | loss  6.65 | ppl   770.767
| epoch   1 step     4800 |   4800 batches | lr 3e-05 | ms/batch 2643.62 | loss  6.59 | ppl   724.614
| epoch   1 step     5000 |   5000 batches | lr 3.13e-05 | ms/batch 2644.02 | loss  6.53 | ppl   684.757
| epoch   1 step     5200 |   5200 batches | lr 3.25e-05 | ms/batch 2643.50 | loss  6.47 | ppl   647.721
| epoch   1 step     5400 |   5400 batches | lr 3.38e-05 | ms/batch 2642.94 | loss  6.42 | ppl   612.631
| epoch   1 step     5600 |   5600 batches | lr 3.5e-05 | ms/batch 2642.65 | loss  6.37 | ppl   582.960
| epoch   1 step     5800 |   5800 batches | lr 3.63e-05 | ms/batch 2639.31 | loss  6.32 | ppl   557.552
| epoch   1 step     6000 |   6000 batches | lr 3.75e-05 | ms/batch 2631.14 | loss  6.27 | ppl   529.389
| epoch   1 step     6200 |   6200 batches | lr 3.87e-05 | ms/batch 2630.43 | loss  6.23 | ppl   506.216
| epoch   1 step     6400 |   6400 batches | lr 4e-05 | ms/batch 2630.64 | loss  6.18 | ppl   484.947
| epoch   1 step     6600 |   6600 batches | lr 4.13e-05 | ms/batch 2630.46 | loss  6.14 | ppl   464.521
| epoch   1 step     6800 |   6800 batches | lr 4.25e-05 | ms/batch 2632.22 | loss  6.10 | ppl   446.100
| epoch   1 step     7000 |   7000 batches | lr 4.37e-05 | ms/batch 2631.19 | loss  6.06 | ppl   427.533
| epoch   1 step     7200 |   7200 batches | lr 4.5e-05 | ms/batch 2631.33 | loss  6.02 | ppl   409.555
| epoch   1 step     7400 |   7400 batches | lr 4.62e-05 | ms/batch 2630.72 | loss  5.98 | ppl   395.941
| epoch   1 step     7600 |   7600 batches | lr 4.75e-05 | ms/batch 2630.42 | loss  5.94 | ppl   380.213
| epoch   1 step     7800 |   7800 batches | lr 4.87e-05 | ms/batch 2632.74 | loss  5.90 | ppl   366.175
| epoch   1 step     8000 |   8000 batches | lr 5e-05 | ms/batch 2630.83 | loss  5.87 | ppl   353.656
----------------------------------------------------------------------------------------------------
| Eval   2 at step     8000 | time: 10561.85s | valid loss  5.95 | valid ppl   381.899
----------------------------------------------------------------------------------------------------
| epoch   1 step     8200 |   8200 batches | lr 5.12e-05 | ms/batch 2719.09 | loss  5.83 | ppl   340.696
| epoch   1 step     8400 |   8400 batches | lr 5.25e-05 | ms/batch 2631.18 | loss  5.80 | ppl   330.325
| epoch   1 step     8600 |   8600 batches | lr 5.37e-05 | ms/batch 2631.66 | loss  5.76 | ppl   318.912
| epoch   1 step     8800 |   8800 batches | lr 5.5e-05 | ms/batch 2631.16 | loss  5.73 | ppl   308.339
| epoch   1 step     9000 |   9000 batches | lr 5.62e-05 | ms/batch 2632.64 | loss  5.70 | ppl   298.076
| epoch   1 step     9200 |   9200 batches | lr 5.75e-05 | ms/batch 2630.74 | loss  5.67 | ppl   289.039
| epoch   1 step     9400 |   9400 batches | lr 5.88e-05 | ms/batch 2630.94 | loss  5.64 | ppl   280.292
| epoch   1 step     9600 |   9600 batches | lr 6e-05 | ms/batch 2631.15 | loss  5.61 | ppl   272.782
| epoch   1 step     9800 |   9800 batches | lr 6.12e-05 | ms/batch 2632.34 | loss  5.58 | ppl   264.348
| epoch   1 step    10000 |  10000 batches | lr 6.25e-05 | ms/batch 2631.39 | loss  5.55 | ppl   256.956
| epoch   1 step    10200 |  10200 batches | lr 6.38e-05 | ms/batch 2631.00 | loss  5.52 | ppl   249.176
| epoch   1 step    10400 |  10400 batches | lr 6.5e-05 | ms/batch 2630.69 | loss  5.49 | ppl   242.563
| epoch   1 step    10600 |  10600 batches | lr 6.62e-05 | ms/batch 2631.56 | loss  5.47 | ppl   236.874
| epoch   1 step    10800 |  10800 batches | lr 6.75e-05 | ms/batch 2632.14 | loss  5.44 | ppl   230.329
| epoch   1 step    11000 |  11000 batches | lr 6.88e-05 | ms/batch 2630.72 | loss  5.41 | ppl   224.136
| epoch   1 step    11200 |  11200 batches | lr 7e-05 | ms/batch 2630.83 | loss  5.39 | ppl   219.024
| epoch   1 step    11400 |  11400 batches | lr 7.12e-05 | ms/batch 2630.55 | loss  5.36 | ppl   213.058
| epoch   1 step    11600 |  11600 batches | lr 7.25e-05 | ms/batch 2631.22 | loss  5.34 | ppl   208.454
| epoch   1 step    11800 |  11800 batches | lr 7.38e-05 | ms/batch 2632.02 | loss  5.32 | ppl   204.215
| epoch   1 step    12000 |  12000 batches | lr 7.5e-05 | ms/batch 2631.44 | loss  5.29 | ppl   199.144
----------------------------------------------------------------------------------------------------
| Eval   3 at step    12000 | time: 10541.26s | valid loss  5.39 | valid ppl   219.491
----------------------------------------------------------------------------------------------------
| epoch   1 step    12200 |  12200 batches | lr 7.63e-05 | ms/batch 2719.00 | loss  5.27 | ppl   194.515
| epoch   1 step    12400 |  12400 batches | lr 7.75e-05 | ms/batch 2630.56 | loss  5.25 | ppl   190.750
| epoch   1 step    12600 |  12600 batches | lr 7.88e-05 | ms/batch 2631.02 | loss  5.23 | ppl   186.798
| epoch   1 step    12800 |  12800 batches | lr 8e-05 | ms/batch 2631.08 | loss  5.21 | ppl   182.991
| epoch   1 step    13000 |  13000 batches | lr 8.12e-05 | ms/batch 2630.91 | loss  5.19 | ppl   179.583
| epoch   1 step    13200 |  13200 batches | lr 8.25e-05 | ms/batch 2632.61 | loss  5.17 | ppl   175.409
| epoch   1 step    13400 |  13400 batches | lr 8.38e-05 | ms/batch 2630.74 | loss  5.15 | ppl   172.647
| epoch   1 step    13600 |  13600 batches | lr 8.5e-05 | ms/batch 2630.86 | loss  5.13 | ppl   169.308
| epoch   1 step    13800 |  13800 batches | lr 8.63e-05 | ms/batch 2630.61 | loss  5.11 | ppl   166.435
| epoch   1 step    14000 |  14000 batches | lr 8.75e-05 | ms/batch 2630.93 | loss  5.09 | ppl   162.956
| epoch   2 step    14200 |     20 batches | lr 8.88e-05 | ms/batch 2632.34 | loss  5.08 | ppl   160.748
| epoch   2 step    14400 |    220 batches | lr 9e-05 | ms/batch 2631.12 | loss  5.05 | ppl   156.753
| epoch   2 step    14600 |    420 batches | lr 9.12e-05 | ms/batch 2630.96 | loss  5.04 | ppl   154.454
| epoch   2 step    14800 |    620 batches | lr 9.25e-05 | ms/batch 2630.42 | loss  5.02 | ppl   152.070
| epoch   2 step    15000 |    820 batches | lr 9.38e-05 | ms/batch 2631.12 | loss  5.01 | ppl   150.030
| epoch   2 step    15200 |   1020 batches | lr 9.5e-05 | ms/batch 2632.90 | loss  5.00 | ppl   147.727
| epoch   2 step    15400 |   1220 batches | lr 9.63e-05 | ms/batch 2626.99 | loss  4.98 | ppl   145.749
| epoch   2 step    15600 |   1420 batches | lr 9.75e-05 | ms/batch 2628.62 | loss  4.97 | ppl   143.783
| epoch   2 step    15800 |   1620 batches | lr 9.88e-05 | ms/batch 2628.76 | loss  4.95 | ppl   141.810
| epoch   2 step    16000 |   1820 batches | lr 0.0001 | ms/batch 2628.05 | loss  4.95 | ppl   140.493
----------------------------------------------------------------------------------------------------
| Eval   4 at step    16000 | time: 10537.99s | valid loss  5.06 | valid ppl   157.952
----------------------------------------------------------------------------------------------------
| epoch   2 step    16200 |   2020 batches | lr 0.000101 | ms/batch 2711.95 | loss  4.93 | ppl   138.636
| epoch   2 step    16400 |   2220 batches | lr 0.000102 | ms/batch 2626.26 | loss  4.91 | ppl   136.270
| epoch   2 step    16600 |   2420 batches | lr 0.000104 | ms/batch 2626.33 | loss  4.90 | ppl   134.709
| epoch   2 step    16800 |   2620 batches | lr 0.000105 | ms/batch 2627.37 | loss  4.89 | ppl   132.899
| epoch   2 step    17000 |   2820 batches | lr 0.000106 | ms/batch 2627.97 | loss  4.88 | ppl   131.671
| epoch   2 step    17200 |   3020 batches | lr 0.000107 | ms/batch 2625.15 | loss  4.87 | ppl   130.271
| epoch   2 step    17400 |   3220 batches | lr 0.000109 | ms/batch 2623.97 | loss  4.86 | ppl   128.628
| epoch   2 step    17600 |   3420 batches | lr 0.00011 | ms/batch 2624.27 | loss  4.85 | ppl   127.488
| epoch   2 step    17800 |   3620 batches | lr 0.000111 | ms/batch 2628.41 | loss  4.84 | ppl   126.130
| epoch   2 step    18000 |   3820 batches | lr 0.000112 | ms/batch 2628.47 | loss  4.83 | ppl   125.148
| epoch   2 step    18200 |   4020 batches | lr 0.000114 | ms/batch 2627.72 | loss  4.82 | ppl   123.588
| epoch   2 step    18400 |   4220 batches | lr 0.000115 | ms/batch 2624.59 | loss  4.81 | ppl   122.510
| epoch   2 step    18600 |   4420 batches | lr 0.000116 | ms/batch 2623.25 | loss  4.80 | ppl   121.332
| epoch   2 step    18800 |   4620 batches | lr 0.000118 | ms/batch 2625.26 | loss  4.79 | ppl   120.031
| epoch   2 step    19000 |   4820 batches | lr 0.000119 | ms/batch 2625.45 | loss  4.78 | ppl   119.306
| epoch   2 step    19200 |   5020 batches | lr 0.00012 | ms/batch 2623.21 | loss  4.77 | ppl   117.902
| epoch   2 step    19400 |   5220 batches | lr 0.000121 | ms/batch 2624.90 | loss  4.76 | ppl   116.775
| epoch   2 step    19600 |   5420 batches | lr 0.000122 | ms/batch 2628.53 | loss  4.75 | ppl   115.867
| epoch   2 step    19800 |   5620 batches | lr 0.000124 | ms/batch 2626.77 | loss  4.75 | ppl   115.012
| epoch   2 step    20000 |   5820 batches | lr 0.000125 | ms/batch 2623.08 | loss  4.74 | ppl   113.906
----------------------------------------------------------------------------------------------------
| Eval   5 at step    20000 | time: 10518.58s | valid loss  4.88 | valid ppl   132.153
----------------------------------------------------------------------------------------------------
| epoch   2 step    20200 |   6020 batches | lr 0.000126 | ms/batch 2706.33 | loss  4.73 | ppl   112.814
| epoch   2 step    20400 |   6220 batches | lr 0.000128 | ms/batch 2625.67 | loss  4.72 | ppl   112.029
| epoch   2 step    20600 |   6420 batches | lr 0.000129 | ms/batch 2628.37 | loss  4.72 | ppl   111.706
| epoch   2 step    20800 |   6620 batches | lr 0.00013 | ms/batch 2627.68 | loss  4.71 | ppl   110.617
| epoch   2 step    21000 |   6820 batches | lr 0.000131 | ms/batch 2628.92 | loss  4.70 | ppl   109.831
| epoch   2 step    21200 |   7020 batches | lr 0.000132 | ms/batch 2628.11 | loss  4.69 | ppl   109.169
| epoch   2 step    21400 |   7220 batches | lr 0.000134 | ms/batch 2624.11 | loss  4.68 | ppl   108.024
| epoch   2 step    21600 |   7420 batches | lr 0.000135 | ms/batch 2622.43 | loss  4.68 | ppl   107.283
| epoch   2 step    21800 |   7620 batches | lr 0.000136 | ms/batch 2624.35 | loss  4.67 | ppl   106.657
| epoch   2 step    22000 |   7820 batches | lr 0.000138 | ms/batch 2622.19 | loss  4.67 | ppl   106.379
| epoch   2 step    22200 |   8020 batches | lr 0.000139 | ms/batch 2622.26 | loss  4.66 | ppl   105.266
| epoch   2 step    22400 |   8220 batches | lr 0.00014 | ms/batch 2613.02 | loss  4.65 | ppl   104.557
| epoch   2 step    22600 |   8420 batches | lr 0.000141 | ms/batch 2613.18 | loss  4.64 | ppl   103.934
| epoch   2 step    22800 |   8620 batches | lr 0.000142 | ms/batch 2612.50 | loss  4.64 | ppl   103.159
| epoch   2 step    23000 |   8820 batches | lr 0.000144 | ms/batch 2613.99 | loss  4.63 | ppl   102.851
| epoch   2 step    23200 |   9020 batches | lr 0.000145 | ms/batch 2613.37 | loss  4.63 | ppl   102.113
| epoch   2 step    23400 |   9220 batches | lr 0.000146 | ms/batch 2613.60 | loss  4.62 | ppl   101.394
| epoch   2 step    23600 |   9420 batches | lr 0.000148 | ms/batch 2612.43 | loss  4.61 | ppl   100.931
| epoch   2 step    23800 |   9620 batches | lr 0.000149 | ms/batch 2613.33 | loss  4.61 | ppl   100.667
| epoch   2 step    24000 |   9820 batches | lr 0.00015 | ms/batch 2612.57 | loss  4.60 | ppl    99.828
----------------------------------------------------------------------------------------------------
| Eval   6 at step    24000 | time: 10493.47s | valid loss  4.75 | valid ppl   115.829
----------------------------------------------------------------------------------------------------
| epoch   2 step    24200 |  10020 batches | lr 0.000151 | ms/batch 2697.56 | loss  4.60 | ppl    99.229
| epoch   2 step    24400 |  10220 batches | lr 0.000153 | ms/batch 2627.69 | loss  4.59 | ppl    98.845
| epoch   2 step    24600 |  10420 batches | lr 0.000154 | ms/batch 2626.28 | loss  4.59 | ppl    98.259
| epoch   2 step    24800 |  10620 batches | lr 0.000155 | ms/batch 2626.81 | loss  4.58 | ppl    97.817
| epoch   2 step    25000 |  10820 batches | lr 0.000156 | ms/batch 2627.14 | loss  4.58 | ppl    97.528
| epoch   2 step    25200 |  11020 batches | lr 0.000158 | ms/batch 2628.71 | loss  4.58 | ppl    97.111
| epoch   2 step    25400 |  11220 batches | lr 0.000159 | ms/batch 2628.45 | loss  4.57 | ppl    96.366
| epoch   2 step    25600 |  11420 batches | lr 0.00016 | ms/batch 2628.49 | loss  4.56 | ppl    95.852
| epoch   2 step    25800 |  11620 batches | lr 0.000161 | ms/batch 2628.21 | loss  4.56 | ppl    95.528
| epoch   2 step    26000 |  11820 batches | lr 0.000162 | ms/batch 2628.08 | loss  4.56 | ppl    95.174
| epoch   2 step    26200 |  12020 batches | lr 0.000164 | ms/batch 2628.76 | loss  4.55 | ppl    94.807
| epoch   2 step    26400 |  12220 batches | lr 0.000165 | ms/batch 2620.38 | loss  4.55 | ppl    94.193
| epoch   2 step    26600 |  12420 batches | lr 0.000166 | ms/batch 2614.51 | loss  4.54 | ppl    94.036
| epoch   2 step    26800 |  12620 batches | lr 0.000168 | ms/batch 2614.35 | loss  4.54 | ppl    93.776
| epoch   2 step    27000 |  12820 batches | lr 0.000169 | ms/batch 2614.34 | loss  4.53 | ppl    92.913
| epoch   2 step    27200 |  13020 batches | lr 0.00017 | ms/batch 2615.24 | loss  4.53 | ppl    92.643
| epoch   2 step    27400 |  13220 batches | lr 0.000171 | ms/batch 2615.74 | loss  4.53 | ppl    92.386
| epoch   2 step    27600 |  13420 batches | lr 0.000173 | ms/batch 2614.31 | loss  4.52 | ppl    92.271
| epoch   2 step    27800 |  13620 batches | lr 0.000174 | ms/batch 2614.49 | loss  4.52 | ppl    91.416
| epoch   2 step    28000 |  13820 batches | lr 0.000175 | ms/batch 2626.56 | loss  4.52 | ppl    91.483
----------------------------------------------------------------------------------------------------
| Eval   7 at step    28000 | time: 10503.89s | valid loss  4.68 | valid ppl   107.942
----------------------------------------------------------------------------------------------------
| epoch   2 step    28200 |  14020 batches | lr 0.000176 | ms/batch 2706.35 | loss  4.51 | ppl    90.860
| epoch   3 step    28400 |     40 batches | lr 0.000178 | ms/batch 2616.17 | loss  4.50 | ppl    90.042
| epoch   3 step    28600 |    240 batches | lr 0.000179 | ms/batch 2628.37 | loss  4.48 | ppl    88.135
| epoch   3 step    28800 |    440 batches | lr 0.00018 | ms/batch 2628.70 | loss  4.48 | ppl    87.855
| epoch   3 step    29000 |    640 batches | lr 0.000181 | ms/batch 2628.40 | loss  4.48 | ppl    87.866
| epoch   3 step    29200 |    840 batches | lr 0.000182 | ms/batch 2628.53 | loss  4.48 | ppl    87.797
| epoch   3 step    29400 |   1040 batches | lr 0.000184 | ms/batch 2628.47 | loss  4.47 | ppl    87.605
| epoch   3 step    29600 |   1240 batches | lr 0.000185 | ms/batch 2628.10 | loss  4.47 | ppl    87.062
| epoch   3 step    29800 |   1440 batches | lr 0.000186 | ms/batch 2628.41 | loss  4.46 | ppl    86.852
| epoch   3 step    30000 |   1640 batches | lr 0.000188 | ms/batch 2628.17 | loss  4.47 | ppl    87.009
| epoch   3 step    30200 |   1840 batches | lr 0.000189 | ms/batch 2628.55 | loss  4.46 | ppl    86.163
| epoch   3 step    30400 |   2040 batches | lr 0.00019 | ms/batch 2628.40 | loss  4.46 | ppl    86.486
| epoch   3 step    30600 |   2240 batches | lr 0.000191 | ms/batch 2628.13 | loss  4.45 | ppl    85.964
| epoch   3 step    30800 |   2440 batches | lr 0.000193 | ms/batch 2628.38 | loss  4.45 | ppl    85.885
| epoch   3 step    31000 |   2640 batches | lr 0.000194 | ms/batch 2628.63 | loss  4.45 | ppl    85.678
| epoch   3 step    31200 |   2840 batches | lr 0.000195 | ms/batch 2628.61 | loss  4.45 | ppl    85.416
| epoch   3 step    31400 |   3040 batches | lr 0.000196 | ms/batch 2628.74 | loss  4.45 | ppl    85.339
| epoch   3 step    31600 |   3240 batches | lr 0.000198 | ms/batch 2627.46 | loss  4.45 | ppl    85.290
| epoch   3 step    31800 |   3440 batches | lr 0.000199 | ms/batch 2627.96 | loss  4.44 | ppl    84.847
| epoch   3 step    32000 |   3640 batches | lr 0.0002 | ms/batch 2627.64 | loss  4.44 | ppl    85.043
----------------------------------------------------------------------------------------------------
| Eval   8 at step    32000 | time: 10525.33s | valid loss  4.62 | valid ppl   101.078
----------------------------------------------------------------------------------------------------
| epoch   3 step    32200 |   3840 batches | lr 0.000201 | ms/batch 2713.52 | loss  4.44 | ppl    84.452
| epoch   3 step    32400 |   4040 batches | lr 0.000202 | ms/batch 2627.82 | loss  4.44 | ppl    84.525
| epoch   3 step    32600 |   4240 batches | lr 0.000204 | ms/batch 2627.37 | loss  4.43 | ppl    84.103
| epoch   3 step    32800 |   4440 batches | lr 0.000205 | ms/batch 2628.20 | loss  4.43 | ppl    84.105
| epoch   3 step    33000 |   4640 batches | lr 0.000206 | ms/batch 2629.04 | loss  4.43 | ppl    83.641
| epoch   3 step    33200 |   4840 batches | lr 0.000208 | ms/batch 2628.04 | loss  4.43 | ppl    83.655
| epoch   3 step    33400 |   5040 batches | lr 0.000209 | ms/batch 2628.51 | loss  4.43 | ppl    83.796
| epoch   3 step    33600 |   5240 batches | lr 0.00021 | ms/batch 2628.74 | loss  4.42 | ppl    83.194
| epoch   3 step    33800 |   5440 batches | lr 0.000211 | ms/batch 2628.60 | loss  4.42 | ppl    83.143
| epoch   3 step    34000 |   5640 batches | lr 0.000212 | ms/batch 2628.44 | loss  4.42 | ppl    82.972
| epoch   3 step    34200 |   5840 batches | lr 0.000214 | ms/batch 2628.78 | loss  4.42 | ppl    83.088
| epoch   3 step    34400 |   6040 batches | lr 0.000215 | ms/batch 2628.38 | loss  4.41 | ppl    82.519
| epoch   3 step    34600 |   6240 batches | lr 0.000216 | ms/batch 2628.11 | loss  4.41 | ppl    82.328
| epoch   3 step    34800 |   6440 batches | lr 0.000218 | ms/batch 2628.89 | loss  4.41 | ppl    82.214
| epoch   3 step    35000 |   6640 batches | lr 0.000219 | ms/batch 2628.30 | loss  4.41 | ppl    82.094
| epoch   3 step    35200 |   6840 batches | lr 0.00022 | ms/batch 2628.53 | loss  4.41 | ppl    82.170
| epoch   3 step    35400 |   7040 batches | lr 0.000221 | ms/batch 2629.18 | loss  4.40 | ppl    81.694
| epoch   3 step    35600 |   7240 batches | lr 0.000223 | ms/batch 2629.03 | loss  4.40 | ppl    81.723
| epoch   3 step    35800 |   7440 batches | lr 0.000224 | ms/batch 2628.06 | loss  4.40 | ppl    81.293
| epoch   3 step    36000 |   7640 batches | lr 0.000225 | ms/batch 2628.24 | loss  4.40 | ppl    81.355
----------------------------------------------------------------------------------------------------
| Eval   9 at step    36000 | time: 10529.11s | valid loss  4.58 | valid ppl    97.428
----------------------------------------------------------------------------------------------------
| epoch   3 step    36200 |   7840 batches | lr 0.000226 | ms/batch 2711.02 | loss  4.40 | ppl    81.639
| epoch   3 step    36400 |   8040 batches | lr 0.000228 | ms/batch 2626.15 | loss  4.40 | ppl    81.133
| epoch   3 step    36600 |   8240 batches | lr 0.000229 | ms/batch 2626.56 | loss  4.39 | ppl    80.868
| epoch   3 step    36800 |   8440 batches | lr 0.00023 | ms/batch 2628.46 | loss  4.39 | ppl    80.851
| epoch   3 step    37000 |   8640 batches | lr 0.000231 | ms/batch 2628.29 | loss  4.39 | ppl    80.671
| epoch   3 step    37200 |   8840 batches | lr 0.000233 | ms/batch 2628.22 | loss  4.39 | ppl    80.589
| epoch   3 step    37400 |   9040 batches | lr 0.000234 | ms/batch 2628.30 | loss  4.39 | ppl    80.481
| epoch   3 step    37600 |   9240 batches | lr 0.000235 | ms/batch 2628.10 | loss  4.38 | ppl    80.063
| epoch   3 step    37800 |   9440 batches | lr 0.000236 | ms/batch 2627.74 | loss  4.38 | ppl    80.135
| epoch   3 step    38000 |   9640 batches | lr 0.000237 | ms/batch 2627.62 | loss  4.38 | ppl    80.096
| epoch   3 step    38200 |   9840 batches | lr 0.000239 | ms/batch 2628.15 | loss  4.38 | ppl    80.083
| epoch   3 step    38400 |  10040 batches | lr 0.00024 | ms/batch 2628.41 | loss  4.38 | ppl    79.869
| epoch   3 step    38600 |  10240 batches | lr 0.000241 | ms/batch 2628.55 | loss  4.38 | ppl    79.960
| epoch   3 step    38800 |  10440 batches | lr 0.000243 | ms/batch 2628.32 | loss  4.38 | ppl    80.069
| epoch   3 step    39000 |  10640 batches | lr 0.000244 | ms/batch 2628.27 | loss  4.38 | ppl    79.476
| epoch   3 step    39200 |  10840 batches | lr 0.000245 | ms/batch 2628.78 | loss  4.38 | ppl    79.716
| epoch   3 step    39400 |  11040 batches | lr 0.000246 | ms/batch 2627.96 | loss  4.37 | ppl    79.143
| epoch   3 step    39600 |  11240 batches | lr 0.000247 | ms/batch 2628.26 | loss  4.37 | ppl    79.227
| epoch   3 step    39800 |  11440 batches | lr 0.000249 | ms/batch 2628.35 | loss  4.38 | ppl    79.494
| epoch   3 step    40000 |  11640 batches | lr 0.000226 | ms/batch 2628.26 | loss  4.37 | ppl    78.972
----------------------------------------------------------------------------------------------------
| Eval  10 at step    40000 | time: 10527.30s | valid loss  4.55 | valid ppl    94.799
----------------------------------------------------------------------------------------------------
| epoch   3 step    40200 |  11840 batches | lr 0.000226 | ms/batch 2712.24 | loss  4.36 | ppl    78.434
| epoch   3 step    40400 |  12040 batches | lr 0.000226 | ms/batch 2626.83 | loss  4.35 | ppl    77.862
| epoch   3 step    40600 |  12240 batches | lr 0.000225 | ms/batch 2626.24 | loss  4.35 | ppl    77.435
| epoch   3 step    40800 |  12440 batches | lr 0.000225 | ms/batch 2626.51 | loss  4.35 | ppl    77.657
| epoch   3 step    41000 |  12640 batches | lr 0.000225 | ms/batch 2628.68 | loss  4.35 | ppl    77.362
| epoch   3 step    41200 |  12840 batches | lr 0.000225 | ms/batch 2627.95 | loss  4.34 | ppl    77.086
| epoch   3 step    41400 |  13040 batches | lr 0.000224 | ms/batch 2628.39 | loss  4.35 | ppl    77.095
| epoch   3 step    41600 |  13240 batches | lr 0.000224 | ms/batch 2628.54 | loss  4.34 | ppl    76.739
| epoch   3 step    41800 |  13440 batches | lr 0.000224 | ms/batch 2629.17 | loss  4.34 | ppl    76.439
| epoch   3 step    42000 |  13640 batches | lr 0.000224 | ms/batch 2628.36 | loss  4.34 | ppl    76.406
| epoch   3 step    42200 |  13840 batches | lr 0.000224 | ms/batch 2628.04 | loss  4.33 | ppl    76.237
| epoch   3 step    42400 |  14040 batches | lr 0.000223 | ms/batch 2628.84 | loss  4.33 | ppl    75.782
| epoch   4 step    42600 |     60 batches | lr 0.000223 | ms/batch 2628.78 | loss  4.32 | ppl    75.122
| epoch   4 step    42800 |    260 batches | lr 0.000223 | ms/batch 2628.24 | loss  4.30 | ppl    73.628
| epoch   4 step    43000 |    460 batches | lr 0.000223 | ms/batch 2628.63 | loss  4.30 | ppl    73.534
| epoch   4 step    43200 |    660 batches | lr 0.000222 | ms/batch 2628.72 | loss  4.29 | ppl    73.181
| epoch   4 step    43400 |    860 batches | lr 0.000222 | ms/batch 2627.74 | loss  4.30 | ppl    73.407
| epoch   4 step    43600 |   1060 batches | lr 0.000222 | ms/batch 2628.22 | loss  4.30 | ppl    73.451
| epoch   4 step    43800 |   1260 batches | lr 0.000222 | ms/batch 2628.60 | loss  4.29 | ppl    73.245
| epoch   4 step    44000 |   1460 batches | lr 0.000221 | ms/batch 2628.22 | loss  4.29 | ppl    73.256
----------------------------------------------------------------------------------------------------
| Eval  11 at step    44000 | time: 10527.73s | valid loss  4.51 | valid ppl    91.023
----------------------------------------------------------------------------------------------------
| epoch   4 step    44200 |   1660 batches | lr 0.000221 | ms/batch 2712.41 | loss  4.29 | ppl    73.184
| epoch   4 step    44400 |   1860 batches | lr 0.000221 | ms/batch 2626.12 | loss  4.29 | ppl    73.103
| epoch   4 step    44600 |   2060 batches | lr 0.000221 | ms/batch 2627.07 | loss  4.29 | ppl    73.104
| epoch   4 step    44800 |   2260 batches | lr 0.00022 | ms/batch 2628.09 | loss  4.29 | ppl    73.088
| epoch   4 step    45000 |   2460 batches | lr 0.00022 | ms/batch 2628.43 | loss  4.29 | ppl    73.023
| epoch   4 step    45200 |   2660 batches | lr 0.00022 | ms/batch 2629.28 | loss  4.29 | ppl    72.788
| epoch   4 step    45400 |   2860 batches | lr 0.00022 | ms/batch 2628.27 | loss  4.29 | ppl    72.747
| epoch   4 step    45600 |   3060 batches | lr 0.000219 | ms/batch 2628.25 | loss  4.28 | ppl    72.556
| epoch   4 step    45800 |   3260 batches | lr 0.000219 | ms/batch 2628.34 | loss  4.28 | ppl    72.510
| epoch   4 step    46000 |   3460 batches | lr 0.000219 | ms/batch 2628.09 | loss  4.28 | ppl    72.459
| epoch   4 step    46200 |   3660 batches | lr 0.000219 | ms/batch 2628.02 | loss  4.28 | ppl    72.557
| epoch   4 step    46400 |   3860 batches | lr 0.000218 | ms/batch 2628.56 | loss  4.27 | ppl    71.831
| epoch   4 step    46600 |   4060 batches | lr 0.000218 | ms/batch 2628.37 | loss  4.28 | ppl    72.165
| epoch   4 step    46800 |   4260 batches | lr 0.000218 | ms/batch 2627.74 | loss  4.28 | ppl    72.079
| epoch   4 step    47000 |   4460 batches | lr 0.000217 | ms/batch 2628.33 | loss  4.27 | ppl    71.806
| epoch   4 step    47200 |   4660 batches | lr 0.000217 | ms/batch 2628.41 | loss  4.27 | ppl    71.796
| epoch   4 step    47400 |   4860 batches | lr 0.000217 | ms/batch 2628.68 | loss  4.28 | ppl    71.974
| epoch   4 step    47600 |   5060 batches | lr 0.000217 | ms/batch 2628.01 | loss  4.28 | ppl    71.970
| epoch   4 step    47800 |   5260 batches | lr 0.000216 | ms/batch 2628.29 | loss  4.27 | ppl    71.628
| epoch   4 step    48000 |   5460 batches | lr 0.000216 | ms/batch 2628.46 | loss  4.27 | ppl    71.391
----------------------------------------------------------------------------------------------------
| Eval  12 at step    48000 | time: 10527.64s | valid loss  4.47 | valid ppl    87.689
----------------------------------------------------------------------------------------------------
| epoch   4 step    48200 |   5660 batches | lr 0.000216 | ms/batch 2711.21 | loss  4.27 | ppl    71.319
| epoch   4 step    48400 |   5860 batches | lr 0.000216 | ms/batch 2626.06 | loss  4.27 | ppl    71.489
| epoch   4 step    48600 |   6060 batches | lr 0.000215 | ms/batch 2627.48 | loss  4.27 | ppl    71.478
| epoch   4 step    48800 |   6260 batches | lr 0.000215 | ms/batch 2628.63 | loss  4.26 | ppl    71.141
| epoch   4 step    49000 |   6460 batches | lr 0.000215 | ms/batch 2627.76 | loss  4.26 | ppl    70.890
| epoch   4 step    49200 |   6660 batches | lr 0.000214 | ms/batch 2628.49 | loss  4.26 | ppl    70.981
| epoch   4 step    49400 |   6860 batches | lr 0.000214 | ms/batch 2628.65 | loss  4.26 | ppl    71.128
| epoch   4 step    49600 |   7060 batches | lr 0.000214 | ms/batch 2627.78 | loss  4.26 | ppl    70.836
| epoch   4 step    49800 |   7260 batches | lr 0.000214 | ms/batch 2628.24 | loss  4.26 | ppl    70.567
| epoch   4 step    50000 |   7460 batches | lr 0.000213 | ms/batch 2628.42 | loss  4.26 | ppl    70.705
| epoch   4 step    50200 |   7660 batches | lr 0.000213 | ms/batch 2628.53 | loss  4.26 | ppl    70.527
| epoch   4 step    50400 |   7860 batches | lr 0.000213 | ms/batch 2627.94 | loss  4.26 | ppl    70.553
| epoch   4 step    50600 |   8060 batches | lr 0.000213 | ms/batch 2628.24 | loss  4.26 | ppl    70.503
| epoch   4 step    50800 |   8260 batches | lr 0.000212 | ms/batch 2627.93 | loss  4.25 | ppl    70.381
| epoch   4 step    51000 |   8460 batches | lr 0.000212 | ms/batch 2628.10 | loss  4.26 | ppl    70.479
| epoch   4 step    51200 |   8660 batches | lr 0.000212 | ms/batch 2628.91 | loss  4.25 | ppl    70.267
| epoch   4 step    51400 |   8860 batches | lr 0.000211 | ms/batch 2629.00 | loss  4.25 | ppl    70.140
| epoch   4 step    51600 |   9060 batches | lr 0.000211 | ms/batch 2628.35 | loss  4.25 | ppl    70.337
| epoch   4 step    51800 |   9260 batches | lr 0.000211 | ms/batch 2629.49 | loss  4.25 | ppl    70.011
| epoch   4 step    52000 |   9460 batches | lr 0.000211 | ms/batch 2628.98 | loss  4.25 | ppl    69.796
----------------------------------------------------------------------------------------------------
| Eval  13 at step    52000 | time: 10528.04s | valid loss  4.46 | valid ppl    86.652
----------------------------------------------------------------------------------------------------
| epoch   4 step    52200 |   9660 batches | lr 0.00021 | ms/batch 2712.02 | loss  4.24 | ppl    69.754
| epoch   4 step    52400 |   9860 batches | lr 0.00021 | ms/batch 2626.14 | loss  4.24 | ppl    69.654
| epoch   4 step    52600 |  10060 batches | lr 0.00021 | ms/batch 2626.99 | loss  4.24 | ppl    69.284
| epoch   4 step    52800 |  10260 batches | lr 0.000209 | ms/batch 2628.00 | loss  4.24 | ppl    69.650
| epoch   4 step    53000 |  10460 batches | lr 0.000209 | ms/batch 2628.87 | loss  4.24 | ppl    69.529
| epoch   4 step    53200 |  10660 batches | lr 0.000209 | ms/batch 2627.93 | loss  4.24 | ppl    69.261
| epoch   4 step    53400 |  10860 batches | lr 0.000209 | ms/batch 2628.95 | loss  4.24 | ppl    69.396
| epoch   4 step    53600 |  11060 batches | lr 0.000208 | ms/batch 2628.69 | loss  4.24 | ppl    69.297
| epoch   4 step    53800 |  11260 batches | lr 0.000208 | ms/batch 2628.54 | loss  4.24 | ppl    69.167
| epoch   4 step    54000 |  11460 batches | lr 0.000208 | ms/batch 2629.10 | loss  4.24 | ppl    69.088
| epoch   4 step    54200 |  11660 batches | lr 0.000207 | ms/batch 2629.38 | loss  4.23 | ppl    69.012
| epoch   4 step    54400 |  11860 batches | lr 0.000207 | ms/batch 2628.91 | loss  4.24 | ppl    69.115
| epoch   4 step    54600 |  12060 batches | lr 0.000207 | ms/batch 2628.77 | loss  4.24 | ppl    69.077
| epoch   4 step    54800 |  12260 batches | lr 0.000206 | ms/batch 2629.06 | loss  4.23 | ppl    68.924
| epoch   4 step    55000 |  12460 batches | lr 0.000206 | ms/batch 2628.99 | loss  4.23 | ppl    68.872
| epoch   4 step    55200 |  12660 batches | lr 0.000206 | ms/batch 2628.14 | loss  4.23 | ppl    68.709
| epoch   4 step    55400 |  12860 batches | lr 0.000206 | ms/batch 2629.00 | loss  4.23 | ppl    68.585
| epoch   4 step    55600 |  13060 batches | lr 0.000205 | ms/batch 2628.46 | loss  4.23 | ppl    68.561
| epoch   4 step    55800 |  13260 batches | lr 0.000205 | ms/batch 2628.21 | loss  4.23 | ppl    68.640
| epoch   4 step    56000 |  13460 batches | lr 0.000205 | ms/batch 2628.06 | loss  4.23 | ppl    68.528
----------------------------------------------------------------------------------------------------
| Eval  14 at step    56000 | time: 10528.78s | valid loss  4.44 | valid ppl    85.178
----------------------------------------------------------------------------------------------------
| epoch   4 step    56200 |  13660 batches | lr 0.000204 | ms/batch 2712.16 | loss  4.22 | ppl    68.265
| epoch   4 step    56400 |  13860 batches | lr 0.000204 | ms/batch 2626.62 | loss  4.22 | ppl    68.169
| epoch   4 step    56600 |  14060 batches | lr 0.000204 | ms/batch 2626.29 | loss  4.22 | ppl    67.945
| epoch   5 step    56800 |     80 batches | lr 0.000203 | ms/batch 2627.43 | loss  4.21 | ppl    67.060
| epoch   5 step    57000 |    280 batches | lr 0.000203 | ms/batch 2627.89 | loss  4.19 | ppl    65.712
| epoch   5 step    57200 |    480 batches | lr 0.000203 | ms/batch 2628.34 | loss  4.19 | ppl    65.707
| epoch   5 step    57400 |    680 batches | lr 0.000203 | ms/batch 2628.23 | loss  4.19 | ppl    65.715
| epoch   5 step    57600 |    880 batches | lr 0.000202 | ms/batch 2629.58 | loss  4.19 | ppl    65.942
| epoch   5 step    57800 |   1080 batches | lr 0.000202 | ms/batch 2638.70 | loss  4.19 | ppl    65.892
| epoch   5 step    58000 |   1280 batches | lr 0.000202 | ms/batch 2639.78 | loss  4.19 | ppl    65.772
| epoch   5 step    58200 |   1480 batches | lr 0.000201 | ms/batch 2633.91 | loss  4.18 | ppl    65.577
| epoch   5 step    58400 |   1680 batches | lr 0.000201 | ms/batch 2641.05 | loss  4.19 | ppl    65.870
| epoch   5 step    58600 |   1880 batches | lr 0.000201 | ms/batch 2639.11 | loss  4.19 | ppl    65.732
| epoch   5 step    58800 |   2080 batches | lr 0.0002 | ms/batch 2630.35 | loss  4.19 | ppl    65.921
| epoch   5 step    59000 |   2280 batches | lr 0.0002 | ms/batch 2628.96 | loss  4.19 | ppl    65.934
| epoch   5 step    59200 |   2480 batches | lr 0.0002 | ms/batch 2629.13 | loss  4.19 | ppl    65.780
| epoch   5 step    59400 |   2680 batches | lr 0.000199 | ms/batch 2627.38 | loss  4.19 | ppl    65.957
| epoch   5 step    59600 |   2880 batches | lr 0.000199 | ms/batch 2628.52 | loss  4.19 | ppl    65.699
| epoch   5 step    59800 |   3080 batches | lr 0.000199 | ms/batch 2629.14 | loss  4.19 | ppl    65.840
| epoch   5 step    60000 |   3280 batches | lr 0.000198 | ms/batch 2627.87 | loss  4.19 | ppl    65.726
----------------------------------------------------------------------------------------------------
| Eval  15 at step    60000 | time: 10538.51s | valid loss  4.43 | valid ppl    83.650
----------------------------------------------------------------------------------------------------
| epoch   5 step    60200 |   3480 batches | lr 0.000198 | ms/batch 2713.28 | loss  4.18 | ppl    65.653
| epoch   5 step    60400 |   3680 batches | lr 0.000198 | ms/batch 2636.84 | loss  4.19 | ppl    65.715
| epoch   5 step    60600 |   3880 batches | lr 0.000198 | ms/batch 2643.60 | loss  4.18 | ppl    65.686
| epoch   5 step    60800 |   4080 batches | lr 0.000197 | ms/batch 2643.59 | loss  4.19 | ppl    65.696
| epoch   5 step    61000 |   4280 batches | lr 0.000197 | ms/batch 2626.20 | loss  4.18 | ppl    65.322
| epoch   5 step    61200 |   4480 batches | lr 0.000197 | ms/batch 2640.66 | loss  4.18 | ppl    65.491
| epoch   5 step    61400 |   4680 batches | lr 0.000196 | ms/batch 2642.52 | loss  4.18 | ppl    65.379
| epoch   5 step    61600 |   4880 batches | lr 0.000196 | ms/batch 2626.39 | loss  4.18 | ppl    65.494
| epoch   5 step    61800 |   5080 batches | lr 0.000196 | ms/batch 2634.25 | loss  4.18 | ppl    65.415
| epoch   5 step    62000 |   5280 batches | lr 0.000195 | ms/batch 2643.48 | loss  4.18 | ppl    65.499
| epoch   5 step    62200 |   5480 batches | lr 0.000195 | ms/batch 2644.63 | loss  4.18 | ppl    65.296
| epoch   5 step    62400 |   5680 batches | lr 0.000195 | ms/batch 2643.19 | loss  4.18 | ppl    65.351
| epoch   5 step    62600 |   5880 batches | lr 0.000194 | ms/batch 2644.02 | loss  4.18 | ppl    65.052
| epoch   5 step    62800 |   6080 batches | lr 0.000194 | ms/batch 2643.16 | loss  4.17 | ppl    64.955
| epoch   5 step    63000 |   6280 batches | lr 0.000194 | ms/batch 2642.39 | loss  4.18 | ppl    65.202
| epoch   5 step    63200 |   6480 batches | lr 0.000193 | ms/batch 2642.95 | loss  4.18 | ppl    65.094
| epoch   5 step    63400 |   6680 batches | lr 0.000193 | ms/batch 2643.42 | loss  4.18 | ppl    65.151
| epoch   5 step    63600 |   6880 batches | lr 0.000193 | ms/batch 2643.34 | loss  4.17 | ppl    65.037
| epoch   5 step    63800 |   7080 batches | lr 0.000192 | ms/batch 2642.50 | loss  4.17 | ppl    65.034
| epoch   5 step    64000 |   7280 batches | lr 0.000192 | ms/batch 2637.07 | loss  4.18 | ppl    65.148
----------------------------------------------------------------------------------------------------
| Eval  16 at step    64000 | time: 10573.79s | valid loss  4.41 | valid ppl    82.394
----------------------------------------------------------------------------------------------------
| epoch   5 step    64200 |   7480 batches | lr 0.000192 | ms/batch 2724.17 | loss  4.17 | ppl    64.786
| epoch   5 step    64400 |   7680 batches | lr 0.000191 | ms/batch 2642.92 | loss  4.17 | ppl    64.990
| epoch   5 step    64600 |   7880 batches | lr 0.000191 | ms/batch 2649.48 | loss  4.17 | ppl    64.747
| epoch   5 step    64800 |   8080 batches | lr 0.000191 | ms/batch 2691.00 | loss  4.18 | ppl    65.119
| epoch   5 step    65000 |   8280 batches | lr 0.00019 | ms/batch 2685.27 | loss  4.17 | ppl    64.855
| epoch   5 step    65200 |   8480 batches | lr 0.00019 | ms/batch 2679.23 | loss  4.17 | ppl    64.616
| epoch   5 step    65400 |   8680 batches | lr 0.00019 | ms/batch 2666.88 | loss  4.17 | ppl    64.783
| epoch   5 step    65600 |   8880 batches | lr 0.000189 | ms/batch 2644.74 | loss  4.17 | ppl    64.598
| epoch   5 step    65800 |   9080 batches | lr 0.000189 | ms/batch 2630.70 | loss  4.17 | ppl    64.532
| epoch   5 step    66000 |   9280 batches | lr 0.000189 | ms/batch 2627.22 | loss  4.17 | ppl    64.615
| epoch   5 step    66200 |   9480 batches | lr 0.000188 | ms/batch 2624.70 | loss  4.17 | ppl    64.655
| epoch   5 step    66400 |   9680 batches | lr 0.000188 | ms/batch 2624.15 | loss  4.16 | ppl    64.388
| epoch   5 step    66600 |   9880 batches | lr 0.000188 | ms/batch 2627.01 | loss  4.17 | ppl    64.496
| epoch   5 step    66800 |  10080 batches | lr 0.000187 | ms/batch 2628.21 | loss  4.17 | ppl    64.452
| epoch   5 step    67000 |  10280 batches | lr 0.000187 | ms/batch 2629.47 | loss  4.17 | ppl    64.420
| epoch   5 step    67200 |  10480 batches | lr 0.000187 | ms/batch 2628.42 | loss  4.17 | ppl    64.473
| epoch   5 step    67400 |  10680 batches | lr 0.000186 | ms/batch 2627.74 | loss  4.16 | ppl    64.208
| epoch   5 step    67600 |  10880 batches | lr 0.000186 | ms/batch 2628.40 | loss  4.16 | ppl    64.080
| epoch   5 step    67800 |  11080 batches | lr 0.000186 | ms/batch 2621.83 | loss  4.16 | ppl    64.148
| epoch   5 step    68000 |  11280 batches | lr 0.000185 | ms/batch 2621.12 | loss  4.16 | ppl    64.269
----------------------------------------------------------------------------------------------------
| Eval  17 at step    68000 | time: 10578.54s | valid loss  4.40 | valid ppl    81.275
----------------------------------------------------------------------------------------------------
| epoch   5 step    68200 |  11480 batches | lr 0.000185 | ms/batch 2707.47 | loss  4.16 | ppl    64.186
| epoch   5 step    68400 |  11680 batches | lr 0.000185 | ms/batch 2621.33 | loss  4.16 | ppl    64.021
| epoch   5 step    68600 |  11880 batches | lr 0.000184 | ms/batch 2620.64 | loss  4.16 | ppl    64.099
| epoch   5 step    68800 |  12080 batches | lr 0.000184 | ms/batch 2619.68 | loss  4.16 | ppl    64.101
| epoch   5 step    69000 |  12280 batches | lr 0.000183 | ms/batch 2622.00 | loss  4.16 | ppl    64.073
| epoch   5 step    69200 |  12480 batches | lr 0.000183 | ms/batch 2619.73 | loss  4.16 | ppl    63.854
| epoch   5 step    69400 |  12680 batches | lr 0.000183 | ms/batch 2621.13 | loss  4.16 | ppl    63.826
| epoch   5 step    69600 |  12880 batches | lr 0.000182 | ms/batch 2619.50 | loss  4.16 | ppl    63.843
| epoch   5 step    69800 |  13080 batches | lr 0.000182 | ms/batch 2621.60 | loss  4.15 | ppl    63.693
| epoch   5 step    70000 |  13280 batches | lr 0.000182 | ms/batch 2620.71 | loss  4.15 | ppl    63.716
| epoch   5 step    70200 |  13480 batches | lr 0.000181 | ms/batch 2619.97 | loss  4.15 | ppl    63.694
| epoch   5 step    70400 |  13680 batches | lr 0.000181 | ms/batch 2620.58 | loss  4.15 | ppl    63.594
| epoch   5 step    70600 |  13880 batches | lr 0.000181 | ms/batch 2620.29 | loss  4.15 | ppl    63.606
| epoch   5 step    70800 |  14080 batches | lr 0.00018 | ms/batch 2620.77 | loss  4.16 | ppl    63.766
| epoch   6 step    71000 |    100 batches | lr 0.00018 | ms/batch 2619.94 | loss  4.13 | ppl    62.341
| epoch   6 step    71200 |    300 batches | lr 0.00018 | ms/batch 2618.96 | loss  4.12 | ppl    61.325
| epoch   6 step    71400 |    500 batches | lr 0.000179 | ms/batch 2619.25 | loss  4.11 | ppl    61.051
| epoch   6 step    71600 |    700 batches | lr 0.000179 | ms/batch 2620.21 | loss  4.12 | ppl    61.265
| epoch   6 step    71800 |    900 batches | lr 0.000179 | ms/batch 2619.06 | loss  4.11 | ppl    61.174
| epoch   6 step    72000 |   1100 batches | lr 0.000178 | ms/batch 2619.86 | loss  4.12 | ppl    61.552
----------------------------------------------------------------------------------------------------
| Eval  18 at step    72000 | time: 10496.19s | valid loss  4.39 | valid ppl    80.936
----------------------------------------------------------------------------------------------------
| epoch   6 step    72200 |   1300 batches | lr 0.000178 | ms/batch 2702.61 | loss  4.12 | ppl    61.260
| epoch   6 step    72400 |   1500 batches | lr 0.000178 | ms/batch 2617.89 | loss  4.11 | ppl    61.200
| epoch   6 step    72600 |   1700 batches | lr 0.000177 | ms/batch 2619.86 | loss  4.12 | ppl    61.486
| epoch   6 step    72800 |   1900 batches | lr 0.000177 | ms/batch 2620.53 | loss  4.12 | ppl    61.492
| epoch   6 step    73000 |   2100 batches | lr 0.000176 | ms/batch 2619.06 | loss  4.12 | ppl    61.503
| epoch   6 step    73200 |   2300 batches | lr 0.000176 | ms/batch 2620.09 | loss  4.12 | ppl    61.568
| epoch   6 step    73400 |   2500 batches | lr 0.000176 | ms/batch 2619.53 | loss  4.12 | ppl    61.559
| epoch   6 step    73600 |   2700 batches | lr 0.000175 | ms/batch 2616.75 | loss  4.12 | ppl    61.485
| epoch   6 step    73800 |   2900 batches | lr 0.000175 | ms/batch 2611.93 | loss  4.11 | ppl    61.228
| epoch   6 step    74000 |   3100 batches | lr 0.000175 | ms/batch 2611.95 | loss  4.12 | ppl    61.551
| epoch   6 step    74200 |   3300 batches | lr 0.000174 | ms/batch 2611.19 | loss  4.12 | ppl    61.323
| epoch   6 step    74400 |   3500 batches | lr 0.000174 | ms/batch 2611.33 | loss  4.12 | ppl    61.632
| epoch   6 step    74600 |   3700 batches | lr 0.000174 | ms/batch 2612.35 | loss  4.12 | ppl    61.503
| epoch   6 step    74800 |   3900 batches | lr 0.000173 | ms/batch 2611.73 | loss  4.12 | ppl    61.514
| epoch   6 step    75000 |   4100 batches | lr 0.000173 | ms/batch 2612.39 | loss  4.12 | ppl    61.451
| epoch   6 step    75200 |   4300 batches | lr 0.000172 | ms/batch 2612.25 | loss  4.12 | ppl    61.420
| epoch   6 step    75400 |   4500 batches | lr 0.000172 | ms/batch 2613.47 | loss  4.12 | ppl    61.460
| epoch   6 step    75600 |   4700 batches | lr 0.000172 | ms/batch 2614.58 | loss  4.11 | ppl    61.226
| epoch   6 step    75800 |   4900 batches | lr 0.000171 | ms/batch 2615.29 | loss  4.12 | ppl    61.440
| epoch   6 step    76000 |   5100 batches | lr 0.000171 | ms/batch 2616.40 | loss  4.12 | ppl    61.553
----------------------------------------------------------------------------------------------------
| Eval  19 at step    76000 | time: 10476.58s | valid loss  4.37 | valid ppl    79.356
----------------------------------------------------------------------------------------------------
| epoch   6 step    76200 |   5300 batches | lr 0.000171 | ms/batch 2701.06 | loss  4.12 | ppl    61.359
| epoch   6 step    76400 |   5500 batches | lr 0.00017 | ms/batch 2617.96 | loss  4.11 | ppl    61.107
| epoch   6 step    76600 |   5700 batches | lr 0.00017 | ms/batch 2618.62 | loss  4.11 | ppl    61.019
| epoch   6 step    76800 |   5900 batches | lr 0.00017 | ms/batch 2617.37 | loss  4.12 | ppl    61.334
| epoch   6 step    77000 |   6100 batches | lr 0.000169 | ms/batch 2618.98 | loss  4.11 | ppl    61.085
| epoch   6 step    77200 |   6300 batches | lr 0.000169 | ms/batch 2618.95 | loss  4.11 | ppl    61.219
| epoch   6 step    77400 |   6500 batches | lr 0.000168 | ms/batch 2619.54 | loss  4.12 | ppl    61.383
| epoch   6 step    77600 |   6700 batches | lr 0.000168 | ms/batch 2618.04 | loss  4.12 | ppl    61.306
| epoch   6 step    77800 |   6900 batches | lr 0.000168 | ms/batch 2619.43 | loss  4.11 | ppl    61.171
| epoch   6 step    78000 |   7100 batches | lr 0.000167 | ms/batch 2619.52 | loss  4.11 | ppl    61.045
| epoch   6 step    78200 |   7300 batches | lr 0.000167 | ms/batch 2618.47 | loss  4.11 | ppl    61.077
| epoch   6 step    78400 |   7500 batches | lr 0.000167 | ms/batch 2619.07 | loss  4.11 | ppl    60.972
| epoch   6 step    78600 |   7700 batches | lr 0.000166 | ms/batch 2619.75 | loss  4.11 | ppl    61.122
| epoch   6 step    78800 |   7900 batches | lr 0.000166 | ms/batch 2619.30 | loss  4.11 | ppl    61.173
| epoch   6 step    79000 |   8100 batches | lr 0.000165 | ms/batch 2618.02 | loss  4.11 | ppl    60.903
| epoch   6 step    79200 |   8300 batches | lr 0.000165 | ms/batch 2618.84 | loss  4.11 | ppl    61.102
| epoch   6 step    79400 |   8500 batches | lr 0.000165 | ms/batch 2619.71 | loss  4.11 | ppl    60.935
| epoch   6 step    79600 |   8700 batches | lr 0.000164 | ms/batch 2618.59 | loss  4.11 | ppl    60.847
| epoch   6 step    79800 |   8900 batches | lr 0.000164 | ms/batch 2619.22 | loss  4.11 | ppl    61.005
| epoch   6 step    80000 |   9100 batches | lr 0.000164 | ms/batch 2619.15 | loss  4.11 | ppl    60.965
----------------------------------------------------------------------------------------------------
| Eval  20 at step    80000 | time: 10490.17s | valid loss  4.36 | valid ppl    78.566
----------------------------------------------------------------------------------------------------
| epoch   6 step    80200 |   9300 batches | lr 0.000163 | ms/batch 2701.62 | loss  4.11 | ppl    60.707
| epoch   6 step    80400 |   9500 batches | lr 0.000163 | ms/batch 2620.05 | loss  4.11 | ppl    60.692
| epoch   6 step    80600 |   9700 batches | lr 0.000163 | ms/batch 2618.89 | loss  4.11 | ppl    60.723
| epoch   6 step    80800 |   9900 batches | lr 0.000162 | ms/batch 2618.96 | loss  4.10 | ppl    60.600
| epoch   6 step    81000 |  10100 batches | lr 0.000162 | ms/batch 2618.77 | loss  4.10 | ppl    60.566
| epoch   6 step    81200 |  10300 batches | lr 0.000161 | ms/batch 2619.23 | loss  4.11 | ppl    60.727
| epoch   6 step    81400 |  10500 batches | lr 0.000161 | ms/batch 2619.41 | loss  4.11 | ppl    60.676
| epoch   6 step    81600 |  10700 batches | lr 0.000161 | ms/batch 2620.80 | loss  4.11 | ppl    60.716
| epoch   6 step    81800 |  10900 batches | lr 0.00016 | ms/batch 2621.23 | loss  4.11 | ppl    60.731
| epoch   6 step    82000 |  11100 batches | lr 0.00016 | ms/batch 2619.08 | loss  4.10 | ppl    60.484
| epoch   6 step    82200 |  11300 batches | lr 0.000159 | ms/batch 2621.14 | loss  4.10 | ppl    60.514
| epoch   6 step    82400 |  11500 batches | lr 0.000159 | ms/batch 2619.98 | loss  4.10 | ppl    60.289
| epoch   6 step    82600 |  11700 batches | lr 0.000159 | ms/batch 2622.29 | loss  4.10 | ppl    60.563
| epoch   6 step    82800 |  11900 batches | lr 0.000158 | ms/batch 2619.06 | loss  4.10 | ppl    60.279
| epoch   6 step    83000 |  12100 batches | lr 0.000158 | ms/batch 2618.49 | loss  4.10 | ppl    60.472
| epoch   6 step    83200 |  12300 batches | lr 0.000158 | ms/batch 2619.73 | loss  4.10 | ppl    60.585
| epoch   6 step    83400 |  12500 batches | lr 0.000157 | ms/batch 2619.69 | loss  4.10 | ppl    60.439
| epoch   6 step    83600 |  12700 batches | lr 0.000157 | ms/batch 2618.42 | loss  4.10 | ppl    60.393
| epoch   6 step    83800 |  12900 batches | lr 0.000156 | ms/batch 2618.15 | loss  4.10 | ppl    60.125
| epoch   6 step    84000 |  13100 batches | lr 0.000156 | ms/batch 2610.25 | loss  4.10 | ppl    60.259
----------------------------------------------------------------------------------------------------
| Eval  21 at step    84000 | time: 10491.20s | valid loss  4.35 | valid ppl    77.546
----------------------------------------------------------------------------------------------------
| epoch   6 step    84200 |  13300 batches | lr 0.000156 | ms/batch 2693.52 | loss  4.10 | ppl    60.263
| epoch   6 step    84400 |  13500 batches | lr 0.000155 | ms/batch 2609.17 | loss  4.10 | ppl    60.248
| epoch   6 step    84600 |  13700 batches | lr 0.000155 | ms/batch 2610.05 | loss  4.10 | ppl    60.141
| epoch   6 step    84800 |  13900 batches | lr 0.000155 | ms/batch 2609.67 | loss  4.10 | ppl    60.301
| epoch   6 step    85000 |  14100 batches | lr 0.000154 | ms/batch 2611.96 | loss  4.10 | ppl    60.246
| epoch   7 step    85200 |    120 batches | lr 0.000154 | ms/batch 2610.02 | loss  4.07 | ppl    58.574
| epoch   7 step    85400 |    320 batches | lr 0.000153 | ms/batch 2609.82 | loss  4.06 | ppl    57.951
| epoch   7 step    85600 |    520 batches | lr 0.000153 | ms/batch 2613.27 | loss  4.07 | ppl    58.734
| epoch   7 step    85800 |    720 batches | lr 0.000153 | ms/batch 2609.76 | loss  4.07 | ppl    58.453
| epoch   7 step    86000 |    920 batches | lr 0.000152 | ms/batch 2610.71 | loss  4.06 | ppl    58.151
| epoch   7 step    86200 |   1120 batches | lr 0.000152 | ms/batch 2609.32 | loss  4.06 | ppl    58.165
| epoch   7 step    86400 |   1320 batches | lr 0.000152 | ms/batch 2610.42 | loss  4.06 | ppl    58.102
| epoch   7 step    86600 |   1520 batches | lr 0.000151 | ms/batch 2609.53 | loss  4.06 | ppl    58.205
| epoch   7 step    86800 |   1720 batches | lr 0.000151 | ms/batch 2625.57 | loss  4.07 | ppl    58.274
| epoch   7 step    87000 |   1920 batches | lr 0.00015 | ms/batch 2610.95 | loss  4.06 | ppl    58.113
| epoch   7 step    87200 |   2120 batches | lr 0.00015 | ms/batch 2616.06 | loss  4.06 | ppl    58.009
| epoch   7 step    87400 |   2320 batches | lr 0.00015 | ms/batch 2620.09 | loss  4.06 | ppl    58.264
| epoch   7 step    87600 |   2520 batches | lr 0.000149 | ms/batch 2626.24 | loss  4.07 | ppl    58.441
| epoch   7 step    87800 |   2720 batches | lr 0.000149 | ms/batch 2628.39 | loss  4.07 | ppl    58.310
| epoch   7 step    88000 |   2920 batches | lr 0.000148 | ms/batch 2628.32 | loss  4.06 | ppl    58.210
----------------------------------------------------------------------------------------------------
| Eval  22 at step    88000 | time: 10473.07s | valid loss  4.35 | valid ppl    77.398
----------------------------------------------------------------------------------------------------
| epoch   7 step    88200 |   3120 batches | lr 0.000148 | ms/batch 2708.85 | loss  4.07 | ppl    58.295
| epoch   7 step    88400 |   3320 batches | lr 0.000148 | ms/batch 2627.73 | loss  4.07 | ppl    58.362
| epoch   7 step    88600 |   3520 batches | lr 0.000147 | ms/batch 2628.23 | loss  4.06 | ppl    58.179
| epoch   7 step    88800 |   3720 batches | lr 0.000147 | ms/batch 2628.88 | loss  4.06 | ppl    58.166
| epoch   7 step    89000 |   3920 batches | lr 0.000146 | ms/batch 2627.65 | loss  4.06 | ppl    58.053
| epoch   7 step    89200 |   4120 batches | lr 0.000146 | ms/batch 2628.22 | loss  4.07 | ppl    58.298
| epoch   7 step    89400 |   4320 batches | lr 0.000146 | ms/batch 2628.51 | loss  4.06 | ppl    58.026
| epoch   7 step    89600 |   4520 batches | lr 0.000145 | ms/batch 2628.31 | loss  4.06 | ppl    57.968
| epoch   7 step    89800 |   4720 batches | lr 0.000145 | ms/batch 2628.14 | loss  4.06 | ppl    58.157
| epoch   7 step    90000 |   4920 batches | lr 0.000145 | ms/batch 2628.40 | loss  4.06 | ppl    58.196
| epoch   7 step    90200 |   5120 batches | lr 0.000144 | ms/batch 2628.35 | loss  4.06 | ppl    58.095
| epoch   7 step    90400 |   5320 batches | lr 0.000144 | ms/batch 2628.23 | loss  4.07 | ppl    58.292
| epoch   7 step    90600 |   5520 batches | lr 0.000143 | ms/batch 2628.56 | loss  4.06 | ppl    58.048
| epoch   7 step    90800 |   5720 batches | lr 0.000143 | ms/batch 2628.41 | loss  4.06 | ppl    58.144
| epoch   7 step    91000 |   5920 batches | lr 0.000143 | ms/batch 2628.71 | loss  4.06 | ppl    58.154
| epoch   7 step    91200 |   6120 batches | lr 0.000142 | ms/batch 2627.84 | loss  4.07 | ppl    58.274
| epoch   7 step    91400 |   6320 batches | lr 0.000142 | ms/batch 2628.94 | loss  4.06 | ppl    57.835
| epoch   7 step    91600 |   6520 batches | lr 0.000141 | ms/batch 2628.07 | loss  4.06 | ppl    58.032
| epoch   7 step    91800 |   6720 batches | lr 0.000141 | ms/batch 2628.37 | loss  4.06 | ppl    57.901
| epoch   7 step    92000 |   6920 batches | lr 0.000141 | ms/batch 2628.59 | loss  4.06 | ppl    57.819
----------------------------------------------------------------------------------------------------
| Eval  23 at step    92000 | time: 10527.68s | valid loss  4.34 | valid ppl    76.986
----------------------------------------------------------------------------------------------------
| epoch   7 step    92200 |   7120 batches | lr 0.00014 | ms/batch 2707.46 | loss  4.06 | ppl    58.023
| epoch   7 step    92400 |   7320 batches | lr 0.00014 | ms/batch 2627.21 | loss  4.06 | ppl    57.925
| epoch   7 step    92600 |   7520 batches | lr 0.000139 | ms/batch 2611.66 | loss  4.06 | ppl    57.970
| epoch   7 step    92800 |   7720 batches | lr 0.000139 | ms/batch 2609.43 | loss  4.07 | ppl    58.334
| epoch   7 step    93000 |   7920 batches | lr 0.000139 | ms/batch 2608.91 | loss  4.06 | ppl    58.087
| epoch   7 step    93200 |   8120 batches | lr 0.000138 | ms/batch 2610.12 | loss  4.06 | ppl    57.915
| epoch   7 step    93400 |   8320 batches | lr 0.000138 | ms/batch 2608.85 | loss  4.06 | ppl    57.906
| epoch   7 step    93600 |   8520 batches | lr 0.000138 | ms/batch 2619.14 | loss  4.06 | ppl    57.852
| epoch   7 step    93800 |   8720 batches | lr 0.000137 | ms/batch 2623.85 | loss  4.06 | ppl    57.818
| epoch   7 step    94000 |   8920 batches | lr 0.000137 | ms/batch 2625.25 | loss  4.06 | ppl    57.735
| epoch   7 step    94200 |   9120 batches | lr 0.000136 | ms/batch 2617.30 | loss  4.05 | ppl    57.685
| epoch   7 step    94400 |   9320 batches | lr 0.000136 | ms/batch 2609.85 | loss  4.06 | ppl    57.726
| epoch   7 step    94600 |   9520 batches | lr 0.000136 | ms/batch 2612.28 | loss  4.06 | ppl    57.778
| epoch   7 step    94800 |   9720 batches | lr 0.000135 | ms/batch 2622.74 | loss  4.05 | ppl    57.593
| epoch   7 step    95000 |   9920 batches | lr 0.000135 | ms/batch 2628.17 | loss  4.06 | ppl    58.025
| epoch   7 step    95200 |  10120 batches | lr 0.000134 | ms/batch 2620.71 | loss  4.05 | ppl    57.580
| epoch   7 step    95400 |  10320 batches | lr 0.000134 | ms/batch 2609.40 | loss  4.06 | ppl    57.748
| epoch   7 step    95600 |  10520 batches | lr 0.000134 | ms/batch 2610.15 | loss  4.05 | ppl    57.546
| epoch   7 step    95800 |  10720 batches | lr 0.000133 | ms/batch 2622.72 | loss  4.05 | ppl    57.654
| epoch   7 step    96000 |  10920 batches | lr 0.000133 | ms/batch 2623.51 | loss  4.06 | ppl    57.741
----------------------------------------------------------------------------------------------------
| Eval  24 at step    96000 | time: 10483.90s | valid loss  4.33 | valid ppl    75.748
----------------------------------------------------------------------------------------------------
| epoch   7 step    96200 |  11120 batches | lr 0.000132 | ms/batch 2709.07 | loss  4.06 | ppl    57.728
| epoch   7 step    96400 |  11320 batches | lr 0.000132 | ms/batch 2623.76 | loss  4.06 | ppl    57.775
| epoch   7 step    96600 |  11520 batches | lr 0.000132 | ms/batch 2612.73 | loss  4.05 | ppl    57.604
| epoch   7 step    96800 |  11720 batches | lr 0.000131 | ms/batch 2618.35 | loss  4.05 | ppl    57.469
| epoch   7 step    97000 |  11920 batches | lr 0.000131 | ms/batch 2620.91 | loss  4.05 | ppl    57.518
| epoch   7 step    97200 |  12120 batches | lr 0.00013 | ms/batch 2622.90 | loss  4.05 | ppl    57.481
| epoch   7 step    97400 |  12320 batches | lr 0.00013 | ms/batch 2616.38 | loss  4.05 | ppl    57.669
| epoch   7 step    97600 |  12520 batches | lr 0.00013 | ms/batch 2610.25 | loss  4.05 | ppl    57.535
| epoch   7 step    97800 |  12720 batches | lr 0.000129 | ms/batch 2624.27 | loss  4.05 | ppl    57.414
| epoch   7 step    98000 |  12920 batches | lr 0.000129 | ms/batch 2608.48 | loss  4.05 | ppl    57.323
| epoch   7 step    98200 |  13120 batches | lr 0.000129 | ms/batch 2611.10 | loss  4.05 | ppl    57.597
| epoch   7 step    98400 |  13320 batches | lr 0.000128 | ms/batch 2610.29 | loss  4.05 | ppl    57.441
| epoch   7 step    98600 |  13520 batches | lr 0.000128 | ms/batch 2608.71 | loss  4.05 | ppl    57.331
| epoch   7 step    98800 |  13720 batches | lr 0.000127 | ms/batch 2613.34 | loss  4.05 | ppl    57.482
| epoch   7 step    99000 |  13920 batches | lr 0.000127 | ms/batch 2614.43 | loss  4.05 | ppl    57.477
| epoch   7 step    99200 |  14120 batches | lr 0.000127 | ms/batch 2614.93 | loss  4.05 | ppl    57.336
| epoch   8 step    99400 |    140 batches | lr 0.000126 | ms/batch 2614.25 | loss  4.02 | ppl    55.698
| epoch   8 step    99600 |    340 batches | lr 0.000126 | ms/batch 2614.41 | loss  4.01 | ppl    55.113
| epoch   8 step    99800 |    540 batches | lr 0.000125 | ms/batch 2614.85 | loss  4.01 | ppl    55.268
| epoch   8 step   100000 |    740 batches | lr 0.000125 | ms/batch 2614.74 | loss  4.01 | ppl    55.136
----------------------------------------------------------------------------------------------------
| Eval  25 at step   100000 | time: 10477.57s | valid loss  4.33 | valid ppl    75.624
----------------------------------------------------------------------------------------------------
| epoch   8 step   100200 |    940 batches | lr 0.000125 | ms/batch 2699.17 | loss  4.01 | ppl    55.171
| epoch   8 step   100400 |   1140 batches | lr 0.000124 | ms/batch 2614.92 | loss  4.01 | ppl    55.380
| epoch   8 step   100600 |   1340 batches | lr 0.000124 | ms/batch 2614.86 | loss  4.01 | ppl    55.389
| epoch   8 step   100800 |   1540 batches | lr 0.000123 | ms/batch 2615.48 | loss  4.01 | ppl    55.330
| epoch   8 step   101000 |   1740 batches | lr 0.000123 | ms/batch 2614.64 | loss  4.01 | ppl    55.325
| epoch   8 step   101200 |   1940 batches | lr 0.000123 | ms/batch 2615.30 | loss  4.01 | ppl    55.339
| epoch   8 step   101400 |   2140 batches | lr 0.000122 | ms/batch 2614.66 | loss  4.02 | ppl    55.496
| epoch   8 step   101600 |   2340 batches | lr 0.000122 | ms/batch 2614.91 | loss  4.02 | ppl    55.540
| epoch   8 step   101800 |   2540 batches | lr 0.000121 | ms/batch 2614.16 | loss  4.02 | ppl    55.434
| epoch   8 step   102000 |   2740 batches | lr 0.000121 | ms/batch 2615.20 | loss  4.02 | ppl    55.527
| epoch   8 step   102200 |   2940 batches | lr 0.000121 | ms/batch 2618.90 | loss  4.02 | ppl    55.527
| epoch   8 step   102400 |   3140 batches | lr 0.00012 | ms/batch 2620.71 | loss  4.02 | ppl    55.483
| epoch   8 step   102600 |   3340 batches | lr 0.00012 | ms/batch 2618.04 | loss  4.02 | ppl    55.705
| epoch   8 step   102800 |   3540 batches | lr 0.00012 | ms/batch 2618.76 | loss  4.02 | ppl    55.529
| epoch   8 step   103000 |   3740 batches | lr 0.000119 | ms/batch 2619.14 | loss  4.01 | ppl    55.403
| epoch   8 step   103200 |   3940 batches | lr 0.000119 | ms/batch 2617.62 | loss  4.02 | ppl    55.449
| epoch   8 step   103400 |   4140 batches | lr 0.000118 | ms/batch 2618.97 | loss  4.02 | ppl    55.438
| epoch   8 step   103600 |   4340 batches | lr 0.000118 | ms/batch 2619.09 | loss  4.02 | ppl    55.598
| epoch   8 step   103800 |   4540 batches | lr 0.000118 | ms/batch 2619.13 | loss  4.01 | ppl    55.338
| epoch   8 step   104000 |   4740 batches | lr 0.000117 | ms/batch 2617.53 | loss  4.02 | ppl    55.514
----------------------------------------------------------------------------------------------------
| Eval  26 at step   104000 | time: 10482.21s | valid loss  4.32 | valid ppl    75.175
----------------------------------------------------------------------------------------------------
| epoch   8 step   104200 |   4940 batches | lr 0.000117 | ms/batch 2701.19 | loss  4.02 | ppl    55.546
| epoch   8 step   104400 |   5140 batches | lr 0.000116 | ms/batch 2618.98 | loss  4.02 | ppl    55.496
| epoch   8 step   104600 |   5340 batches | lr 0.000116 | ms/batch 2618.10 | loss  4.01 | ppl    55.404
| epoch   8 step   104800 |   5540 batches | lr 0.000116 | ms/batch 2618.59 | loss  4.01 | ppl    55.312
| epoch   8 step   105000 |   5740 batches | lr 0.000115 | ms/batch 2618.65 | loss  4.01 | ppl    55.352
| epoch   8 step   105200 |   5940 batches | lr 0.000115 | ms/batch 2618.08 | loss  4.02 | ppl    55.679
| epoch   8 step   105400 |   6140 batches | lr 0.000114 | ms/batch 2618.84 | loss  4.02 | ppl    55.508
| epoch   8 step   105600 |   6340 batches | lr 0.000114 | ms/batch 2618.21 | loss  4.02 | ppl    55.456
| epoch   8 step   105800 |   6540 batches | lr 0.000114 | ms/batch 2619.80 | loss  4.02 | ppl    55.456
| epoch   8 step   106000 |   6740 batches | lr 0.000113 | ms/batch 2618.66 | loss  4.02 | ppl    55.516
| epoch   8 step   106200 |   6940 batches | lr 0.000113 | ms/batch 2618.30 | loss  4.02 | ppl    55.604
| epoch   8 step   106400 |   7140 batches | lr 0.000112 | ms/batch 2617.84 | loss  4.02 | ppl    55.438
| epoch   8 step   106600 |   7340 batches | lr 0.000112 | ms/batch 2618.18 | loss  4.01 | ppl    55.339
| epoch   8 step   106800 |   7540 batches | lr 0.000112 | ms/batch 2618.72 | loss  4.01 | ppl    55.325
| epoch   8 step   107000 |   7740 batches | lr 0.000111 | ms/batch 2618.97 | loss  4.01 | ppl    55.234
| epoch   8 step   107200 |   7940 batches | lr 0.000111 | ms/batch 2618.68 | loss  4.01 | ppl    55.334
| epoch   8 step   107400 |   8140 batches | lr 0.000111 | ms/batch 2618.85 | loss  4.01 | ppl    55.354
| epoch   8 step   107600 |   8340 batches | lr 0.00011 | ms/batch 2619.10 | loss  4.01 | ppl    55.344
| epoch   8 step   107800 |   8540 batches | lr 0.00011 | ms/batch 2619.50 | loss  4.01 | ppl    55.404
| epoch   8 step   108000 |   8740 batches | lr 0.000109 | ms/batch 2618.00 | loss  4.01 | ppl    55.401
----------------------------------------------------------------------------------------------------
| Eval  27 at step   108000 | time: 10489.35s | valid loss  4.31 | valid ppl    74.523
----------------------------------------------------------------------------------------------------
| epoch   8 step   108200 |   8940 batches | lr 0.000109 | ms/batch 2702.96 | loss  4.01 | ppl    55.261
| epoch   8 step   108400 |   9140 batches | lr 0.000109 | ms/batch 2618.89 | loss  4.02 | ppl    55.445
| epoch   8 step   108600 |   9340 batches | lr 0.000108 | ms/batch 2618.92 | loss  4.01 | ppl    55.323
| epoch   8 step   108800 |   9540 batches | lr 0.000108 | ms/batch 2618.89 | loss  4.01 | ppl    55.224
| epoch   8 step   109000 |   9740 batches | lr 0.000107 | ms/batch 2618.82 | loss  4.01 | ppl    55.056
| epoch   8 step   109200 |   9940 batches | lr 0.000107 | ms/batch 2615.79 | loss  4.01 | ppl    55.245
| epoch   8 step   109400 |  10140 batches | lr 0.000107 | ms/batch 2614.61 | loss  4.01 | ppl    55.135
| epoch   8 step   109600 |  10340 batches | lr 0.000106 | ms/batch 2614.59 | loss  4.01 | ppl    55.058
| epoch   8 step   109800 |  10540 batches | lr 0.000106 | ms/batch 2614.61 | loss  4.01 | ppl    54.950
| epoch   8 step   110000 |  10740 batches | lr 0.000105 | ms/batch 2614.22 | loss  4.01 | ppl    55.017
| epoch   8 step   110200 |  10940 batches | lr 0.000105 | ms/batch 2614.69 | loss  4.01 | ppl    55.289
| epoch   8 step   110400 |  11140 batches | lr 0.000105 | ms/batch 2615.04 | loss  4.01 | ppl    55.020
| epoch   8 step   110600 |  11340 batches | lr 0.000104 | ms/batch 2614.48 | loss  4.01 | ppl    55.157
| epoch   8 step   110800 |  11540 batches | lr 0.000104 | ms/batch 2615.09 | loss  4.01 | ppl    54.879
| epoch   8 step   111000 |  11740 batches | lr 0.000104 | ms/batch 2614.66 | loss  4.01 | ppl    55.358
| epoch   8 step   111200 |  11940 batches | lr 0.000103 | ms/batch 2614.54 | loss  4.01 | ppl    55.302
| epoch   8 step   111400 |  12140 batches | lr 0.000103 | ms/batch 2614.43 | loss  4.01 | ppl    55.137
| epoch   8 step   111600 |  12340 batches | lr 0.000102 | ms/batch 2614.63 | loss  4.01 | ppl    54.953
| epoch   8 step   111800 |  12540 batches | lr 0.000102 | ms/batch 2614.49 | loss  4.01 | ppl    55.084
| epoch   8 step   112000 |  12740 batches | lr 0.000102 | ms/batch 2614.51 | loss  4.01 | ppl    54.987
----------------------------------------------------------------------------------------------------
| Eval  28 at step   112000 | time: 10477.44s | valid loss  4.30 | valid ppl    73.950
----------------------------------------------------------------------------------------------------
| epoch   8 step   112200 |  12940 batches | lr 0.000101 | ms/batch 2698.01 | loss  4.01 | ppl    55.127
| epoch   8 step   112400 |  13140 batches | lr 0.000101 | ms/batch 2614.43 | loss  4.01 | ppl    55.020
| epoch   8 step   112600 |  13340 batches | lr 0.0001 | ms/batch 2614.72 | loss  4.00 | ppl    54.842
| epoch   8 step   112800 |  13540 batches | lr 0.0001 | ms/batch 2614.44 | loss  4.01 | ppl    54.953
| epoch   8 step   113000 |  13740 batches | lr 9.97e-05 | ms/batch 2620.63 | loss  4.01 | ppl    54.990
| epoch   8 step   113200 |  13940 batches | lr 9.93e-05 | ms/batch 2614.35 | loss  4.01 | ppl    54.974
| epoch   8 step   113400 |  14140 batches | lr 9.89e-05 | ms/batch 2615.71 | loss  4.00 | ppl    54.821
| epoch   9 step   113600 |    160 batches | lr 9.85e-05 | ms/batch 2620.30 | loss  3.97 | ppl    53.174
| epoch   9 step   113800 |    360 batches | lr 9.81e-05 | ms/batch 2614.69 | loss  3.97 | ppl    52.769
| epoch   9 step   114000 |    560 batches | lr 9.77e-05 | ms/batch 2614.62 | loss  3.97 | ppl    53.175
| epoch   9 step   114200 |    760 batches | lr 9.73e-05 | ms/batch 2614.21 | loss  3.97 | ppl    52.930
| epoch   9 step   114400 |    960 batches | lr 9.7e-05 | ms/batch 2614.71 | loss  3.97 | ppl    53.030
| epoch   9 step   114600 |   1160 batches | lr 9.66e-05 | ms/batch 2614.52 | loss  3.97 | ppl    53.218
| epoch   9 step   114800 |   1360 batches | lr 9.62e-05 | ms/batch 2615.10 | loss  3.97 | ppl    52.924
| epoch   9 step   115000 |   1560 batches | lr 9.58e-05 | ms/batch 2614.23 | loss  3.97 | ppl    53.172
| epoch   9 step   115200 |   1760 batches | lr 9.54e-05 | ms/batch 2614.60 | loss  3.97 | ppl    53.037
| epoch   9 step   115400 |   1960 batches | lr 9.51e-05 | ms/batch 2614.46 | loss  3.97 | ppl    53.230
| epoch   9 step   115600 |   2160 batches | lr 9.47e-05 | ms/batch 2614.65 | loss  3.97 | ppl    53.030
| epoch   9 step   115800 |   2360 batches | lr 9.43e-05 | ms/batch 2614.17 | loss  3.98 | ppl    53.265
| epoch   9 step   116000 |   2560 batches | lr 9.39e-05 | ms/batch 2614.11 | loss  3.97 | ppl    53.248
----------------------------------------------------------------------------------------------------
| Eval  29 at step   116000 | time: 10475.16s | valid loss  4.31 | valid ppl    74.308
----------------------------------------------------------------------------------------------------
| epoch   9 step   116200 |   2760 batches | lr 9.35e-05 | ms/batch 2687.08 | loss  3.97 | ppl    53.197
| epoch   9 step   116400 |   2960 batches | lr 9.32e-05 | ms/batch 2614.69 | loss  3.98 | ppl    53.275
| epoch   9 step   116600 |   3160 batches | lr 9.28e-05 | ms/batch 2614.36 | loss  3.98 | ppl    53.360
| epoch   9 step   116800 |   3360 batches | lr 9.24e-05 | ms/batch 2614.46 | loss  3.98 | ppl    53.327
| epoch   9 step   117000 |   3560 batches | lr 9.2e-05 | ms/batch 2614.67 | loss  3.97 | ppl    53.166
| epoch   9 step   117200 |   3760 batches | lr 9.16e-05 | ms/batch 2614.82 | loss  3.98 | ppl    53.407
| epoch   9 step   117400 |   3960 batches | lr 9.13e-05 | ms/batch 2614.36 | loss  3.97 | ppl    53.107
| epoch   9 step   117600 |   4160 batches | lr 9.09e-05 | ms/batch 2614.69 | loss  3.97 | ppl    53.149
| epoch   9 step   117800 |   4360 batches | lr 9.05e-05 | ms/batch 2614.56 | loss  3.98 | ppl    53.285
| epoch   9 step   118000 |   4560 batches | lr 9.01e-05 | ms/batch 2614.98 | loss  3.97 | ppl    53.192
| epoch   9 step   118200 |   4760 batches | lr 8.97e-05 | ms/batch 2614.45 | loss  3.97 | ppl    53.191
| epoch   9 step   118400 |   4960 batches | lr 8.94e-05 | ms/batch 2615.38 | loss  3.97 | ppl    53.151
| epoch   9 step   118600 |   5160 batches | lr 8.9e-05 | ms/batch 2615.17 | loss  3.97 | ppl    53.002
| epoch   9 step   118800 |   5360 batches | lr 8.86e-05 | ms/batch 2614.63 | loss  3.97 | ppl    53.071
| epoch   9 step   119000 |   5560 batches | lr 8.82e-05 | ms/batch 2614.29 | loss  3.97 | ppl    53.212
| epoch   9 step   119200 |   5760 batches | lr 8.79e-05 | ms/batch 2614.61 | loss  3.97 | ppl    53.182
| epoch   9 step   119400 |   5960 batches | lr 8.75e-05 | ms/batch 2614.90 | loss  3.98 | ppl    53.314
| epoch   9 step   119600 |   6160 batches | lr 8.71e-05 | ms/batch 2614.70 | loss  3.97 | ppl    53.100
| epoch   9 step   119800 |   6360 batches | lr 8.67e-05 | ms/batch 2614.19 | loss  3.98 | ppl    53.259
| epoch   9 step   120000 |   6560 batches | lr 8.64e-05 | ms/batch 2614.82 | loss  3.97 | ppl    53.155
----------------------------------------------------------------------------------------------------
| Eval  30 at step   120000 | time: 10473.25s | valid loss  4.30 | valid ppl    73.668
----------------------------------------------------------------------------------------------------
| epoch   9 step   120200 |   6760 batches | lr 8.6e-05 | ms/batch 2699.15 | loss  3.97 | ppl    52.984
| epoch   9 step   120400 |   6960 batches | lr 8.56e-05 | ms/batch 2614.81 | loss  3.97 | ppl    53.114
| epoch   9 step   120600 |   7160 batches | lr 8.53e-05 | ms/batch 2614.52 | loss  3.97 | ppl    53.016
| epoch   9 step   120800 |   7360 batches | lr 8.49e-05 | ms/batch 2614.36 | loss  3.97 | ppl    53.027
| epoch   9 step   121000 |   7560 batches | lr 8.45e-05 | ms/batch 2615.22 | loss  3.98 | ppl    53.364
| epoch   9 step   121200 |   7760 batches | lr 8.41e-05 | ms/batch 2614.22 | loss  3.97 | ppl    53.182
| epoch   9 step   121400 |   7960 batches | lr 8.38e-05 | ms/batch 2614.28 | loss  3.97 | ppl    53.049
| epoch   9 step   121600 |   8160 batches | lr 8.34e-05 | ms/batch 2615.01 | loss  3.97 | ppl    53.135
| epoch   9 step   121800 |   8360 batches | lr 8.3e-05 | ms/batch 2614.28 | loss  3.97 | ppl    53.107
| epoch   9 step   122000 |   8560 batches | lr 8.27e-05 | ms/batch 2614.32 | loss  3.97 | ppl    52.975
| epoch   9 step   122200 |   8760 batches | lr 8.23e-05 | ms/batch 2614.35 | loss  3.97 | ppl    53.039
| epoch   9 step   122400 |   8960 batches | lr 8.19e-05 | ms/batch 2614.52 | loss  3.97 | ppl    53.078
| epoch   9 step   122600 |   9160 batches | lr 8.16e-05 | ms/batch 2614.76 | loss  3.97 | ppl    53.168
| epoch   9 step   122800 |   9360 batches | lr 8.12e-05 | ms/batch 2615.35 | loss  3.97 | ppl    53.239
| epoch   9 step   123000 |   9560 batches | lr 8.08e-05 | ms/batch 2615.13 | loss  3.97 | ppl    53.095
| epoch   9 step   123200 |   9760 batches | lr 8.04e-05 | ms/batch 2614.25 | loss  3.97 | ppl    52.994
| epoch   9 step   123400 |   9960 batches | lr 8.01e-05 | ms/batch 2614.49 | loss  3.97 | ppl    52.975
| epoch   9 step   123600 |  10160 batches | lr 7.97e-05 | ms/batch 2614.90 | loss  3.97 | ppl    53.033
| epoch   9 step   123800 |  10360 batches | lr 7.93e-05 | ms/batch 2615.05 | loss  3.97 | ppl    52.977
| epoch   9 step   124000 |  10560 batches | lr 7.9e-05 | ms/batch 2614.86 | loss  3.97 | ppl    52.876
----------------------------------------------------------------------------------------------------
| Eval  31 at step   124000 | time: 10473.49s | valid loss  4.29 | valid ppl    73.193
----------------------------------------------------------------------------------------------------
| epoch   9 step   124200 |  10760 batches | lr 7.86e-05 | ms/batch 2699.90 | loss  3.97 | ppl    52.798
| epoch   9 step   124400 |  10960 batches | lr 7.83e-05 | ms/batch 2614.61 | loss  3.97 | ppl    52.988
| epoch   9 step   124600 |  11160 batches | lr 7.79e-05 | ms/batch 2614.90 | loss  3.97 | ppl    52.957
| epoch   9 step   124800 |  11360 batches | lr 7.75e-05 | ms/batch 2614.22 | loss  3.97 | ppl    52.975
| epoch   9 step   125000 |  11560 batches | lr 7.72e-05 | ms/batch 2614.17 | loss  3.97 | ppl    53.046
| epoch   9 step   125200 |  11760 batches | lr 7.68e-05 | ms/batch 2615.00 | loss  3.97 | ppl    52.944
| epoch   9 step   125400 |  11960 batches | lr 7.64e-05 | ms/batch 2614.63 | loss  3.97 | ppl    52.953
| epoch   9 step   125600 |  12160 batches | lr 7.61e-05 | ms/batch 2615.03 | loss  3.97 | ppl    52.969
| epoch   9 step   125800 |  12360 batches | lr 7.57e-05 | ms/batch 2615.26 | loss  3.97 | ppl    52.917
| epoch   9 step   126000 |  12560 batches | lr 7.54e-05 | ms/batch 2614.20 | loss  3.97 | ppl    52.943
| epoch   9 step   126200 |  12760 batches | lr 7.5e-05 | ms/batch 2614.70 | loss  3.97 | ppl    52.764
| epoch   9 step   126400 |  12960 batches | lr 7.46e-05 | ms/batch 2615.11 | loss  3.97 | ppl    52.809
| epoch   9 step   126600 |  13160 batches | lr 7.43e-05 | ms/batch 2614.68 | loss  3.96 | ppl    52.690
| epoch   9 step   126800 |  13360 batches | lr 7.39e-05 | ms/batch 2614.42 | loss  3.97 | ppl    52.974
| epoch   9 step   127000 |  13560 batches | lr 7.36e-05 | ms/batch 2614.39 | loss  3.97 | ppl    52.806
| epoch   9 step   127200 |  13760 batches | lr 7.32e-05 | ms/batch 2614.69 | loss  3.96 | ppl    52.467
| epoch   9 step   127400 |  13960 batches | lr 7.28e-05 | ms/batch 2614.65 | loss  3.97 | ppl    52.760
| epoch   9 step   127600 |  14160 batches | lr 7.25e-05 | ms/batch 2614.74 | loss  3.96 | ppl    52.585
| epoch  10 step   127800 |    180 batches | lr 7.21e-05 | ms/batch 2614.38 | loss  3.94 | ppl    51.239
| epoch  10 step   128000 |    380 batches | lr 7.18e-05 | ms/batch 2615.04 | loss  3.93 | ppl    51.051
----------------------------------------------------------------------------------------------------
| Eval  32 at step   128000 | time: 10473.28s | valid loss  4.29 | valid ppl    72.759
----------------------------------------------------------------------------------------------------
| epoch  10 step   128200 |    580 batches | lr 7.14e-05 | ms/batch 2696.47 | loss  3.93 | ppl    50.905
| epoch  10 step   128400 |    780 batches | lr 7.11e-05 | ms/batch 2614.88 | loss  3.93 | ppl    51.137
| epoch  10 step   128600 |    980 batches | lr 7.07e-05 | ms/batch 2614.49 | loss  3.93 | ppl    50.841
| epoch  10 step   128800 |   1180 batches | lr 7.04e-05 | ms/batch 2614.66 | loss  3.93 | ppl    50.907
| epoch  10 step   129000 |   1380 batches | lr 7e-05 | ms/batch 2614.48 | loss  3.93 | ppl    51.066
| epoch  10 step   129200 |   1580 batches | lr 6.97e-05 | ms/batch 2614.70 | loss  3.93 | ppl    51.062
| epoch  10 step   129400 |   1780 batches | lr 6.93e-05 | ms/batch 2614.53 | loss  3.94 | ppl    51.171
| epoch  10 step   129600 |   1980 batches | lr 6.9e-05 | ms/batch 2615.07 | loss  3.94 | ppl    51.303
| epoch  10 step   129800 |   2180 batches | lr 6.86e-05 | ms/batch 2614.63 | loss  3.93 | ppl    51.112
| epoch  10 step   130000 |   2380 batches | lr 6.83e-05 | ms/batch 2614.22 | loss  3.94 | ppl    51.298
| epoch  10 step   130200 |   2580 batches | lr 6.79e-05 | ms/batch 2614.66 | loss  3.94 | ppl    51.243
| epoch  10 step   130400 |   2780 batches | lr 6.76e-05 | ms/batch 2614.62 | loss  3.94 | ppl    51.429
| epoch  10 step   130600 |   2980 batches | lr 6.72e-05 | ms/batch 2614.78 | loss  3.93 | ppl    51.041
| epoch  10 step   130800 |   3180 batches | lr 6.69e-05 | ms/batch 2615.58 | loss  3.93 | ppl    51.049
| epoch  10 step   131000 |   3380 batches | lr 6.65e-05 | ms/batch 2614.67 | loss  3.94 | ppl    51.368
| epoch  10 step   131200 |   3580 batches | lr 6.62e-05 | ms/batch 2614.27 | loss  3.93 | ppl    51.160
| epoch  10 step   131400 |   3780 batches | lr 6.58e-05 | ms/batch 2614.70 | loss  3.94 | ppl    51.226
| epoch  10 step   131600 |   3980 batches | lr 6.55e-05 | ms/batch 2614.47 | loss  3.94 | ppl    51.436
| epoch  10 step   131800 |   4180 batches | lr 6.51e-05 | ms/batch 2614.12 | loss  3.94 | ppl    51.175
| epoch  10 step   132000 |   4380 batches | lr 6.48e-05 | ms/batch 2614.60 | loss  3.94 | ppl    51.242
----------------------------------------------------------------------------------------------------
| Eval  33 at step   132000 | time: 10473.15s | valid loss  4.28 | valid ppl    72.457
----------------------------------------------------------------------------------------------------
| epoch  10 step   132200 |   4580 batches | lr 6.44e-05 | ms/batch 2695.78 | loss  3.94 | ppl    51.181
| epoch  10 step   132400 |   4780 batches | lr 6.41e-05 | ms/batch 2614.77 | loss  3.94 | ppl    51.358
| epoch  10 step   132600 |   4980 batches | lr 6.38e-05 | ms/batch 2614.52 | loss  3.93 | ppl    51.090
| epoch  10 step   132800 |   5180 batches | lr 6.34e-05 | ms/batch 2615.04 | loss  3.94 | ppl    51.271
| epoch  10 step   133000 |   5380 batches | lr 6.31e-05 | ms/batch 2614.58 | loss  3.94 | ppl    51.212
| epoch  10 step   133200 |   5580 batches | lr 6.27e-05 | ms/batch 2614.80 | loss  3.94 | ppl    51.305
| epoch  10 step   133400 |   5780 batches | lr 6.24e-05 | ms/batch 2614.66 | loss  3.94 | ppl    51.277
| epoch  10 step   133600 |   5980 batches | lr 6.2e-05 | ms/batch 2614.56 | loss  3.93 | ppl    51.068
| epoch  10 step   133800 |   6180 batches | lr 6.17e-05 | ms/batch 2616.12 | loss  3.94 | ppl    51.229
| epoch  10 step   134000 |   6380 batches | lr 6.14e-05 | ms/batch 2614.34 | loss  3.94 | ppl    51.267
| epoch  10 step   134200 |   6580 batches | lr 6.1e-05 | ms/batch 2614.01 | loss  3.93 | ppl    51.070
| epoch  10 step   134400 |   6780 batches | lr 6.07e-05 | ms/batch 2614.72 | loss  3.94 | ppl    51.333
| epoch  10 step   134600 |   6980 batches | lr 6.04e-05 | ms/batch 2614.60 | loss  3.94 | ppl    51.232
| epoch  10 step   134800 |   7180 batches | lr 6e-05 | ms/batch 2614.59 | loss  3.94 | ppl    51.266
| epoch  10 step   135000 |   7380 batches | lr 5.97e-05 | ms/batch 2614.59 | loss  3.93 | ppl    51.074
| epoch  10 step   135200 |   7580 batches | lr 5.94e-05 | ms/batch 2619.40 | loss  3.94 | ppl    51.175
| epoch  10 step   135400 |   7780 batches | lr 5.9e-05 | ms/batch 2624.80 | loss  3.93 | ppl    51.159
| epoch  10 step   135600 |   7980 batches | lr 5.87e-05 | ms/batch 2625.41 | loss  3.94 | ppl    51.169
| epoch  10 step   135800 |   8180 batches | lr 5.84e-05 | ms/batch 2625.17 | loss  3.93 | ppl    51.036
| epoch  10 step   136000 |   8380 batches | lr 5.8e-05 | ms/batch 2627.40 | loss  3.94 | ppl    51.286
----------------------------------------------------------------------------------------------------
| Eval  34 at step   136000 | time: 10484.32s | valid loss  4.27 | valid ppl    71.823
----------------------------------------------------------------------------------------------------
| epoch  10 step   136200 |   8580 batches | lr 5.77e-05 | ms/batch 2718.35 | loss  3.93 | ppl    51.150
| epoch  10 step   136400 |   8780 batches | lr 5.74e-05 | ms/batch 2626.21 | loss  3.94 | ppl    51.166
| epoch  10 step   136600 |   8980 batches | lr 5.7e-05 | ms/batch 2625.99 | loss  3.93 | ppl    51.124
| epoch  10 step   136800 |   9180 batches | lr 5.67e-05 | ms/batch 2626.64 | loss  3.93 | ppl    51.110
| epoch  10 step   137000 |   9380 batches | lr 5.64e-05 | ms/batch 2626.85 | loss  3.94 | ppl    51.166
| epoch  10 step   137200 |   9580 batches | lr 5.6e-05 | ms/batch 2626.21 | loss  3.94 | ppl    51.590
| epoch  10 step   137400 |   9780 batches | lr 5.57e-05 | ms/batch 2627.88 | loss  3.94 | ppl    51.207
| epoch  10 step   137600 |   9980 batches | lr 5.54e-05 | ms/batch 2628.14 | loss  3.94 | ppl    51.221
| epoch  10 step   137800 |  10180 batches | lr 5.51e-05 | ms/batch 2629.09 | loss  3.93 | ppl    51.089
| epoch  10 step   138000 |  10380 batches | lr 5.47e-05 | ms/batch 2628.77 | loss  3.93 | ppl    51.101
| epoch  10 step   138200 |  10580 batches | lr 5.44e-05 | ms/batch 2628.63 | loss  3.93 | ppl    50.894
| epoch  10 step   138400 |  10780 batches | lr 5.41e-05 | ms/batch 2628.74 | loss  3.93 | ppl    51.072
| epoch  10 step   138600 |  10980 batches | lr 5.38e-05 | ms/batch 2628.48 | loss  3.94 | ppl    51.187
| epoch  10 step   138800 |  11180 batches | lr 5.34e-05 | ms/batch 2627.78 | loss  3.93 | ppl    51.094
| epoch  10 step   139000 |  11380 batches | lr 5.31e-05 | ms/batch 2628.37 | loss  3.93 | ppl    51.136
| epoch  10 step   139200 |  11580 batches | lr 5.28e-05 | ms/batch 2628.37 | loss  3.93 | ppl    51.094
| epoch  10 step   139400 |  11780 batches | lr 5.25e-05 | ms/batch 2628.13 | loss  3.93 | ppl    51.032
| epoch  10 step   139600 |  11980 batches | lr 5.22e-05 | ms/batch 2627.96 | loss  3.93 | ppl    51.071
| epoch  10 step   139800 |  12180 batches | lr 5.18e-05 | ms/batch 2628.39 | loss  3.93 | ppl    51.009
| epoch  10 step   140000 |  12380 batches | lr 5.15e-05 | ms/batch 2628.51 | loss  3.94 | ppl    51.169
----------------------------------------------------------------------------------------------------
| Eval  35 at step   140000 | time: 10527.50s | valid loss  4.27 | valid ppl    71.530
----------------------------------------------------------------------------------------------------
| epoch  10 step   140200 |  12580 batches | lr 5.12e-05 | ms/batch 2720.91 | loss  3.93 | ppl    51.136
| epoch  10 step   140400 |  12780 batches | lr 5.09e-05 | ms/batch 2627.03 | loss  3.93 | ppl    50.975
| epoch  10 step   140600 |  12980 batches | lr 5.06e-05 | ms/batch 2627.38 | loss  3.94 | ppl    51.175
| epoch  10 step   140800 |  13180 batches | lr 5.03e-05 | ms/batch 2628.13 | loss  3.93 | ppl    50.999
| epoch  10 step   141000 |  13380 batches | lr 4.99e-05 | ms/batch 2628.52 | loss  3.93 | ppl    50.893
| epoch  10 step   141200 |  13580 batches | lr 4.96e-05 | ms/batch 2628.04 | loss  3.93 | ppl    50.896
| epoch  10 step   141400 |  13780 batches | lr 4.93e-05 | ms/batch 2628.56 | loss  3.93 | ppl    50.904
| epoch  10 step   141600 |  13980 batches | lr 4.9e-05 | ms/batch 2627.93 | loss  3.93 | ppl    50.965
| epoch  10 step   141800 |  14180 batches | lr 4.87e-05 | ms/batch 2627.60 | loss  3.93 | ppl    51.021
| epoch  11 step   142000 |    200 batches | lr 4.84e-05 | ms/batch 2628.42 | loss  3.90 | ppl    49.518
| epoch  11 step   142200 |    400 batches | lr 4.81e-05 | ms/batch 2627.83 | loss  3.90 | ppl    49.233
| epoch  11 step   142400 |    600 batches | lr 4.78e-05 | ms/batch 2627.15 | loss  3.90 | ppl    49.409
| epoch  11 step   142600 |    800 batches | lr 4.75e-05 | ms/batch 2627.62 | loss  3.90 | ppl    49.480
| epoch  11 step   142800 |   1000 batches | lr 4.72e-05 | ms/batch 2628.39 | loss  3.90 | ppl    49.436
| epoch  11 step   143000 |   1200 batches | lr 4.68e-05 | ms/batch 2627.91 | loss  3.90 | ppl    49.550
| epoch  11 step   143200 |   1400 batches | lr 4.65e-05 | ms/batch 2628.00 | loss  3.90 | ppl    49.423
| epoch  11 step   143400 |   1600 batches | lr 4.62e-05 | ms/batch 2627.80 | loss  3.90 | ppl    49.510
| epoch  11 step   143600 |   1800 batches | lr 4.59e-05 | ms/batch 2627.89 | loss  3.90 | ppl    49.617
| epoch  11 step   143800 |   2000 batches | lr 4.56e-05 | ms/batch 2628.18 | loss  3.90 | ppl    49.280
| epoch  11 step   144000 |   2200 batches | lr 4.53e-05 | ms/batch 2627.56 | loss  3.90 | ppl    49.469
----------------------------------------------------------------------------------------------------
| Eval  36 at step   144000 | time: 10527.52s | valid loss  4.28 | valid ppl    72.028
----------------------------------------------------------------------------------------------------
| epoch  11 step   144200 |   2400 batches | lr 4.5e-05 | ms/batch 2706.52 | loss  3.91 | ppl    49.689
| epoch  11 step   144400 |   2600 batches | lr 4.47e-05 | ms/batch 2628.16 | loss  3.90 | ppl    49.542
| epoch  11 step   144600 |   2800 batches | lr 4.44e-05 | ms/batch 2628.12 | loss  3.90 | ppl    49.555
| epoch  11 step   144800 |   3000 batches | lr 4.41e-05 | ms/batch 2628.13 | loss  3.90 | ppl    49.513
| epoch  11 step   145000 |   3200 batches | lr 4.38e-05 | ms/batch 2627.68 | loss  3.91 | ppl    49.741
| epoch  11 step   145200 |   3400 batches | lr 4.35e-05 | ms/batch 2627.66 | loss  3.90 | ppl    49.627
| epoch  11 step   145400 |   3600 batches | lr 4.32e-05 | ms/batch 2627.83 | loss  3.91 | ppl    49.668
| epoch  11 step   145600 |   3800 batches | lr 4.29e-05 | ms/batch 2628.30 | loss  3.90 | ppl    49.533
| epoch  11 step   145800 |   4000 batches | lr 4.26e-05 | ms/batch 2627.21 | loss  3.91 | ppl    49.693
| epoch  11 step   146000 |   4200 batches | lr 4.23e-05 | ms/batch 2628.38 | loss  3.91 | ppl    49.681
| epoch  11 step   146200 |   4400 batches | lr 4.2e-05 | ms/batch 2627.51 | loss  3.91 | ppl    49.737
| epoch  11 step   146400 |   4600 batches | lr 4.17e-05 | ms/batch 2627.42 | loss  3.90 | ppl    49.506
| epoch  11 step   146600 |   4800 batches | lr 4.15e-05 | ms/batch 2627.64 | loss  3.91 | ppl    49.729
| epoch  11 step   146800 |   5000 batches | lr 4.12e-05 | ms/batch 2628.24 | loss  3.90 | ppl    49.639
| epoch  11 step   147000 |   5200 batches | lr 4.09e-05 | ms/batch 2627.73 | loss  3.90 | ppl    49.609
| epoch  11 step   147200 |   5400 batches | lr 4.06e-05 | ms/batch 2627.89 | loss  3.90 | ppl    49.448
| epoch  11 step   147400 |   5600 batches | lr 4.03e-05 | ms/batch 2627.39 | loss  3.90 | ppl    49.649
| epoch  11 step   147600 |   5800 batches | lr 4e-05 | ms/batch 2627.73 | loss  3.90 | ppl    49.635
| epoch  11 step   147800 |   6000 batches | lr 3.97e-05 | ms/batch 2627.61 | loss  3.91 | ppl    49.785
| epoch  11 step   148000 |   6200 batches | lr 3.94e-05 | ms/batch 2627.63 | loss  3.91 | ppl    49.700
----------------------------------------------------------------------------------------------------
| Eval  37 at step   148000 | time: 10527.05s | valid loss  4.27 | valid ppl    71.523
----------------------------------------------------------------------------------------------------
| epoch  11 step   148200 |   6400 batches | lr 3.91e-05 | ms/batch 2713.13 | loss  3.90 | ppl    49.617
| epoch  11 step   148400 |   6600 batches | lr 3.89e-05 | ms/batch 2625.12 | loss  3.90 | ppl    49.446
| epoch  11 step   148600 |   6800 batches | lr 3.86e-05 | ms/batch 2626.47 | loss  3.90 | ppl    49.571
| epoch  11 step   148800 |   7000 batches | lr 3.83e-05 | ms/batch 2626.08 | loss  3.91 | ppl    49.766
| epoch  11 step   149000 |   7200 batches | lr 3.8e-05 | ms/batch 2628.07 | loss  3.90 | ppl    49.579
| epoch  11 step   149200 |   7400 batches | lr 3.77e-05 | ms/batch 2627.43 | loss  3.90 | ppl    49.516
| epoch  11 step   149400 |   7600 batches | lr 3.74e-05 | ms/batch 2628.36 | loss  3.91 | ppl    49.860
| epoch  11 step   149600 |   7800 batches | lr 3.72e-05 | ms/batch 2627.84 | loss  3.90 | ppl    49.649
| epoch  11 step   149800 |   8000 batches | lr 3.69e-05 | ms/batch 2627.33 | loss  3.91 | ppl    49.755
| epoch  11 step   150000 |   8200 batches | lr 3.66e-05 | ms/batch 2627.52 | loss  3.90 | ppl    49.568
| epoch  11 step   150200 |   8400 batches | lr 3.63e-05 | ms/batch 2627.61 | loss  3.90 | ppl    49.575
| epoch  11 step   150400 |   8600 batches | lr 3.61e-05 | ms/batch 2627.92 | loss  3.90 | ppl    49.588
| epoch  11 step   150600 |   8800 batches | lr 3.58e-05 | ms/batch 2627.62 | loss  3.91 | ppl    49.831
| epoch  11 step   150800 |   9000 batches | lr 3.55e-05 | ms/batch 2628.31 | loss  3.91 | ppl    49.717
| epoch  11 step   151000 |   9200 batches | lr 3.52e-05 | ms/batch 2628.07 | loss  3.91 | ppl    49.672
| epoch  11 step   151200 |   9400 batches | lr 3.5e-05 | ms/batch 2627.73 | loss  3.90 | ppl    49.582
| epoch  11 step   151400 |   9600 batches | lr 3.47e-05 | ms/batch 2628.54 | loss  3.90 | ppl    49.539
| epoch  11 step   151600 |   9800 batches | lr 3.44e-05 | ms/batch 2628.69 | loss  3.91 | ppl    49.651
| epoch  11 step   151800 |  10000 batches | lr 3.41e-05 | ms/batch 2628.17 | loss  3.90 | ppl    49.603
| epoch  11 step   152000 |  10200 batches | lr 3.39e-05 | ms/batch 2628.11 | loss  3.90 | ppl    49.531
----------------------------------------------------------------------------------------------------
| Eval  38 at step   152000 | time: 10525.79s | valid loss  4.27 | valid ppl    71.200
----------------------------------------------------------------------------------------------------
| epoch  11 step   152200 |  10400 batches | lr 3.36e-05 | ms/batch 2715.07 | loss  3.91 | ppl    49.668
| epoch  11 step   152400 |  10600 batches | lr 3.33e-05 | ms/batch 2627.43 | loss  3.90 | ppl    49.459
| epoch  11 step   152600 |  10800 batches | lr 3.31e-05 | ms/batch 2626.99 | loss  3.90 | ppl    49.367
| epoch  11 step   152800 |  11000 batches | lr 3.28e-05 | ms/batch 2626.33 | loss  3.90 | ppl    49.571
| epoch  11 step   153000 |  11200 batches | lr 3.25e-05 | ms/batch 2626.13 | loss  3.90 | ppl    49.610
| epoch  11 step   153200 |  11400 batches | lr 3.23e-05 | ms/batch 2626.99 | loss  3.90 | ppl    49.533
| epoch  11 step   153400 |  11600 batches | lr 3.2e-05 | ms/batch 2627.35 | loss  3.90 | ppl    49.588
| epoch  11 step   153600 |  11800 batches | lr 3.18e-05 | ms/batch 2627.38 | loss  3.90 | ppl    49.489
| epoch  11 step   153800 |  12000 batches | lr 3.15e-05 | ms/batch 2627.02 | loss  3.90 | ppl    49.544
| epoch  11 step   154000 |  12200 batches | lr 3.12e-05 | ms/batch 2627.40 | loss  3.91 | ppl    49.675
| epoch  11 step   154200 |  12400 batches | lr 3.1e-05 | ms/batch 2627.93 | loss  3.90 | ppl    49.642
| epoch  11 step   154400 |  12600 batches | lr 3.07e-05 | ms/batch 2627.56 | loss  3.90 | ppl    49.346
| epoch  11 step   154600 |  12800 batches | lr 3.05e-05 | ms/batch 2627.72 | loss  3.90 | ppl    49.527
| epoch  11 step   154800 |  13000 batches | lr 3.02e-05 | ms/batch 2627.48 | loss  3.91 | ppl    49.716
| epoch  11 step   155000 |  13200 batches | lr 2.99e-05 | ms/batch 2628.39 | loss  3.90 | ppl    49.584
| epoch  11 step   155200 |  13400 batches | lr 2.97e-05 | ms/batch 2627.94 | loss  3.90 | ppl    49.548
| epoch  11 step   155400 |  13600 batches | lr 2.94e-05 | ms/batch 2627.61 | loss  3.90 | ppl    49.600
| epoch  11 step   155600 |  13800 batches | lr 2.92e-05 | ms/batch 2627.85 | loss  3.90 | ppl    49.439
| epoch  11 step   155800 |  14000 batches | lr 2.89e-05 | ms/batch 2627.87 | loss  3.90 | ppl    49.485
| epoch  12 step   156000 |     20 batches | lr 2.87e-05 | ms/batch 2627.44 | loss  3.90 | ppl    49.496
----------------------------------------------------------------------------------------------------
| Eval  39 at step   156000 | time: 10525.21s | valid loss  4.26 | valid ppl    70.826
----------------------------------------------------------------------------------------------------
| epoch  12 step   156200 |    220 batches | lr 2.84e-05 | ms/batch 2719.82 | loss  3.87 | ppl    48.117
| epoch  12 step   156400 |    420 batches | lr 2.82e-05 | ms/batch 2628.61 | loss  3.88 | ppl    48.292
| epoch  12 step   156600 |    620 batches | lr 2.79e-05 | ms/batch 2628.37 | loss  3.87 | ppl    48.079
| epoch  12 step   156800 |    820 batches | lr 2.77e-05 | ms/batch 2627.87 | loss  3.87 | ppl    48.166
| epoch  12 step   157000 |   1020 batches | lr 2.74e-05 | ms/batch 2627.65 | loss  3.88 | ppl    48.186
| epoch  12 step   157200 |   1220 batches | lr 2.72e-05 | ms/batch 2628.04 | loss  3.88 | ppl    48.273
| epoch  12 step   157400 |   1420 batches | lr 2.7e-05 | ms/batch 2627.94 | loss  3.88 | ppl    48.258
| epoch  12 step   157600 |   1620 batches | lr 2.67e-05 | ms/batch 2627.68 | loss  3.88 | ppl    48.267
| epoch  12 step   157800 |   1820 batches | lr 2.65e-05 | ms/batch 2627.62 | loss  3.88 | ppl    48.405
| epoch  12 step   158000 |   2020 batches | lr 2.62e-05 | ms/batch 2627.44 | loss  3.88 | ppl    48.466
| epoch  12 step   158200 |   2220 batches | lr 2.6e-05 | ms/batch 2627.61 | loss  3.88 | ppl    48.352
| epoch  12 step   158400 |   2420 batches | lr 2.58e-05 | ms/batch 2628.25 | loss  3.88 | ppl    48.395
| epoch  12 step   158600 |   2620 batches | lr 2.55e-05 | ms/batch 2627.97 | loss  3.88 | ppl    48.330
| epoch  12 step   158800 |   2820 batches | lr 2.53e-05 | ms/batch 2628.04 | loss  3.88 | ppl    48.374
| epoch  12 step   159000 |   3020 batches | lr 2.5e-05 | ms/batch 2628.03 | loss  3.88 | ppl    48.302
| epoch  12 step   159200 |   3220 batches | lr 2.48e-05 | ms/batch 2627.75 | loss  3.88 | ppl    48.426
| epoch  12 step   159400 |   3420 batches | lr 2.46e-05 | ms/batch 2627.49 | loss  3.88 | ppl    48.458
| epoch  12 step   159600 |   3620 batches | lr 2.43e-05 | ms/batch 2627.78 | loss  3.88 | ppl    48.330
| epoch  12 step   159800 |   3820 batches | lr 2.41e-05 | ms/batch 2627.41 | loss  3.88 | ppl    48.287
| epoch  12 step   160000 |   4020 batches | lr 2.39e-05 | ms/batch 2627.78 | loss  3.88 | ppl    48.515
----------------------------------------------------------------------------------------------------
| Eval  40 at step   160000 | time: 10527.39s | valid loss  4.26 | valid ppl    71.048
----------------------------------------------------------------------------------------------------
| epoch  12 step   160200 |   4220 batches | lr 2.36e-05 | ms/batch 2706.65 | loss  3.88 | ppl    48.356
| epoch  12 step   160400 |   4420 batches | lr 2.34e-05 | ms/batch 2628.70 | loss  3.88 | ppl    48.392
| epoch  12 step   160600 |   4620 batches | lr 2.32e-05 | ms/batch 2629.59 | loss  3.88 | ppl    48.539
| epoch  12 step   160800 |   4820 batches | lr 2.3e-05 | ms/batch 2628.27 | loss  3.88 | ppl    48.469
| epoch  12 step   161000 |   5020 batches | lr 2.27e-05 | ms/batch 2629.13 | loss  3.88 | ppl    48.414
| epoch  12 step   161200 |   5220 batches | lr 2.25e-05 | ms/batch 2628.44 | loss  3.88 | ppl    48.367
| epoch  12 step   161400 |   5420 batches | lr 2.23e-05 | ms/batch 2628.12 | loss  3.88 | ppl    48.406
| epoch  12 step   161600 |   5620 batches | lr 2.21e-05 | ms/batch 2628.03 | loss  3.88 | ppl    48.481
| epoch  12 step   161800 |   5820 batches | lr 2.18e-05 | ms/batch 2628.84 | loss  3.88 | ppl    48.606
| epoch  12 step   162000 |   6020 batches | lr 2.16e-05 | ms/batch 2629.76 | loss  3.88 | ppl    48.327
| epoch  12 step   162200 |   6220 batches | lr 2.14e-05 | ms/batch 2630.72 | loss  3.88 | ppl    48.372
| epoch  12 step   162400 |   6420 batches | lr 2.12e-05 | ms/batch 2628.21 | loss  3.88 | ppl    48.563
| epoch  12 step   162600 |   6620 batches | lr 2.1e-05 | ms/batch 2623.70 | loss  3.88 | ppl    48.468
| epoch  12 step   162800 |   6820 batches | lr 2.07e-05 | ms/batch 2628.05 | loss  3.88 | ppl    48.490
srun: Job step aborted: Waiting up to 32 seconds for job step to finish.
slurmstepd: error: *** JOB 44919691 ON gpu35 CANCELLED AT 2019-09-09T14:04:31 DUE TO TIME LIMIT ***
slurmstepd: error: *** STEP 44919691.0 ON gpu35 CANCELLED AT 2019-09-09T14:04:31 DUE TO TIME LIMIT ***
Job has already finished for job 44919691
Job has already finished for job 44919691
