Run training...
Experiment dir : /m/triton/scratch/elec/puhe/p/jaina5/transformer-xl/FinnishXL/-Ktrain/20190909-114017
Loading cached dataset...
====================================================================================================
    - data : /m/triton/scratch/elec/puhe/p/jaina5/transformer-xl/FinnishXL/data/cp_kiel_train/
    - dataset : Ktrain
    - n_layer : 48
    - n_head : 8
    - d_head : 40
    - d_embed : 256
    - d_model : 256
    - d_inner : 1024
    - dropout : 0.05
    - dropatt : 0.05
    - init : normal
    - emb_init : normal
    - init_range : 0.1
    - emb_init_range : 0.01
    - init_std : 0.02
    - proj_init_std : 0.01
    - optim : adam
    - lr : 0.00025
    - mom : 0.0
    - scheduler : cosine
    - warmup_step : 20000
    - decay_rate : 0.5
    - lr_min : 0.0
    - clip : 0.25
    - clip_nonemb : False
    - max_step : 500000
    - batch_size : 200
    - batch_chunk : 4
    - tgt_len : 150
    - eval_tgt_len : 32
    - ext_len : 0
    - mem_len : 150
    - not_tied : False
    - seed : 1111
    - cuda : True
    - adaptive : False
    - div_val : 1
    - pre_lnorm : False
    - varlen : False
    - multi_gpu : False
    - log_interval : 200
    - eval_interval : 4000
    - work_dir : /m/triton/scratch/elec/puhe/p/jaina5/transformer-xl/FinnishXL/-Ktrain/20190909-114017
    - restart : True
    - restart_dir : /m/triton/scratch/elec/puhe/p/jaina5/transformer-xl/FinnishXL/-Ktrain/20190902-153055
    - debug : False
    - same_length : False
    - attn_type : 0
    - clamp_len : -1
    - eta_min : 0.0
    - gpu0_bsz : -1
    - max_eval_steps : -1
    - sample_softmax : -1
    - patience : 0
    - finetune_v2 : False
    - finetune_v3 : False
    - fp16 : False
    - static_loss_scale : 1
    - dynamic_loss_scale : False
    - tied : True
    - n_token : 34519
    - n_all_param : 53809239
    - n_nonemb_param : 44937216
====================================================================================================
#params = 53809239
#non emb params = 44937216
Traceback (most recent call last):
  File "train_kiel_train.py", line 539, in <module>
    train()
  File "train_kiel_train.py", line 436, in train
    ret = para_model(data_i, target_i, *mems[i])
  File "/share/apps2/anaconda/anaconda3/latest/lib/python3.6/site-packages/torch/nn/modules/module.py", line 489, in __call__
    result = self.forward(*input, **kwargs)
  File "/scratch/elec/puhe/p/jaina5/transformer-xl/FinnishXL/mem_transformer.py", line 754, in forward
    loss = self.crit(pred_hid.view(-1, pred_hid.size(-1)), target.view(-1))
  File "/share/apps2/anaconda/anaconda3/latest/lib/python3.6/site-packages/torch/nn/modules/module.py", line 489, in __call__
    result = self.forward(*input, **kwargs)
  File "utils/proj_adaptive_softmax.py", line 85, in forward
    self.out_layers[0].bias, self.out_projs[0])
  File "utils/proj_adaptive_softmax.py", line 61, in _compute_logit
    logit = F.linear(hidden, weight, bias=bias)
  File "/share/apps2/anaconda/anaconda3/latest/lib/python3.6/site-packages/torch/nn/functional.py", line 1352, in linear
    ret = torch.addmm(torch.jit._unwrap_optional(bias), input, weight.t())
RuntimeError: CUDA out of memory. Tried to allocate 987.62 MiB (GPU 0; 31.72 GiB total capacity; 28.40 GiB already allocated; 803.56 MiB free; 830.16 MiB cached)
srun: error: gpu34: task 0: Exited with exit code 1
srun: Terminating job step 45335717.0
