Run training...
Experiment dir : /m/triton/scratch/elec/puhe/p/jaina5/transformer-xl/FinnishXL/-Ktrain/20190909-122044
Loading cached dataset...
====================================================================================================
    - data : /m/triton/scratch/elec/puhe/p/jaina5/transformer-xl/FinnishXL/data/cp_kiel_train/
    - dataset : Ktrain
    - n_layer : 48
    - n_head : 8
    - d_head : 40
    - d_embed : 256
    - d_model : 256
    - d_inner : 1024
    - dropout : 0.05
    - dropatt : 0.05
    - init : normal
    - emb_init : normal
    - init_range : 0.1
    - emb_init_range : 0.01
    - init_std : 0.02
    - proj_init_std : 0.01
    - optim : adam
    - lr : 0.00025
    - mom : 0.0
    - scheduler : cosine
    - warmup_step : 20000
    - decay_rate : 0.5
    - lr_min : 0.0
    - clip : 0.25
    - clip_nonemb : False
    - max_step : 500000
    - batch_size : 128
    - batch_chunk : 4
    - tgt_len : 150
    - eval_tgt_len : 32
    - ext_len : 0
    - mem_len : 150
    - not_tied : False
    - seed : 1111
    - cuda : True
    - adaptive : False
    - div_val : 1
    - pre_lnorm : False
    - varlen : False
    - multi_gpu : False
    - log_interval : 200
    - eval_interval : 4000
    - work_dir : /m/triton/scratch/elec/puhe/p/jaina5/transformer-xl/FinnishXL/-Ktrain/20190909-122044
    - restart : True
    - restart_dir : /m/triton/scratch/elec/puhe/p/jaina5/transformer-xl/FinnishXL/-Ktrain/20190902-153055
    - debug : False
    - same_length : False
    - attn_type : 0
    - clamp_len : -1
    - eta_min : 0.0
    - gpu0_bsz : -1
    - max_eval_steps : -1
    - sample_softmax : -1
    - patience : 0
    - finetune_v2 : False
    - finetune_v3 : False
    - fp16 : False
    - static_loss_scale : 1
    - dynamic_loss_scale : False
    - tied : True
    - n_token : 34519
    - n_all_param : 53809239
    - n_nonemb_param : 44937216
====================================================================================================
#params = 53809239
#non emb params = 44937216
| epoch   1 step      200 |    200 batches | lr 2.5e-06 | ms/batch 3018.23 | loss  3.99 | ppl    54.238
| epoch   1 step      400 |    400 batches | lr 5e-06 | ms/batch 3024.02 | loss  3.99 | ppl    53.930
| epoch   1 step      600 |    600 batches | lr 7.5e-06 | ms/batch 3023.60 | loss  3.99 | ppl    54.104
| epoch   1 step      800 |    800 batches | lr 1e-05 | ms/batch 3023.56 | loss  3.99 | ppl    54.141
| epoch   1 step     1000 |   1000 batches | lr 1.25e-05 | ms/batch 3023.68 | loss  3.99 | ppl    54.030
| epoch   1 step     1200 |   1200 batches | lr 1.5e-05 | ms/batch 3023.48 | loss  3.99 | ppl    54.212
| epoch   1 step     1400 |   1400 batches | lr 1.75e-05 | ms/batch 3024.65 | loss  3.99 | ppl    54.194
| epoch   1 step     1600 |   1600 batches | lr 2e-05 | ms/batch 3024.78 | loss  3.99 | ppl    54.151
| epoch   1 step     1800 |   1800 batches | lr 2.25e-05 | ms/batch 3024.60 | loss  3.99 | ppl    54.131
| epoch   1 step     2000 |   2000 batches | lr 2.5e-05 | ms/batch 3024.39 | loss  3.99 | ppl    54.130
| epoch   1 step     2200 |   2200 batches | lr 2.75e-05 | ms/batch 3024.46 | loss  3.99 | ppl    53.993
| epoch   1 step     2400 |   2400 batches | lr 3e-05 | ms/batch 3024.39 | loss  3.99 | ppl    54.173
| epoch   1 step     2600 |   2600 batches | lr 3.25e-05 | ms/batch 3024.02 | loss  3.99 | ppl    54.298
| epoch   1 step     2800 |   2800 batches | lr 3.5e-05 | ms/batch 3023.66 | loss  3.99 | ppl    54.207
| epoch   1 step     3000 |   3000 batches | lr 3.75e-05 | ms/batch 3024.11 | loss  3.99 | ppl    54.276
| epoch   1 step     3200 |   3200 batches | lr 4e-05 | ms/batch 3022.89 | loss  3.99 | ppl    54.136
| epoch   1 step     3400 |   3400 batches | lr 4.25e-05 | ms/batch 3018.26 | loss  3.99 | ppl    54.206
| epoch   1 step     3600 |   3600 batches | lr 4.5e-05 | ms/batch 3018.46 | loss  3.99 | ppl    54.280
| epoch   1 step     3800 |   3800 batches | lr 4.75e-05 | ms/batch 3018.63 | loss  3.99 | ppl    54.250
| epoch   1 step     4000 |   4000 batches | lr 5e-05 | ms/batch 3019.25 | loss  3.99 | ppl    54.316
----------------------------------------------------------------------------------------------------
| Eval   1 at step     4000 | time: 12098.93s | valid loss  4.28 | valid ppl    72.279
----------------------------------------------------------------------------------------------------
| epoch   1 step     4200 |   4200 batches | lr 5.25e-05 | ms/batch 3066.19 | loss  4.00 | ppl    54.536
| epoch   1 step     4400 |   4400 batches | lr 5.5e-05 | ms/batch 3023.13 | loss  4.00 | ppl    54.425
| epoch   1 step     4600 |   4600 batches | lr 5.75e-05 | ms/batch 3020.59 | loss  4.00 | ppl    54.369
| epoch   1 step     4800 |   4800 batches | lr 6e-05 | ms/batch 3019.35 | loss  4.00 | ppl    54.500
| epoch   1 step     5000 |   5000 batches | lr 6.25e-05 | ms/batch 3019.50 | loss  4.00 | ppl    54.606
| epoch   1 step     5200 |   5200 batches | lr 6.5e-05 | ms/batch 3019.87 | loss  4.00 | ppl    54.599
| epoch   1 step     5400 |   5400 batches | lr 6.75e-05 | ms/batch 3019.86 | loss  4.00 | ppl    54.663
| epoch   1 step     5600 |   5600 batches | lr 7e-05 | ms/batch 3019.64 | loss  4.00 | ppl    54.688
| epoch   1 step     5800 |   5800 batches | lr 7.25e-05 | ms/batch 3019.38 | loss  4.00 | ppl    54.763
| epoch   1 step     6000 |   6000 batches | lr 7.5e-05 | ms/batch 3019.04 | loss  4.00 | ppl    54.767
| epoch   1 step     6200 |   6200 batches | lr 7.75e-05 | ms/batch 3019.79 | loss  4.00 | ppl    54.739
| epoch   1 step     6400 |   6400 batches | lr 8e-05 | ms/batch 3019.13 | loss  4.00 | ppl    54.821
| epoch   1 step     6600 |   6600 batches | lr 8.25e-05 | ms/batch 3019.14 | loss  4.01 | ppl    54.891
| epoch   1 step     6800 |   6800 batches | lr 8.5e-05 | ms/batch 3019.37 | loss  4.01 | ppl    54.936
| epoch   1 step     7000 |   7000 batches | lr 8.75e-05 | ms/batch 3019.28 | loss  4.00 | ppl    54.777
| epoch   1 step     7200 |   7200 batches | lr 9e-05 | ms/batch 3019.29 | loss  4.01 | ppl    55.196
| epoch   1 step     7400 |   7400 batches | lr 9.25e-05 | ms/batch 3020.29 | loss  4.01 | ppl    55.104
| epoch   1 step     7600 |   7600 batches | lr 9.5e-05 | ms/batch 3021.84 | loss  4.01 | ppl    55.032
| epoch   1 step     7800 |   7800 batches | lr 9.75e-05 | ms/batch 3019.47 | loss  4.01 | ppl    54.937
| epoch   1 step     8000 |   8000 batches | lr 0.0001 | ms/batch 3018.88 | loss  4.01 | ppl    55.016
----------------------------------------------------------------------------------------------------
| Eval   2 at step     8000 | time: 12087.71s | valid loss  4.29 | valid ppl    72.791
----------------------------------------------------------------------------------------------------
| epoch   1 step     8200 |   8200 batches | lr 0.000102 | ms/batch 3060.23 | loss  4.01 | ppl    55.118
| epoch   1 step     8400 |   8400 batches | lr 0.000105 | ms/batch 3019.50 | loss  4.01 | ppl    55.202
| epoch   1 step     8600 |   8600 batches | lr 0.000107 | ms/batch 3019.22 | loss  4.01 | ppl    55.233
| epoch   1 step     8800 |   8800 batches | lr 0.00011 | ms/batch 3019.60 | loss  4.01 | ppl    55.250
| epoch   1 step     9000 |   9000 batches | lr 0.000112 | ms/batch 3018.86 | loss  4.01 | ppl    55.374
| epoch   1 step     9200 |   9200 batches | lr 0.000115 | ms/batch 3019.34 | loss  4.02 | ppl    55.441
| epoch   1 step     9400 |   9400 batches | lr 0.000118 | ms/batch 3018.58 | loss  4.01 | ppl    55.373
| epoch   1 step     9600 |   9600 batches | lr 0.00012 | ms/batch 3018.87 | loss  4.02 | ppl    55.463
| epoch   1 step     9800 |   9800 batches | lr 0.000122 | ms/batch 3022.83 | loss  4.01 | ppl    55.365
| epoch   1 step    10000 |  10000 batches | lr 0.000125 | ms/batch 3026.09 | loss  4.02 | ppl    55.622
| epoch   1 step    10200 |  10200 batches | lr 0.000128 | ms/batch 3025.39 | loss  4.02 | ppl    55.571
| epoch   1 step    10400 |  10400 batches | lr 0.00013 | ms/batch 3025.86 | loss  4.02 | ppl    55.723
| epoch   1 step    10600 |  10600 batches | lr 0.000132 | ms/batch 3024.81 | loss  4.02 | ppl    55.692
| epoch   1 step    10800 |  10800 batches | lr 0.000135 | ms/batch 3025.51 | loss  4.02 | ppl    55.862
| epoch   1 step    11000 |  11000 batches | lr 0.000138 | ms/batch 3025.11 | loss  4.02 | ppl    55.843
| epoch   1 step    11200 |  11200 batches | lr 0.00014 | ms/batch 3024.00 | loss  4.02 | ppl    55.849
| epoch   1 step    11400 |  11400 batches | lr 0.000142 | ms/batch 3023.84 | loss  4.02 | ppl    55.748
| epoch   1 step    11600 |  11600 batches | lr 0.000145 | ms/batch 3016.86 | loss  4.02 | ppl    55.910
| epoch   1 step    11800 |  11800 batches | lr 0.000148 | ms/batch 3014.67 | loss  4.03 | ppl    55.987
| epoch   1 step    12000 |  12000 batches | lr 0.00015 | ms/batch 3014.36 | loss  4.02 | ppl    55.848
----------------------------------------------------------------------------------------------------
| Eval   3 at step    12000 | time: 12092.66s | valid loss  4.29 | valid ppl    73.110
----------------------------------------------------------------------------------------------------
| epoch   2 step    12200 |    100 batches | lr 0.000153 | ms/batch 3051.71 | loss  4.02 | ppl    55.684
| epoch   2 step    12400 |    300 batches | lr 0.000155 | ms/batch 3014.64 | loss  4.02 | ppl    55.435
| epoch   2 step    12600 |    500 batches | lr 0.000158 | ms/batch 3013.45 | loss  4.01 | ppl    55.368
| epoch   2 step    12800 |    700 batches | lr 0.00016 | ms/batch 3013.20 | loss  4.02 | ppl    55.541
| epoch   2 step    13000 |    900 batches | lr 0.000162 | ms/batch 3012.28 | loss  4.02 | ppl    55.512
| epoch   2 step    13200 |   1100 batches | lr 0.000165 | ms/batch 3013.03 | loss  4.02 | ppl    55.760
| epoch   2 step    13400 |   1300 batches | lr 0.000168 | ms/batch 3012.33 | loss  4.02 | ppl    55.891
| epoch   2 step    13600 |   1500 batches | lr 0.00017 | ms/batch 3012.03 | loss  4.02 | ppl    55.957
| epoch   2 step    13800 |   1700 batches | lr 0.000173 | ms/batch 3012.36 | loss  4.03 | ppl    56.069
| epoch   2 step    14000 |   1900 batches | lr 0.000175 | ms/batch 3012.23 | loss  4.02 | ppl    55.897
| epoch   2 step    14200 |   2100 batches | lr 0.000178 | ms/batch 3012.58 | loss  4.02 | ppl    55.946
| epoch   2 step    14400 |   2300 batches | lr 0.00018 | ms/batch 3012.51 | loss  4.03 | ppl    56.057
| epoch   2 step    14600 |   2500 batches | lr 0.000182 | ms/batch 3012.57 | loss  4.03 | ppl    56.184
| epoch   2 step    14800 |   2700 batches | lr 0.000185 | ms/batch 3012.82 | loss  4.03 | ppl    56.283
| epoch   2 step    15000 |   2900 batches | lr 0.000188 | ms/batch 3012.26 | loss  4.03 | ppl    56.360
| epoch   2 step    15200 |   3100 batches | lr 0.00019 | ms/batch 3012.63 | loss  4.03 | ppl    56.376
| epoch   2 step    15400 |   3300 batches | lr 0.000193 | ms/batch 3012.42 | loss  4.03 | ppl    56.534
| epoch   2 step    15600 |   3500 batches | lr 0.000195 | ms/batch 3012.39 | loss  4.04 | ppl    56.604
| epoch   2 step    15800 |   3700 batches | lr 0.000198 | ms/batch 3012.32 | loss  4.04 | ppl    56.555
| epoch   2 step    16000 |   3900 batches | lr 0.0002 | ms/batch 3011.98 | loss  4.04 | ppl    56.682
----------------------------------------------------------------------------------------------------
| Eval   4 at step    16000 | time: 12058.27s | valid loss  4.30 | valid ppl    73.716
----------------------------------------------------------------------------------------------------
| epoch   2 step    16200 |   4100 batches | lr 0.000202 | ms/batch 3052.92 | loss  4.04 | ppl    56.829
| epoch   2 step    16400 |   4300 batches | lr 0.000205 | ms/batch 3011.54 | loss  4.04 | ppl    56.685
| epoch   2 step    16600 |   4500 batches | lr 0.000208 | ms/batch 3011.99 | loss  4.04 | ppl    56.758
| epoch   2 step    16800 |   4700 batches | lr 0.00021 | ms/batch 3012.14 | loss  4.04 | ppl    56.970
| epoch   2 step    17000 |   4900 batches | lr 0.000212 | ms/batch 3012.89 | loss  4.04 | ppl    56.847
| epoch   2 step    17200 |   5100 batches | lr 0.000215 | ms/batch 3012.10 | loss  4.04 | ppl    56.932
| epoch   2 step    17400 |   5300 batches | lr 0.000218 | ms/batch 3012.51 | loss  4.04 | ppl    56.802
| epoch   2 step    17600 |   5500 batches | lr 0.00022 | ms/batch 3012.33 | loss  4.05 | ppl    57.303
| epoch   2 step    17800 |   5700 batches | lr 0.000223 | ms/batch 3012.13 | loss  4.05 | ppl    57.140
| epoch   2 step    18000 |   5900 batches | lr 0.000225 | ms/batch 3012.42 | loss  4.05 | ppl    57.125
| epoch   2 step    18200 |   6100 batches | lr 0.000228 | ms/batch 3012.70 | loss  4.05 | ppl    57.337
| epoch   2 step    18400 |   6300 batches | lr 0.00023 | ms/batch 3012.55 | loss  4.05 | ppl    57.338
| epoch   2 step    18600 |   6500 batches | lr 0.000233 | ms/batch 3012.44 | loss  4.05 | ppl    57.242
| epoch   2 step    18800 |   6700 batches | lr 0.000235 | ms/batch 3012.62 | loss  4.05 | ppl    57.600
| epoch   2 step    19000 |   6900 batches | lr 0.000237 | ms/batch 3012.55 | loss  4.05 | ppl    57.405
| epoch   2 step    19200 |   7100 batches | lr 0.00024 | ms/batch 3012.36 | loss  4.05 | ppl    57.353
| epoch   2 step    19400 |   7300 batches | lr 0.000243 | ms/batch 3012.36 | loss  4.05 | ppl    57.554
| epoch   2 step    19600 |   7500 batches | lr 0.000245 | ms/batch 3012.61 | loss  4.05 | ppl    57.555
| epoch   2 step    19800 |   7700 batches | lr 0.000247 | ms/batch 3012.38 | loss  4.05 | ppl    57.638
| epoch   2 step    20000 |   7900 batches | lr 0.000249 | ms/batch 3012.24 | loss  4.05 | ppl    57.639
----------------------------------------------------------------------------------------------------
| Eval   5 at step    20000 | time: 12057.58s | valid loss  4.31 | valid ppl    74.800
----------------------------------------------------------------------------------------------------
| epoch   2 step    20200 |   8100 batches | lr 0.000249 | ms/batch 3053.60 | loss  4.06 | ppl    57.947
| epoch   2 step    20400 |   8300 batches | lr 0.000249 | ms/batch 3012.75 | loss  4.06 | ppl    57.817
| epoch   2 step    20600 |   8500 batches | lr 0.000249 | ms/batch 3013.05 | loss  4.06 | ppl    57.829
| epoch   2 step    20800 |   8700 batches | lr 0.000249 | ms/batch 3012.52 | loss  4.06 | ppl    57.791
| epoch   2 step    21000 |   8900 batches | lr 0.000249 | ms/batch 3012.38 | loss  4.06 | ppl    57.928
| epoch   2 step    21200 |   9100 batches | lr 0.000249 | ms/batch 3012.09 | loss  4.06 | ppl    57.942
| epoch   2 step    21400 |   9300 batches | lr 0.000249 | ms/batch 3012.35 | loss  4.06 | ppl    58.141
| epoch   2 step    21600 |   9500 batches | lr 0.000249 | ms/batch 3012.94 | loss  4.06 | ppl    57.986
| epoch   2 step    21800 |   9700 batches | lr 0.000249 | ms/batch 3012.53 | loss  4.06 | ppl    58.030
| epoch   2 step    22000 |   9900 batches | lr 0.000249 | ms/batch 3012.53 | loss  4.06 | ppl    57.909
| epoch   2 step    22200 |  10100 batches | lr 0.000249 | ms/batch 3011.95 | loss  4.06 | ppl    57.980
| epoch   2 step    22400 |  10300 batches | lr 0.000249 | ms/batch 3012.55 | loss  4.06 | ppl    58.109
| epoch   2 step    22600 |  10500 batches | lr 0.000249 | ms/batch 3012.49 | loss  4.06 | ppl    58.076
| epoch   2 step    22800 |  10700 batches | lr 0.000249 | ms/batch 3013.04 | loss  4.06 | ppl    58.213
| epoch   2 step    23000 |  10900 batches | lr 0.000249 | ms/batch 3012.52 | loss  4.06 | ppl    58.090
| epoch   2 step    23200 |  11100 batches | lr 0.000249 | ms/batch 3012.88 | loss  4.06 | ppl    57.964
| epoch   2 step    23400 |  11300 batches | lr 0.000249 | ms/batch 3012.75 | loss  4.06 | ppl    58.224
| epoch   2 step    23600 |  11500 batches | lr 0.000249 | ms/batch 3012.81 | loss  4.06 | ppl    58.157
| epoch   2 step    23800 |  11700 batches | lr 0.000249 | ms/batch 3012.34 | loss  4.06 | ppl    58.137
| epoch   2 step    24000 |  11900 batches | lr 0.000249 | ms/batch 3012.71 | loss  4.06 | ppl    58.126
----------------------------------------------------------------------------------------------------
| Eval   6 at step    24000 | time: 12058.62s | valid loss  4.31 | valid ppl    74.445
----------------------------------------------------------------------------------------------------
| epoch   2 step    24200 |  12100 batches | lr 0.000249 | ms/batch 3053.47 | loss  4.06 | ppl    57.982
| epoch   3 step    24400 |    200 batches | lr 0.000249 | ms/batch 3008.53 | loss  4.04 | ppl    56.718
| epoch   3 step    24600 |    400 batches | lr 0.000249 | ms/batch 3012.62 | loss  4.04 | ppl    56.670
| epoch   3 step    24800 |    600 batches | lr 0.000248 | ms/batch 3012.57 | loss  4.04 | ppl    56.904
| epoch   3 step    25000 |    800 batches | lr 0.000248 | ms/batch 3012.68 | loss  4.04 | ppl    57.073
| epoch   3 step    25200 |   1000 batches | lr 0.000248 | ms/batch 3012.71 | loss  4.05 | ppl    57.157
| epoch   3 step    25400 |   1200 batches | lr 0.000248 | ms/batch 3012.30 | loss  4.04 | ppl    56.960
| epoch   3 step    25600 |   1400 batches | lr 0.000248 | ms/batch 3012.32 | loss  4.05 | ppl    57.288
| epoch   3 step    25800 |   1600 batches | lr 0.000248 | ms/batch 3012.80 | loss  4.04 | ppl    56.943
| epoch   3 step    26000 |   1800 batches | lr 0.000248 | ms/batch 3012.78 | loss  4.05 | ppl    57.136
| epoch   3 step    26200 |   2000 batches | lr 0.000248 | ms/batch 3012.95 | loss  4.05 | ppl    57.231
| epoch   3 step    26400 |   2200 batches | lr 0.000248 | ms/batch 3012.84 | loss  4.05 | ppl    57.333
| epoch   3 step    26600 |   2400 batches | lr 0.000248 | ms/batch 3013.04 | loss  4.05 | ppl    57.249
| epoch   3 step    26800 |   2600 batches | lr 0.000248 | ms/batch 3012.95 | loss  4.05 | ppl    57.137
| epoch   3 step    27000 |   2800 batches | lr 0.000248 | ms/batch 3012.62 | loss  4.05 | ppl    57.340
| epoch   3 step    27200 |   3000 batches | lr 0.000248 | ms/batch 3012.29 | loss  4.05 | ppl    57.353
| epoch   3 step    27400 |   3200 batches | lr 0.000248 | ms/batch 3012.16 | loss  4.05 | ppl    57.610
| epoch   3 step    27600 |   3400 batches | lr 0.000248 | ms/batch 3012.81 | loss  4.05 | ppl    57.498
| epoch   3 step    27800 |   3600 batches | lr 0.000248 | ms/batch 3012.67 | loss  4.05 | ppl    57.459
| epoch   3 step    28000 |   3800 batches | lr 0.000248 | ms/batch 3012.11 | loss  4.05 | ppl    57.425
----------------------------------------------------------------------------------------------------
| Eval   7 at step    28000 | time: 12057.87s | valid loss  4.31 | valid ppl    74.510
----------------------------------------------------------------------------------------------------
| epoch   3 step    28200 |   4000 batches | lr 0.000248 | ms/batch 3052.76 | loss  4.05 | ppl    57.496
| epoch   3 step    28400 |   4200 batches | lr 0.000248 | ms/batch 3012.01 | loss  4.05 | ppl    57.554
| epoch   3 step    28600 |   4400 batches | lr 0.000248 | ms/batch 3012.28 | loss  4.05 | ppl    57.594
| epoch   3 step    28800 |   4600 batches | lr 0.000248 | ms/batch 3012.08 | loss  4.05 | ppl    57.565
| epoch   3 step    29000 |   4800 batches | lr 0.000248 | ms/batch 3012.63 | loss  4.05 | ppl    57.635
| epoch   3 step    29200 |   5000 batches | lr 0.000248 | ms/batch 3012.59 | loss  4.06 | ppl    57.723
| epoch   3 step    29400 |   5200 batches | lr 0.000248 | ms/batch 3010.67 | loss  4.05 | ppl    57.482
| epoch   3 step    29600 |   5400 batches | lr 0.000248 | ms/batch 3013.66 | loss  4.05 | ppl    57.519
| epoch   3 step    29800 |   5600 batches | lr 0.000248 | ms/batch 3014.49 | loss  4.05 | ppl    57.668
| epoch   3 step    30000 |   5800 batches | lr 0.000248 | ms/batch 3014.18 | loss  4.05 | ppl    57.628
| epoch   3 step    30200 |   6000 batches | lr 0.000248 | ms/batch 3015.98 | loss  4.05 | ppl    57.583
| epoch   3 step    30400 |   6200 batches | lr 0.000248 | ms/batch 3014.71 | loss  4.05 | ppl    57.588
| epoch   3 step    30600 |   6400 batches | lr 0.000248 | ms/batch 3016.41 | loss  4.05 | ppl    57.639
| epoch   3 step    30800 |   6600 batches | lr 0.000248 | ms/batch 3014.15 | loss  4.06 | ppl    57.720
| epoch   3 step    31000 |   6800 batches | lr 0.000248 | ms/batch 3014.15 | loss  4.06 | ppl    57.968
| epoch   3 step    31200 |   7000 batches | lr 0.000248 | ms/batch 3014.65 | loss  4.05 | ppl    57.643
| epoch   3 step    31400 |   7200 batches | lr 0.000248 | ms/batch 3014.80 | loss  4.06 | ppl    57.705
| epoch   3 step    31600 |   7400 batches | lr 0.000248 | ms/batch 3014.18 | loss  4.06 | ppl    57.722
| epoch   3 step    31800 |   7600 batches | lr 0.000248 | ms/batch 3014.05 | loss  4.05 | ppl    57.614
| epoch   3 step    32000 |   7800 batches | lr 0.000247 | ms/batch 3013.46 | loss  4.05 | ppl    57.635
----------------------------------------------------------------------------------------------------
| Eval   8 at step    32000 | time: 12063.02s | valid loss  4.31 | valid ppl    74.592
----------------------------------------------------------------------------------------------------
| epoch   3 step    32200 |   8000 batches | lr 0.000247 | ms/batch 3055.41 | loss  4.05 | ppl    57.622
| epoch   3 step    32400 |   8200 batches | lr 0.000247 | ms/batch 3013.56 | loss  4.06 | ppl    57.769
| epoch   3 step    32600 |   8400 batches | lr 0.000247 | ms/batch 3016.00 | loss  4.06 | ppl    57.889
| epoch   3 step    32800 |   8600 batches | lr 0.000247 | ms/batch 3018.00 | loss  4.06 | ppl    57.759
| epoch   3 step    33000 |   8800 batches | lr 0.000247 | ms/batch 3017.24 | loss  4.06 | ppl    58.132
| epoch   3 step    33200 |   9000 batches | lr 0.000247 | ms/batch 3014.83 | loss  4.06 | ppl    57.809
| epoch   3 step    33400 |   9200 batches | lr 0.000247 | ms/batch 3014.27 | loss  4.06 | ppl    58.140
| epoch   3 step    33600 |   9400 batches | lr 0.000247 | ms/batch 3016.61 | loss  4.05 | ppl    57.672
| epoch   3 step    33800 |   9600 batches | lr 0.000247 | ms/batch 3018.16 | loss  4.06 | ppl    57.756
| epoch   3 step    34000 |   9800 batches | lr 0.000247 | ms/batch 3017.39 | loss  4.06 | ppl    58.044
| epoch   3 step    34200 |  10000 batches | lr 0.000247 | ms/batch 3016.69 | loss  4.06 | ppl    57.883
| epoch   3 step    34400 |  10200 batches | lr 0.000247 | ms/batch 3017.00 | loss  4.06 | ppl    57.778
| epoch   3 step    34600 |  10400 batches | lr 0.000247 | ms/batch 3018.02 | loss  4.06 | ppl    57.817
| epoch   3 step    34800 |  10600 batches | lr 0.000247 | ms/batch 3017.36 | loss  4.06 | ppl    57.923
| epoch   3 step    35000 |  10800 batches | lr 0.000247 | ms/batch 3016.16 | loss  4.06 | ppl    57.927
| epoch   3 step    35200 |  11000 batches | lr 0.000247 | ms/batch 3017.30 | loss  4.06 | ppl    57.734
| epoch   3 step    35400 |  11200 batches | lr 0.000247 | ms/batch 3017.28 | loss  4.06 | ppl    58.091
| epoch   3 step    35600 |  11400 batches | lr 0.000247 | ms/batch 3016.06 | loss  4.06 | ppl    57.732
| epoch   3 step    35800 |  11600 batches | lr 0.000247 | ms/batch 3013.52 | loss  4.06 | ppl    57.816
| epoch   3 step    36000 |  11800 batches | lr 0.000247 | ms/batch 3015.31 | loss  4.06 | ppl    57.882
----------------------------------------------------------------------------------------------------
| Eval   9 at step    36000 | time: 12073.18s | valid loss  4.31 | valid ppl    74.213
----------------------------------------------------------------------------------------------------
| epoch   3 step    36200 |  12000 batches | lr 0.000247 | ms/batch 3055.54 | loss  4.06 | ppl    57.701
| epoch   4 step    36400 |    100 batches | lr 0.000247 | ms/batch 3013.39 | loss  4.04 | ppl    57.029
| epoch   4 step    36600 |    300 batches | lr 0.000247 | ms/batch 3024.17 | loss  4.04 | ppl    56.576
| epoch   4 step    36800 |    500 batches | lr 0.000247 | ms/batch 3016.57 | loss  4.03 | ppl    56.471
| epoch   4 step    37000 |    700 batches | lr 0.000247 | ms/batch 3013.01 | loss  4.03 | ppl    56.525
| epoch   4 step    37200 |    900 batches | lr 0.000247 | ms/batch 3015.45 | loss  4.04 | ppl    56.718
| epoch   4 step    37400 |   1100 batches | lr 0.000247 | ms/batch 3015.20 | loss  4.04 | ppl    56.659
| epoch   4 step    37600 |   1300 batches | lr 0.000247 | ms/batch 3015.30 | loss  4.04 | ppl    56.760
| epoch   4 step    37800 |   1500 batches | lr 0.000246 | ms/batch 3015.56 | loss  4.04 | ppl    56.735
| epoch   4 step    38000 |   1700 batches | lr 0.000246 | ms/batch 3016.27 | loss  4.04 | ppl    56.766
| epoch   4 step    38200 |   1900 batches | lr 0.000246 | ms/batch 3015.69 | loss  4.04 | ppl    56.977
| epoch   4 step    38400 |   2100 batches | lr 0.000246 | ms/batch 3015.14 | loss  4.04 | ppl    56.957
| epoch   4 step    38600 |   2300 batches | lr 0.000246 | ms/batch 3015.97 | loss  4.04 | ppl    57.020
| epoch   4 step    38800 |   2500 batches | lr 0.000246 | ms/batch 3015.11 | loss  4.04 | ppl    56.941
| epoch   4 step    39000 |   2700 batches | lr 0.000246 | ms/batch 3015.45 | loss  4.04 | ppl    56.899
| epoch   4 step    39200 |   2900 batches | lr 0.000246 | ms/batch 3014.90 | loss  4.05 | ppl    57.130
| epoch   4 step    39400 |   3100 batches | lr 0.000246 | ms/batch 3016.23 | loss  4.04 | ppl    57.079
| epoch   4 step    39600 |   3300 batches | lr 0.000246 | ms/batch 3014.58 | loss  4.04 | ppl    56.823
| epoch   4 step    39800 |   3500 batches | lr 0.000246 | ms/batch 3013.99 | loss  4.04 | ppl    57.109
| epoch   4 step    40000 |   3700 batches | lr 0.000246 | ms/batch 3010.27 | loss  4.04 | ppl    56.968
----------------------------------------------------------------------------------------------------
| Eval  10 at step    40000 | time: 12069.56s | valid loss  4.31 | valid ppl    74.638
----------------------------------------------------------------------------------------------------
| epoch   4 step    40200 |   3900 batches | lr 0.000246 | ms/batch 3048.97 | loss  4.04 | ppl    57.003
| epoch   4 step    40400 |   4100 batches | lr 0.000246 | ms/batch 3010.59 | loss  4.05 | ppl    57.254
| epoch   4 step    40600 |   4300 batches | lr 0.000246 | ms/batch 3016.27 | loss  4.05 | ppl    57.303
| epoch   4 step    40800 |   4500 batches | lr 0.000246 | ms/batch 3015.05 | loss  4.05 | ppl    57.131
| epoch   4 step    41000 |   4700 batches | lr 0.000246 | ms/batch 3013.02 | loss  4.04 | ppl    57.108
| epoch   4 step    41200 |   4900 batches | lr 0.000246 | ms/batch 3016.65 | loss  4.05 | ppl    57.139
| epoch   4 step    41400 |   5100 batches | lr 0.000246 | ms/batch 3015.79 | loss  4.05 | ppl    57.257
| epoch   4 step    41600 |   5300 batches | lr 0.000246 | ms/batch 3016.87 | loss  4.05 | ppl    57.145
| epoch   4 step    41800 |   5500 batches | lr 0.000246 | ms/batch 3015.68 | loss  4.04 | ppl    57.078
| epoch   4 step    42000 |   5700 batches | lr 0.000246 | ms/batch 3014.47 | loss  4.05 | ppl    57.250
| epoch   4 step    42200 |   5900 batches | lr 0.000246 | ms/batch 3010.50 | loss  4.05 | ppl    57.432
| epoch   4 step    42400 |   6100 batches | lr 0.000246 | ms/batch 3008.98 | loss  4.05 | ppl    57.157
| epoch   4 step    42600 |   6300 batches | lr 0.000246 | ms/batch 3009.61 | loss  4.05 | ppl    57.154
| epoch   4 step    42800 |   6500 batches | lr 0.000246 | ms/batch 3009.58 | loss  4.05 | ppl    57.365
| epoch   4 step    43000 |   6700 batches | lr 0.000245 | ms/batch 3009.48 | loss  4.05 | ppl    57.321
| epoch   4 step    43200 |   6900 batches | lr 0.000245 | ms/batch 3009.02 | loss  4.05 | ppl    57.334
| epoch   4 step    43400 |   7100 batches | lr 0.000245 | ms/batch 3009.38 | loss  4.05 | ppl    57.400
| epoch   4 step    43600 |   7300 batches | lr 0.000245 | ms/batch 3009.33 | loss  4.05 | ppl    57.427
| epoch   4 step    43800 |   7500 batches | lr 0.000245 | ms/batch 3009.67 | loss  4.05 | ppl    57.449
| epoch   4 step    44000 |   7700 batches | lr 0.000245 | ms/batch 3009.65 | loss  4.05 | ppl    57.552
----------------------------------------------------------------------------------------------------
| Eval  11 at step    44000 | time: 12055.76s | valid loss  4.31 | valid ppl    74.481
----------------------------------------------------------------------------------------------------
| epoch   4 step    44200 |   7900 batches | lr 0.000245 | ms/batch 3049.60 | loss  4.05 | ppl    57.497
| epoch   4 step    44400 |   8100 batches | lr 0.000245 | ms/batch 3009.33 | loss  4.05 | ppl    57.359
| epoch   4 step    44600 |   8300 batches | lr 0.000245 | ms/batch 3007.92 | loss  4.05 | ppl    57.284
| epoch   4 step    44800 |   8500 batches | lr 0.000245 | ms/batch 3007.82 | loss  4.05 | ppl    57.346
| epoch   4 step    45000 |   8700 batches | lr 0.000245 | ms/batch 3007.93 | loss  4.05 | ppl    57.263
| epoch   4 step    45200 |   8900 batches | lr 0.000245 | ms/batch 3007.86 | loss  4.05 | ppl    57.560
| epoch   4 step    45400 |   9100 batches | lr 0.000245 | ms/batch 3008.18 | loss  4.05 | ppl    57.349
| epoch   4 step    45600 |   9300 batches | lr 0.000245 | ms/batch 3008.23 | loss  4.05 | ppl    57.451
| epoch   4 step    45800 |   9500 batches | lr 0.000245 | ms/batch 3008.27 | loss  4.05 | ppl    57.475
| epoch   4 step    46000 |   9700 batches | lr 0.000245 | ms/batch 3008.19 | loss  4.05 | ppl    57.373
| epoch   4 step    46200 |   9900 batches | lr 0.000245 | ms/batch 3008.02 | loss  4.05 | ppl    57.474
| epoch   4 step    46400 |  10100 batches | lr 0.000245 | ms/batch 3008.35 | loss  4.05 | ppl    57.516
| epoch   4 step    46600 |  10300 batches | lr 0.000245 | ms/batch 3008.03 | loss  4.05 | ppl    57.580
| epoch   4 step    46800 |  10500 batches | lr 0.000245 | ms/batch 3007.93 | loss  4.05 | ppl    57.552
| epoch   4 step    47000 |  10700 batches | lr 0.000245 | ms/batch 3008.11 | loss  4.05 | ppl    57.483
| epoch   4 step    47200 |  10900 batches | lr 0.000245 | ms/batch 3007.80 | loss  4.05 | ppl    57.413
| epoch   4 step    47400 |  11100 batches | lr 0.000244 | ms/batch 3007.68 | loss  4.05 | ppl    57.483
| epoch   4 step    47600 |  11300 batches | lr 0.000244 | ms/batch 3007.48 | loss  4.05 | ppl    57.630
| epoch   4 step    47800 |  11500 batches | lr 0.000244 | ms/batch 3008.37 | loss  4.05 | ppl    57.660
| epoch   4 step    48000 |  11700 batches | lr 0.000244 | ms/batch 3008.13 | loss  4.05 | ppl    57.468
----------------------------------------------------------------------------------------------------
| Eval  12 at step    48000 | time: 12040.60s | valid loss  4.30 | valid ppl    74.065
----------------------------------------------------------------------------------------------------
| epoch   4 step    48200 |  11900 batches | lr 0.000244 | ms/batch 3047.20 | loss  4.05 | ppl    57.435
| epoch   4 step    48400 |  12100 batches | lr 0.000244 | ms/batch 3007.88 | loss  4.05 | ppl    57.217
| epoch   5 step    48600 |    200 batches | lr 0.000244 | ms/batch 3004.47 | loss  4.03 | ppl    56.080
| epoch   5 step    48800 |    400 batches | lr 0.000244 | ms/batch 3007.95 | loss  4.02 | ppl    55.906
| epoch   5 step    49000 |    600 batches | lr 0.000244 | ms/batch 3007.86 | loss  4.03 | ppl    56.178
| epoch   5 step    49200 |    800 batches | lr 0.000244 | ms/batch 3008.05 | loss  4.03 | ppl    56.234
| epoch   5 step    49400 |   1000 batches | lr 0.000244 | ms/batch 3007.35 | loss  4.03 | ppl    56.309
| epoch   5 step    49600 |   1200 batches | lr 0.000244 | ms/batch 3008.23 | loss  4.03 | ppl    56.165
| epoch   5 step    49800 |   1400 batches | lr 0.000244 | ms/batch 3007.86 | loss  4.03 | ppl    56.312
| epoch   5 step    50000 |   1600 batches | lr 0.000244 | ms/batch 3008.28 | loss  4.03 | ppl    56.230
| epoch   5 step    50200 |   1800 batches | lr 0.000244 | ms/batch 3008.02 | loss  4.03 | ppl    56.455
| epoch   5 step    50400 |   2000 batches | lr 0.000244 | ms/batch 3008.25 | loss  4.04 | ppl    56.647
| epoch   5 step    50600 |   2200 batches | lr 0.000244 | ms/batch 3007.84 | loss  4.04 | ppl    56.578
| epoch   5 step    50800 |   2400 batches | lr 0.000244 | ms/batch 3007.91 | loss  4.04 | ppl    56.545
| epoch   5 step    51000 |   2600 batches | lr 0.000244 | ms/batch 3008.01 | loss  4.04 | ppl    56.671
| epoch   5 step    51200 |   2800 batches | lr 0.000244 | ms/batch 3007.72 | loss  4.04 | ppl    56.581
| epoch   5 step    51400 |   3000 batches | lr 0.000244 | ms/batch 3007.97 | loss  4.04 | ppl    56.634
| epoch   5 step    51600 |   3200 batches | lr 0.000243 | ms/batch 3008.18 | loss  4.04 | ppl    56.684
| epoch   5 step    51800 |   3400 batches | lr 0.000243 | ms/batch 3008.05 | loss  4.04 | ppl    56.737
| epoch   5 step    52000 |   3600 batches | lr 0.000243 | ms/batch 3007.85 | loss  4.04 | ppl    56.703
----------------------------------------------------------------------------------------------------
| Eval  13 at step    52000 | time: 12039.03s | valid loss  4.31 | valid ppl    74.163
----------------------------------------------------------------------------------------------------
| epoch   5 step    52200 |   3800 batches | lr 0.000243 | ms/batch 3047.24 | loss  4.04 | ppl    56.745
| epoch   5 step    52400 |   4000 batches | lr 0.000243 | ms/batch 3007.64 | loss  4.04 | ppl    56.641
| epoch   5 step    52600 |   4200 batches | lr 0.000243 | ms/batch 3007.83 | loss  4.04 | ppl    56.832
| epoch   5 step    52800 |   4400 batches | lr 0.000243 | ms/batch 3007.79 | loss  4.04 | ppl    56.750
| epoch   5 step    53000 |   4600 batches | lr 0.000243 | ms/batch 3007.79 | loss  4.04 | ppl    56.792
| epoch   5 step    53200 |   4800 batches | lr 0.000243 | ms/batch 3007.78 | loss  4.04 | ppl    56.842
| epoch   5 step    53400 |   5000 batches | lr 0.000243 | ms/batch 3007.87 | loss  4.04 | ppl    56.749
| epoch   5 step    53600 |   5200 batches | lr 0.000243 | ms/batch 3008.28 | loss  4.04 | ppl    56.614
| epoch   5 step    53800 |   5400 batches | lr 0.000243 | ms/batch 3008.22 | loss  4.04 | ppl    56.934
| epoch   5 step    54000 |   5600 batches | lr 0.000243 | ms/batch 3007.89 | loss  4.04 | ppl    56.948
| epoch   5 step    54200 |   5800 batches | lr 0.000243 | ms/batch 3008.00 | loss  4.04 | ppl    56.820
| epoch   5 step    54400 |   6000 batches | lr 0.000243 | ms/batch 3008.10 | loss  4.04 | ppl    56.871
| epoch   5 step    54600 |   6200 batches | lr 0.000243 | ms/batch 3007.84 | loss  4.04 | ppl    57.004
| epoch   5 step    54800 |   6400 batches | lr 0.000243 | ms/batch 3007.94 | loss  4.04 | ppl    56.770
| epoch   5 step    55000 |   6600 batches | lr 0.000243 | ms/batch 3008.11 | loss  4.04 | ppl    57.031
| epoch   5 step    55200 |   6800 batches | lr 0.000243 | ms/batch 3008.24 | loss  4.04 | ppl    56.965
| epoch   5 step    55400 |   7000 batches | lr 0.000243 | ms/batch 3007.78 | loss  4.05 | ppl    57.191
| epoch   5 step    55600 |   7200 batches | lr 0.000242 | ms/batch 3007.70 | loss  4.04 | ppl    57.024
| epoch   5 step    55800 |   7400 batches | lr 0.000242 | ms/batch 3008.58 | loss  4.04 | ppl    57.051
| epoch   5 step    56000 |   7600 batches | lr 0.000242 | ms/batch 3007.99 | loss  4.04 | ppl    57.010
----------------------------------------------------------------------------------------------------
| Eval  14 at step    56000 | time: 12039.77s | valid loss  4.30 | valid ppl    73.839
----------------------------------------------------------------------------------------------------
| epoch   5 step    56200 |   7800 batches | lr 0.000242 | ms/batch 3047.17 | loss  4.04 | ppl    56.958
| epoch   5 step    56400 |   8000 batches | lr 0.000242 | ms/batch 3007.90 | loss  4.04 | ppl    57.109
| epoch   5 step    56600 |   8200 batches | lr 0.000242 | ms/batch 3007.96 | loss  4.04 | ppl    56.983
| epoch   5 step    56800 |   8400 batches | lr 0.000242 | ms/batch 3009.41 | loss  4.04 | ppl    56.960
| epoch   5 step    57000 |   8600 batches | lr 0.000242 | ms/batch 3010.54 | loss  4.05 | ppl    57.130
| epoch   5 step    57200 |   8800 batches | lr 0.000242 | ms/batch 3011.12 | loss  4.05 | ppl    57.182
| epoch   5 step    57400 |   9000 batches | lr 0.000242 | ms/batch 3012.54 | loss  4.05 | ppl    57.180
| epoch   5 step    57600 |   9200 batches | lr 0.000242 | ms/batch 3012.09 | loss  4.04 | ppl    57.026
| epoch   5 step    57800 |   9400 batches | lr 0.000242 | ms/batch 3012.87 | loss  4.04 | ppl    56.898
| epoch   5 step    58000 |   9600 batches | lr 0.000242 | ms/batch 3011.80 | loss  4.05 | ppl    57.256
| epoch   5 step    58200 |   9800 batches | lr 0.000242 | ms/batch 3012.67 | loss  4.05 | ppl    57.255
| epoch   5 step    58400 |  10000 batches | lr 0.000242 | ms/batch 3011.95 | loss  4.04 | ppl    57.091
| epoch   5 step    58600 |  10200 batches | lr 0.000242 | ms/batch 3011.46 | loss  4.05 | ppl    57.177
| epoch   5 step    58800 |  10400 batches | lr 0.000242 | ms/batch 3012.44 | loss  4.05 | ppl    57.206
| epoch   5 step    59000 |  10600 batches | lr 0.000242 | ms/batch 3019.06 | loss  4.05 | ppl    57.173
| epoch   5 step    59200 |  10800 batches | lr 0.000241 | ms/batch 3020.98 | loss  4.05 | ppl    57.196
| epoch   5 step    59400 |  11000 batches | lr 0.000241 | ms/batch 3020.75 | loss  4.05 | ppl    57.146
| epoch   5 step    59600 |  11200 batches | lr 0.000241 | ms/batch 3020.85 | loss  4.04 | ppl    57.058
| epoch   5 step    59800 |  11400 batches | lr 0.000241 | ms/batch 3018.74 | loss  4.05 | ppl    57.126
| epoch   5 step    60000 |  11600 batches | lr 0.000241 | ms/batch 3014.67 | loss  4.05 | ppl    57.117
----------------------------------------------------------------------------------------------------
| Eval  15 at step    60000 | time: 12061.54s | valid loss  4.30 | valid ppl    73.860
----------------------------------------------------------------------------------------------------
| epoch   5 step    60200 |  11800 batches | lr 0.000241 | ms/batch 3054.18 | loss  4.05 | ppl    57.304
| epoch   5 step    60400 |  12000 batches | lr 0.000241 | ms/batch 3014.60 | loss  4.05 | ppl    57.253
| epoch   6 step    60600 |    100 batches | lr 0.000241 | ms/batch 3010.73 | loss  4.03 | ppl    56.485
| epoch   6 step    60800 |    300 batches | lr 0.000241 | ms/batch 3014.39 | loss  4.02 | ppl    55.716
| epoch   6 step    61000 |    500 batches | lr 0.000241 | ms/batch 3018.38 | loss  4.02 | ppl    55.671
| epoch   6 step    61200 |    700 batches | lr 0.000241 | ms/batch 3015.47 | loss  4.02 | ppl    55.705
| epoch   6 step    61400 |    900 batches | lr 0.000241 | ms/batch 3009.11 | loss  4.03 | ppl    56.055
| epoch   6 step    61600 |   1100 batches | lr 0.000241 | ms/batch 3011.78 | loss  4.02 | ppl    55.804
| epoch   6 step    61800 |   1300 batches | lr 0.000241 | ms/batch 3007.70 | loss  4.02 | ppl    55.828
| epoch   6 step    62000 |   1500 batches | lr 0.000241 | ms/batch 3015.45 | loss  4.03 | ppl    56.041
| epoch   6 step    62200 |   1700 batches | lr 0.000241 | ms/batch 3031.36 | loss  4.03 | ppl    56.217
| epoch   6 step    62400 |   1900 batches | lr 0.000241 | ms/batch 3032.70 | loss  4.03 | ppl    56.172
| epoch   6 step    62600 |   2100 batches | lr 0.00024 | ms/batch 3034.93 | loss  4.03 | ppl    56.317
| epoch   6 step    62800 |   2300 batches | lr 0.00024 | ms/batch 3033.74 | loss  4.03 | ppl    56.189
| epoch   6 step    63000 |   2500 batches | lr 0.00024 | ms/batch 3033.93 | loss  4.03 | ppl    56.051
| epoch   6 step    63200 |   2700 batches | lr 0.00024 | ms/batch 3033.72 | loss  4.03 | ppl    56.354
| epoch   6 step    63400 |   2900 batches | lr 0.00024 | ms/batch 3033.19 | loss  4.03 | ppl    56.348
| epoch   6 step    63600 |   3100 batches | lr 0.00024 | ms/batch 3021.85 | loss  4.03 | ppl    56.444
| epoch   6 step    63800 |   3300 batches | lr 0.00024 | ms/batch 3034.04 | loss  4.03 | ppl    56.360
| epoch   6 step    64000 |   3500 batches | lr 0.00024 | ms/batch 3013.56 | loss  4.03 | ppl    56.339
----------------------------------------------------------------------------------------------------
| Eval  16 at step    64000 | time: 12095.11s | valid loss  4.31 | valid ppl    74.104
----------------------------------------------------------------------------------------------------
| epoch   6 step    64200 |   3700 batches | lr 0.00024 | ms/batch 3050.54 | loss  4.03 | ppl    56.434
| epoch   6 step    64400 |   3900 batches | lr 0.00024 | ms/batch 3010.27 | loss  4.03 | ppl    56.368
| epoch   6 step    64600 |   4100 batches | lr 0.00024 | ms/batch 3007.89 | loss  4.03 | ppl    56.440
| epoch   6 step    64800 |   4300 batches | lr 0.00024 | ms/batch 3007.93 | loss  4.03 | ppl    56.533
| epoch   6 step    65000 |   4500 batches | lr 0.00024 | ms/batch 3007.80 | loss  4.04 | ppl    56.570
| epoch   6 step    65200 |   4700 batches | lr 0.00024 | ms/batch 3012.80 | loss  4.03 | ppl    56.353
| epoch   6 step    65400 |   4900 batches | lr 0.00024 | ms/batch 3016.49 | loss  4.03 | ppl    56.341
| epoch   6 step    65600 |   5100 batches | lr 0.00024 | ms/batch 3016.71 | loss  4.03 | ppl    56.493
| epoch   6 step    65800 |   5300 batches | lr 0.000239 | ms/batch 3016.05 | loss  4.03 | ppl    56.506
| epoch   6 step    66000 |   5500 batches | lr 0.000239 | ms/batch 3016.38 | loss  4.04 | ppl    56.640
| epoch   6 step    66200 |   5700 batches | lr 0.000239 | ms/batch 3016.13 | loss  4.04 | ppl    56.687
| epoch   6 step    66400 |   5900 batches | lr 0.000239 | ms/batch 3016.60 | loss  4.04 | ppl    56.581
| epoch   6 step    66600 |   6100 batches | lr 0.000239 | ms/batch 3016.32 | loss  4.03 | ppl    56.507
| epoch   6 step    66800 |   6300 batches | lr 0.000239 | ms/batch 3015.62 | loss  4.03 | ppl    56.501
| epoch   6 step    67000 |   6500 batches | lr 0.000239 | ms/batch 3016.33 | loss  4.04 | ppl    56.605
| epoch   6 step    67200 |   6700 batches | lr 0.000239 | ms/batch 3014.11 | loss  4.04 | ppl    56.573
| epoch   6 step    67400 |   6900 batches | lr 0.000239 | ms/batch 3008.05 | loss  4.03 | ppl    56.537
| epoch   6 step    67600 |   7100 batches | lr 0.000239 | ms/batch 3007.65 | loss  4.04 | ppl    56.801
| epoch   6 step    67800 |   7300 batches | lr 0.000239 | ms/batch 3007.65 | loss  4.04 | ppl    56.672
| epoch   6 step    68000 |   7500 batches | lr 0.000239 | ms/batch 3007.79 | loss  4.04 | ppl    56.701
----------------------------------------------------------------------------------------------------
| Eval  17 at step    68000 | time: 12057.71s | valid loss  4.30 | valid ppl    73.608
----------------------------------------------------------------------------------------------------
| epoch   6 step    68200 |   7700 batches | lr 0.000239 | ms/batch 3048.06 | loss  4.04 | ppl    56.763
| epoch   6 step    68400 |   7900 batches | lr 0.000239 | ms/batch 3008.15 | loss  4.04 | ppl    56.590
| epoch   6 step    68600 |   8100 batches | lr 0.000239 | ms/batch 3007.73 | loss  4.04 | ppl    56.593
| epoch   6 step    68800 |   8300 batches | lr 0.000239 | ms/batch 3007.93 | loss  4.04 | ppl    56.650
| epoch   6 step    69000 |   8500 batches | lr 0.000238 | ms/batch 3008.29 | loss  4.04 | ppl    56.637
| epoch   6 step    69200 |   8700 batches | lr 0.000238 | ms/batch 3007.94 | loss  4.04 | ppl    56.604
| epoch   6 step    69400 |   8900 batches | lr 0.000238 | ms/batch 3007.67 | loss  4.04 | ppl    56.746
| epoch   6 step    69600 |   9100 batches | lr 0.000238 | ms/batch 3007.78 | loss  4.04 | ppl    56.704
| epoch   6 step    69800 |   9300 batches | lr 0.000238 | ms/batch 3008.18 | loss  4.04 | ppl    56.822
| epoch   6 step    70000 |   9500 batches | lr 0.000238 | ms/batch 3007.81 | loss  4.04 | ppl    56.660
| epoch   6 step    70200 |   9700 batches | lr 0.000238 | ms/batch 3007.72 | loss  4.04 | ppl    56.649
| epoch   6 step    70400 |   9900 batches | lr 0.000238 | ms/batch 3007.99 | loss  4.04 | ppl    56.682
| epoch   6 step    70600 |  10100 batches | lr 0.000238 | ms/batch 3007.88 | loss  4.04 | ppl    56.612
| epoch   6 step    70800 |  10300 batches | lr 0.000238 | ms/batch 3007.76 | loss  4.04 | ppl    56.831
| epoch   6 step    71000 |  10500 batches | lr 0.000238 | ms/batch 3007.81 | loss  4.04 | ppl    56.936
| epoch   6 step    71200 |  10700 batches | lr 0.000238 | ms/batch 3007.71 | loss  4.04 | ppl    56.925
| epoch   6 step    71400 |  10900 batches | lr 0.000238 | ms/batch 3007.58 | loss  4.04 | ppl    56.652
| epoch   6 step    71600 |  11100 batches | lr 0.000238 | ms/batch 3007.73 | loss  4.04 | ppl    56.814
| epoch   6 step    71800 |  11300 batches | lr 0.000237 | ms/batch 3008.18 | loss  4.04 | ppl    56.744
| epoch   6 step    72000 |  11500 batches | lr 0.000237 | ms/batch 3008.17 | loss  4.04 | ppl    56.753
----------------------------------------------------------------------------------------------------
| Eval  18 at step    72000 | time: 12039.55s | valid loss  4.30 | valid ppl    73.726
----------------------------------------------------------------------------------------------------
| epoch   6 step    72200 |  11700 batches | lr 0.000237 | ms/batch 3046.97 | loss  4.04 | ppl    56.771
| epoch   6 step    72400 |  11900 batches | lr 0.000237 | ms/batch 3007.56 | loss  4.04 | ppl    56.902
| epoch   6 step    72600 |  12100 batches | lr 0.000237 | ms/batch 3007.72 | loss  4.04 | ppl    57.006
| epoch   7 step    72800 |    200 batches | lr 0.000237 | ms/batch 3004.47 | loss  4.01 | ppl    55.071
| epoch   7 step    73000 |    400 batches | lr 0.000237 | ms/batch 3007.88 | loss  4.02 | ppl    55.538
| epoch   7 step    73200 |    600 batches | lr 0.000237 | ms/batch 3007.24 | loss  4.02 | ppl    55.516
| epoch   7 step    73400 |    800 batches | lr 0.000237 | ms/batch 3007.66 | loss  4.02 | ppl    55.723
| epoch   7 step    73600 |   1000 batches | lr 0.000237 | ms/batch 3007.69 | loss  4.02 | ppl    55.759
| epoch   7 step    73800 |   1200 batches | lr 0.000237 | ms/batch 3008.10 | loss  4.02 | ppl    55.672
| epoch   7 step    74000 |   1400 batches | lr 0.000237 | ms/batch 3007.91 | loss  4.02 | ppl    55.740
| epoch   7 step    74200 |   1600 batches | lr 0.000237 | ms/batch 3007.95 | loss  4.02 | ppl    55.755
| epoch   7 step    74400 |   1800 batches | lr 0.000237 | ms/batch 3007.99 | loss  4.02 | ppl    55.621
| epoch   7 step    74600 |   2000 batches | lr 0.000237 | ms/batch 3007.87 | loss  4.02 | ppl    55.974
| epoch   7 step    74800 |   2200 batches | lr 0.000236 | ms/batch 3007.77 | loss  4.02 | ppl    55.964
| epoch   7 step    75000 |   2400 batches | lr 0.000236 | ms/batch 3007.76 | loss  4.02 | ppl    55.914
| epoch   7 step    75200 |   2600 batches | lr 0.000236 | ms/batch 3007.72 | loss  4.03 | ppl    56.077
| epoch   7 step    75400 |   2800 batches | lr 0.000236 | ms/batch 3007.89 | loss  4.03 | ppl    56.151
| epoch   7 step    75600 |   3000 batches | lr 0.000236 | ms/batch 3007.95 | loss  4.02 | ppl    55.939
| epoch   7 step    75800 |   3200 batches | lr 0.000236 | ms/batch 3007.64 | loss  4.02 | ppl    55.927
| epoch   7 step    76000 |   3400 batches | lr 0.000236 | ms/batch 3007.93 | loss  4.02 | ppl    55.951
----------------------------------------------------------------------------------------------------
| Eval  19 at step    76000 | time: 12038.40s | valid loss  4.30 | valid ppl    73.493
----------------------------------------------------------------------------------------------------
| epoch   7 step    76200 |   3600 batches | lr 0.000236 | ms/batch 3047.37 | loss  4.03 | ppl    56.044
| epoch   7 step    76400 |   3800 batches | lr 0.000236 | ms/batch 3007.97 | loss  4.02 | ppl    55.730
| epoch   7 step    76600 |   4000 batches | lr 0.000236 | ms/batch 3007.77 | loss  4.03 | ppl    56.054
| epoch   7 step    76800 |   4200 batches | lr 0.000236 | ms/batch 3007.84 | loss  4.03 | ppl    56.115
| epoch   7 step    77000 |   4400 batches | lr 0.000236 | ms/batch 3007.94 | loss  4.03 | ppl    56.101
| epoch   7 step    77200 |   4600 batches | lr 0.000236 | ms/batch 3007.74 | loss  4.03 | ppl    56.196
| epoch   7 step    77400 |   4800 batches | lr 0.000236 | ms/batch 3007.78 | loss  4.03 | ppl    56.128
| epoch   7 step    77600 |   5000 batches | lr 0.000235 | ms/batch 3007.73 | loss  4.03 | ppl    56.229
| epoch   7 step    77800 |   5200 batches | lr 0.000235 | ms/batch 3007.98 | loss  4.03 | ppl    56.243
| epoch   7 step    78000 |   5400 batches | lr 0.000235 | ms/batch 3007.89 | loss  4.03 | ppl    56.046
| epoch   7 step    78200 |   5600 batches | lr 0.000235 | ms/batch 3008.10 | loss  4.03 | ppl    56.066
| epoch   7 step    78400 |   5800 batches | lr 0.000235 | ms/batch 3007.87 | loss  4.03 | ppl    56.055
| epoch   7 step    78600 |   6000 batches | lr 0.000235 | ms/batch 3007.37 | loss  4.03 | ppl    56.143
| epoch   7 step    78800 |   6200 batches | lr 0.000235 | ms/batch 3007.98 | loss  4.03 | ppl    56.365
| epoch   7 step    79000 |   6400 batches | lr 0.000235 | ms/batch 3007.88 | loss  4.03 | ppl    56.147
| epoch   7 step    79200 |   6600 batches | lr 0.000235 | ms/batch 3008.12 | loss  4.03 | ppl    56.539
| epoch   7 step    79400 |   6800 batches | lr 0.000235 | ms/batch 3007.72 | loss  4.03 | ppl    56.294
| epoch   7 step    79600 |   7000 batches | lr 0.000235 | ms/batch 3007.75 | loss  4.03 | ppl    56.343
| epoch   7 step    79800 |   7200 batches | lr 0.000235 | ms/batch 3007.66 | loss  4.03 | ppl    56.211
| epoch   7 step    80000 |   7400 batches | lr 0.000235 | ms/batch 3008.11 | loss  4.03 | ppl    56.155
----------------------------------------------------------------------------------------------------
| Eval  20 at step    80000 | time: 12039.37s | valid loss  4.30 | valid ppl    73.681
----------------------------------------------------------------------------------------------------
| epoch   7 step    80200 |   7600 batches | lr 0.000234 | ms/batch 3047.05 | loss  4.03 | ppl    56.257
| epoch   7 step    80400 |   7800 batches | lr 0.000234 | ms/batch 3007.59 | loss  4.03 | ppl    56.171
| epoch   7 step    80600 |   8000 batches | lr 0.000234 | ms/batch 3011.79 | loss  4.03 | ppl    56.249
| epoch   7 step    80800 |   8200 batches | lr 0.000234 | ms/batch 3010.57 | loss  4.03 | ppl    56.179
| epoch   7 step    81000 |   8400 batches | lr 0.000234 | ms/batch 3011.37 | loss  4.03 | ppl    56.499
| epoch   7 step    81200 |   8600 batches | lr 0.000234 | ms/batch 3011.12 | loss  4.03 | ppl    56.188
| epoch   7 step    81400 |   8800 batches | lr 0.000234 | ms/batch 3010.72 | loss  4.03 | ppl    56.416
| epoch   7 step    81600 |   9000 batches | lr 0.000234 | ms/batch 3011.22 | loss  4.03 | ppl    56.252
| epoch   7 step    81800 |   9200 batches | lr 0.000234 | ms/batch 3010.81 | loss  4.03 | ppl    56.256
| epoch   7 step    82000 |   9400 batches | lr 0.000234 | ms/batch 3011.81 | loss  4.03 | ppl    56.540
| epoch   7 step    82200 |   9600 batches | lr 0.000234 | ms/batch 3010.82 | loss  4.03 | ppl    56.494
| epoch   7 step    82400 |   9800 batches | lr 0.000234 | ms/batch 3010.18 | loss  4.03 | ppl    56.414
| epoch   7 step    82600 |  10000 batches | lr 0.000234 | ms/batch 3010.66 | loss  4.03 | ppl    56.251
| epoch   7 step    82800 |  10200 batches | lr 0.000233 | ms/batch 3011.07 | loss  4.03 | ppl    56.370
| epoch   7 step    83000 |  10400 batches | lr 0.000233 | ms/batch 3010.99 | loss  4.03 | ppl    56.436
| epoch   7 step    83200 |  10600 batches | lr 0.000233 | ms/batch 3010.14 | loss  4.03 | ppl    56.522
| epoch   7 step    83400 |  10800 batches | lr 0.000233 | ms/batch 3011.03 | loss  4.03 | ppl    56.518
| epoch   7 step    83600 |  11000 batches | lr 0.000233 | ms/batch 3010.62 | loss  4.03 | ppl    56.374
| epoch   7 step    83800 |  11200 batches | lr 0.000233 | ms/batch 3010.72 | loss  4.04 | ppl    56.564
| epoch   7 step    84000 |  11400 batches | lr 0.000233 | ms/batch 3010.36 | loss  4.03 | ppl    56.435
----------------------------------------------------------------------------------------------------
| Eval  21 at step    84000 | time: 12050.17s | valid loss  4.29 | valid ppl    73.263
----------------------------------------------------------------------------------------------------
| epoch   7 step    84200 |  11600 batches | lr 0.000233 | ms/batch 3049.20 | loss  4.03 | ppl    56.535
| epoch   7 step    84400 |  11800 batches | lr 0.000233 | ms/batch 3011.17 | loss  4.04 | ppl    56.554
| epoch   7 step    84600 |  12000 batches | lr 0.000233 | ms/batch 3010.64 | loss  4.03 | ppl    56.448
| epoch   8 step    84800 |    100 batches | lr 0.000233 | ms/batch 3007.02 | loss  4.02 | ppl    55.775
| epoch   8 step    85000 |    300 batches | lr 0.000233 | ms/batch 3010.67 | loss  4.01 | ppl    55.049
| epoch   8 step    85200 |    500 batches | lr 0.000233 | ms/batch 3011.56 | loss  4.01 | ppl    55.190
| epoch   8 step    85400 |    700 batches | lr 0.000232 | ms/batch 3017.86 | loss  4.01 | ppl    55.054
| epoch   8 step    85600 |    900 batches | lr 0.000232 | ms/batch 3017.69 | loss  4.01 | ppl    55.266
| epoch   8 step    85800 |   1100 batches | lr 0.000232 | ms/batch 3017.41 | loss  4.01 | ppl    55.298
| epoch   8 step    86000 |   1300 batches | lr 0.000232 | ms/batch 3016.96 | loss  4.01 | ppl    55.407
| epoch   8 step    86200 |   1500 batches | lr 0.000232 | ms/batch 3017.65 | loss  4.01 | ppl    55.316
| epoch   8 step    86400 |   1700 batches | lr 0.000232 | ms/batch 3017.64 | loss  4.01 | ppl    55.400
| epoch   8 step    86600 |   1900 batches | lr 0.000232 | ms/batch 3017.37 | loss  4.02 | ppl    55.690
| epoch   8 step    86800 |   2100 batches | lr 0.000232 | ms/batch 3017.90 | loss  4.02 | ppl    55.569
| epoch   8 step    87000 |   2300 batches | lr 0.000232 | ms/batch 3017.31 | loss  4.02 | ppl    55.447
| epoch   8 step    87200 |   2500 batches | lr 0.000232 | ms/batch 3017.39 | loss  4.02 | ppl    55.595
| epoch   8 step    87400 |   2700 batches | lr 0.000232 | ms/batch 3017.66 | loss  4.02 | ppl    55.736
| epoch   8 step    87600 |   2900 batches | lr 0.000232 | ms/batch 3018.18 | loss  4.02 | ppl    55.745
| epoch   8 step    87800 |   3100 batches | lr 0.000231 | ms/batch 3018.46 | loss  4.02 | ppl    55.565
| epoch   8 step    88000 |   3300 batches | lr 0.000231 | ms/batch 3018.07 | loss  4.02 | ppl    55.745
----------------------------------------------------------------------------------------------------
| Eval  22 at step    88000 | time: 12069.98s | valid loss  4.30 | valid ppl    73.883
----------------------------------------------------------------------------------------------------
| epoch   8 step    88200 |   3500 batches | lr 0.000231 | ms/batch 3058.26 | loss  4.02 | ppl    55.589
| epoch   8 step    88400 |   3700 batches | lr 0.000231 | ms/batch 3018.52 | loss  4.02 | ppl    55.713
| epoch   8 step    88600 |   3900 batches | lr 0.000231 | ms/batch 3017.75 | loss  4.02 | ppl    55.672
| epoch   8 step    88800 |   4100 batches | lr 0.000231 | ms/batch 3018.03 | loss  4.02 | ppl    55.793
| epoch   8 step    89000 |   4300 batches | lr 0.000231 | ms/batch 3018.46 | loss  4.02 | ppl    55.762
| epoch   8 step    89200 |   4500 batches | lr 0.000231 | ms/batch 3017.84 | loss  4.02 | ppl    55.833
| epoch   8 step    89400 |   4700 batches | lr 0.000231 | ms/batch 3018.18 | loss  4.02 | ppl    55.654
| epoch   8 step    89600 |   4900 batches | lr 0.000231 | ms/batch 3020.65 | loss  4.02 | ppl    55.733
| epoch   8 step    89800 |   5100 batches | lr 0.000231 | ms/batch 3020.06 | loss  4.03 | ppl    56.013
| epoch   8 step    90000 |   5300 batches | lr 0.000231 | ms/batch 3017.93 | loss  4.02 | ppl    55.834
| epoch   8 step    90200 |   5500 batches | lr 0.00023 | ms/batch 3017.47 | loss  4.02 | ppl    55.872
| epoch   8 step    90400 |   5700 batches | lr 0.00023 | ms/batch 3017.69 | loss  4.03 | ppl    56.130
| epoch   8 step    90600 |   5900 batches | lr 0.00023 | ms/batch 3018.32 | loss  4.03 | ppl    55.989
| epoch   8 step    90800 |   6100 batches | lr 0.00023 | ms/batch 3018.40 | loss  4.03 | ppl    56.027
| epoch   8 step    91000 |   6300 batches | lr 0.00023 | ms/batch 3017.76 | loss  4.02 | ppl    55.885
| epoch   8 step    91200 |   6500 batches | lr 0.00023 | ms/batch 3015.66 | loss  4.02 | ppl    55.798
| epoch   8 step    91400 |   6700 batches | lr 0.00023 | ms/batch 3019.57 | loss  4.02 | ppl    55.922
| epoch   8 step    91600 |   6900 batches | lr 0.00023 | ms/batch 3012.92 | loss  4.02 | ppl    55.902
| epoch   8 step    91800 |   7100 batches | lr 0.00023 | ms/batch 3012.39 | loss  4.03 | ppl    55.993
| epoch   8 step    92000 |   7300 batches | lr 0.00023 | ms/batch 3013.16 | loss  4.03 | ppl    56.088
----------------------------------------------------------------------------------------------------
| Eval  23 at step    92000 | time: 12077.69s | valid loss  4.30 | valid ppl    73.652
----------------------------------------------------------------------------------------------------
| epoch   8 step    92200 |   7500 batches | lr 0.00023 | ms/batch 3052.65 | loss  4.03 | ppl    55.990
| epoch   8 step    92400 |   7700 batches | lr 0.00023 | ms/batch 3024.30 | loss  4.03 | ppl    56.032
| epoch   8 step    92600 |   7900 batches | lr 0.000229 | ms/batch 3014.68 | loss  4.03 | ppl    56.196
| epoch   8 step    92800 |   8100 batches | lr 0.000229 | ms/batch 3012.91 | loss  4.03 | ppl    55.985
| epoch   8 step    93000 |   8300 batches | lr 0.000229 | ms/batch 3013.00 | loss  4.02 | ppl    55.836
| epoch   8 step    93200 |   8500 batches | lr 0.000229 | ms/batch 3012.84 | loss  4.02 | ppl    55.953
| epoch   8 step    93400 |   8700 batches | lr 0.000229 | ms/batch 3012.32 | loss  4.02 | ppl    55.952
| epoch   8 step    93600 |   8900 batches | lr 0.000229 | ms/batch 3012.29 | loss  4.02 | ppl    55.812
| epoch   8 step    93800 |   9100 batches | lr 0.000229 | ms/batch 3012.56 | loss  4.02 | ppl    55.898
| epoch   8 step    94000 |   9300 batches | lr 0.000229 | ms/batch 3012.81 | loss  4.03 | ppl    56.081
| epoch   8 step    94200 |   9500 batches | lr 0.000229 | ms/batch 3012.64 | loss  4.03 | ppl    55.980
| epoch   8 step    94400 |   9700 batches | lr 0.000229 | ms/batch 3012.40 | loss  4.03 | ppl    56.029
| epoch   8 step    94600 |   9900 batches | lr 0.000229 | ms/batch 3013.57 | loss  4.03 | ppl    55.998
| epoch   8 step    94800 |  10100 batches | lr 0.000228 | ms/batch 3012.90 | loss  4.03 | ppl    56.416
| epoch   8 step    95000 |  10300 batches | lr 0.000228 | ms/batch 3012.19 | loss  4.03 | ppl    56.100
| epoch   8 step    95200 |  10500 batches | lr 0.000228 | ms/batch 3012.46 | loss  4.03 | ppl    56.062
| epoch   8 step    95400 |  10700 batches | lr 0.000228 | ms/batch 3012.82 | loss  4.03 | ppl    56.170
| epoch   8 step    95600 |  10900 batches | lr 0.000228 | ms/batch 3012.98 | loss  4.03 | ppl    56.165
| epoch   8 step    95800 |  11100 batches | lr 0.000228 | ms/batch 3013.19 | loss  4.03 | ppl    56.280
| epoch   8 step    96000 |  11300 batches | lr 0.000228 | ms/batch 3012.43 | loss  4.03 | ppl    56.002
----------------------------------------------------------------------------------------------------
| Eval  24 at step    96000 | time: 12061.61s | valid loss  4.29 | valid ppl    73.149
----------------------------------------------------------------------------------------------------
| epoch   8 step    96200 |  11500 batches | lr 0.000228 | ms/batch 3052.46 | loss  4.03 | ppl    56.010
| epoch   8 step    96400 |  11700 batches | lr 0.000228 | ms/batch 3012.32 | loss  4.03 | ppl    56.293
| epoch   8 step    96600 |  11900 batches | lr 0.000228 | ms/batch 3011.67 | loss  4.03 | ppl    56.200
| epoch   8 step    96800 |  12100 batches | lr 0.000228 | ms/batch 3011.93 | loss  4.03 | ppl    56.108
| epoch   9 step    97000 |    200 batches | lr 0.000227 | ms/batch 3008.59 | loss  4.00 | ppl    54.565
| epoch   9 step    97200 |    400 batches | lr 0.000227 | ms/batch 3013.10 | loss  4.01 | ppl    54.896
| epoch   9 step    97400 |    600 batches | lr 0.000227 | ms/batch 3012.43 | loss  4.01 | ppl    54.984
| epoch   9 step    97600 |    800 batches | lr 0.000227 | ms/batch 3012.89 | loss  4.00 | ppl    54.839
| epoch   9 step    97800 |   1000 batches | lr 0.000227 | ms/batch 3012.13 | loss  4.01 | ppl    55.161
| epoch   9 step    98000 |   1200 batches | lr 0.000227 | ms/batch 3012.02 | loss  4.01 | ppl    54.892
| epoch   9 step    98200 |   1400 batches | lr 0.000227 | ms/batch 3012.42 | loss  4.01 | ppl    55.163
| epoch   9 step    98400 |   1600 batches | lr 0.000227 | ms/batch 3011.49 | loss  4.01 | ppl    55.150
| epoch   9 step    98600 |   1800 batches | lr 0.000227 | ms/batch 3011.99 | loss  4.01 | ppl    55.090
| epoch   9 step    98800 |   2000 batches | lr 0.000227 | ms/batch 3012.73 | loss  4.01 | ppl    55.276
| epoch   9 step    99000 |   2200 batches | lr 0.000227 | ms/batch 3011.79 | loss  4.01 | ppl    55.359
| epoch   9 step    99200 |   2400 batches | lr 0.000226 | ms/batch 3012.23 | loss  4.01 | ppl    55.185
| epoch   9 step    99400 |   2600 batches | lr 0.000226 | ms/batch 3012.97 | loss  4.02 | ppl    55.435
| epoch   9 step    99600 |   2800 batches | lr 0.000226 | ms/batch 3012.06 | loss  4.02 | ppl    55.523
| epoch   9 step    99800 |   3000 batches | lr 0.000226 | ms/batch 3013.07 | loss  4.01 | ppl    55.361
| epoch   9 step   100000 |   3200 batches | lr 0.000226 | ms/batch 3013.13 | loss  4.02 | ppl    55.471
----------------------------------------------------------------------------------------------------
| Eval  25 at step   100000 | time: 12056.72s | valid loss  4.30 | valid ppl    73.371
----------------------------------------------------------------------------------------------------
| epoch   9 step   100200 |   3400 batches | lr 0.000226 | ms/batch 3052.53 | loss  4.01 | ppl    55.220
| epoch   9 step   100400 |   3600 batches | lr 0.000226 | ms/batch 3012.66 | loss  4.01 | ppl    55.336
| epoch   9 step   100600 |   3800 batches | lr 0.000226 | ms/batch 3011.86 | loss  4.02 | ppl    55.661
| epoch   9 step   100800 |   4000 batches | lr 0.000226 | ms/batch 3013.14 | loss  4.01 | ppl    55.351
| epoch   9 step   101000 |   4200 batches | lr 0.000226 | ms/batch 3012.18 | loss  4.02 | ppl    55.482
| epoch   9 step   101200 |   4400 batches | lr 0.000226 | ms/batch 3012.66 | loss  4.01 | ppl    55.228
| epoch   9 step   101400 |   4600 batches | lr 0.000225 | ms/batch 3012.32 | loss  4.01 | ppl    55.351
| epoch   9 step   101600 |   4800 batches | lr 0.000225 | ms/batch 3012.44 | loss  4.02 | ppl    55.446
| epoch   9 step   101800 |   5000 batches | lr 0.000225 | ms/batch 3012.82 | loss  4.02 | ppl    55.637
| epoch   9 step   102000 |   5200 batches | lr 0.000225 | ms/batch 3012.01 | loss  4.02 | ppl    55.636
| epoch   9 step   102200 |   5400 batches | lr 0.000225 | ms/batch 3012.00 | loss  4.02 | ppl    55.514
| epoch   9 step   102400 |   5600 batches | lr 0.000225 | ms/batch 3012.03 | loss  4.02 | ppl    55.534
| epoch   9 step   102600 |   5800 batches | lr 0.000225 | ms/batch 3011.50 | loss  4.01 | ppl    55.413
| epoch   9 step   102800 |   6000 batches | lr 0.000225 | ms/batch 3011.61 | loss  4.02 | ppl    55.626
| epoch   9 step   103000 |   6200 batches | lr 0.000225 | ms/batch 3012.64 | loss  4.01 | ppl    55.415
| epoch   9 step   103200 |   6400 batches | lr 0.000225 | ms/batch 3009.42 | loss  4.02 | ppl    55.654
| epoch   9 step   103400 |   6600 batches | lr 0.000225 | ms/batch 3009.85 | loss  4.02 | ppl    55.624
| epoch   9 step   103600 |   6800 batches | lr 0.000224 | ms/batch 3009.36 | loss  4.02 | ppl    55.606
| epoch   9 step   103800 |   7000 batches | lr 0.000224 | ms/batch 3010.01 | loss  4.02 | ppl    55.597
| epoch   9 step   104000 |   7200 batches | lr 0.000224 | ms/batch 3009.27 | loss  4.02 | ppl    55.630
----------------------------------------------------------------------------------------------------
| Eval  26 at step   104000 | time: 12054.48s | valid loss  4.29 | valid ppl    73.159
----------------------------------------------------------------------------------------------------
| epoch   9 step   104200 |   7400 batches | lr 0.000224 | ms/batch 3049.16 | loss  4.02 | ppl    55.638
| epoch   9 step   104400 |   7600 batches | lr 0.000224 | ms/batch 3009.11 | loss  4.02 | ppl    55.629
| epoch   9 step   104600 |   7800 batches | lr 0.000224 | ms/batch 3010.31 | loss  4.02 | ppl    55.795
| epoch   9 step   104800 |   8000 batches | lr 0.000224 | ms/batch 3010.23 | loss  4.02 | ppl    55.777
| epoch   9 step   105000 |   8200 batches | lr 0.000224 | ms/batch 3010.79 | loss  4.02 | ppl    55.735
| epoch   9 step   105200 |   8400 batches | lr 0.000224 | ms/batch 3009.79 | loss  4.02 | ppl    55.512
| epoch   9 step   105400 |   8600 batches | lr 0.000224 | ms/batch 3011.16 | loss  4.02 | ppl    55.741
| epoch   9 step   105600 |   8800 batches | lr 0.000223 | ms/batch 3010.87 | loss  4.02 | ppl    55.724
| epoch   9 step   105800 |   9000 batches | lr 0.000223 | ms/batch 3010.16 | loss  4.02 | ppl    55.636
| epoch   9 step   106000 |   9200 batches | lr 0.000223 | ms/batch 3009.97 | loss  4.02 | ppl    55.548
| epoch   9 step   106200 |   9400 batches | lr 0.000223 | ms/batch 3011.09 | loss  4.02 | ppl    55.783
| epoch   9 step   106400 |   9600 batches | lr 0.000223 | ms/batch 3010.70 | loss  4.02 | ppl    55.791
| epoch   9 step   106600 |   9800 batches | lr 0.000223 | ms/batch 3010.82 | loss  4.02 | ppl    55.756
| epoch   9 step   106800 |  10000 batches | lr 0.000223 | ms/batch 3013.13 | loss  4.02 | ppl    55.838
| epoch   9 step   107000 |  10200 batches | lr 0.000223 | ms/batch 3010.30 | loss  4.02 | ppl    55.698
| epoch   9 step   107200 |  10400 batches | lr 0.000223 | ms/batch 3010.08 | loss  4.02 | ppl    55.944
