Run training...
Experiment dir : /m/triton/scratch/elec/puhe/p/jaina5/transformer-xl/FinnishXL/-Ktrain/20191022-134742
Loading cached dataset...
====================================================================================================
    - data : /m/triton/scratch/elec/puhe/p/jaina5/transformer-xl/FinnishXL/data/kiel_data/
    - dataset : Ktrain
    - n_layer : 96
    - n_head : 8
    - d_head : 40
    - d_embed : 256
    - d_model : 256
    - d_inner : 1024
    - dropout : 0.05
    - dropatt : 0.05
    - init : normal
    - emb_init : normal
    - init_range : 0.1
    - emb_init_range : 0.01
    - init_std : 0.02
    - proj_init_std : 0.01
    - optim : adam
    - lr : 0.00025
    - mom : 0.0
    - scheduler : cosine
    - warmup_step : 0
    - decay_rate : 0.5
    - lr_min : 0.0
    - clip : 0.25
    - clip_nonemb : False
    - max_step : 1200000
    - batch_size : 512
    - batch_chunk : 4
    - tgt_len : 32
    - eval_tgt_len : 32
    - ext_len : 0
    - mem_len : 32
    - not_tied : False
    - seed : 1111
    - cuda : True
    - adaptive : False
    - div_val : 1
    - pre_lnorm : False
    - varlen : False
    - multi_gpu : False
    - log_interval : 200
    - eval_interval : 4000
    - work_dir : /m/triton/scratch/elec/puhe/p/jaina5/transformer-xl/FinnishXL/-Ktrain/20191022-134742
    - restart : True
    - restart_dir : /m/triton/scratch/elec/puhe/p/jaina5/transformer-xl/FinnishXL/-Ktrain/20191014-150446
    - debug : False
    - same_length : False
    - attn_type : 0
    - clamp_len : -1
    - eta_min : 0.0
    - gpu0_bsz : -1
    - max_eval_steps : -1
    - sample_softmax : -1
    - patience : 0
    - finetune_v2 : False
    - finetune_v3 : False
    - fp16 : False
    - static_loss_scale : 1
    - dynamic_loss_scale : False
    - tied : True
    - n_token : 34519
    - n_all_param : 98746455
    - n_nonemb_param : 89874432
====================================================================================================
#params = 98746455
#non emb params = 89874432
| epoch   1 step   272200 |    200 batches | lr 0.00022 | ms/batch 2650.88 | loss  3.93 | ppl    50.952
| epoch   1 step   272400 |    400 batches | lr 0.00022 | ms/batch 2651.50 | loss  3.93 | ppl    50.777
| epoch   1 step   272600 |    600 batches | lr 0.00022 | ms/batch 2651.90 | loss  3.93 | ppl    51.094
| epoch   1 step   272800 |    800 batches | lr 0.00022 | ms/batch 2651.64 | loss  3.93 | ppl    50.953
| epoch   1 step   273000 |   1000 batches | lr 0.00022 | ms/batch 2651.84 | loss  3.94 | ppl    51.311
| epoch   1 step   273200 |   1200 batches | lr 0.00022 | ms/batch 2651.37 | loss  3.93 | ppl    51.144
| epoch   1 step   273400 |   1400 batches | lr 0.00022 | ms/batch 2652.41 | loss  3.94 | ppl    51.283
| epoch   1 step   273600 |   1600 batches | lr 0.000219 | ms/batch 2652.25 | loss  3.94 | ppl    51.410
| epoch   1 step   273800 |   1800 batches | lr 0.000219 | ms/batch 2651.62 | loss  3.94 | ppl    51.404
| epoch   1 step   274000 |   2000 batches | lr 0.000219 | ms/batch 2651.06 | loss  3.95 | ppl    51.956
| epoch   1 step   274200 |   2200 batches | lr 0.000219 | ms/batch 2651.35 | loss  3.94 | ppl    51.291
| epoch   1 step   274400 |   2400 batches | lr 0.000219 | ms/batch 2651.12 | loss  3.94 | ppl    51.637
| epoch   1 step   274600 |   2600 batches | lr 0.000219 | ms/batch 2651.70 | loss  3.95 | ppl    51.793
| epoch   1 step   274800 |   2800 batches | lr 0.000219 | ms/batch 2650.70 | loss  3.94 | ppl    51.593
| epoch   1 step   275000 |   3000 batches | lr 0.000219 | ms/batch 2652.43 | loss  3.94 | ppl    51.546
| epoch   1 step   275200 |   3200 batches | lr 0.000219 | ms/batch 2651.67 | loss  3.95 | ppl    51.771
| epoch   1 step   275400 |   3400 batches | lr 0.000219 | ms/batch 2651.69 | loss  3.95 | ppl    51.862
| epoch   1 step   275600 |   3600 batches | lr 0.000219 | ms/batch 2650.73 | loss  3.95 | ppl    51.936
| epoch   1 step   275800 |   3800 batches | lr 0.000219 | ms/batch 2651.42 | loss  3.95 | ppl    51.758
| epoch   1 step   276000 |   4000 batches | lr 0.000219 | ms/batch 2651.65 | loss  3.94 | ppl    51.652
----------------------------------------------------------------------------------------------------
| Eval  69 at step   276000 | time: 11373.42s | valid loss  3.89 | valid ppl    48.883
----------------------------------------------------------------------------------------------------
| epoch   1 step   276200 |   4200 batches | lr 0.000219 | ms/batch 6500.60 | loss  3.94 | ppl    51.641
| epoch   1 step   276400 |   4400 batches | lr 0.000219 | ms/batch 2655.27 | loss  3.95 | ppl    51.865
| epoch   1 step   276600 |   4600 batches | lr 0.000219 | ms/batch 2654.12 | loss  3.95 | ppl    51.976
| epoch   1 step   276800 |   4800 batches | lr 0.000219 | ms/batch 2654.25 | loss  3.95 | ppl    51.860
| epoch   1 step   277000 |   5000 batches | lr 0.000219 | ms/batch 2653.43 | loss  3.94 | ppl    51.635
| epoch   1 step   277200 |   5200 batches | lr 0.000219 | ms/batch 2653.51 | loss  3.96 | ppl    52.544
| epoch   1 step   277400 |   5400 batches | lr 0.000219 | ms/batch 2654.73 | loss  3.95 | ppl    51.749
| epoch   1 step   277600 |   5600 batches | lr 0.000219 | ms/batch 2655.02 | loss  3.95 | ppl    51.772
| epoch   1 step   277800 |   5800 batches | lr 0.000219 | ms/batch 2655.05 | loss  3.95 | ppl    51.750
| epoch   1 step   278000 |   6000 batches | lr 0.000219 | ms/batch 2653.79 | loss  3.95 | ppl    52.029
| epoch   1 step   278200 |   6200 batches | lr 0.000218 | ms/batch 2653.29 | loss  3.96 | ppl    52.285
| epoch   1 step   278400 |   6400 batches | lr 0.000218 | ms/batch 2653.64 | loss  3.95 | ppl    51.867
| epoch   1 step   278600 |   6600 batches | lr 0.000218 | ms/batch 2653.89 | loss  3.95 | ppl    52.112
| epoch   1 step   278800 |   6800 batches | lr 0.000218 | ms/batch 2654.74 | loss  3.95 | ppl    52.108
| epoch   1 step   279000 |   7000 batches | lr 0.000218 | ms/batch 2653.96 | loss  3.95 | ppl    52.014
| epoch   1 step   279200 |   7200 batches | lr 0.000218 | ms/batch 2654.55 | loss  3.95 | ppl    51.719
| epoch   1 step   279400 |   7400 batches | lr 0.000218 | ms/batch 2649.37 | loss  3.95 | ppl    51.931
| epoch   1 step   279600 |   7600 batches | lr 0.000218 | ms/batch 2644.26 | loss  3.95 | ppl    52.085
| epoch   1 step   279800 |   7800 batches | lr 0.000218 | ms/batch 2644.25 | loss  3.95 | ppl    51.994
| epoch   1 step   280000 |   8000 batches | lr 0.000218 | ms/batch 2644.28 | loss  3.97 | ppl    52.820
----------------------------------------------------------------------------------------------------
| Eval  70 at step   280000 | time: 11358.53s | valid loss  3.88 | valid ppl    48.569
----------------------------------------------------------------------------------------------------
| epoch   1 step   280200 |   8200 batches | lr 0.000218 | ms/batch 6394.11 | loss  3.95 | ppl    51.974
| epoch   1 step   280400 |   8400 batches | lr 0.000218 | ms/batch 2644.63 | loss  3.95 | ppl    52.169
| epoch   1 step   280600 |   8600 batches | lr 0.000218 | ms/batch 2643.97 | loss  3.95 | ppl    52.106
| epoch   1 step   280800 |   8800 batches | lr 0.000218 | ms/batch 2643.41 | loss  3.95 | ppl    51.789
| epoch   1 step   281000 |   9000 batches | lr 0.000218 | ms/batch 2643.74 | loss  3.95 | ppl    52.050
| epoch   1 step   281200 |   9200 batches | lr 0.000218 | ms/batch 2643.59 | loss  3.96 | ppl    52.335
| epoch   1 step   281400 |   9400 batches | lr 0.000218 | ms/batch 2644.16 | loss  3.97 | ppl    52.897
| epoch   1 step   281600 |   9600 batches | lr 0.000218 | ms/batch 2644.39 | loss  3.96 | ppl    52.411
| epoch   1 step   281800 |   9800 batches | lr 0.000218 | ms/batch 2643.55 | loss  3.96 | ppl    52.475
| epoch   1 step   282000 |  10000 batches | lr 0.000218 | ms/batch 2644.29 | loss  3.95 | ppl    52.129
| epoch   1 step   282200 |  10200 batches | lr 0.000218 | ms/batch 2644.28 | loss  3.98 | ppl    53.677
| epoch   1 step   282400 |  10400 batches | lr 0.000218 | ms/batch 2644.26 | loss  3.96 | ppl    52.554
| epoch   1 step   282600 |  10600 batches | lr 0.000218 | ms/batch 2644.44 | loss  3.96 | ppl    52.691
| epoch   1 step   282800 |  10800 batches | lr 0.000217 | ms/batch 2644.34 | loss  3.96 | ppl    52.262
| epoch   1 step   283000 |  11000 batches | lr 0.000217 | ms/batch 2644.49 | loss  3.97 | ppl    52.875
| epoch   1 step   283200 |  11200 batches | lr 0.000217 | ms/batch 2642.72 | loss  3.96 | ppl    52.207
| epoch   1 step   283400 |  11400 batches | lr 0.000217 | ms/batch 2644.32 | loss  3.96 | ppl    52.511
| epoch   1 step   283600 |  11600 batches | lr 0.000217 | ms/batch 2643.56 | loss  3.96 | ppl    52.357
| epoch   1 step   283800 |  11800 batches | lr 0.000217 | ms/batch 2643.73 | loss  3.98 | ppl    53.615
| epoch   1 step   284000 |  12000 batches | lr 0.000217 | ms/batch 2644.14 | loss  3.98 | ppl    53.581
----------------------------------------------------------------------------------------------------
| Eval  71 at step   284000 | time: 11320.32s | valid loss  3.89 | valid ppl    49.114
----------------------------------------------------------------------------------------------------
| epoch   1 step   284200 |  12200 batches | lr 0.000217 | ms/batch 6363.08 | loss  3.96 | ppl    52.553
| epoch   1 step   284400 |  12400 batches | lr 0.000217 | ms/batch 2643.46 | loss  3.99 | ppl    54.025
| epoch   1 step   284600 |  12600 batches | lr 0.000217 | ms/batch 2646.58 | loss  3.96 | ppl    52.485
| epoch   1 step   284800 |  12800 batches | lr 0.000217 | ms/batch 2643.99 | loss  3.97 | ppl    52.893
| epoch   1 step   285000 |  13000 batches | lr 0.000217 | ms/batch 2643.05 | loss  3.96 | ppl    52.478
| epoch   1 step   285200 |  13200 batches | lr 0.000217 | ms/batch 2643.25 | loss  3.96 | ppl    52.431
| epoch   1 step   285400 |  13400 batches | lr 0.000217 | ms/batch 2643.01 | loss  3.97 | ppl    52.836
| epoch   1 step   285600 |  13600 batches | lr 0.000217 | ms/batch 2644.17 | loss  3.97 | ppl    52.972
| epoch   1 step   285800 |  13800 batches | lr 0.000217 | ms/batch 2643.24 | loss  4.04 | ppl    56.551
| epoch   1 step   286000 |  14000 batches | lr 0.000217 | ms/batch 2642.53 | loss  3.97 | ppl    52.975
| epoch   1 step   286200 |  14200 batches | lr 0.000217 | ms/batch 2643.09 | loss  3.97 | ppl    52.933
| epoch   1 step   286400 |  14400 batches | lr 0.000217 | ms/batch 2643.20 | loss  3.97 | ppl    53.017
| epoch   1 step   286600 |  14600 batches | lr 0.000217 | ms/batch 2641.98 | loss  3.96 | ppl    52.466
| epoch   1 step   286800 |  14800 batches | lr 0.000217 | ms/batch 2640.79 | loss  3.96 | ppl    52.635
| epoch   1 step   287000 |  15000 batches | lr 0.000217 | ms/batch 2641.33 | loss  3.97 | ppl    52.850
| epoch   2 step   287200 |     85 batches | lr 0.000217 | ms/batch 2643.46 | loss  3.95 | ppl    52.067
| epoch   2 step   287400 |    285 batches | lr 0.000216 | ms/batch 2641.07 | loss  3.92 | ppl    50.454
| epoch   2 step   287600 |    485 batches | lr 0.000216 | ms/batch 2639.78 | loss  3.93 | ppl    50.787
| epoch   2 step   287800 |    685 batches | lr 0.000216 | ms/batch 2639.89 | loss  3.94 | ppl    51.185
| epoch   2 step   288000 |    885 batches | lr 0.000216 | ms/batch 2640.16 | loss  3.93 | ppl    51.035
----------------------------------------------------------------------------------------------------
| Eval  72 at step   288000 | time: 11303.55s | valid loss  3.89 | valid ppl    48.771
----------------------------------------------------------------------------------------------------
| epoch   2 step   288200 |   1085 batches | lr 0.000216 | ms/batch 6305.81 | loss  3.93 | ppl    51.024
| epoch   2 step   288400 |   1285 batches | lr 0.000216 | ms/batch 2640.94 | loss  3.93 | ppl    51.144
| epoch   2 step   288600 |   1485 batches | lr 0.000216 | ms/batch 2640.94 | loss  3.94 | ppl    51.277
| epoch   2 step   288800 |   1685 batches | lr 0.000216 | ms/batch 2638.75 | loss  3.93 | ppl    50.860
| epoch   2 step   289000 |   1885 batches | lr 0.000216 | ms/batch 2638.67 | loss  3.93 | ppl    51.113
| epoch   2 step   289200 |   2085 batches | lr 0.000216 | ms/batch 2638.04 | loss  3.94 | ppl    51.468
| epoch   2 step   289400 |   2285 batches | lr 0.000216 | ms/batch 2638.37 | loss  3.94 | ppl    51.325
| epoch   2 step   289600 |   2485 batches | lr 0.000216 | ms/batch 2637.03 | loss  3.94 | ppl    51.493
| epoch   2 step   289800 |   2685 batches | lr 0.000216 | ms/batch 2637.46 | loss  3.94 | ppl    51.196
| epoch   2 step   290000 |   2885 batches | lr 0.000216 | ms/batch 2636.78 | loss  4.04 | ppl    56.884
| epoch   2 step   290200 |   3085 batches | lr 0.000216 | ms/batch 2634.12 | loss  3.94 | ppl    51.488
| epoch   2 step   290400 |   3285 batches | lr 0.000216 | ms/batch 2632.30 | loss  3.94 | ppl    51.360
| epoch   2 step   290600 |   3485 batches | lr 0.000216 | ms/batch 2632.99 | loss  3.94 | ppl    51.639
| epoch   2 step   290800 |   3685 batches | lr 0.000216 | ms/batch 2633.26 | loss  3.95 | ppl    51.743
| epoch   2 step   291000 |   3885 batches | lr 0.000216 | ms/batch 2632.61 | loss  3.94 | ppl    51.433
| epoch   2 step   291200 |   4085 batches | lr 0.000216 | ms/batch 2633.53 | loss  3.94 | ppl    51.510
| epoch   2 step   291400 |   4285 batches | lr 0.000216 | ms/batch 2632.34 | loss  3.94 | ppl    51.596
| epoch   2 step   291600 |   4485 batches | lr 0.000216 | ms/batch 2633.26 | loss  3.95 | ppl    51.900
| epoch   2 step   291800 |   4685 batches | lr 0.000215 | ms/batch 2633.06 | loss  3.94 | ppl    51.673
| epoch   2 step   292000 |   4885 batches | lr 0.000215 | ms/batch 2633.14 | loss  3.94 | ppl    51.308
----------------------------------------------------------------------------------------------------
| Eval  73 at step   292000 | time: 11246.58s | valid loss  3.88 | valid ppl    48.569
----------------------------------------------------------------------------------------------------
| epoch   2 step   292200 |   5085 batches | lr 0.000215 | ms/batch 6160.53 | loss  3.94 | ppl    51.658
| epoch   2 step   292400 |   5285 batches | lr 0.000215 | ms/batch 2633.86 | loss  4.00 | ppl    54.501
| epoch   2 step   292600 |   5485 batches | lr 0.000215 | ms/batch 2633.59 | loss  3.95 | ppl    51.678
| epoch   2 step   292800 |   5685 batches | lr 0.000215 | ms/batch 2633.07 | loss  3.95 | ppl    51.789
| epoch   2 step   293000 |   5885 batches | lr 0.000215 | ms/batch 2632.92 | loss  3.94 | ppl    51.470
| epoch   2 step   293200 |   6085 batches | lr 0.000215 | ms/batch 2632.56 | loss  3.95 | ppl    51.916
| epoch   2 step   293400 |   6285 batches | lr 0.000215 | ms/batch 2633.55 | loss  3.97 | ppl    53.028
| epoch   2 step   293600 |   6485 batches | lr 0.000215 | ms/batch 2632.65 | loss  3.95 | ppl    51.940
| epoch   2 step   293800 |   6685 batches | lr 0.000215 | ms/batch 2632.54 | loss  3.95 | ppl    51.715
| epoch   2 step   294000 |   6885 batches | lr 0.000215 | ms/batch 2632.90 | loss  3.95 | ppl    51.799
| epoch   2 step   294200 |   7085 batches | lr 0.000215 | ms/batch 2633.75 | loss  4.02 | ppl    55.531
| epoch   2 step   294400 |   7285 batches | lr 0.000215 | ms/batch 2633.32 | loss  3.96 | ppl    52.284
| epoch   2 step   294600 |   7485 batches | lr 0.000215 | ms/batch 2633.35 | loss  3.96 | ppl    52.242
| epoch   2 step   294800 |   7685 batches | lr 0.000215 | ms/batch 2633.41 | loss  3.94 | ppl    51.619
| epoch   2 step   295000 |   7885 batches | lr 0.000215 | ms/batch 2633.70 | loss  3.96 | ppl    52.585
| epoch   2 step   295200 |   8085 batches | lr 0.000215 | ms/batch 2633.32 | loss  3.95 | ppl    52.118
| epoch   2 step   295400 |   8285 batches | lr 0.000215 | ms/batch 2633.60 | loss  3.96 | ppl    52.619
| epoch   2 step   295600 |   8485 batches | lr 0.000215 | ms/batch 2632.75 | loss  3.96 | ppl    52.286
| epoch   2 step   295800 |   8685 batches | lr 0.000215 | ms/batch 2632.87 | loss  3.95 | ppl    52.031
| epoch   2 step   296000 |   8885 batches | lr 0.000215 | ms/batch 2633.65 | loss  3.97 | ppl    52.742
----------------------------------------------------------------------------------------------------
| Eval  74 at step   296000 | time: 11234.90s | valid loss  3.89 | valid ppl    48.670
----------------------------------------------------------------------------------------------------
| epoch   2 step   296200 |   9085 batches | lr 0.000214 | ms/batch 6142.57 | loss  3.98 | ppl    53.414
| epoch   2 step   296400 |   9285 batches | lr 0.000214 | ms/batch 2632.81 | loss  3.95 | ppl    52.036
| epoch   2 step   296600 |   9485 batches | lr 0.000214 | ms/batch 2632.93 | loss  5.16 | ppl   173.515
| epoch   2 step   296800 |   9685 batches | lr 0.000214 | ms/batch 2631.02 | loss  8.35 | ppl  4242.869
| epoch   2 step   297000 |   9885 batches | lr 0.000214 | ms/batch 2628.74 | loss  8.33 | ppl  4136.914
| epoch   2 step   297200 |  10085 batches | lr 0.000214 | ms/batch 2625.69 | loss  8.32 | ppl  4100.464
| epoch   2 step   297400 |  10285 batches | lr 0.000214 | ms/batch 2625.18 | loss  8.31 | ppl  4066.413
| epoch   2 step   297600 |  10485 batches | lr 0.000214 | ms/batch 2623.73 | loss  8.31 | ppl  4066.695
| epoch   2 step   297800 |  10685 batches | lr 0.000214 | ms/batch 2622.94 | loss  8.31 | ppl  4052.786
| epoch   2 step   298000 |  10885 batches | lr 0.000214 | ms/batch 2622.81 | loss  8.31 | ppl  4062.070
| epoch   2 step   298200 |  11085 batches | lr 0.000214 | ms/batch 2623.58 | loss  8.31 | ppl  4046.330
| epoch   2 step   298400 |  11285 batches | lr 0.000214 | ms/batch 2622.24 | loss  8.30 | ppl  4042.793
| epoch   2 step   298600 |  11485 batches | lr 0.000214 | ms/batch 2622.39 | loss  8.31 | ppl  4045.627
| epoch   2 step   298800 |  11685 batches | lr 0.000214 | ms/batch 2621.87 | loss  8.31 | ppl  4045.213
| epoch   2 step   299000 |  11885 batches | lr 0.000214 | ms/batch 2622.43 | loss  8.30 | ppl  4042.207
| epoch   2 step   299200 |  12085 batches | lr 0.000214 | ms/batch 2622.49 | loss  8.31 | ppl  4044.476
| epoch   2 step   299400 |  12285 batches | lr 0.000214 | ms/batch 2622.09 | loss  8.30 | ppl  4025.795
| epoch   2 step   299600 |  12485 batches | lr 0.000214 | ms/batch 2621.91 | loss  8.30 | ppl  4029.901
| epoch   2 step   299800 |  12685 batches | lr 0.000214 | ms/batch 2621.39 | loss  8.30 | ppl  4032.488
| epoch   2 step   300000 |  12885 batches | lr 0.000214 | ms/batch 2621.28 | loss  8.30 | ppl  4029.478
----------------------------------------------------------------------------------------------------
| Eval  75 at step   300000 | time: 11203.90s | valid loss  8.30 | valid ppl  4008.038
----------------------------------------------------------------------------------------------------
| epoch   2 step   300200 |  13085 batches | lr 0.000214 | ms/batch 6139.85 | loss  8.30 | ppl  4033.150
| epoch   2 step   300400 |  13285 batches | lr 0.000214 | ms/batch 2621.42 | loss  8.30 | ppl  4034.519
| epoch   2 step   300600 |  13485 batches | lr 0.000213 | ms/batch 2622.36 | loss  8.30 | ppl  4025.964
| epoch   2 step   300800 |  13685 batches | lr 0.000213 | ms/batch 2623.12 | loss  8.31 | ppl  4060.910
| epoch   2 step   301000 |  13885 batches | lr 0.000213 | ms/batch 2621.64 | loss  8.30 | ppl  4039.975
| epoch   2 step   301200 |  14085 batches | lr 0.000213 | ms/batch 2623.86 | loss  8.30 | ppl  4034.773
| epoch   2 step   301400 |  14285 batches | lr 0.000213 | ms/batch 2623.71 | loss  8.31 | ppl  4048.725
| epoch   2 step   301600 |  14485 batches | lr 0.000213 | ms/batch 2624.27 | loss  8.30 | ppl  4030.954
| epoch   2 step   301800 |  14685 batches | lr 0.000213 | ms/batch 2623.32 | loss  8.30 | ppl  4040.290
| epoch   2 step   302000 |  14885 batches | lr 0.000213 | ms/batch 2623.17 | loss  8.30 | ppl  4028.416
| epoch   2 step   302200 |  15085 batches | lr 0.000213 | ms/batch 2623.69 | loss  8.30 | ppl  4031.250
| epoch   3 step   302400 |    170 batches | lr 0.000213 | ms/batch 2625.37 | loss  8.30 | ppl  4023.181
| epoch   3 step   302600 |    370 batches | lr 0.000213 | ms/batch 2624.38 | loss  8.30 | ppl  4024.001
| epoch   3 step   302800 |    570 batches | lr 0.000213 | ms/batch 2625.21 | loss  8.30 | ppl  4012.605
| epoch   3 step   303000 |    770 batches | lr 0.000213 | ms/batch 2624.31 | loss  8.30 | ppl  4014.525
| epoch   3 step   303200 |    970 batches | lr 0.000213 | ms/batch 2624.52 | loss  8.30 | ppl  4009.725
| epoch   3 step   303400 |   1170 batches | lr 0.000213 | ms/batch 2623.67 | loss  8.30 | ppl  4019.731
| epoch   3 step   303600 |   1370 batches | lr 0.000213 | ms/batch 2623.61 | loss  8.30 | ppl  4015.777
| epoch   3 step   303800 |   1570 batches | lr 0.000213 | ms/batch 2623.88 | loss  8.30 | ppl  4014.859
| epoch   3 step   304000 |   1770 batches | lr 0.000213 | ms/batch 2623.92 | loss  8.30 | ppl  4015.334
----------------------------------------------------------------------------------------------------
| Eval  76 at step   304000 | time: 11210.82s | valid loss  8.30 | valid ppl  4005.391
----------------------------------------------------------------------------------------------------
| epoch   3 step   304200 |   1970 batches | lr 0.000213 | ms/batch 6207.49 | loss  8.30 | ppl  4013.877
| epoch   3 step   304400 |   2170 batches | lr 0.000213 | ms/batch 2625.12 | loss  8.30 | ppl  4018.562
| epoch   3 step   304600 |   2370 batches | lr 0.000213 | ms/batch 2624.15 | loss  8.30 | ppl  4029.342
| epoch   3 step   304800 |   2570 batches | lr 0.000212 | ms/batch 2623.65 | loss  8.30 | ppl  4017.774
| epoch   3 step   305000 |   2770 batches | lr 0.000212 | ms/batch 2624.17 | loss  8.30 | ppl  4018.041
| epoch   3 step   305200 |   2970 batches | lr 0.000212 | ms/batch 2624.06 | loss  8.30 | ppl  4013.136
| epoch   3 step   305400 |   3170 batches | lr 0.000212 | ms/batch 2621.69 | loss  8.30 | ppl  4020.701
| epoch   3 step   305600 |   3370 batches | lr 0.000212 | ms/batch 2620.38 | loss  8.30 | ppl  4017.021
| epoch   3 step   305800 |   3570 batches | lr 0.000212 | ms/batch 2620.18 | loss  8.30 | ppl  4016.998
| epoch   3 step   306000 |   3770 batches | lr 0.000212 | ms/batch 2620.74 | loss  8.29 | ppl  4003.131
| epoch   3 step   306200 |   3970 batches | lr 0.000212 | ms/batch 2620.43 | loss  8.30 | ppl  4024.232
| epoch   3 step   306400 |   4170 batches | lr 0.000212 | ms/batch 2621.25 | loss  8.30 | ppl  4017.094
| epoch   3 step   306600 |   4370 batches | lr 0.000212 | ms/batch 2621.24 | loss  8.30 | ppl  4020.331
| epoch   3 step   306800 |   4570 batches | lr 0.000212 | ms/batch 2621.16 | loss  8.30 | ppl  4015.732
| epoch   3 step   307000 |   4770 batches | lr 0.000212 | ms/batch 2620.62 | loss  8.30 | ppl  4015.881
| epoch   3 step   307200 |   4970 batches | lr 0.000212 | ms/batch 2620.52 | loss  8.30 | ppl  4015.465
| epoch   3 step   307400 |   5170 batches | lr 0.000212 | ms/batch 2620.42 | loss  8.30 | ppl  4017.337
| epoch   3 step   307600 |   5370 batches | lr 0.000212 | ms/batch 2620.83 | loss  8.30 | ppl  4018.022
| epoch   3 step   307800 |   5570 batches | lr 0.000212 | ms/batch 2619.93 | loss  8.30 | ppl  4021.144
| epoch   3 step   308000 |   5770 batches | lr 0.000212 | ms/batch 2620.12 | loss  8.30 | ppl  4020.908
----------------------------------------------------------------------------------------------------
| Eval  77 at step   308000 | time: 11193.44s | valid loss  8.30 | valid ppl  4005.049
----------------------------------------------------------------------------------------------------
| epoch   3 step   308200 |   5970 batches | lr 0.000212 | ms/batch 6153.36 | loss  8.29 | ppl  4000.724
| epoch   3 step   308400 |   6170 batches | lr 0.000212 | ms/batch 2620.48 | loss  8.30 | ppl  4013.328
| epoch   3 step   308600 |   6370 batches | lr 0.000212 | ms/batch 2620.53 | loss  8.30 | ppl  4016.045
| epoch   3 step   308800 |   6570 batches | lr 0.000212 | ms/batch 2620.41 | loss  8.30 | ppl  4025.852
| epoch   3 step   309000 |   6770 batches | lr 0.000211 | ms/batch 2620.79 | loss  8.30 | ppl  4024.330
| epoch   3 step   309200 |   6970 batches | lr 0.000211 | ms/batch 2623.68 | loss  8.30 | ppl  4013.897
| epoch   3 step   309400 |   7170 batches | lr 0.000211 | ms/batch 2623.34 | loss  8.29 | ppl  4001.276
| epoch   3 step   309600 |   7370 batches | lr 0.000211 | ms/batch 2623.76 | loss  8.30 | ppl  4018.171
| epoch   3 step   309800 |   7570 batches | lr 0.000211 | ms/batch 2623.88 | loss  8.30 | ppl  4004.031
| epoch   3 step   310000 |   7770 batches | lr 0.000211 | ms/batch 2624.15 | loss  8.30 | ppl  4009.827
| epoch   3 step   310200 |   7970 batches | lr 0.000211 | ms/batch 2623.97 | loss  8.30 | ppl  4016.517
| epoch   3 step   310400 |   8170 batches | lr 0.000211 | ms/batch 2624.04 | loss  8.29 | ppl  3995.702
| epoch   3 step   310600 |   8370 batches | lr 0.000211 | ms/batch 2624.11 | loss  8.30 | ppl  4006.203
| epoch   3 step   310800 |   8570 batches | lr 0.000211 | ms/batch 2624.16 | loss  8.30 | ppl  4015.091
| epoch   3 step   311000 |   8770 batches | lr 0.000211 | ms/batch 2624.02 | loss  8.30 | ppl  4005.463
| epoch   3 step   311200 |   8970 batches | lr 0.000211 | ms/batch 2624.10 | loss  8.30 | ppl  4012.067
| epoch   3 step   311400 |   9170 batches | lr 0.000211 | ms/batch 2624.37 | loss  8.30 | ppl  4004.838
| epoch   3 step   311600 |   9370 batches | lr 0.000211 | ms/batch 2624.75 | loss  8.30 | ppl  4011.983
| epoch   3 step   311800 |   9570 batches | lr 0.000211 | ms/batch 2624.41 | loss  8.30 | ppl  4016.127
| epoch   3 step   312000 |   9770 batches | lr 0.000211 | ms/batch 2624.03 | loss  8.30 | ppl  4011.847
----------------------------------------------------------------------------------------------------
| Eval  78 at step   312000 | time: 11215.51s | valid loss  8.29 | valid ppl  4002.169
----------------------------------------------------------------------------------------------------
| epoch   3 step   312200 |   9970 batches | lr 0.000211 | ms/batch 6237.79 | loss  8.30 | ppl  4003.929
| epoch   3 step   312400 |  10170 batches | lr 0.000211 | ms/batch 2623.86 | loss  8.30 | ppl  4013.422
| epoch   3 step   312600 |  10370 batches | lr 0.000211 | ms/batch 2624.52 | loss  8.30 | ppl  4005.254
| epoch   3 step   312800 |  10570 batches | lr 0.000211 | ms/batch 2624.45 | loss  8.30 | ppl  4011.781
| epoch   3 step   313000 |  10770 batches | lr 0.000211 | ms/batch 2624.62 | loss  8.29 | ppl  4000.535
| epoch   3 step   313200 |  10970 batches | lr 0.00021 | ms/batch 2624.99 | loss  8.30 | ppl  4004.038
| epoch   3 step   313400 |  11170 batches | lr 0.00021 | ms/batch 2625.54 | loss  8.30 | ppl  4025.290
| epoch   3 step   313600 |  11370 batches | lr 0.00021 | ms/batch 2625.36 | loss  8.30 | ppl  4012.754
| epoch   3 step   313800 |  11570 batches | lr 0.00021 | ms/batch 2626.13 | loss  8.30 | ppl  4008.558
| epoch   3 step   314000 |  11770 batches | lr 0.00021 | ms/batch 2625.55 | loss  8.30 | ppl  4009.304
| epoch   3 step   314200 |  11970 batches | lr 0.00021 | ms/batch 2625.60 | loss  8.30 | ppl  4014.282
| epoch   3 step   314400 |  12170 batches | lr 0.00021 | ms/batch 2625.37 | loss  8.30 | ppl  4008.780
| epoch   3 step   314600 |  12370 batches | lr 0.00021 | ms/batch 2625.51 | loss  8.30 | ppl  4016.518
| epoch   3 step   314800 |  12570 batches | lr 0.00021 | ms/batch 2625.21 | loss  8.30 | ppl  4012.761
| epoch   3 step   315000 |  12770 batches | lr 0.00021 | ms/batch 2626.60 | loss  8.30 | ppl  4004.148
| epoch   3 step   315200 |  12970 batches | lr 0.00021 | ms/batch 2625.66 | loss  8.30 | ppl  4011.167
| epoch   3 step   315400 |  13170 batches | lr 0.00021 | ms/batch 2626.18 | loss  8.30 | ppl  4003.814
| epoch   3 step   315600 |  13370 batches | lr 0.00021 | ms/batch 2626.08 | loss  8.30 | ppl  4007.467
| epoch   3 step   315800 |  13570 batches | lr 0.00021 | ms/batch 2625.82 | loss  8.30 | ppl  4011.875
| epoch   3 step   316000 |  13770 batches | lr 0.00021 | ms/batch 2626.49 | loss  8.30 | ppl  4012.602
----------------------------------------------------------------------------------------------------
| Eval  79 at step   316000 | time: 11228.68s | valid loss  8.29 | valid ppl  4001.759
----------------------------------------------------------------------------------------------------
| epoch   3 step   316200 |  13970 batches | lr 0.00021 | ms/batch 6259.25 | loss  8.30 | ppl  4013.029
| epoch   3 step   316400 |  14170 batches | lr 0.00021 | ms/batch 2620.60 | loss  8.30 | ppl  4019.564
| epoch   3 step   316600 |  14370 batches | lr 0.00021 | ms/batch 2620.25 | loss  8.30 | ppl  4007.287
| epoch   3 step   316800 |  14570 batches | lr 0.00021 | ms/batch 2619.51 | loss  8.29 | ppl  4003.138
| epoch   3 step   317000 |  14770 batches | lr 0.00021 | ms/batch 2620.18 | loss  8.30 | ppl  4010.171
| epoch   3 step   317200 |  14970 batches | lr 0.00021 | ms/batch 2620.02 | loss  8.29 | ppl  4002.723
| epoch   4 step   317400 |     55 batches | lr 0.000209 | ms/batch 2622.17 | loss  8.30 | ppl  4010.813
| epoch   4 step   317600 |    255 batches | lr 0.000209 | ms/batch 2620.17 | loss  8.30 | ppl  4012.906
| epoch   4 step   317800 |    455 batches | lr 0.000209 | ms/batch 2620.28 | loss  8.29 | ppl  3995.191
| epoch   4 step   318000 |    655 batches | lr 0.000209 | ms/batch 2620.64 | loss  8.30 | ppl  4008.258
| epoch   4 step   318200 |    855 batches | lr 0.000209 | ms/batch 2620.02 | loss  8.30 | ppl  4004.223
| epoch   4 step   318400 |   1055 batches | lr 0.000209 | ms/batch 2620.16 | loss  8.29 | ppl  4001.012
| epoch   4 step   318600 |   1255 batches | lr 0.000209 | ms/batch 2620.48 | loss  8.30 | ppl  4006.588
| epoch   4 step   318800 |   1455 batches | lr 0.000209 | ms/batch 2620.14 | loss  8.29 | ppl  4003.145
| epoch   4 step   319000 |   1655 batches | lr 0.000209 | ms/batch 2620.26 | loss  8.30 | ppl  4012.164
| epoch   4 step   319200 |   1855 batches | lr 0.000209 | ms/batch 2620.77 | loss  8.30 | ppl  4014.895
| epoch   4 step   319400 |   2055 batches | lr 0.000209 | ms/batch 2620.44 | loss  8.30 | ppl  4011.477
| epoch   4 step   319600 |   2255 batches | lr 0.000209 | ms/batch 2620.20 | loss  8.30 | ppl  4011.939
| epoch   4 step   319800 |   2455 batches | lr 0.000209 | ms/batch 2619.78 | loss  8.30 | ppl  4019.342
| epoch   4 step   320000 |   2655 batches | lr 0.000209 | ms/batch 2620.54 | loss  8.30 | ppl  4006.569
----------------------------------------------------------------------------------------------------
| Eval  80 at step   320000 | time: 11186.66s | valid loss  8.29 | valid ppl  4001.851
----------------------------------------------------------------------------------------------------
| epoch   4 step   320200 |   2855 batches | lr 0.000209 | ms/batch 6142.84 | loss  8.29 | ppl  4000.252
| epoch   4 step   320400 |   3055 batches | lr 0.000209 | ms/batch 2621.29 | loss  8.30 | ppl  4018.908
| epoch   4 step   320600 |   3255 batches | lr 0.000209 | ms/batch 2619.96 | loss  8.29 | ppl  4000.996
| epoch   4 step   320800 |   3455 batches | lr 0.000209 | ms/batch 2619.72 | loss  8.30 | ppl  4014.091
| epoch   4 step   321000 |   3655 batches | lr 0.000209 | ms/batch 2620.61 | loss  8.30 | ppl  4006.660
| epoch   4 step   321200 |   3855 batches | lr 0.000209 | ms/batch 2620.41 | loss  8.30 | ppl  4005.579
| epoch   4 step   321400 |   4055 batches | lr 0.000209 | ms/batch 2620.10 | loss  8.30 | ppl  4011.286
| epoch   4 step   321600 |   4255 batches | lr 0.000208 | ms/batch 2619.95 | loss  8.30 | ppl  4010.143
| epoch   4 step   321800 |   4455 batches | lr 0.000208 | ms/batch 2620.63 | loss  8.30 | ppl  4013.941
| epoch   4 step   322000 |   4655 batches | lr 0.000208 | ms/batch 2620.26 | loss  8.29 | ppl  4001.233
| epoch   4 step   322200 |   4855 batches | lr 0.000208 | ms/batch 2620.13 | loss  8.29 | ppl  3999.147
| epoch   4 step   322400 |   5055 batches | lr 0.000208 | ms/batch 2620.40 | loss  8.30 | ppl  4011.861
| epoch   4 step   322600 |   5255 batches | lr 0.000208 | ms/batch 2620.54 | loss  8.30 | ppl  4005.943
| epoch   4 step   322800 |   5455 batches | lr 0.000208 | ms/batch 2619.98 | loss  8.30 | ppl  4018.880
| epoch   4 step   323000 |   5655 batches | lr 0.000208 | ms/batch 2620.36 | loss  8.30 | ppl  4011.323
| epoch   4 step   323200 |   5855 batches | lr 0.000208 | ms/batch 2622.14 | loss  8.29 | ppl  4002.338
| epoch   4 step   323400 |   6055 batches | lr 0.000208 | ms/batch 2619.61 | loss  8.29 | ppl  3998.291
| epoch   4 step   323600 |   6255 batches | lr 0.000208 | ms/batch 2619.83 | loss  8.30 | ppl  4004.486
| epoch   4 step   323800 |   6455 batches | lr 0.000208 | ms/batch 2620.27 | loss  8.29 | ppl  4003.172
| epoch   4 step   324000 |   6655 batches | lr 0.000208 | ms/batch 2620.52 | loss  8.30 | ppl  4015.587
----------------------------------------------------------------------------------------------------
| Eval  81 at step   324000 | time: 11187.17s | valid loss  8.29 | valid ppl  4000.964
----------------------------------------------------------------------------------------------------
| epoch   4 step   324200 |   6855 batches | lr 0.000208 | ms/batch 6149.51 | loss  8.30 | ppl  4005.952
| epoch   4 step   324400 |   7055 batches | lr 0.000208 | ms/batch 2620.57 | loss  8.30 | ppl  4019.888
| epoch   4 step   324600 |   7255 batches | lr 0.000208 | ms/batch 2620.43 | loss  8.30 | ppl  4007.549
| epoch   4 step   324800 |   7455 batches | lr 0.000208 | ms/batch 2620.80 | loss  8.30 | ppl  4009.635
| epoch   4 step   325000 |   7655 batches | lr 0.000208 | ms/batch 2620.88 | loss  8.30 | ppl  4010.244
| epoch   4 step   325200 |   7855 batches | lr 0.000208 | ms/batch 2620.44 | loss  8.30 | ppl  4004.062
| epoch   4 step   325400 |   8055 batches | lr 0.000208 | ms/batch 2620.03 | loss  8.30 | ppl  4006.474
| epoch   4 step   325600 |   8255 batches | lr 0.000207 | ms/batch 2619.63 | loss  8.29 | ppl  4003.305
| epoch   4 step   325800 |   8455 batches | lr 0.000207 | ms/batch 2620.82 | loss  8.30 | ppl  4009.350
| epoch   4 step   326000 |   8655 batches | lr 0.000207 | ms/batch 2620.65 | loss  8.29 | ppl  3994.741
| epoch   4 step   326200 |   8855 batches | lr 0.000207 | ms/batch 2620.47 | loss  8.30 | ppl  4009.927
| epoch   4 step   326400 |   9055 batches | lr 0.000207 | ms/batch 2620.58 | loss  8.30 | ppl  4008.763
| epoch   4 step   326600 |   9255 batches | lr 0.000207 | ms/batch 2620.09 | loss  8.30 | ppl  4010.300
| epoch   4 step   326800 |   9455 batches | lr 0.000207 | ms/batch 2620.73 | loss  8.29 | ppl  4002.131
| epoch   4 step   327000 |   9655 batches | lr 0.000207 | ms/batch 2621.03 | loss  8.30 | ppl  4014.771
| epoch   4 step   327200 |   9855 batches | lr 0.000207 | ms/batch 2620.77 | loss  8.29 | ppl  3999.958
| epoch   4 step   327400 |  10055 batches | lr 0.000207 | ms/batch 2627.82 | loss  8.29 | ppl  4001.988
| epoch   4 step   327600 |  10255 batches | lr 0.000207 | ms/batch 2627.41 | loss  8.29 | ppl  4003.732
| epoch   4 step   327800 |  10455 batches | lr 0.000207 | ms/batch 2628.02 | loss  8.30 | ppl  4013.698
| epoch   4 step   328000 |  10655 batches | lr 0.000207 | ms/batch 2627.45 | loss  8.30 | ppl  4007.568
----------------------------------------------------------------------------------------------------
| Eval  82 at step   328000 | time: 11222.44s | valid loss  8.29 | valid ppl  4000.783
----------------------------------------------------------------------------------------------------
| epoch   4 step   328200 |  10855 batches | lr 0.000207 | ms/batch 6300.85 | loss  8.30 | ppl  4009.778
| epoch   4 step   328400 |  11055 batches | lr 0.000207 | ms/batch 2627.88 | loss  8.29 | ppl  4002.192
| epoch   4 step   328600 |  11255 batches | lr 0.000207 | ms/batch 2627.55 | loss  8.30 | ppl  4008.592
| epoch   4 step   328800 |  11455 batches | lr 0.000207 | ms/batch 2627.03 | loss  8.29 | ppl  4003.601
| epoch   4 step   329000 |  11655 batches | lr 0.000207 | ms/batch 2627.43 | loss  8.30 | ppl  4008.517
| epoch   4 step   329200 |  11855 batches | lr 0.000207 | ms/batch 2627.28 | loss  8.30 | ppl  4014.228
| epoch   4 step   329400 |  12055 batches | lr 0.000207 | ms/batch 2627.38 | loss  8.30 | ppl  4004.924
| epoch   4 step   329600 |  12255 batches | lr 0.000206 | ms/batch 2627.30 | loss  8.30 | ppl  4007.408
| epoch   4 step   329800 |  12455 batches | lr 0.000206 | ms/batch 2627.36 | loss  8.30 | ppl  4010.204
| epoch   4 step   330000 |  12655 batches | lr 0.000206 | ms/batch 2628.79 | loss  8.29 | ppl  4002.304
| epoch   4 step   330200 |  12855 batches | lr 0.000206 | ms/batch 2627.85 | loss  8.30 | ppl  4005.078
| epoch   4 step   330400 |  13055 batches | lr 0.000206 | ms/batch 2627.81 | loss  8.29 | ppl  4003.319
| epoch   4 step   330600 |  13255 batches | lr 0.000206 | ms/batch 2627.09 | loss  8.29 | ppl  4002.135
| epoch   4 step   330800 |  13455 batches | lr 0.000206 | ms/batch 2627.36 | loss  8.29 | ppl  3992.888
| epoch   4 step   331000 |  13655 batches | lr 0.000206 | ms/batch 2627.83 | loss  8.29 | ppl  3997.980
| epoch   4 step   331200 |  13855 batches | lr 0.000206 | ms/batch 2627.04 | loss  8.29 | ppl  3998.834
| epoch   4 step   331400 |  14055 batches | lr 0.000206 | ms/batch 2627.27 | loss  8.30 | ppl  4014.911
| epoch   4 step   331600 |  14255 batches | lr 0.000206 | ms/batch 2628.44 | loss  8.29 | ppl  3998.970
| epoch   4 step   331800 |  14455 batches | lr 0.000206 | ms/batch 2628.15 | loss  8.29 | ppl  3998.073
| epoch   4 step   332000 |  14655 batches | lr 0.000206 | ms/batch 2628.39 | loss  8.30 | ppl  4008.771
----------------------------------------------------------------------------------------------------
| Eval  83 at step   332000 | time: 11245.31s | valid loss  8.29 | valid ppl  4000.348
----------------------------------------------------------------------------------------------------
| epoch   4 step   332200 |  14855 batches | lr 0.000206 | ms/batch 6302.67 | loss  8.30 | ppl  4007.608
| epoch   4 step   332400 |  15055 batches | lr 0.000206 | ms/batch 2628.73 | loss  8.30 | ppl  4009.790
| epoch   5 step   332600 |    140 batches | lr 0.000206 | ms/batch 2629.49 | loss  8.30 | ppl  4003.847
| epoch   5 step   332800 |    340 batches | lr 0.000206 | ms/batch 2629.51 | loss  8.30 | ppl  4009.195
| epoch   5 step   333000 |    540 batches | lr 0.000206 | ms/batch 2628.39 | loss  8.30 | ppl  4007.080
| epoch   5 step   333200 |    740 batches | lr 0.000206 | ms/batch 2627.89 | loss  8.30 | ppl  4013.330
| epoch   5 step   333400 |    940 batches | lr 0.000206 | ms/batch 2628.90 | loss  8.30 | ppl  4008.965
| epoch   5 step   333600 |   1140 batches | lr 0.000205 | ms/batch 2628.53 | loss  8.30 | ppl  4017.171
| epoch   5 step   333800 |   1340 batches | lr 0.000205 | ms/batch 2628.26 | loss  8.30 | ppl  4009.393
| epoch   5 step   334000 |   1540 batches | lr 0.000205 | ms/batch 2628.39 | loss  8.30 | ppl  4005.094
| epoch   5 step   334200 |   1740 batches | lr 0.000205 | ms/batch 2627.82 | loss  8.30 | ppl  4004.460
| epoch   5 step   334400 |   1940 batches | lr 0.000205 | ms/batch 2628.71 | loss  8.29 | ppl  3998.568
| epoch   5 step   334600 |   2140 batches | lr 0.000205 | ms/batch 2627.20 | loss  8.30 | ppl  4008.151
| epoch   5 step   334800 |   2340 batches | lr 0.000205 | ms/batch 2626.46 | loss  8.30 | ppl  4016.741
| epoch   5 step   335000 |   2540 batches | lr 0.000205 | ms/batch 2627.25 | loss  8.29 | ppl  3999.975
| epoch   5 step   335200 |   2740 batches | lr 0.000205 | ms/batch 2628.03 | loss  8.30 | ppl  4007.975
| epoch   5 step   335400 |   2940 batches | lr 0.000205 | ms/batch 2627.81 | loss  8.30 | ppl  4012.472
| epoch   5 step   335600 |   3140 batches | lr 0.000205 | ms/batch 2627.20 | loss  8.29 | ppl  4001.905
| epoch   5 step   335800 |   3340 batches | lr 0.000205 | ms/batch 2627.14 | loss  8.30 | ppl  4007.980
| epoch   5 step   336000 |   3540 batches | lr 0.000205 | ms/batch 2627.38 | loss  8.30 | ppl  4007.114
----------------------------------------------------------------------------------------------------
| Eval  84 at step   336000 | time: 11247.83s | valid loss  8.29 | valid ppl  4000.427
----------------------------------------------------------------------------------------------------
| epoch   5 step   336200 |   3740 batches | lr 0.000205 | ms/batch 6305.42 | loss  8.29 | ppl  4003.678
| epoch   5 step   336400 |   3940 batches | lr 0.000205 | ms/batch 2628.77 | loss  8.29 | ppl  3998.379
| epoch   5 step   336600 |   4140 batches | lr 0.000205 | ms/batch 2629.05 | loss  8.29 | ppl  4002.629
| epoch   5 step   336800 |   4340 batches | lr 0.000205 | ms/batch 2627.72 | loss  8.30 | ppl  4004.689
| epoch   5 step   337000 |   4540 batches | lr 0.000205 | ms/batch 2628.34 | loss  8.30 | ppl  4020.664
| epoch   5 step   337200 |   4740 batches | lr 0.000205 | ms/batch 2627.94 | loss  8.30 | ppl  4010.624
| epoch   5 step   337400 |   4940 batches | lr 0.000205 | ms/batch 2627.95 | loss  8.29 | ppl  3999.110
| epoch   5 step   337600 |   5140 batches | lr 0.000204 | ms/batch 2627.16 | loss  8.29 | ppl  3995.909
| epoch   5 step   337800 |   5340 batches | lr 0.000204 | ms/batch 2628.85 | loss  8.30 | ppl  4004.826
| epoch   5 step   338000 |   5540 batches | lr 0.000204 | ms/batch 2627.99 | loss  8.29 | ppl  3990.702
| epoch   5 step   338200 |   5740 batches | lr 0.000204 | ms/batch 2628.00 | loss  8.29 | ppl  4003.673
| epoch   5 step   338400 |   5940 batches | lr 0.000204 | ms/batch 2628.37 | loss  8.30 | ppl  4009.844
| epoch   5 step   338600 |   6140 batches | lr 0.000204 | ms/batch 2627.91 | loss  8.29 | ppl  4000.053
| epoch   5 step   338800 |   6340 batches | lr 0.000204 | ms/batch 2627.64 | loss  8.30 | ppl  4011.390
| epoch   5 step   339000 |   6540 batches | lr 0.000204 | ms/batch 2627.03 | loss  8.30 | ppl  4009.879
| epoch   5 step   339200 |   6740 batches | lr 0.000204 | ms/batch 2627.73 | loss  8.30 | ppl  4011.473
| epoch   5 step   339400 |   6940 batches | lr 0.000204 | ms/batch 2627.48 | loss  8.29 | ppl  4002.490
| epoch   5 step   339600 |   7140 batches | lr 0.000204 | ms/batch 2627.34 | loss  8.29 | ppl  3996.044
| epoch   5 step   339800 |   7340 batches | lr 0.000204 | ms/batch 2628.51 | loss  8.30 | ppl  4008.969
| epoch   5 step   340000 |   7540 batches | lr 0.000204 | ms/batch 2627.37 | loss  8.29 | ppl  3995.489
----------------------------------------------------------------------------------------------------
| Eval  85 at step   340000 | time: 11246.97s | valid loss  8.29 | valid ppl  4000.605
----------------------------------------------------------------------------------------------------
| epoch   5 step   340200 |   7740 batches | lr 0.000204 | ms/batch 6302.91 | loss  8.30 | ppl  4009.282
| epoch   5 step   340400 |   7940 batches | lr 0.000204 | ms/batch 2628.29 | loss  8.29 | ppl  4002.515
| epoch   5 step   340600 |   8140 batches | lr 0.000204 | ms/batch 2628.44 | loss  8.29 | ppl  4002.616
| epoch   5 step   340800 |   8340 batches | lr 0.000204 | ms/batch 2626.96 | loss  8.30 | ppl  4013.553
| epoch   5 step   341000 |   8540 batches | lr 0.000204 | ms/batch 2627.64 | loss  8.30 | ppl  4010.285
| epoch   5 step   341200 |   8740 batches | lr 0.000204 | ms/batch 2627.18 | loss  8.29 | ppl  3993.335
| epoch   5 step   341400 |   8940 batches | lr 0.000204 | ms/batch 2620.56 | loss  8.30 | ppl  4010.563
| epoch   5 step   341600 |   9140 batches | lr 0.000203 | ms/batch 2619.98 | loss  8.29 | ppl  4002.985
| epoch   5 step   341800 |   9340 batches | lr 0.000203 | ms/batch 2619.51 | loss  8.30 | ppl  4003.940
| epoch   5 step   342000 |   9540 batches | lr 0.000203 | ms/batch 2619.75 | loss  8.30 | ppl  4010.642
| epoch   5 step   342200 |   9740 batches | lr 0.000203 | ms/batch 2619.51 | loss  8.29 | ppl  4001.983
| epoch   5 step   342400 |   9940 batches | lr 0.000203 | ms/batch 2621.74 | loss  8.30 | ppl  4013.278
| epoch   5 step   342600 |  10140 batches | lr 0.000203 | ms/batch 2623.17 | loss  8.30 | ppl  4007.652
| epoch   5 step   342800 |  10340 batches | lr 0.000203 | ms/batch 2624.17 | loss  8.29 | ppl  4000.223
| epoch   5 step   343000 |  10540 batches | lr 0.000203 | ms/batch 2623.67 | loss  8.29 | ppl  3995.786
| epoch   5 step   343200 |  10740 batches | lr 0.000203 | ms/batch 2621.94 | loss  8.30 | ppl  4004.871
| epoch   5 step   343400 |  10940 batches | lr 0.000203 | ms/batch 2620.76 | loss  8.29 | ppl  4000.868
| epoch   5 step   343600 |  11140 batches | lr 0.000203 | ms/batch 2621.55 | loss  8.30 | ppl  4007.529
| epoch   5 step   343800 |  11340 batches | lr 0.000203 | ms/batch 2621.81 | loss  8.29 | ppl  4002.464
| epoch   5 step   344000 |  11540 batches | lr 0.000203 | ms/batch 2620.39 | loss  8.29 | ppl  3993.740
----------------------------------------------------------------------------------------------------
| Eval  86 at step   344000 | time: 11201.58s | valid loss  8.29 | valid ppl  3999.676
----------------------------------------------------------------------------------------------------
| epoch   5 step   344200 |  11740 batches | lr 0.000203 | ms/batch 6164.21 | loss  8.29 | ppl  3988.261
| epoch   5 step   344400 |  11940 batches | lr 0.000203 | ms/batch 2623.82 | loss  8.29 | ppl  4003.367
| epoch   5 step   344600 |  12140 batches | lr 0.000203 | ms/batch 2624.33 | loss  8.30 | ppl  4006.707
| epoch   5 step   344800 |  12340 batches | lr 0.000203 | ms/batch 2624.03 | loss  8.29 | ppl  3992.776
| epoch   5 step   345000 |  12540 batches | lr 0.000203 | ms/batch 2621.66 | loss  8.30 | ppl  4004.734
| epoch   5 step   345200 |  12740 batches | lr 0.000203 | ms/batch 2621.38 | loss  8.30 | ppl  4012.327
| epoch   5 step   345400 |  12940 batches | lr 0.000202 | ms/batch 2620.25 | loss  8.30 | ppl  4016.579
| epoch   5 step   345600 |  13140 batches | lr 0.000202 | ms/batch 2620.59 | loss  8.30 | ppl  4004.768
| epoch   5 step   345800 |  13340 batches | lr 0.000202 | ms/batch 2621.85 | loss  8.30 | ppl  4006.740
| epoch   5 step   346000 |  13540 batches | lr 0.000202 | ms/batch 2621.57 | loss  8.30 | ppl  4011.848
| epoch   5 step   346200 |  13740 batches | lr 0.000202 | ms/batch 2621.50 | loss  8.29 | ppl  3993.105
| epoch   5 step   346400 |  13940 batches | lr 0.000202 | ms/batch 2624.22 | loss  8.30 | ppl  4011.937
| epoch   5 step   346600 |  14140 batches | lr 0.000202 | ms/batch 2624.10 | loss  8.29 | ppl  4003.566
| epoch   5 step   346800 |  14340 batches | lr 0.000202 | ms/batch 2623.58 | loss  8.29 | ppl  3997.675
| epoch   5 step   347000 |  14540 batches | lr 0.000202 | ms/batch 2622.80 | loss  8.30 | ppl  4005.311
| epoch   5 step   347200 |  14740 batches | lr 0.000202 | ms/batch 2620.25 | loss  8.29 | ppl  4001.886
| epoch   5 step   347400 |  14940 batches | lr 0.000202 | ms/batch 2620.98 | loss  8.29 | ppl  3999.563
| epoch   6 step   347600 |     25 batches | lr 0.000202 | ms/batch 2620.70 | loss  8.29 | ppl  3992.776
| epoch   6 step   347800 |    225 batches | lr 0.000202 | ms/batch 2622.62 | loss  8.30 | ppl  4005.471
| epoch   6 step   348000 |    425 batches | lr 0.000202 | ms/batch 2620.08 | loss  8.30 | ppl  4012.337
----------------------------------------------------------------------------------------------------
| Eval  87 at step   348000 | time: 11196.06s | valid loss  8.29 | valid ppl  4000.237
----------------------------------------------------------------------------------------------------
| epoch   6 step   348200 |    625 batches | lr 0.000202 | ms/batch 6156.90 | loss  8.30 | ppl  4006.311
| epoch   6 step   348400 |    825 batches | lr 0.000202 | ms/batch 2619.25 | loss  8.29 | ppl  3995.673
| epoch   6 step   348600 |   1025 batches | lr 0.000202 | ms/batch 2619.41 | loss  8.29 | ppl  3995.037
| epoch   6 step   348800 |   1225 batches | lr 0.000202 | ms/batch 2619.44 | loss  8.29 | ppl  3998.957
| epoch   6 step   349000 |   1425 batches | lr 0.000202 | ms/batch 2619.79 | loss  8.29 | ppl  3995.654
| epoch   6 step   349200 |   1625 batches | lr 0.000201 | ms/batch 2619.81 | loss  8.30 | ppl  4010.295
| epoch   6 step   349400 |   1825 batches | lr 0.000201 | ms/batch 2619.29 | loss  8.29 | ppl  3997.702
| epoch   6 step   349600 |   2025 batches | lr 0.000201 | ms/batch 2619.81 | loss  8.30 | ppl  4009.526
| epoch   6 step   349800 |   2225 batches | lr 0.000201 | ms/batch 2619.08 | loss  8.29 | ppl  3996.747
| epoch   6 step   350000 |   2425 batches | lr 0.000201 | ms/batch 2619.90 | loss  8.30 | ppl  4006.341
| epoch   6 step   350200 |   2625 batches | lr 0.000201 | ms/batch 2619.93 | loss  8.29 | ppl  4002.858
| epoch   6 step   350400 |   2825 batches | lr 0.000201 | ms/batch 2620.40 | loss  8.29 | ppl  3989.271
| epoch   6 step   350600 |   3025 batches | lr 0.000201 | ms/batch 2619.09 | loss  8.29 | ppl  3994.599
| epoch   6 step   350800 |   3225 batches | lr 0.000201 | ms/batch 2619.85 | loss  8.29 | ppl  3998.579
| epoch   6 step   351000 |   3425 batches | lr 0.000201 | ms/batch 2619.72 | loss  8.29 | ppl  4001.506
| epoch   6 step   351200 |   3625 batches | lr 0.000201 | ms/batch 2619.97 | loss  8.30 | ppl  4010.762
| epoch   6 step   351400 |   3825 batches | lr 0.000201 | ms/batch 2620.03 | loss  8.29 | ppl  3999.501
| epoch   6 step   351600 |   4025 batches | lr 0.000201 | ms/batch 2620.00 | loss  8.30 | ppl  4013.346
| epoch   6 step   351800 |   4225 batches | lr 0.000201 | ms/batch 2619.75 | loss  8.29 | ppl  4001.470
| epoch   6 step   352000 |   4425 batches | lr 0.000201 | ms/batch 2618.95 | loss  8.30 | ppl  4006.035
----------------------------------------------------------------------------------------------------
| Eval  88 at step   352000 | time: 11184.23s | valid loss  8.29 | valid ppl  4000.299
----------------------------------------------------------------------------------------------------
| epoch   6 step   352200 |   4625 batches | lr 0.000201 | ms/batch 6147.72 | loss  8.30 | ppl  4006.960
| epoch   6 step   352400 |   4825 batches | lr 0.000201 | ms/batch 2619.40 | loss  8.30 | ppl  4005.924
| epoch   6 step   352600 |   5025 batches | lr 0.000201 | ms/batch 2619.54 | loss  8.30 | ppl  4006.117
| epoch   6 step   352800 |   5225 batches | lr 0.000201 | ms/batch 2620.34 | loss  8.29 | ppl  3998.740
| epoch   6 step   353000 |   5425 batches | lr 0.000201 | ms/batch 2620.54 | loss  8.29 | ppl  4002.312
| epoch   6 step   353200 |   5625 batches | lr 0.0002 | ms/batch 2621.84 | loss  8.29 | ppl  4002.096
| epoch   6 step   353400 |   5825 batches | lr 0.0002 | ms/batch 2620.78 | loss  8.30 | ppl  4008.721
| epoch   6 step   353600 |   6025 batches | lr 0.0002 | ms/batch 2619.10 | loss  8.30 | ppl  4009.685
| epoch   6 step   353800 |   6225 batches | lr 0.0002 | ms/batch 2619.43 | loss  8.30 | ppl  4005.738
| epoch   6 step   354000 |   6425 batches | lr 0.0002 | ms/batch 2619.18 | loss  8.30 | ppl  4019.375
| epoch   6 step   354200 |   6625 batches | lr 0.0002 | ms/batch 2620.32 | loss  8.29 | ppl  3994.849
| epoch   6 step   354400 |   6825 batches | lr 0.0002 | ms/batch 2619.53 | loss  8.29 | ppl  4003.102
| epoch   6 step   354600 |   7025 batches | lr 0.0002 | ms/batch 2619.86 | loss  8.30 | ppl  4012.781
| epoch   6 step   354800 |   7225 batches | lr 0.0002 | ms/batch 2619.68 | loss  8.29 | ppl  4002.062
| epoch   6 step   355000 |   7425 batches | lr 0.0002 | ms/batch 2618.80 | loss  8.29 | ppl  3998.659
| epoch   6 step   355200 |   7625 batches | lr 0.0002 | ms/batch 2620.34 | loss  8.29 | ppl  3991.901
| epoch   6 step   355400 |   7825 batches | lr 0.0002 | ms/batch 2619.51 | loss  8.29 | ppl  3999.738
| epoch   6 step   355600 |   8025 batches | lr 0.0002 | ms/batch 2620.32 | loss  8.30 | ppl  4007.774
| epoch   6 step   355800 |   8225 batches | lr 0.0002 | ms/batch 2619.94 | loss  8.29 | ppl  4002.437
| epoch   6 step   356000 |   8425 batches | lr 0.0002 | ms/batch 2619.82 | loss  8.29 | ppl  4001.609
----------------------------------------------------------------------------------------------------
| Eval  89 at step   356000 | time: 11185.58s | valid loss  8.29 | valid ppl  3999.757
----------------------------------------------------------------------------------------------------
| epoch   6 step   356200 |   8625 batches | lr 0.0002 | ms/batch 6150.35 | loss  8.29 | ppl  4000.984
| epoch   6 step   356400 |   8825 batches | lr 0.0002 | ms/batch 2620.31 | loss  8.30 | ppl  4013.167
| epoch   6 step   356600 |   9025 batches | lr 0.0002 | ms/batch 2620.51 | loss  8.30 | ppl  4011.666
| epoch   6 step   356800 |   9225 batches | lr 0.0002 | ms/batch 2619.40 | loss  8.30 | ppl  4011.468
| epoch   6 step   357000 |   9425 batches | lr 0.000199 | ms/batch 2620.35 | loss  8.29 | ppl  4000.085
| epoch   6 step   357200 |   9625 batches | lr 0.000199 | ms/batch 2619.62 | loss  8.29 | ppl  3997.311
| epoch   6 step   357400 |   9825 batches | lr 0.000199 | ms/batch 2619.45 | loss  8.30 | ppl  4015.289
| epoch   6 step   357600 |  10025 batches | lr 0.000199 | ms/batch 2620.24 | loss  8.30 | ppl  4015.745
| epoch   6 step   357800 |  10225 batches | lr 0.000199 | ms/batch 2620.10 | loss  8.30 | ppl  4005.526
| epoch   6 step   358000 |  10425 batches | lr 0.000199 | ms/batch 2619.32 | loss  8.29 | ppl  3999.248
| epoch   6 step   358200 |  10625 batches | lr 0.000199 | ms/batch 2619.92 | loss  8.29 | ppl  3999.591
| epoch   6 step   358400 |  10825 batches | lr 0.000199 | ms/batch 2620.35 | loss  8.29 | ppl  3998.772
| epoch   6 step   358600 |  11025 batches | lr 0.000199 | ms/batch 2619.38 | loss  8.29 | ppl  4002.381
| epoch   6 step   358800 |  11225 batches | lr 0.000199 | ms/batch 2620.42 | loss  8.30 | ppl  4007.351
| epoch   6 step   359000 |  11425 batches | lr 0.000199 | ms/batch 2619.48 | loss  8.29 | ppl  3996.223
| epoch   6 step   359200 |  11625 batches | lr 0.000199 | ms/batch 2619.25 | loss  8.29 | ppl  4002.412
| epoch   6 step   359400 |  11825 batches | lr 0.000199 | ms/batch 2620.03 | loss  8.29 | ppl  4000.510
| epoch   6 step   359600 |  12025 batches | lr 0.000199 | ms/batch 2619.57 | loss  8.30 | ppl  4009.940
| epoch   6 step   359800 |  12225 batches | lr 0.000199 | ms/batch 2619.24 | loss  8.30 | ppl  4009.896
| epoch   6 step   360000 |  12425 batches | lr 0.000199 | ms/batch 2620.06 | loss  8.30 | ppl  4005.950
----------------------------------------------------------------------------------------------------
| Eval  90 at step   360000 | time: 11185.76s | valid loss  8.29 | valid ppl  3999.213
----------------------------------------------------------------------------------------------------
| epoch   6 step   360200 |  12625 batches | lr 0.000199 | ms/batch 6150.95 | loss  8.30 | ppl  4012.927
| epoch   6 step   360400 |  12825 batches | lr 0.000199 | ms/batch 2620.64 | loss  8.30 | ppl  4004.369
| epoch   6 step   360600 |  13025 batches | lr 0.000199 | ms/batch 2619.89 | loss  8.30 | ppl  4011.727
| epoch   6 step   360800 |  13225 batches | lr 0.000198 | ms/batch 2619.53 | loss  8.29 | ppl  3992.238
| epoch   6 step   361000 |  13425 batches | lr 0.000198 | ms/batch 2619.38 | loss  8.30 | ppl  4004.868
| epoch   6 step   361200 |  13625 batches | lr 0.000198 | ms/batch 2619.76 | loss  8.30 | ppl  4011.667
| epoch   6 step   361400 |  13825 batches | lr 0.000198 | ms/batch 2619.30 | loss  8.29 | ppl  3989.101
| epoch   6 step   361600 |  14025 batches | lr 0.000198 | ms/batch 2619.74 | loss  8.29 | ppl  3993.697
| epoch   6 step   361800 |  14225 batches | lr 0.000198 | ms/batch 2620.24 | loss  8.29 | ppl  4002.104
| epoch   6 step   362000 |  14425 batches | lr 0.000198 | ms/batch 2619.49 | loss  8.29 | ppl  4001.382
| epoch   6 step   362200 |  14625 batches | lr 0.000198 | ms/batch 2619.93 | loss  8.30 | ppl  4004.789
| epoch   6 step   362400 |  14825 batches | lr 0.000198 | ms/batch 2620.13 | loss  8.30 | ppl  4005.687
| epoch   6 step   362600 |  15025 batches | lr 0.000198 | ms/batch 2619.72 | loss  8.29 | ppl  3996.788
| epoch   7 step   362800 |    110 batches | lr 0.000198 | ms/batch 2620.78 | loss  8.29 | ppl  4002.551
| epoch   7 step   363000 |    310 batches | lr 0.000198 | ms/batch 2620.06 | loss  8.30 | ppl  4008.787
| epoch   7 step   363200 |    510 batches | lr 0.000198 | ms/batch 2619.28 | loss  8.29 | ppl  3996.698
| epoch   7 step   363400 |    710 batches | lr 0.000198 | ms/batch 2619.64 | loss  8.29 | ppl  4003.586
| epoch   7 step   363600 |    910 batches | lr 0.000198 | ms/batch 2619.73 | loss  8.29 | ppl  3994.320
| epoch   7 step   363800 |   1110 batches | lr 0.000198 | ms/batch 2619.72 | loss  8.29 | ppl  3994.000
| epoch   7 step   364000 |   1310 batches | lr 0.000198 | ms/batch 2619.43 | loss  8.29 | ppl  4003.616
----------------------------------------------------------------------------------------------------
| Eval  91 at step   364000 | time: 11185.25s | valid loss  8.29 | valid ppl  3999.310
----------------------------------------------------------------------------------------------------
| epoch   7 step   364200 |   1510 batches | lr 0.000198 | ms/batch 6150.37 | loss  8.29 | ppl  4001.957
| epoch   7 step   364400 |   1710 batches | lr 0.000197 | ms/batch 2620.20 | loss  8.30 | ppl  4004.861
| epoch   7 step   364600 |   1910 batches | lr 0.000197 | ms/batch 2619.71 | loss  8.30 | ppl  4004.541
| epoch   7 step   364800 |   2110 batches | lr 0.000197 | ms/batch 2619.92 | loss  8.30 | ppl  4016.972
| epoch   7 step   365000 |   2310 batches | lr 0.000197 | ms/batch 2619.69 | loss  8.29 | ppl  4003.748
| epoch   7 step   365200 |   2510 batches | lr 0.000197 | ms/batch 2619.26 | loss  8.30 | ppl  4004.776
| epoch   7 step   365400 |   2710 batches | lr 0.000197 | ms/batch 2620.03 | loss  8.29 | ppl  3997.967
| epoch   7 step   365600 |   2910 batches | lr 0.000197 | ms/batch 2619.76 | loss  8.30 | ppl  4008.379
| epoch   7 step   365800 |   3110 batches | lr 0.000197 | ms/batch 2619.47 | loss  8.29 | ppl  3992.447
| epoch   7 step   366000 |   3310 batches | lr 0.000197 | ms/batch 2623.24 | loss  8.29 | ppl  4000.495
| epoch   7 step   366200 |   3510 batches | lr 0.000197 | ms/batch 2623.11 | loss  8.30 | ppl  4007.301
| epoch   7 step   366400 |   3710 batches | lr 0.000197 | ms/batch 2623.17 | loss  8.30 | ppl  4005.474
| epoch   7 step   366600 |   3910 batches | lr 0.000197 | ms/batch 2622.87 | loss  8.29 | ppl  4001.573
| epoch   7 step   366800 |   4110 batches | lr 0.000197 | ms/batch 2622.88 | loss  8.29 | ppl  4000.693
| epoch   7 step   367000 |   4310 batches | lr 0.000197 | ms/batch 2622.76 | loss  8.30 | ppl  4004.915
| epoch   7 step   367200 |   4510 batches | lr 0.000197 | ms/batch 2622.84 | loss  8.30 | ppl  4013.321
| epoch   7 step   367400 |   4710 batches | lr 0.000197 | ms/batch 2624.29 | loss  8.29 | ppl  3997.911
| epoch   7 step   367600 |   4910 batches | lr 0.000197 | ms/batch 2623.21 | loss  8.30 | ppl  4003.848
| epoch   7 step   367800 |   5110 batches | lr 0.000197 | ms/batch 2622.65 | loss  8.30 | ppl  4004.381
| epoch   7 step   368000 |   5310 batches | lr 0.000197 | ms/batch 2623.04 | loss  8.30 | ppl  4009.163
----------------------------------------------------------------------------------------------------
| Eval  92 at step   368000 | time: 11207.72s | valid loss  8.29 | valid ppl  3999.410
----------------------------------------------------------------------------------------------------
| epoch   7 step   368200 |   5510 batches | lr 0.000196 | ms/batch 6225.33 | loss  8.29 | ppl  3998.713
| epoch   7 step   368400 |   5710 batches | lr 0.000196 | ms/batch 2631.16 | loss  8.29 | ppl  3999.276
| epoch   7 step   368600 |   5910 batches | lr 0.000196 | ms/batch 2623.81 | loss  8.29 | ppl  3996.357
| epoch   7 step   368800 |   6110 batches | lr 0.000196 | ms/batch 2621.36 | loss  8.30 | ppl  4004.834
| epoch   7 step   369000 |   6310 batches | lr 0.000196 | ms/batch 2620.88 | loss  8.30 | ppl  4008.016
| epoch   7 step   369200 |   6510 batches | lr 0.000196 | ms/batch 2621.04 | loss  8.29 | ppl  4001.479
| epoch   7 step   369400 |   6710 batches | lr 0.000196 | ms/batch 2620.90 | loss  8.29 | ppl  4002.830
| epoch   7 step   369600 |   6910 batches | lr 0.000196 | ms/batch 2620.27 | loss  8.30 | ppl  4005.206
| epoch   7 step   369800 |   7110 batches | lr 0.000196 | ms/batch 2620.76 | loss  8.30 | ppl  4009.488
| epoch   7 step   370000 |   7310 batches | lr 0.000196 | ms/batch 2622.47 | loss  8.30 | ppl  4016.464
| epoch   7 step   370200 |   7510 batches | lr 0.000196 | ms/batch 2622.38 | loss  8.30 | ppl  4007.201
| epoch   7 step   370400 |   7710 batches | lr 0.000196 | ms/batch 2630.30 | loss  8.30 | ppl  4006.116
| epoch   7 step   370600 |   7910 batches | lr 0.000196 | ms/batch 2620.36 | loss  8.29 | ppl  4001.473
| epoch   7 step   370800 |   8110 batches | lr 0.000196 | ms/batch 2620.33 | loss  8.30 | ppl  4009.602
| epoch   7 step   371000 |   8310 batches | lr 0.000196 | ms/batch 2620.29 | loss  8.29 | ppl  3995.215
| epoch   7 step   371200 |   8510 batches | lr 0.000196 | ms/batch 2620.64 | loss  8.29 | ppl  3993.742
| epoch   7 step   371400 |   8710 batches | lr 0.000196 | ms/batch 2620.76 | loss  8.29 | ppl  3991.520
| epoch   7 step   371600 |   8910 batches | lr 0.000196 | ms/batch 2622.20 | loss  8.29 | ppl  3995.548
| epoch   7 step   371800 |   9110 batches | lr 0.000196 | ms/batch 2620.72 | loss  8.30 | ppl  4004.247
| epoch   7 step   372000 |   9310 batches | lr 0.000195 | ms/batch 2630.13 | loss  8.29 | ppl  4001.495
----------------------------------------------------------------------------------------------------
| Eval  93 at step   372000 | time: 11203.94s | valid loss  8.29 | valid ppl  3999.163
----------------------------------------------------------------------------------------------------
| epoch   7 step   372200 |   9510 batches | lr 0.000195 | ms/batch 6190.44 | loss  8.30 | ppl  4007.666
| epoch   7 step   372400 |   9710 batches | lr 0.000195 | ms/batch 2621.37 | loss  8.29 | ppl  4002.917
| epoch   7 step   372600 |   9910 batches | lr 0.000195 | ms/batch 2621.02 | loss  8.30 | ppl  4007.923
| epoch   7 step   372800 |  10110 batches | lr 0.000195 | ms/batch 2620.76 | loss  8.29 | ppl  3998.688
| epoch   7 step   373000 |  10310 batches | lr 0.000195 | ms/batch 2620.88 | loss  8.29 | ppl  3998.122
| epoch   7 step   373200 |  10510 batches | lr 0.000195 | ms/batch 2621.64 | loss  8.29 | ppl  4000.416
| epoch   7 step   373400 |  10710 batches | lr 0.000195 | ms/batch 2641.58 | loss  8.29 | ppl  4002.999
| epoch   7 step   373600 |  10910 batches | lr 0.000195 | ms/batch 2620.37 | loss  8.30 | ppl  4006.861
| epoch   7 step   373800 |  11110 batches | lr 0.000195 | ms/batch 2620.70 | loss  8.29 | ppl  3991.555
| epoch   7 step   374000 |  11310 batches | lr 0.000195 | ms/batch 2620.63 | loss  8.29 | ppl  3992.208
| epoch   7 step   374200 |  11510 batches | lr 0.000195 | ms/batch 2663.32 | loss  8.30 | ppl  4008.438
| epoch   7 step   374400 |  11710 batches | lr 0.000195 | ms/batch 2620.80 | loss  8.30 | ppl  4005.831
| epoch   7 step   374600 |  11910 batches | lr 0.000195 | ms/batch 2620.23 | loss  8.30 | ppl  4006.228
| epoch   7 step   374800 |  12110 batches | lr 0.000195 | ms/batch 2620.30 | loss  8.29 | ppl  4003.270
| epoch   7 step   375000 |  12310 batches | lr 0.000195 | ms/batch 2620.46 | loss  8.29 | ppl  4001.861
| epoch   7 step   375200 |  12510 batches | lr 0.000195 | ms/batch 2624.50 | loss  8.29 | ppl  4003.772
| epoch   7 step   375400 |  12710 batches | lr 0.000195 | ms/batch 2621.00 | loss  8.30 | ppl  4009.444
| epoch   7 step   375600 |  12910 batches | lr 0.000194 | ms/batch 2620.63 | loss  8.29 | ppl  4002.661
| epoch   7 step   375800 |  13110 batches | lr 0.000194 | ms/batch 2620.70 | loss  8.29 | ppl  3992.240
| epoch   7 step   376000 |  13310 batches | lr 0.000194 | ms/batch 2620.88 | loss  8.29 | ppl  4002.632
----------------------------------------------------------------------------------------------------
| Eval  94 at step   376000 | time: 11209.33s | valid loss  8.29 | valid ppl  3999.257
----------------------------------------------------------------------------------------------------
| epoch   7 step   376200 |  13510 batches | lr 0.000194 | ms/batch 6208.54 | loss  8.29 | ppl  3997.374
| epoch   7 step   376400 |  13710 batches | lr 0.000194 | ms/batch 2701.28 | loss  8.29 | ppl  4001.081
| epoch   7 step   376600 |  13910 batches | lr 0.000194 | ms/batch 2628.48 | loss  8.29 | ppl  3997.321
| epoch   7 step   376800 |  14110 batches | lr 0.000194 | ms/batch 2624.38 | loss  8.30 | ppl  4010.089
| epoch   7 step   377000 |  14310 batches | lr 0.000194 | ms/batch 2670.88 | loss  8.30 | ppl  4004.687
| epoch   7 step   377200 |  14510 batches | lr 0.000194 | ms/batch 2620.83 | loss  8.29 | ppl  4001.055
| epoch   7 step   377400 |  14710 batches | lr 0.000194 | ms/batch 2620.86 | loss  8.30 | ppl  4010.997
| epoch   7 step   377600 |  14910 batches | lr 0.000194 | ms/batch 2621.00 | loss  8.29 | ppl  3998.766
| epoch   7 step   377800 |  15110 batches | lr 0.000194 | ms/batch 2621.21 | loss  8.30 | ppl  4007.380
| epoch   8 step   378000 |    195 batches | lr 0.000194 | ms/batch 2627.74 | loss  8.29 | ppl  4001.794
| epoch   8 step   378200 |    395 batches | lr 0.000194 | ms/batch 2620.99 | loss  8.30 | ppl  4005.242
| epoch   8 step   378400 |    595 batches | lr 0.000194 | ms/batch 2621.62 | loss  8.29 | ppl  3991.041
| epoch   8 step   378600 |    795 batches | lr 0.000194 | ms/batch 2621.54 | loss  8.30 | ppl  4008.033
| epoch   8 step   378800 |    995 batches | lr 0.000194 | ms/batch 2620.71 | loss  8.29 | ppl  3993.647
| epoch   8 step   379000 |   1195 batches | lr 0.000194 | ms/batch 2621.55 | loss  8.29 | ppl  3995.197
| epoch   8 step   379200 |   1395 batches | lr 0.000193 | ms/batch 2621.90 | loss  8.29 | ppl  4000.179
| epoch   8 step   379400 |   1595 batches | lr 0.000193 | ms/batch 2636.67 | loss  8.30 | ppl  4008.761
| epoch   8 step   379600 |   1795 batches | lr 0.000193 | ms/batch 2626.72 | loss  8.29 | ppl  3997.673
| epoch   8 step   379800 |   1995 batches | lr 0.000193 | ms/batch 2702.69 | loss  8.29 | ppl  3985.680
| epoch   8 step   380000 |   2195 batches | lr 0.000193 | ms/batch 2682.66 | loss  8.29 | ppl  4002.250
----------------------------------------------------------------------------------------------------
| Eval  95 at step   380000 | time: 11272.54s | valid loss  8.29 | valid ppl  3998.842
----------------------------------------------------------------------------------------------------
| epoch   8 step   380200 |   2395 batches | lr 0.000193 | ms/batch 6225.40 | loss  8.29 | ppl  4001.739
| epoch   8 step   380400 |   2595 batches | lr 0.000193 | ms/batch 2621.98 | loss  8.30 | ppl  4005.871
| epoch   8 step   380600 |   2795 batches | lr 0.000193 | ms/batch 2622.01 | loss  8.29 | ppl  4002.438
| epoch   8 step   380800 |   2995 batches | lr 0.000193 | ms/batch 2621.69 | loss  8.29 | ppl  3998.048
| epoch   8 step   381000 |   3195 batches | lr 0.000193 | ms/batch 2621.32 | loss  8.30 | ppl  4010.477
| epoch   8 step   381200 |   3395 batches | lr 0.000193 | ms/batch 2621.66 | loss  8.29 | ppl  4002.960
| epoch   8 step   381400 |   3595 batches | lr 0.000193 | ms/batch 2632.94 | loss  8.29 | ppl  3999.711
| epoch   8 step   381600 |   3795 batches | lr 0.000193 | ms/batch 2621.43 | loss  8.29 | ppl  3990.324
| epoch   8 step   381800 |   3995 batches | lr 0.000193 | ms/batch 2621.95 | loss  8.29 | ppl  3997.801
| epoch   8 step   382000 |   4195 batches | lr 0.000193 | ms/batch 2621.74 | loss  8.29 | ppl  4003.620
| epoch   8 step   382200 |   4395 batches | lr 0.000193 | ms/batch 2622.28 | loss  8.29 | ppl  3996.970
| epoch   8 step   382400 |   4595 batches | lr 0.000193 | ms/batch 2621.96 | loss  8.30 | ppl  4005.237
| epoch   8 step   382600 |   4795 batches | lr 0.000193 | ms/batch 2701.32 | loss  8.30 | ppl  4004.610
| epoch   8 step   382800 |   4995 batches | lr 0.000192 | ms/batch 2699.61 | loss  8.30 | ppl  4007.350
| epoch   8 step   383000 |   5195 batches | lr 0.000192 | ms/batch 2622.35 | loss  8.30 | ppl  4005.948
| epoch   8 step   383200 |   5395 batches | lr 0.000192 | ms/batch 2621.62 | loss  8.30 | ppl  4017.692
| epoch   8 step   383400 |   5595 batches | lr 0.000192 | ms/batch 2622.65 | loss  8.29 | ppl  4001.592
| epoch   8 step   383600 |   5795 batches | lr 0.000192 | ms/batch 2622.71 | loss  8.30 | ppl  4008.182
| epoch   8 step   383800 |   5995 batches | lr 0.000192 | ms/batch 2622.42 | loss  8.29 | ppl  3991.597
| epoch   8 step   384000 |   6195 batches | lr 0.000192 | ms/batch 2621.93 | loss  8.30 | ppl  4009.540
----------------------------------------------------------------------------------------------------
| Eval  96 at step   384000 | time: 11242.18s | valid loss  8.29 | valid ppl  3999.237
----------------------------------------------------------------------------------------------------
| epoch   8 step   384200 |   6395 batches | lr 0.000192 | ms/batch 6224.54 | loss  8.30 | ppl  4004.488
| epoch   8 step   384400 |   6595 batches | lr 0.000192 | ms/batch 2622.20 | loss  8.30 | ppl  4013.685
| epoch   8 step   384600 |   6795 batches | lr 0.000192 | ms/batch 2621.58 | loss  8.29 | ppl  4001.429
| epoch   8 step   384800 |   6995 batches | lr 0.000192 | ms/batch 2622.17 | loss  8.29 | ppl  4003.157
| epoch   8 step   385000 |   7195 batches | lr 0.000192 | ms/batch 2633.90 | loss  8.29 | ppl  3997.274
| epoch   8 step   385200 |   7395 batches | lr 0.000192 | ms/batch 2711.82 | loss  8.29 | ppl  4003.058
| epoch   8 step   385400 |   7595 batches | lr 0.000192 | ms/batch 2620.97 | loss  8.29 | ppl  4002.815
| epoch   8 step   385600 |   7795 batches | lr 0.000192 | ms/batch 2622.13 | loss  8.29 | ppl  3999.177
| epoch   8 step   385800 |   7995 batches | lr 0.000192 | ms/batch 2704.93 | loss  8.29 | ppl  3998.928
| epoch   8 step   386000 |   8195 batches | lr 0.000192 | ms/batch 2621.98 | loss  8.30 | ppl  4004.742
| epoch   8 step   386200 |   8395 batches | lr 0.000192 | ms/batch 2621.46 | loss  8.30 | ppl  4010.471
| epoch   8 step   386400 |   8595 batches | lr 0.000192 | ms/batch 2621.42 | loss  8.29 | ppl  3998.348
| epoch   8 step   386600 |   8795 batches | lr 0.000191 | ms/batch 2630.72 | loss  8.30 | ppl  4008.580
| epoch   8 step   386800 |   8995 batches | lr 0.000191 | ms/batch 2630.44 | loss  8.30 | ppl  4013.430
| epoch   8 step   387000 |   9195 batches | lr 0.000191 | ms/batch 2621.18 | loss  8.29 | ppl  3999.652
| epoch   8 step   387200 |   9395 batches | lr 0.000191 | ms/batch 2621.26 | loss  8.29 | ppl  3994.108
| epoch   8 step   387400 |   9595 batches | lr 0.000191 | ms/batch 2620.88 | loss  8.30 | ppl  4006.414
| epoch   8 step   387600 |   9795 batches | lr 0.000191 | ms/batch 2620.77 | loss  8.30 | ppl  4009.941
| epoch   8 step   387800 |   9995 batches | lr 0.000191 | ms/batch 2620.73 | loss  8.30 | ppl  4006.377
| epoch   8 step   388000 |  10195 batches | lr 0.000191 | ms/batch 2624.53 | loss  8.29 | ppl  3996.213
----------------------------------------------------------------------------------------------------
| Eval  97 at step   388000 | time: 11245.93s | valid loss  8.29 | valid ppl  3998.653
----------------------------------------------------------------------------------------------------
| epoch   8 step   388200 |  10395 batches | lr 0.000191 | ms/batch 6214.15 | loss  8.30 | ppl  4006.259
| epoch   8 step   388400 |  10595 batches | lr 0.000191 | ms/batch 2621.25 | loss  8.30 | ppl  4010.639
| epoch   8 step   388600 |  10795 batches | lr 0.000191 | ms/batch 2629.34 | loss  8.30 | ppl  4012.318
| epoch   8 step   388800 |  10995 batches | lr 0.000191 | ms/batch 2707.98 | loss  8.30 | ppl  4006.469
| epoch   8 step   389000 |  11195 batches | lr 0.000191 | ms/batch 2621.14 | loss  8.30 | ppl  4004.658
| epoch   8 step   389200 |  11395 batches | lr 0.000191 | ms/batch 2621.31 | loss  8.29 | ppl  3988.632
| epoch   8 step   389400 |  11595 batches | lr 0.000191 | ms/batch 2620.60 | loss  8.29 | ppl  3999.479
| epoch   8 step   389600 |  11795 batches | lr 0.000191 | ms/batch 2621.48 | loss  8.29 | ppl  4002.722
| epoch   8 step   389800 |  11995 batches | lr 0.000191 | ms/batch 2621.13 | loss  8.30 | ppl  4007.566
| epoch   8 step   390000 |  12195 batches | lr 0.00019 | ms/batch 2620.84 | loss  8.30 | ppl  4004.066
| epoch   8 step   390200 |  12395 batches | lr 0.00019 | ms/batch 2625.84 | loss  8.29 | ppl  4001.709
| epoch   8 step   390400 |  12595 batches | lr 0.00019 | ms/batch 2621.87 | loss  8.30 | ppl  4005.911
| epoch   8 step   390600 |  12795 batches | lr 0.00019 | ms/batch 2621.64 | loss  8.29 | ppl  4001.555
| epoch   8 step   390800 |  12995 batches | lr 0.00019 | ms/batch 2622.30 | loss  8.29 | ppl  4003.692
| epoch   8 step   391000 |  13195 batches | lr 0.00019 | ms/batch 2622.32 | loss  8.29 | ppl  3996.672
| epoch   8 step   391200 |  13395 batches | lr 0.00019 | ms/batch 2622.11 | loss  8.29 | ppl  3994.077
| epoch   8 step   391400 |  13595 batches | lr 0.00019 | ms/batch 2622.76 | loss  8.29 | ppl  3996.080
| epoch   8 step   391600 |  13795 batches | lr 0.00019 | ms/batch 2621.92 | loss  8.30 | ppl  4012.167
| epoch   8 step   391800 |  13995 batches | lr 0.00019 | ms/batch 2623.25 | loss  8.29 | ppl  4000.659
| epoch   8 step   392000 |  14195 batches | lr 0.00019 | ms/batch 2621.50 | loss  8.29 | ppl  3991.977
----------------------------------------------------------------------------------------------------
| Eval  98 at step   392000 | time: 11220.31s | valid loss  8.29 | valid ppl  3998.868
----------------------------------------------------------------------------------------------------
| epoch   8 step   392200 |  14395 batches | lr 0.00019 | ms/batch 6189.48 | loss  8.30 | ppl  4014.727
| epoch   8 step   392400 |  14595 batches | lr 0.00019 | ms/batch 2620.68 | loss  8.29 | ppl  4002.440
| epoch   8 step   392600 |  14795 batches | lr 0.00019 | ms/batch 2620.90 | loss  8.29 | ppl  3989.306
| epoch   8 step   392800 |  14995 batches | lr 0.00019 | ms/batch 2619.35 | loss  8.29 | ppl  3992.907
| epoch   9 step   393000 |     80 batches | lr 0.00019 | ms/batch 2626.39 | loss  8.29 | ppl  3997.589
| epoch   9 step   393200 |    280 batches | lr 0.00019 | ms/batch 2619.58 | loss  8.29 | ppl  3996.382
| epoch   9 step   393400 |    480 batches | lr 0.00019 | ms/batch 2619.56 | loss  8.29 | ppl  3997.801
| epoch   9 step   393600 |    680 batches | lr 0.000189 | ms/batch 2631.83 | loss  8.29 | ppl  4001.771
| epoch   9 step   393800 |    880 batches | lr 0.000189 | ms/batch 2624.67 | loss  8.29 | ppl  3993.785
| epoch   9 step   394000 |   1080 batches | lr 0.000189 | ms/batch 2622.24 | loss  8.29 | ppl  3992.306
| epoch   9 step   394200 |   1280 batches | lr 0.000189 | ms/batch 2620.29 | loss  8.29 | ppl  3990.713
| epoch   9 step   394400 |   1480 batches | lr 0.000189 | ms/batch 2619.80 | loss  8.30 | ppl  4015.545
| epoch   9 step   394600 |   1680 batches | lr 0.000189 | ms/batch 2620.01 | loss  8.29 | ppl  3999.987
| epoch   9 step   394800 |   1880 batches | lr 0.000189 | ms/batch 2620.01 | loss  8.29 | ppl  4000.736
| epoch   9 step   395000 |   2080 batches | lr 0.000189 | ms/batch 2620.66 | loss  8.29 | ppl  3992.940
| epoch   9 step   395200 |   2280 batches | lr 0.000189 | ms/batch 2622.18 | loss  8.29 | ppl  4002.733
| epoch   9 step   395400 |   2480 batches | lr 0.000189 | ms/batch 2620.00 | loss  8.30 | ppl  4011.321
| epoch   9 step   395600 |   2680 batches | lr 0.000189 | ms/batch 2620.53 | loss  8.30 | ppl  4015.767
| epoch   9 step   395800 |   2880 batches | lr 0.000189 | ms/batch 2619.99 | loss  8.30 | ppl  4009.062
| epoch   9 step   396000 |   3080 batches | lr 0.000189 | ms/batch 2620.40 | loss  8.29 | ppl  4002.262
----------------------------------------------------------------------------------------------------
| Eval  99 at step   396000 | time: 11198.75s | valid loss  8.29 | valid ppl  3998.557
----------------------------------------------------------------------------------------------------
| epoch   9 step   396200 |   3280 batches | lr 0.000189 | ms/batch 6184.52 | loss  8.29 | ppl  4002.701
| epoch   9 step   396400 |   3480 batches | lr 0.000189 | ms/batch 2620.32 | loss  8.30 | ppl  4009.315
| epoch   9 step   396600 |   3680 batches | lr 0.000189 | ms/batch 2620.06 | loss  8.29 | ppl  4001.654
| epoch   9 step   396800 |   3880 batches | lr 0.000189 | ms/batch 2620.15 | loss  8.29 | ppl  4002.881
| epoch   9 step   397000 |   4080 batches | lr 0.000189 | ms/batch 2620.17 | loss  8.29 | ppl  4002.287
| epoch   9 step   397200 |   4280 batches | lr 0.000188 | ms/batch 2621.29 | loss  8.29 | ppl  3994.433
| epoch   9 step   397400 |   4480 batches | lr 0.000188 | ms/batch 2619.94 | loss  8.29 | ppl  3994.633
| epoch   9 step   397600 |   4680 batches | lr 0.000188 | ms/batch 2621.28 | loss  8.30 | ppl  4006.402
| epoch   9 step   397800 |   4880 batches | lr 0.000188 | ms/batch 2620.64 | loss  8.30 | ppl  4005.363
| epoch   9 step   398000 |   5080 batches | lr 0.000188 | ms/batch 2630.55 | loss  8.29 | ppl  4001.500
| epoch   9 step   398200 |   5280 batches | lr 0.000188 | ms/batch 2623.88 | loss  8.29 | ppl  4002.475
| epoch   9 step   398400 |   5480 batches | lr 0.000188 | ms/batch 2624.23 | loss  8.29 | ppl  4002.291
| epoch   9 step   398600 |   5680 batches | lr 0.000188 | ms/batch 2635.69 | loss  8.29 | ppl  4001.599
| epoch   9 step   398800 |   5880 batches | lr 0.000188 | ms/batch 2624.41 | loss  8.30 | ppl  4004.181
| epoch   9 step   399000 |   6080 batches | lr 0.000188 | ms/batch 2627.55 | loss  8.30 | ppl  4004.433
| epoch   9 step   399200 |   6280 batches | lr 0.000188 | ms/batch 2625.81 | loss  8.29 | ppl  3992.451
| epoch   9 step   399400 |   6480 batches | lr 0.000188 | ms/batch 2622.78 | loss  8.29 | ppl  3995.022
| epoch   9 step   399600 |   6680 batches | lr 0.000188 | ms/batch 2624.33 | loss  8.29 | ppl  3997.214
| epoch   9 step   399800 |   6880 batches | lr 0.000188 | ms/batch 2634.60 | loss  8.29 | ppl  4002.813
| epoch   9 step   400000 |   7080 batches | lr 0.000188 | ms/batch 2623.97 | loss  8.29 | ppl  3998.094
----------------------------------------------------------------------------------------------------
| Eval 100 at step   400000 | time: 11212.93s | valid loss  8.29 | valid ppl  3998.417
----------------------------------------------------------------------------------------------------
| epoch   9 step   400200 |   7280 batches | lr 0.000188 | ms/batch 6206.14 | loss  8.30 | ppl  4006.087
| epoch   9 step   400400 |   7480 batches | lr 0.000188 | ms/batch 2624.28 | loss  8.30 | ppl  4004.592
| epoch   9 step   400600 |   7680 batches | lr 0.000188 | ms/batch 2624.26 | loss  8.29 | ppl  3996.640
| epoch   9 step   400800 |   7880 batches | lr 0.000187 | ms/batch 2646.04 | loss  8.29 | ppl  3997.285
| epoch   9 step   401000 |   8080 batches | lr 0.000187 | ms/batch 2745.49 | loss  8.30 | ppl  4004.673
| epoch   9 step   401200 |   8280 batches | lr 0.000187 | ms/batch 2624.01 | loss  8.30 | ppl  4004.435
| epoch   9 step   401400 |   8480 batches | lr 0.000187 | ms/batch 2625.79 | loss  8.30 | ppl  4004.499
| epoch   9 step   401600 |   8680 batches | lr 0.000187 | ms/batch 2661.49 | loss  8.29 | ppl  3991.804
| epoch   9 step   401800 |   8880 batches | lr 0.000187 | ms/batch 2626.24 | loss  8.29 | ppl  3997.841
| epoch   9 step   402000 |   9080 batches | lr 0.000187 | ms/batch 2624.65 | loss  8.30 | ppl  4004.619
| epoch   9 step   402200 |   9280 batches | lr 0.000187 | ms/batch 2624.22 | loss  8.29 | ppl  4000.232
| epoch   9 step   402400 |   9480 batches | lr 0.000187 | ms/batch 2625.37 | loss  8.30 | ppl  4009.010
| epoch   9 step   402600 |   9680 batches | lr 0.000187 | ms/batch 2625.72 | loss  8.29 | ppl  3998.364
| epoch   9 step   402800 |   9880 batches | lr 0.000187 | ms/batch 2625.03 | loss  8.29 | ppl  4002.060
| epoch   9 step   403000 |  10080 batches | lr 0.000187 | ms/batch 2624.54 | loss  8.29 | ppl  4003.069
| epoch   9 step   403200 |  10280 batches | lr 0.000187 | ms/batch 2644.42 | loss  8.29 | ppl  3998.873
| epoch   9 step   403400 |  10480 batches | lr 0.000187 | ms/batch 2624.92 | loss  8.30 | ppl  4003.871
| epoch   9 step   403600 |  10680 batches | lr 0.000187 | ms/batch 2629.27 | loss  8.30 | ppl  4006.281
| epoch   9 step   403800 |  10880 batches | lr 0.000187 | ms/batch 2625.75 | loss  8.30 | ppl  4004.882
| epoch   9 step   404000 |  11080 batches | lr 0.000187 | ms/batch 2626.40 | loss  8.30 | ppl  4004.243
----------------------------------------------------------------------------------------------------
| Eval 101 at step   404000 | time: 11248.32s | valid loss  8.29 | valid ppl  3998.494
----------------------------------------------------------------------------------------------------
| epoch   9 step   404200 |  11280 batches | lr 0.000186 | ms/batch 6163.16 | loss  8.30 | ppl  4010.378
| epoch   9 step   404400 |  11480 batches | lr 0.000186 | ms/batch 2627.67 | loss  8.29 | ppl  4002.433
| epoch   9 step   404600 |  11680 batches | lr 0.000186 | ms/batch 2622.92 | loss  8.29 | ppl  4001.079
| epoch   9 step   404800 |  11880 batches | lr 0.000186 | ms/batch 2620.09 | loss  8.29 | ppl  4001.927
| epoch   9 step   405000 |  12080 batches | lr 0.000186 | ms/batch 2619.63 | loss  8.29 | ppl  3996.026
| epoch   9 step   405200 |  12280 batches | lr 0.000186 | ms/batch 2619.78 | loss  8.30 | ppl  4006.677
| epoch   9 step   405400 |  12480 batches | lr 0.000186 | ms/batch 2620.16 | loss  8.29 | ppl  4001.101
| epoch   9 step   405600 |  12680 batches | lr 0.000186 | ms/batch 2621.00 | loss  8.30 | ppl  4007.347
| epoch   9 step   405800 |  12880 batches | lr 0.000186 | ms/batch 2619.61 | loss  8.29 | ppl  4001.343
| epoch   9 step   406000 |  13080 batches | lr 0.000186 | ms/batch 2619.31 | loss  8.29 | ppl  4003.145
| epoch   9 step   406200 |  13280 batches | lr 0.000186 | ms/batch 2620.23 | loss  8.30 | ppl  4004.264
| epoch   9 step   406400 |  13480 batches | lr 0.000186 | ms/batch 2619.50 | loss  8.30 | ppl  4004.651
| epoch   9 step   406600 |  13680 batches | lr 0.000186 | ms/batch 2618.81 | loss  8.30 | ppl  4006.236
| epoch   9 step   406800 |  13880 batches | lr 0.000186 | ms/batch 2620.24 | loss  8.29 | ppl  3997.445
| epoch   9 step   407000 |  14080 batches | lr 0.000186 | ms/batch 2621.06 | loss  8.29 | ppl  3998.523
| epoch   9 step   407200 |  14280 batches | lr 0.000186 | ms/batch 2619.61 | loss  8.29 | ppl  4001.703
| epoch   9 step   407400 |  14480 batches | lr 0.000186 | ms/batch 2618.88 | loss  8.29 | ppl  3998.586
| epoch   9 step   407600 |  14680 batches | lr 0.000186 | ms/batch 2619.49 | loss  8.29 | ppl  3997.085
| epoch   9 step   407800 |  14880 batches | lr 0.000185 | ms/batch 2620.20 | loss  8.30 | ppl  4005.762
| epoch   9 step   408000 |  15080 batches | lr 0.000185 | ms/batch 2619.66 | loss  8.29 | ppl  4000.753
----------------------------------------------------------------------------------------------------
| Eval 102 at step   408000 | time: 11187.89s | valid loss  8.29 | valid ppl  3998.342
----------------------------------------------------------------------------------------------------
| epoch  10 step   408200 |    165 batches | lr 0.000185 | ms/batch 6146.14 | loss  8.30 | ppl  4003.900
| epoch  10 step   408400 |    365 batches | lr 0.000185 | ms/batch 2622.45 | loss  8.30 | ppl  4018.357
| epoch  10 step   408600 |    565 batches | lr 0.000185 | ms/batch 2619.27 | loss  8.29 | ppl  3998.499
| epoch  10 step   408800 |    765 batches | lr 0.000185 | ms/batch 2619.37 | loss  8.29 | ppl  3994.264
| epoch  10 step   409000 |    965 batches | lr 0.000185 | ms/batch 2619.68 | loss  8.29 | ppl  3997.935
| epoch  10 step   409200 |   1165 batches | lr 0.000185 | ms/batch 2618.79 | loss  8.30 | ppl  4009.363
| epoch  10 step   409400 |   1365 batches | lr 0.000185 | ms/batch 2619.04 | loss  8.29 | ppl  3997.721
| epoch  10 step   409600 |   1565 batches | lr 0.000185 | ms/batch 2619.11 | loss  8.29 | ppl  4002.949
| epoch  10 step   409800 |   1765 batches | lr 0.000185 | ms/batch 2622.16 | loss  8.30 | ppl  4004.054
| epoch  10 step   410000 |   1965 batches | lr 0.000185 | ms/batch 2619.76 | loss  8.30 | ppl  4006.380
| epoch  10 step   410200 |   2165 batches | lr 0.000185 | ms/batch 2619.39 | loss  8.29 | ppl  3996.582
| epoch  10 step   410400 |   2365 batches | lr 0.000185 | ms/batch 2620.17 | loss  8.29 | ppl  3999.799
| epoch  10 step   410600 |   2565 batches | lr 0.000185 | ms/batch 2619.82 | loss  8.30 | ppl  4005.064
| epoch  10 step   410800 |   2765 batches | lr 0.000185 | ms/batch 2618.97 | loss  8.29 | ppl  3990.489
| epoch  10 step   411000 |   2965 batches | lr 0.000185 | ms/batch 2619.40 | loss  8.30 | ppl  4005.986
| epoch  10 step   411200 |   3165 batches | lr 0.000184 | ms/batch 2618.96 | loss  8.29 | ppl  4003.410
| epoch  10 step   411400 |   3365 batches | lr 0.000184 | ms/batch 2618.87 | loss  8.30 | ppl  4006.107
| epoch  10 step   411600 |   3565 batches | lr 0.000184 | ms/batch 2619.46 | loss  8.29 | ppl  4002.550
| epoch  10 step   411800 |   3765 batches | lr 0.000184 | ms/batch 2619.01 | loss  8.29 | ppl  4002.907
| epoch  10 step   412000 |   3965 batches | lr 0.000184 | ms/batch 2620.11 | loss  8.29 | ppl  4003.722
----------------------------------------------------------------------------------------------------
| Eval 103 at step   412000 | time: 11183.61s | valid loss  8.29 | valid ppl  3998.491
----------------------------------------------------------------------------------------------------
| epoch  10 step   412200 |   4165 batches | lr 0.000184 | ms/batch 6143.88 | loss  8.29 | ppl  3994.323
| epoch  10 step   412400 |   4365 batches | lr 0.000184 | ms/batch 2619.13 | loss  8.30 | ppl  4005.400
| epoch  10 step   412600 |   4565 batches | lr 0.000184 | ms/batch 2621.92 | loss  8.29 | ppl  3998.959
| epoch  10 step   412800 |   4765 batches | lr 0.000184 | ms/batch 2619.41 | loss  8.29 | ppl  3997.175
| epoch  10 step   413000 |   4965 batches | lr 0.000184 | ms/batch 2620.15 | loss  8.29 | ppl  3988.823
| epoch  10 step   413200 |   5165 batches | lr 0.000184 | ms/batch 2620.63 | loss  8.30 | ppl  4003.815
| epoch  10 step   413400 |   5365 batches | lr 0.000184 | ms/batch 2620.24 | loss  8.30 | ppl  4004.100
| epoch  10 step   413600 |   5565 batches | lr 0.000184 | ms/batch 2619.44 | loss  8.30 | ppl  4007.629
| epoch  10 step   413800 |   5765 batches | lr 0.000184 | ms/batch 2620.15 | loss  8.29 | ppl  3995.113
| epoch  10 step   414000 |   5965 batches | lr 0.000184 | ms/batch 2620.03 | loss  8.29 | ppl  3998.816
| epoch  10 step   414200 |   6165 batches | lr 0.000184 | ms/batch 2619.87 | loss  8.29 | ppl  3995.089
| epoch  10 step   414400 |   6365 batches | lr 0.000184 | ms/batch 2619.26 | loss  8.29 | ppl  4001.500
| epoch  10 step   414600 |   6565 batches | lr 0.000183 | ms/batch 2619.79 | loss  8.30 | ppl  4005.415
| epoch  10 step   414800 |   6765 batches | lr 0.000183 | ms/batch 2619.43 | loss  8.29 | ppl  3999.169
| epoch  10 step   415000 |   6965 batches | lr 0.000183 | ms/batch 2619.37 | loss  8.29 | ppl  3996.468
| epoch  10 step   415200 |   7165 batches | lr 0.000183 | ms/batch 2618.95 | loss  8.29 | ppl  4003.743
| epoch  10 step   415400 |   7365 batches | lr 0.000183 | ms/batch 2620.88 | loss  8.29 | ppl  3995.031
| epoch  10 step   415600 |   7565 batches | lr 0.000183 | ms/batch 2620.02 | loss  8.29 | ppl  4002.213
| epoch  10 step   415800 |   7765 batches | lr 0.000183 | ms/batch 2620.02 | loss  8.29 | ppl  4000.731
| epoch  10 step   416000 |   7965 batches | lr 0.000183 | ms/batch 2619.26 | loss  8.29 | ppl  3997.800
----------------------------------------------------------------------------------------------------
| Eval 104 at step   416000 | time: 11185.58s | valid loss  8.29 | valid ppl  3998.213
----------------------------------------------------------------------------------------------------
| epoch  10 step   416200 |   8165 batches | lr 0.000183 | ms/batch 6149.20 | loss  8.30 | ppl  4007.676
| epoch  10 step   416400 |   8365 batches | lr 0.000183 | ms/batch 2618.70 | loss  8.29 | ppl  4002.066
| epoch  10 step   416600 |   8565 batches | lr 0.000183 | ms/batch 2618.88 | loss  8.29 | ppl  4003.647
| epoch  10 step   416800 |   8765 batches | lr 0.000183 | ms/batch 2619.57 | loss  8.30 | ppl  4006.203
| epoch  10 step   417000 |   8965 batches | lr 0.000183 | ms/batch 2618.84 | loss  8.30 | ppl  4008.093
| epoch  10 step   417200 |   9165 batches | lr 0.000183 | ms/batch 2619.91 | loss  8.29 | ppl  3995.843
| epoch  10 step   417400 |   9365 batches | lr 0.000183 | ms/batch 2619.71 | loss  8.30 | ppl  4004.405
| epoch  10 step   417600 |   9565 batches | lr 0.000183 | ms/batch 2619.25 | loss  8.29 | ppl  3997.792
| epoch  10 step   417800 |   9765 batches | lr 0.000183 | ms/batch 2619.49 | loss  8.29 | ppl  3995.901
| epoch  10 step   418000 |   9965 batches | lr 0.000183 | ms/batch 2620.19 | loss  8.30 | ppl  4018.420
| epoch  10 step   418200 |  10165 batches | lr 0.000182 | ms/batch 2620.33 | loss  8.29 | ppl  4001.509
| epoch  10 step   418400 |  10365 batches | lr 0.000182 | ms/batch 2619.50 | loss  8.29 | ppl  4001.690
| epoch  10 step   418600 |  10565 batches | lr 0.000182 | ms/batch 2619.24 | loss  8.30 | ppl  4007.353
| epoch  10 step   418800 |  10765 batches | lr 0.000182 | ms/batch 2620.36 | loss  8.30 | ppl  4008.160
| epoch  10 step   419000 |  10965 batches | lr 0.000182 | ms/batch 2619.80 | loss  8.29 | ppl  3988.062
| epoch  10 step   419200 |  11165 batches | lr 0.000182 | ms/batch 2620.34 | loss  8.29 | ppl  4003.601
| epoch  10 step   419400 |  11365 batches | lr 0.000182 | ms/batch 2619.75 | loss  8.30 | ppl  4015.835
| epoch  10 step   419600 |  11565 batches | lr 0.000182 | ms/batch 2618.88 | loss  8.29 | ppl  3999.972
| epoch  10 step   419800 |  11765 batches | lr 0.000182 | ms/batch 2619.79 | loss  8.29 | ppl  4003.191
| epoch  10 step   420000 |  11965 batches | lr 0.000182 | ms/batch 2619.22 | loss  8.29 | ppl  4003.060
----------------------------------------------------------------------------------------------------
| Eval 105 at step   420000 | time: 11182.20s | valid loss  8.29 | valid ppl  3998.414
----------------------------------------------------------------------------------------------------
| epoch  10 step   420200 |  12165 batches | lr 0.000182 | ms/batch 6140.14 | loss  8.29 | ppl  4000.368
| epoch  10 step   420400 |  12365 batches | lr 0.000182 | ms/batch 2620.34 | loss  8.29 | ppl  4002.456
| epoch  10 step   420600 |  12565 batches | lr 0.000182 | ms/batch 2618.86 | loss  8.29 | ppl  4002.893
srun: Job step aborted: Waiting up to 32 seconds for job step to finish.
slurmstepd: error: *** JOB 46930266 ON gpu30 CANCELLED AT 2019-10-27T13:47:42 DUE TO TIME LIMIT ***
slurmstepd: error: *** STEP 46930266.0 ON gpu30 CANCELLED AT 2019-10-27T13:47:42 DUE TO TIME LIMIT ***
