Run training...
Experiment dir : /m/triton/scratch/elec/puhe/p/jaina5/transformer-xl/FinnishXL/-Ktrain/20200407-201036
Loading cached dataset...
====================================================================================================
    - data : /scratch/elec/puhe/p/jaina5/transformer-xl/FinnishXL/data/fin_Data/
    - dataset : Ktrain
    - n_layer : 24
    - n_head : 16
    - d_head : 80
    - d_embed : 1280
    - d_model : 1280
    - d_inner : 8192
    - dropout : 0.05
    - dropatt : 0.05
    - init : normal
    - emb_init : normal
    - init_range : 0.1
    - emb_init_range : 0.01
    - init_std : 0.02
    - proj_init_std : 0.01
    - optim : adam
    - lr : 0.00025
    - mom : 0.0
    - scheduler : cosine
    - warmup_step : 30000
    - decay_rate : 0.5
    - lr_min : 0.0
    - clip : 0.25
    - clip_nonemb : False
    - max_step : 1200000
    - batch_size : 512
    - batch_chunk : 4
    - tgt_len : 32
    - eval_tgt_len : 32
    - ext_len : 0
    - mem_len : 32
    - not_tied : False
    - seed : 1111
    - cuda : True
    - adaptive : False
    - div_val : 1
    - pre_lnorm : False
    - varlen : False
    - multi_gpu : False
    - log_interval : 200
    - eval_interval : 4000
    - work_dir : /m/triton/scratch/elec/puhe/p/jaina5/transformer-xl/FinnishXL/-Ktrain/20200407-201036
    - restart : False
    - restart_dir : 
    - debug : False
    - same_length : False
    - attn_type : 0
    - clamp_len : -1
    - eta_min : 0.0
    - gpu0_bsz : -1
    - max_eval_steps : -1
    - sample_softmax : -1
    - patience : 0
    - finetune_v2 : False
    - finetune_v3 : False
    - fp16 : False
    - static_loss_scale : 1
    - dynamic_loss_scale : False
    - tied : True
    - n_token : 35940
    - n_all_param : 746316388
    - n_nonemb_param : 700274688
====================================================================================================
#params = 746316388
#non emb params = 700274688
Traceback (most recent call last):
  File "train_kiel_train_schedule_restart.py", line 561, in <module>
    train()
  File "train_kiel_train_schedule_restart.py", line 453, in train
    ret = para_model(data_i, target_i, *mems[i])
  File "/home/jaina5/.conda/envs/TensorflowEnv/lib/python3.7/site-packages/torch/nn/modules/module.py", line 493, in __call__
    result = self.forward(*input, **kwargs)
  File "/scratch/elec/puhe/p/jaina5/transformer-xl/FinnishXL/mem_transformer.py", line 745, in forward
    hidden, new_mems = self._forward(data, mems=mems)
  File "/scratch/elec/puhe/p/jaina5/transformer-xl/FinnishXL/mem_transformer.py", line 677, in _forward
    self.r_r_bias, dec_attn_mask=dec_attn_mask, mems=mems_i)
  File "/home/jaina5/.conda/envs/TensorflowEnv/lib/python3.7/site-packages/torch/nn/modules/module.py", line 493, in __call__
    result = self.forward(*input, **kwargs)
  File "/scratch/elec/puhe/p/jaina5/transformer-xl/FinnishXL/mem_transformer.py", line 428, in forward
    output = self.pos_ff(output)
  File "/home/jaina5/.conda/envs/TensorflowEnv/lib/python3.7/site-packages/torch/nn/modules/module.py", line 493, in __call__
    result = self.forward(*input, **kwargs)
  File "/scratch/elec/puhe/p/jaina5/transformer-xl/FinnishXL/mem_transformer.py", line 62, in forward
    core_out = self.CoreNet(inp)
  File "/home/jaina5/.conda/envs/TensorflowEnv/lib/python3.7/site-packages/torch/nn/modules/module.py", line 493, in __call__
    result = self.forward(*input, **kwargs)
  File "/home/jaina5/.conda/envs/TensorflowEnv/lib/python3.7/site-packages/torch/nn/modules/container.py", line 92, in forward
    input = module(input)
  File "/home/jaina5/.conda/envs/TensorflowEnv/lib/python3.7/site-packages/torch/nn/modules/module.py", line 493, in __call__
    result = self.forward(*input, **kwargs)
  File "/home/jaina5/.conda/envs/TensorflowEnv/lib/python3.7/site-packages/torch/nn/modules/dropout.py", line 58, in forward
    return F.dropout(input, self.p, self.training, self.inplace)
  File "/home/jaina5/.conda/envs/TensorflowEnv/lib/python3.7/site-packages/torch/nn/functional.py", line 830, in dropout
    else _VF.dropout(input, p, training))
RuntimeError: CUDA out of memory. Tried to allocate 128.00 MiB (GPU 0; 31.75 GiB total capacity; 30.21 GiB already allocated; 49.19 MiB free; 515.54 MiB cached)
srun: error: gpu33: task 0: Exited with exit code 1
srun: Terminating job step 51629162.0
