Run training...
Experiment dir : /m/triton/scratch/elec/puhe/p/jaina5/transformer-xl/FinnishXL/-Ktrain/20190806-105646
Loading cached dataset...
====================================================================================================
    - data : /m/triton/scratch/elec/puhe/p/jaina5/transformer-xl/FinnishXL/data/kiel_train/
    - dataset : Ktrain
    - n_layer : 3
    - n_head : 8
    - d_head : 80
    - d_embed : 512
    - d_model : 512
    - d_inner : 2048
    - dropout : 0.05
    - dropatt : 0.05
    - init : normal
    - emb_init : normal
    - init_range : 0.1
    - emb_init_range : 0.01
    - init_std : 0.02
    - proj_init_std : 0.01
    - optim : adam
    - lr : 0.00025
    - mom : 0.0
    - scheduler : cosine
    - warmup_step : 30000
    - decay_rate : 0.5
    - lr_min : 0.0
    - clip : 0.25
    - clip_nonemb : False
    - max_step : 1200000
    - batch_size : 64
    - batch_chunk : 1
    - tgt_len : 250
    - eval_tgt_len : 250
    - ext_len : 0
    - mem_len : 0
    - not_tied : False
    - seed : 1111
    - cuda : True
    - adaptive : False
    - div_val : 1
    - pre_lnorm : False
    - varlen : False
    - multi_gpu : False
    - log_interval : 200
    - eval_interval : 4000
    - work_dir : /m/triton/scratch/elec/puhe/p/jaina5/transformer-xl/FinnishXL/-Ktrain/20190806-105646
    - restart : False
    - restart_dir : 
    - debug : False
    - same_length : False
    - attn_type : 0
    - clamp_len : -1
    - eta_min : 0.0
    - gpu0_bsz : -1
    - max_eval_steps : -1
    - sample_softmax : -1
    - patience : 0
    - finetune_v2 : False
    - finetune_v3 : False
    - fp16 : False
    - static_loss_scale : 1
    - dynamic_loss_scale : False
    - tied : True
    - n_token : 34519
    - n_all_param : 28930007
    - n_nonemb_param : 11220480
====================================================================================================
#params = 28930007
#non emb params = 11220480
Traceback (most recent call last):
  File "train_kiel_train.py", line 539, in <module>
    train()
  File "train_kiel_train.py", line 451, in train
    loss.backward()
  File "/share/apps2/anaconda/anaconda3/latest/lib/python3.6/site-packages/torch/tensor.py", line 102, in backward
    torch.autograd.backward(self, gradient, retain_graph, create_graph)
  File "/share/apps2/anaconda/anaconda3/latest/lib/python3.6/site-packages/torch/autograd/__init__.py", line 90, in backward
    allow_unreachable=True)  # allow_unreachable flag
RuntimeError: CUDA out of memory. Tried to allocate 2.06 GiB (GPU 0; 11.17 GiB total capacity; 10.22 GiB already allocated; 513.56 MiB free; 142.94 MiB cached)
srun: error: gpu21: task 0: Exited with exit code 1
srun: Terminating job step 44091564.0
