Run training...
Experiment dir : /m/triton/scratch/elec/puhe/p/jaina5/transformer-xl/FinnishXL/-Ktrain/20190812-115439
Loading cached dataset...
====================================================================================================
    - data : /m/triton/scratch/elec/puhe/p/jaina5/transformer-xl/FinnishXL/data/kiel_train/
    - dataset : Ktrain
    - n_layer : 26
    - n_head : 8
    - d_head : 80
    - d_embed : 1024
    - d_model : 1024
    - d_inner : 4096
    - dropout : 0.05
    - dropatt : 0.05
    - init : normal
    - emb_init : normal
    - init_range : 0.1
    - emb_init_range : 0.01
    - init_std : 0.02
    - proj_init_std : 0.01
    - optim : adam
    - lr : 0.00025
    - mom : 0.0
    - scheduler : cosine
    - warmup_step : 80000
    - decay_rate : 0.5
    - lr_min : 0.0
    - clip : 0.25
    - clip_nonemb : False
    - max_step : 1200000
    - batch_size : 64
    - batch_chunk : 1
    - tgt_len : 32
    - eval_tgt_len : 32
    - ext_len : 0
    - mem_len : 32
    - not_tied : False
    - seed : 1111
    - cuda : True
    - adaptive : False
    - div_val : 1
    - pre_lnorm : False
    - varlen : False
    - multi_gpu : False
    - log_interval : 200
    - eval_interval : 4000
    - work_dir : /m/triton/scratch/elec/puhe/p/jaina5/transformer-xl/FinnishXL/-Ktrain/20190812-115439
    - restart : False
    - restart_dir : 
    - debug : False
    - same_length : False
    - attn_type : 0
    - clamp_len : -1
    - eta_min : 0.0
    - gpu0_bsz : -1
    - max_eval_steps : -1
    - sample_softmax : -1
    - patience : 0
    - finetune_v2 : False
    - finetune_v3 : False
    - fp16 : False
    - static_loss_scale : 1
    - dynamic_loss_scale : False
    - tied : True
    - n_token : 34519
    - n_all_param : 338923479
    - n_nonemb_param : 303540224
====================================================================================================
#params = 338923479
#non emb params = 303540224
| epoch   1 step      200 |    200 batches | lr 6.25e-07 | ms/batch 529.29 | loss  9.98 | ppl 21491.836
| epoch   1 step      400 |    400 batches | lr 1.25e-06 | ms/batch 530.34 | loss  9.60 | ppl 14791.136
| epoch   1 step      600 |    600 batches | lr 1.87e-06 | ms/batch 531.48 | loss  9.36 | ppl 11597.660
| epoch   1 step      800 |    800 batches | lr 2.5e-06 | ms/batch 531.77 | loss  9.11 | ppl  9020.875
| epoch   1 step     1000 |   1000 batches | lr 3.13e-06 | ms/batch 532.15 | loss  8.83 | ppl  6813.266
| epoch   1 step     1200 |   1200 batches | lr 3.75e-06 | ms/batch 531.65 | loss  8.57 | ppl  5259.827
| epoch   1 step     1400 |   1400 batches | lr 4.38e-06 | ms/batch 531.72 | loss  8.36 | ppl  4286.492
| epoch   1 step     1600 |   1600 batches | lr 5e-06 | ms/batch 531.71 | loss  8.21 | ppl  3667.471
| epoch   1 step     1800 |   1800 batches | lr 5.63e-06 | ms/batch 531.59 | loss  8.08 | ppl  3240.983
| epoch   1 step     2000 |   2000 batches | lr 6.25e-06 | ms/batch 531.76 | loss  7.97 | ppl  2889.103
| epoch   1 step     2200 |   2200 batches | lr 6.88e-06 | ms/batch 531.84 | loss  7.86 | ppl  2595.018
| epoch   1 step     2400 |   2400 batches | lr 7.5e-06 | ms/batch 531.95 | loss  7.76 | ppl  2348.762
| epoch   1 step     2600 |   2600 batches | lr 8.13e-06 | ms/batch 531.90 | loss  7.67 | ppl  2146.756
| epoch   1 step     2800 |   2800 batches | lr 8.75e-06 | ms/batch 532.11 | loss  7.58 | ppl  1968.084
| epoch   1 step     3000 |   3000 batches | lr 9.37e-06 | ms/batch 532.05 | loss  7.51 | ppl  1831.357
| epoch   1 step     3200 |   3200 batches | lr 1e-05 | ms/batch 532.03 | loss  7.43 | ppl  1692.429
| epoch   1 step     3400 |   3400 batches | lr 1.06e-05 | ms/batch 532.07 | loss  7.37 | ppl  1580.129
| epoch   1 step     3600 |   3600 batches | lr 1.13e-05 | ms/batch 531.97 | loss  7.31 | ppl  1497.160
| epoch   1 step     3800 |   3800 batches | lr 1.19e-05 | ms/batch 531.98 | loss  7.23 | ppl  1383.622
| epoch   1 step     4000 |   4000 batches | lr 1.25e-05 | ms/batch 532.00 | loss  7.17 | ppl  1298.486
----------------------------------------------------------------------------------------------------
| Eval   1 at step     4000 | time: 3514.63s | valid loss  7.12 | valid ppl  1238.138
----------------------------------------------------------------------------------------------------
| epoch   1 step     4200 |   4200 batches | lr 1.31e-05 | ms/batch 7502.60 | loss  7.12 | ppl  1235.542
| epoch   1 step     4400 |   4400 batches | lr 1.38e-05 | ms/batch 533.27 | loss  7.05 | ppl  1150.978
| epoch   1 step     4600 |   4600 batches | lr 1.44e-05 | ms/batch 533.43 | loss  6.99 | ppl  1085.080
| epoch   1 step     4800 |   4800 batches | lr 1.5e-05 | ms/batch 533.13 | loss  6.94 | ppl  1028.137
| epoch   1 step     5000 |   5000 batches | lr 1.56e-05 | ms/batch 532.84 | loss  6.88 | ppl   974.533
| epoch   1 step     5200 |   5200 batches | lr 1.63e-05 | ms/batch 532.63 | loss  6.83 | ppl   923.474
| epoch   1 step     5400 |   5400 batches | lr 1.69e-05 | ms/batch 532.44 | loss  6.78 | ppl   879.060
| epoch   1 step     5600 |   5600 batches | lr 1.75e-05 | ms/batch 532.40 | loss  6.73 | ppl   837.778
| epoch   1 step     5800 |   5800 batches | lr 1.81e-05 | ms/batch 532.41 | loss  6.68 | ppl   798.065
| epoch   1 step     6000 |   6000 batches | lr 1.87e-05 | ms/batch 532.40 | loss  6.65 | ppl   769.483
| epoch   1 step     6200 |   6200 batches | lr 1.94e-05 | ms/batch 532.53 | loss  6.60 | ppl   733.004
| epoch   1 step     6400 |   6400 batches | lr 2e-05 | ms/batch 532.70 | loss  6.55 | ppl   701.424
| epoch   1 step     6600 |   6600 batches | lr 2.06e-05 | ms/batch 537.10 | loss  6.51 | ppl   671.527
| epoch   1 step     6800 |   6800 batches | lr 2.12e-05 | ms/batch 534.81 | loss  6.47 | ppl   648.519
| epoch   1 step     7000 |   7000 batches | lr 2.19e-05 | ms/batch 533.09 | loss  6.43 | ppl   619.783
| epoch   1 step     7200 |   7200 batches | lr 2.25e-05 | ms/batch 536.09 | loss  6.39 | ppl   595.343
| epoch   1 step     7400 |   7400 batches | lr 2.31e-05 | ms/batch 537.50 | loss  6.35 | ppl   571.409
| epoch   1 step     7600 |   7600 batches | lr 2.38e-05 | ms/batch 536.93 | loss  6.32 | ppl   554.894
| epoch   1 step     7800 |   7800 batches | lr 2.44e-05 | ms/batch 532.20 | loss  6.28 | ppl   534.196
| epoch   1 step     8000 |   8000 batches | lr 2.5e-05 | ms/batch 532.25 | loss  6.25 | ppl   516.988
----------------------------------------------------------------------------------------------------
| Eval   2 at step     8000 | time: 3520.38s | valid loss  6.29 | valid ppl   541.266
----------------------------------------------------------------------------------------------------
| epoch   1 step     8200 |   8200 batches | lr 2.56e-05 | ms/batch 7499.99 | loss  6.22 | ppl   500.876
| epoch   1 step     8400 |   8400 batches | lr 2.63e-05 | ms/batch 533.47 | loss  6.19 | ppl   488.477
| epoch   1 step     8600 |   8600 batches | lr 2.69e-05 | ms/batch 533.64 | loss  6.16 | ppl   473.011
| epoch   1 step     8800 |   8800 batches | lr 2.75e-05 | ms/batch 533.26 | loss  6.13 | ppl   457.330
| epoch   1 step     9000 |   9000 batches | lr 2.81e-05 | ms/batch 532.63 | loss  6.10 | ppl   446.609
| epoch   1 step     9200 |   9200 batches | lr 2.88e-05 | ms/batch 533.00 | loss  6.07 | ppl   434.322
| epoch   1 step     9400 |   9400 batches | lr 2.94e-05 | ms/batch 532.29 | loss  6.05 | ppl   423.027
| epoch   1 step     9600 |   9600 batches | lr 3e-05 | ms/batch 532.11 | loss  6.02 | ppl   410.619
| epoch   1 step     9800 |   9800 batches | lr 3.06e-05 | ms/batch 532.29 | loss  5.99 | ppl   401.222
| epoch   1 step    10000 |  10000 batches | lr 3.13e-05 | ms/batch 532.30 | loss  5.97 | ppl   390.337
| epoch   1 step    10200 |  10200 batches | lr 3.19e-05 | ms/batch 532.12 | loss  5.94 | ppl   379.143
| epoch   1 step    10400 |  10400 batches | lr 3.25e-05 | ms/batch 532.29 | loss  5.93 | ppl   374.340
| epoch   1 step    10600 |  10600 batches | lr 3.31e-05 | ms/batch 531.98 | loss  5.89 | ppl   361.948
| epoch   1 step    10800 |  10800 batches | lr 3.38e-05 | ms/batch 532.11 | loss  5.87 | ppl   352.572
| epoch   1 step    11000 |  11000 batches | lr 3.44e-05 | ms/batch 532.08 | loss  5.85 | ppl   348.738
| epoch   1 step    11200 |  11200 batches | lr 3.5e-05 | ms/batch 532.12 | loss  5.83 | ppl   339.108
| epoch   1 step    11400 |  11400 batches | lr 3.56e-05 | ms/batch 532.05 | loss  5.80 | ppl   331.851
| epoch   1 step    11600 |  11600 batches | lr 3.63e-05 | ms/batch 532.02 | loss  5.78 | ppl   324.577
| epoch   1 step    11800 |  11800 batches | lr 3.69e-05 | ms/batch 531.95 | loss  5.76 | ppl   317.879
| epoch   1 step    12000 |  12000 batches | lr 3.75e-05 | ms/batch 532.09 | loss  5.74 | ppl   311.807
----------------------------------------------------------------------------------------------------
| Eval   3 at step    12000 | time: 3515.97s | valid loss  5.84 | valid ppl   344.586
----------------------------------------------------------------------------------------------------
| epoch   1 step    12200 |  12200 batches | lr 3.81e-05 | ms/batch 7501.50 | loss  5.72 | ppl   303.590
| epoch   1 step    12400 |  12400 batches | lr 3.87e-05 | ms/batch 532.82 | loss  5.70 | ppl   298.731
| epoch   1 step    12600 |  12600 batches | lr 3.94e-05 | ms/batch 538.16 | loss  5.69 | ppl   295.388
| epoch   1 step    12800 |  12800 batches | lr 4e-05 | ms/batch 538.51 | loss  5.67 | ppl   289.189
| epoch   1 step    13000 |  13000 batches | lr 4.06e-05 | ms/batch 537.80 | loss  5.65 | ppl   285.003
| epoch   1 step    13200 |  13200 batches | lr 4.13e-05 | ms/batch 537.48 | loss  5.63 | ppl   278.070
| epoch   1 step    13400 |  13400 batches | lr 4.19e-05 | ms/batch 537.60 | loss  5.62 | ppl   274.890
| epoch   1 step    13600 |  13600 batches | lr 4.25e-05 | ms/batch 533.47 | loss  5.60 | ppl   271.588
| epoch   1 step    13800 |  13800 batches | lr 4.31e-05 | ms/batch 532.24 | loss  5.59 | ppl   267.108
| epoch   1 step    14000 |  14000 batches | lr 4.37e-05 | ms/batch 532.19 | loss  5.57 | ppl   263.250
| epoch   1 step    14200 |  14200 batches | lr 4.44e-05 | ms/batch 532.15 | loss  5.55 | ppl   257.384
| epoch   1 step    14400 |  14400 batches | lr 4.5e-05 | ms/batch 532.05 | loss  5.54 | ppl   254.721
| epoch   1 step    14600 |  14600 batches | lr 4.56e-05 | ms/batch 531.89 | loss  5.53 | ppl   252.240
| epoch   1 step    14800 |  14800 batches | lr 4.62e-05 | ms/batch 533.65 | loss  5.51 | ppl   247.652
| epoch   1 step    15000 |  15000 batches | lr 4.69e-05 | ms/batch 535.72 | loss  5.49 | ppl   242.103
| epoch   1 step    15200 |  15200 batches | lr 4.75e-05 | ms/batch 531.98 | loss  5.47 | ppl   238.453
| epoch   1 step    15400 |  15400 batches | lr 4.81e-05 | ms/batch 532.00 | loss  5.47 | ppl   238.207
| epoch   1 step    15600 |  15600 batches | lr 4.87e-05 | ms/batch 531.88 | loss  5.45 | ppl   233.461
| epoch   1 step    15800 |  15800 batches | lr 4.94e-05 | ms/batch 532.01 | loss  5.43 | ppl   229.160
| epoch   1 step    16000 |  16000 batches | lr 5e-05 | ms/batch 531.89 | loss  5.43 | ppl   229.018
----------------------------------------------------------------------------------------------------
| Eval   4 at step    16000 | time: 3521.25s | valid loss  5.56 | valid ppl   260.789
----------------------------------------------------------------------------------------------------
| epoch   1 step    16200 |  16200 batches | lr 5.06e-05 | ms/batch 7493.07 | loss  5.41 | ppl   223.657
| epoch   1 step    16400 |  16400 batches | lr 5.12e-05 | ms/batch 533.74 | loss  5.40 | ppl   221.442
| epoch   1 step    16600 |  16600 batches | lr 5.19e-05 | ms/batch 532.67 | loss  5.40 | ppl   220.858
| epoch   1 step    16800 |  16800 batches | lr 5.25e-05 | ms/batch 531.92 | loss  5.38 | ppl   217.565
| epoch   1 step    17000 |  17000 batches | lr 5.31e-05 | ms/batch 532.05 | loss  5.37 | ppl   215.291
| epoch   1 step    17200 |  17200 batches | lr 5.37e-05 | ms/batch 531.74 | loss  5.35 | ppl   210.045
| epoch   1 step    17400 |  17400 batches | lr 5.44e-05 | ms/batch 531.85 | loss  5.36 | ppl   212.276
| epoch   1 step    17600 |  17600 batches | lr 5.5e-05 | ms/batch 532.53 | loss  5.34 | ppl   208.586
| epoch   1 step    17800 |  17800 batches | lr 5.56e-05 | ms/batch 536.86 | loss  5.33 | ppl   207.406
| epoch   1 step    18000 |  18000 batches | lr 5.62e-05 | ms/batch 533.74 | loss  5.32 | ppl   203.695
| epoch   1 step    18200 |  18200 batches | lr 5.69e-05 | ms/batch 531.68 | loss  5.30 | ppl   200.115
| epoch   1 step    18400 |  18400 batches | lr 5.75e-05 | ms/batch 532.03 | loss  5.29 | ppl   198.340
| epoch   1 step    18600 |  18600 batches | lr 5.81e-05 | ms/batch 536.62 | loss  5.28 | ppl   197.213
| epoch   1 step    18800 |  18800 batches | lr 5.88e-05 | ms/batch 536.94 | loss  5.27 | ppl   193.511
| epoch   1 step    19000 |  19000 batches | lr 5.94e-05 | ms/batch 536.71 | loss  5.26 | ppl   192.809
| epoch   1 step    19200 |  19200 batches | lr 6e-05 | ms/batch 535.10 | loss  5.25 | ppl   191.292
| epoch   1 step    19400 |  19400 batches | lr 6.06e-05 | ms/batch 531.44 | loss  5.24 | ppl   189.541
| epoch   1 step    19600 |  19600 batches | lr 6.12e-05 | ms/batch 531.59 | loss  5.23 | ppl   186.755
| epoch   1 step    19800 |  19800 batches | lr 6.19e-05 | ms/batch 531.66 | loss  5.23 | ppl   186.379
| epoch   1 step    20000 |  20000 batches | lr 6.25e-05 | ms/batch 531.42 | loss  5.22 | ppl   184.138
----------------------------------------------------------------------------------------------------
| Eval   5 at step    20000 | time: 3516.19s | valid loss  5.37 | valid ppl   215.705
----------------------------------------------------------------------------------------------------
| epoch   1 step    20200 |  20200 batches | lr 6.31e-05 | ms/batch 7476.84 | loss  5.21 | ppl   183.646
| epoch   1 step    20400 |  20400 batches | lr 6.38e-05 | ms/batch 531.89 | loss  5.20 | ppl   181.137
| epoch   1 step    20600 |  20600 batches | lr 6.44e-05 | ms/batch 532.10 | loss  5.19 | ppl   179.306
| epoch   1 step    20800 |  20800 batches | lr 6.5e-05 | ms/batch 532.08 | loss  5.19 | ppl   178.788
| epoch   1 step    21000 |  21000 batches | lr 6.56e-05 | ms/batch 531.95 | loss  5.19 | ppl   179.045
| epoch   1 step    21200 |  21200 batches | lr 6.62e-05 | ms/batch 531.58 | loss  5.17 | ppl   176.395
| epoch   1 step    21400 |  21400 batches | lr 6.69e-05 | ms/batch 536.56 | loss  5.16 | ppl   173.329
| epoch   1 step    21600 |  21600 batches | lr 6.75e-05 | ms/batch 532.57 | loss  5.16 | ppl   173.353
| epoch   1 step    21800 |  21800 batches | lr 6.81e-05 | ms/batch 531.65 | loss  5.15 | ppl   171.830
| epoch   1 step    22000 |  22000 batches | lr 6.88e-05 | ms/batch 531.75 | loss  5.14 | ppl   171.184
| epoch   1 step    22200 |  22200 batches | lr 6.94e-05 | ms/batch 531.67 | loss  5.14 | ppl   170.759
| epoch   1 step    22400 |  22400 batches | lr 7e-05 | ms/batch 531.59 | loss  5.13 | ppl   168.598
| epoch   1 step    22600 |  22600 batches | lr 7.06e-05 | ms/batch 531.75 | loss  5.12 | ppl   166.885
| epoch   1 step    22800 |  22800 batches | lr 7.12e-05 | ms/batch 531.53 | loss  5.12 | ppl   167.441
| epoch   1 step    23000 |  23000 batches | lr 7.19e-05 | ms/batch 531.48 | loss  5.11 | ppl   165.255
| epoch   1 step    23200 |  23200 batches | lr 7.25e-05 | ms/batch 531.56 | loss  5.10 | ppl   164.469
| epoch   1 step    23400 |  23400 batches | lr 7.31e-05 | ms/batch 531.52 | loss  5.09 | ppl   162.517
| epoch   1 step    23600 |  23600 batches | lr 7.38e-05 | ms/batch 531.49 | loss  5.08 | ppl   161.170
| epoch   1 step    23800 |  23800 batches | lr 7.44e-05 | ms/batch 531.61 | loss  5.08 | ppl   161.477
| epoch   1 step    24000 |  24000 batches | lr 7.5e-05 | ms/batch 533.40 | loss  5.07 | ppl   159.607
----------------------------------------------------------------------------------------------------
| Eval   6 at step    24000 | time: 3509.96s | valid loss  5.26 | valid ppl   192.529
----------------------------------------------------------------------------------------------------
| epoch   1 step    24200 |  24200 batches | lr 7.56e-05 | ms/batch 7477.54 | loss  5.07 | ppl   159.818
| epoch   1 step    24400 |  24400 batches | lr 7.63e-05 | ms/batch 532.07 | loss  5.06 | ppl   157.173
| epoch   1 step    24600 |  24600 batches | lr 7.69e-05 | ms/batch 532.32 | loss  5.07 | ppl   158.653
| epoch   1 step    24800 |  24800 batches | lr 7.75e-05 | ms/batch 531.81 | loss  5.05 | ppl   155.841
| epoch   1 step    25000 |  25000 batches | lr 7.81e-05 | ms/batch 531.42 | loss  5.04 | ppl   154.566
| epoch   1 step    25200 |  25200 batches | lr 7.88e-05 | ms/batch 531.36 | loss  5.05 | ppl   155.283
| epoch   1 step    25400 |  25400 batches | lr 7.94e-05 | ms/batch 531.07 | loss  5.03 | ppl   153.474
| epoch   1 step    25600 |  25600 batches | lr 8e-05 | ms/batch 531.01 | loss  5.03 | ppl   152.619
| epoch   1 step    25800 |  25800 batches | lr 8.06e-05 | ms/batch 531.03 | loss  5.02 | ppl   150.666
| epoch   1 step    26000 |  26000 batches | lr 8.12e-05 | ms/batch 530.94 | loss  5.03 | ppl   152.627
| epoch   1 step    26200 |  26200 batches | lr 8.19e-05 | ms/batch 530.86 | loss  5.01 | ppl   149.738
| epoch   1 step    26400 |  26400 batches | lr 8.25e-05 | ms/batch 530.63 | loss  5.02 | ppl   150.792
| epoch   1 step    26600 |  26600 batches | lr 8.31e-05 | ms/batch 530.93 | loss  5.00 | ppl   148.612
| epoch   1 step    26800 |  26800 batches | lr 8.38e-05 | ms/batch 530.67 | loss  4.99 | ppl   147.379
| epoch   1 step    27000 |  27000 batches | lr 8.44e-05 | ms/batch 528.45 | loss  4.99 | ppl   146.593
| epoch   1 step    27200 |  27200 batches | lr 8.5e-05 | ms/batch 531.18 | loss  4.99 | ppl   147.662
| epoch   1 step    27400 |  27400 batches | lr 8.56e-05 | ms/batch 531.95 | loss  4.99 | ppl   146.387
| epoch   1 step    27600 |  27600 batches | lr 8.63e-05 | ms/batch 531.87 | loss  4.98 | ppl   146.140
| epoch   1 step    27800 |  27800 batches | lr 8.69e-05 | ms/batch 531.34 | loss  4.97 | ppl   144.342
| epoch   1 step    28000 |  28000 batches | lr 8.75e-05 | ms/batch 530.83 | loss  4.96 | ppl   143.063
----------------------------------------------------------------------------------------------------
| Eval   7 at step    28000 | time: 5833.22s | valid loss  5.18 | valid ppl   177.380
----------------------------------------------------------------------------------------------------
| epoch   1 step    28200 |  28200 batches | lr 8.81e-05 | ms/batch 7419.75 | loss  4.96 | ppl   143.282
| epoch   1 step    28400 |  28400 batches | lr 8.88e-05 | ms/batch 531.86 | loss  4.96 | ppl   143.272
| epoch   1 step    28600 |  28600 batches | lr 8.94e-05 | ms/batch 530.82 | loss  4.96 | ppl   142.243
| epoch   1 step    28800 |  28800 batches | lr 9e-05 | ms/batch 530.43 | loss  4.96 | ppl   142.578
| epoch   1 step    29000 |  29000 batches | lr 9.06e-05 | ms/batch 530.36 | loss  4.95 | ppl   140.521
| epoch   1 step    29200 |  29200 batches | lr 9.12e-05 | ms/batch 530.23 | loss  4.96 | ppl   141.894
| epoch   1 step    29400 |  29400 batches | lr 9.19e-05 | ms/batch 530.21 | loss  4.94 | ppl   140.031
| epoch   1 step    29600 |  29600 batches | lr 9.25e-05 | ms/batch 530.14 | loss  4.93 | ppl   138.472
| epoch   1 step    29800 |  29800 batches | lr 9.31e-05 | ms/batch 530.28 | loss  4.93 | ppl   138.153
| epoch   1 step    30000 |  30000 batches | lr 9.38e-05 | ms/batch 530.11 | loss  4.93 | ppl   138.590
| epoch   1 step    30200 |  30200 batches | lr 9.44e-05 | ms/batch 530.16 | loss  4.92 | ppl   137.456
| epoch   1 step    30400 |  30400 batches | lr 9.5e-05 | ms/batch 530.24 | loss  4.91 | ppl   136.167
| epoch   1 step    30600 |  30600 batches | lr 9.56e-05 | ms/batch 530.30 | loss  4.92 | ppl   136.816
| epoch   1 step    30800 |  30800 batches | lr 9.63e-05 | ms/batch 530.29 | loss  4.92 | ppl   136.547
| epoch   1 step    31000 |  31000 batches | lr 9.69e-05 | ms/batch 530.34 | loss  4.91 | ppl   135.444
| epoch   1 step    31200 |  31200 batches | lr 9.75e-05 | ms/batch 530.38 | loss  4.91 | ppl   135.328
| epoch   1 step    31400 |  31400 batches | lr 9.81e-05 | ms/batch 530.20 | loss  4.90 | ppl   134.743
| epoch   1 step    31600 |  31600 batches | lr 9.88e-05 | ms/batch 530.37 | loss  4.91 | ppl   135.033
| epoch   1 step    31800 |  31800 batches | lr 9.94e-05 | ms/batch 530.27 | loss  4.90 | ppl   133.736
| epoch   1 step    32000 |  32000 batches | lr 0.0001 | ms/batch 530.15 | loss  4.89 | ppl   132.717
----------------------------------------------------------------------------------------------------
| Eval   8 at step    32000 | time: 3487.20s | valid loss  5.12 | valid ppl   167.217
----------------------------------------------------------------------------------------------------
| epoch   1 step    32200 |  32200 batches | lr 0.000101 | ms/batch 7398.00 | loss  4.89 | ppl   132.802
| epoch   1 step    32400 |  32400 batches | lr 0.000101 | ms/batch 531.32 | loss  4.88 | ppl   132.176
| epoch   1 step    32600 |  32600 batches | lr 0.000102 | ms/batch 531.40 | loss  4.89 | ppl   132.884
| epoch   1 step    32800 |  32800 batches | lr 0.000102 | ms/batch 533.63 | loss  4.89 | ppl   133.217
| epoch   1 step    33000 |  33000 batches | lr 0.000103 | ms/batch 531.00 | loss  4.88 | ppl   131.259
| epoch   1 step    33200 |  33200 batches | lr 0.000104 | ms/batch 530.08 | loss  4.88 | ppl   131.662
| epoch   1 step    33400 |  33400 batches | lr 0.000104 | ms/batch 530.06 | loss  4.87 | ppl   130.663
| epoch   1 step    33600 |  33600 batches | lr 0.000105 | ms/batch 530.06 | loss  4.87 | ppl   130.202
| epoch   1 step    33800 |  33800 batches | lr 0.000106 | ms/batch 530.04 | loss  4.86 | ppl   129.385
| epoch   1 step    34000 |  34000 batches | lr 0.000106 | ms/batch 530.02 | loss  4.86 | ppl   129.211
| epoch   1 step    34200 |  34200 batches | lr 0.000107 | ms/batch 529.76 | loss  4.85 | ppl   128.262
| epoch   1 step    34400 |  34400 batches | lr 0.000107 | ms/batch 529.87 | loss  4.86 | ppl   129.575
| epoch   1 step    34600 |  34600 batches | lr 0.000108 | ms/batch 529.74 | loss  4.86 | ppl   129.244
| epoch   1 step    34800 |  34800 batches | lr 0.000109 | ms/batch 529.88 | loss  4.85 | ppl   128.070
| epoch   1 step    35000 |  35000 batches | lr 0.000109 | ms/batch 529.77 | loss  4.85 | ppl   128.267
| epoch   1 step    35200 |  35200 batches | lr 0.00011 | ms/batch 529.73 | loss  4.85 | ppl   127.837
| epoch   1 step    35400 |  35400 batches | lr 0.000111 | ms/batch 529.71 | loss  4.85 | ppl   127.448
| epoch   1 step    35600 |  35600 batches | lr 0.000111 | ms/batch 529.91 | loss  4.84 | ppl   126.015
| epoch   1 step    35800 |  35800 batches | lr 0.000112 | ms/batch 529.82 | loss  4.83 | ppl   125.511
| epoch   1 step    36000 |  36000 batches | lr 0.000112 | ms/batch 529.84 | loss  4.84 | ppl   126.143
----------------------------------------------------------------------------------------------------
| Eval   9 at step    36000 | time: 3478.55s | valid loss  5.06 | valid ppl   157.728
----------------------------------------------------------------------------------------------------
| epoch   1 step    36200 |  36200 batches | lr 0.000113 | ms/batch 7357.35 | loss  4.83 | ppl   124.815
| epoch   1 step    36400 |  36400 batches | lr 0.000114 | ms/batch 531.00 | loss  4.83 | ppl   125.233
| epoch   1 step    36600 |  36600 batches | lr 0.000114 | ms/batch 530.80 | loss  4.82 | ppl   123.421
| epoch   1 step    36800 |  36800 batches | lr 0.000115 | ms/batch 533.37 | loss  4.82 | ppl   124.432
| epoch   1 step    37000 |  37000 batches | lr 0.000116 | ms/batch 535.16 | loss  4.82 | ppl   124.033
| epoch   1 step    37200 |  37200 batches | lr 0.000116 | ms/batch 534.62 | loss  4.81 | ppl   122.719
| epoch   1 step    37400 |  37400 batches | lr 0.000117 | ms/batch 534.81 | loss  4.83 | ppl   124.740
| epoch   1 step    37600 |  37600 batches | lr 0.000118 | ms/batch 534.49 | loss  4.82 | ppl   123.996
| epoch   1 step    37800 |  37800 batches | lr 0.000118 | ms/batch 534.69 | loss  4.80 | ppl   122.006
| epoch   1 step    38000 |  38000 batches | lr 0.000119 | ms/batch 534.54 | loss  4.82 | ppl   123.546
| epoch   1 step    38200 |  38200 batches | lr 0.000119 | ms/batch 534.54 | loss  4.81 | ppl   123.167
| epoch   1 step    38400 |  38400 batches | lr 0.00012 | ms/batch 534.79 | loss  4.81 | ppl   122.737
| epoch   1 step    38600 |  38600 batches | lr 0.000121 | ms/batch 534.76 | loss  4.81 | ppl   122.416
| epoch   1 step    38800 |  38800 batches | lr 0.000121 | ms/batch 534.62 | loss  4.80 | ppl   121.516
| epoch   1 step    39000 |  39000 batches | lr 0.000122 | ms/batch 534.75 | loss  4.80 | ppl   121.158
| epoch   1 step    39200 |  39200 batches | lr 0.000122 | ms/batch 534.40 | loss  4.80 | ppl   121.136
| epoch   1 step    39400 |  39400 batches | lr 0.000123 | ms/batch 534.46 | loss  4.80 | ppl   121.435
| epoch   1 step    39600 |  39600 batches | lr 0.000124 | ms/batch 534.67 | loss  4.80 | ppl   121.094
| epoch   1 step    39800 |  39800 batches | lr 0.000124 | ms/batch 530.46 | loss  4.80 | ppl   121.278
| epoch   1 step    40000 |  40000 batches | lr 0.000125 | ms/batch 529.71 | loss  4.79 | ppl   119.736
----------------------------------------------------------------------------------------------------
| Eval  10 at step    40000 | time: 3491.70s | valid loss  5.02 | valid ppl   151.612
----------------------------------------------------------------------------------------------------
| epoch   1 step    40200 |  40200 batches | lr 0.000126 | ms/batch 7352.06 | loss  4.79 | ppl   120.606
| epoch   1 step    40400 |  40400 batches | lr 0.000126 | ms/batch 530.61 | loss  4.79 | ppl   119.801
| epoch   1 step    40600 |  40600 batches | lr 0.000127 | ms/batch 529.82 | loss  4.78 | ppl   119.488
| epoch   1 step    40800 |  40800 batches | lr 0.000128 | ms/batch 529.69 | loss  4.79 | ppl   119.945
| epoch   1 step    41000 |  41000 batches | lr 0.000128 | ms/batch 529.55 | loss  4.79 | ppl   120.710
| epoch   1 step    41200 |  41200 batches | lr 0.000129 | ms/batch 529.68 | loss  4.78 | ppl   119.313
| epoch   1 step    41400 |  41400 batches | lr 0.000129 | ms/batch 529.63 | loss  4.77 | ppl   117.660
| epoch   1 step    41600 |  41600 batches | lr 0.00013 | ms/batch 529.50 | loss  4.78 | ppl   118.847
| epoch   1 step    41800 |  41800 batches | lr 0.000131 | ms/batch 529.40 | loss  4.78 | ppl   119.020
| epoch   1 step    42000 |  42000 batches | lr 0.000131 | ms/batch 529.39 | loss  4.77 | ppl   117.660
| epoch   1 step    42200 |  42200 batches | lr 0.000132 | ms/batch 529.35 | loss  4.77 | ppl   117.637
| epoch   1 step    42400 |  42400 batches | lr 0.000132 | ms/batch 529.31 | loss  4.76 | ppl   117.242
| epoch   1 step    42600 |  42600 batches | lr 0.000133 | ms/batch 529.51 | loss  4.77 | ppl   117.345
| epoch   1 step    42800 |  42800 batches | lr 0.000134 | ms/batch 529.47 | loss  4.76 | ppl   116.961
| epoch   1 step    43000 |  43000 batches | lr 0.000134 | ms/batch 529.53 | loss  4.76 | ppl   116.464
| epoch   1 step    43200 |  43200 batches | lr 0.000135 | ms/batch 529.87 | loss  4.76 | ppl   116.721
| epoch   1 step    43400 |  43400 batches | lr 0.000136 | ms/batch 534.30 | loss  4.76 | ppl   116.637
| epoch   1 step    43600 |  43600 batches | lr 0.000136 | ms/batch 534.51 | loss  4.77 | ppl   118.399
| epoch   1 step    43800 |  43800 batches | lr 0.000137 | ms/batch 534.35 | loss  4.76 | ppl   117.224
| epoch   1 step    44000 |  44000 batches | lr 0.000138 | ms/batch 534.56 | loss  4.75 | ppl   115.992
----------------------------------------------------------------------------------------------------
| Eval  11 at step    44000 | time: 3480.00s | valid loss  4.99 | valid ppl   147.143
----------------------------------------------------------------------------------------------------
| epoch   1 step    44200 |  44200 batches | lr 0.000138 | ms/batch 7358.50 | loss  4.75 | ppl   115.873
| epoch   1 step    44400 |  44400 batches | lr 0.000139 | ms/batch 530.53 | loss  4.75 | ppl   116.159
| epoch   1 step    44600 |  44600 batches | lr 0.000139 | ms/batch 530.79 | loss  4.76 | ppl   116.380
| epoch   1 step    44800 |  44800 batches | lr 0.00014 | ms/batch 535.30 | loss  4.75 | ppl   115.598
| epoch   1 step    45000 |  45000 batches | lr 0.000141 | ms/batch 534.59 | loss  4.75 | ppl   116.063
| epoch   1 step    45200 |  45200 batches | lr 0.000141 | ms/batch 534.47 | loss  4.75 | ppl   115.475
| epoch   1 step    45400 |  45400 batches | lr 0.000142 | ms/batch 534.46 | loss  4.75 | ppl   115.419
| epoch   1 step    45600 |  45600 batches | lr 0.000142 | ms/batch 534.25 | loss  4.75 | ppl   115.631
| epoch   1 step    45800 |  45800 batches | lr 0.000143 | ms/batch 534.70 | loss  4.75 | ppl   115.090
| epoch   1 step    46000 |  46000 batches | lr 0.000144 | ms/batch 534.17 | loss  4.75 | ppl   116.034
| epoch   1 step    46200 |  46200 batches | lr 0.000144 | ms/batch 534.53 | loss  4.74 | ppl   114.912
| epoch   1 step    46400 |  46400 batches | lr 0.000145 | ms/batch 534.10 | loss  4.74 | ppl   114.170
| epoch   1 step    46600 |  46600 batches | lr 0.000146 | ms/batch 534.72 | loss  4.74 | ppl   114.539
| epoch   1 step    46800 |  46800 batches | lr 0.000146 | ms/batch 534.30 | loss  4.74 | ppl   114.126
| epoch   1 step    47000 |  47000 batches | lr 0.000147 | ms/batch 534.78 | loss  4.74 | ppl   114.477
| epoch   1 step    47200 |  47200 batches | lr 0.000148 | ms/batch 534.84 | loss  4.74 | ppl   114.011
| epoch   1 step    47400 |  47400 batches | lr 0.000148 | ms/batch 534.62 | loss  4.74 | ppl   114.976
| epoch   1 step    47600 |  47600 batches | lr 0.000149 | ms/batch 534.74 | loss  4.74 | ppl   114.169
| epoch   1 step    47800 |  47800 batches | lr 0.000149 | ms/batch 534.68 | loss  4.74 | ppl   113.875
| epoch   1 step    48000 |  48000 batches | lr 0.00015 | ms/batch 534.26 | loss  4.74 | ppl   114.496
----------------------------------------------------------------------------------------------------
| Eval  12 at step    48000 | time: 3492.83s | valid loss  4.98 | valid ppl   145.082
----------------------------------------------------------------------------------------------------
| epoch   1 step    48200 |  48200 batches | lr 0.000151 | ms/batch 7356.98 | loss  4.73 | ppl   112.944
| epoch   1 step    48400 |  48400 batches | lr 0.000151 | ms/batch 535.91 | loss  4.73 | ppl   113.572
| epoch   1 step    48600 |  48600 batches | lr 0.000152 | ms/batch 535.56 | loss  4.72 | ppl   112.680
| epoch   1 step    48800 |  48800 batches | lr 0.000153 | ms/batch 534.54 | loss  4.73 | ppl   113.861
| epoch   1 step    49000 |  49000 batches | lr 0.000153 | ms/batch 533.74 | loss  4.73 | ppl   113.801
| epoch   1 step    49200 |  49200 batches | lr 0.000154 | ms/batch 533.98 | loss  4.72 | ppl   112.373
| epoch   1 step    49400 |  49400 batches | lr 0.000154 | ms/batch 533.96 | loss  4.72 | ppl   112.458
| epoch   1 step    49600 |  49600 batches | lr 0.000155 | ms/batch 530.56 | loss  4.73 | ppl   113.085
| epoch   1 step    49800 |  49800 batches | lr 0.000156 | ms/batch 532.13 | loss  4.73 | ppl   113.221
| epoch   1 step    50000 |  50000 batches | lr 0.000156 | ms/batch 533.59 | loss  4.73 | ppl   112.943
| epoch   1 step    50200 |  50200 batches | lr 0.000157 | ms/batch 533.55 | loss  4.72 | ppl   111.742
| epoch   1 step    50400 |  50400 batches | lr 0.000158 | ms/batch 533.09 | loss  4.73 | ppl   113.060
| epoch   1 step    50600 |  50600 batches | lr 0.000158 | ms/batch 533.91 | loss  4.72 | ppl   111.989
| epoch   1 step    50800 |  50800 batches | lr 0.000159 | ms/batch 533.14 | loss  4.72 | ppl   111.697
| epoch   1 step    51000 |  51000 batches | lr 0.000159 | ms/batch 533.40 | loss  4.72 | ppl   112.040
| epoch   1 step    51200 |  51200 batches | lr 0.00016 | ms/batch 533.26 | loss  4.72 | ppl   112.075
| epoch   1 step    51400 |  51400 batches | lr 0.000161 | ms/batch 533.77 | loss  4.72 | ppl   112.213
| epoch   1 step    51600 |  51600 batches | lr 0.000161 | ms/batch 533.84 | loss  4.72 | ppl   111.910
| epoch   1 step    51800 |  51800 batches | lr 0.000162 | ms/batch 533.57 | loss  4.71 | ppl   111.246
| epoch   1 step    52000 |  52000 batches | lr 0.000162 | ms/batch 533.29 | loss  4.72 | ppl   112.655
----------------------------------------------------------------------------------------------------
| Eval  13 at step    52000 | time: 3491.43s | valid loss  4.96 | valid ppl   142.892
----------------------------------------------------------------------------------------------------
| epoch   1 step    52200 |  52200 batches | lr 0.000163 | ms/batch 7349.27 | loss  4.72 | ppl   112.562
| epoch   1 step    52400 |  52400 batches | lr 0.000164 | ms/batch 535.38 | loss  4.72 | ppl   112.596
| epoch   1 step    52600 |  52600 batches | lr 0.000164 | ms/batch 535.59 | loss  4.72 | ppl   111.773
| epoch   1 step    52800 |  52800 batches | lr 0.000165 | ms/batch 534.68 | loss  4.72 | ppl   112.223
| epoch   1 step    53000 |  53000 batches | lr 0.000166 | ms/batch 534.20 | loss  4.71 | ppl   111.076
| epoch   1 step    53200 |  53200 batches | lr 0.000166 | ms/batch 534.23 | loss  4.70 | ppl   110.363
| epoch   1 step    53400 |  53400 batches | lr 0.000167 | ms/batch 533.67 | loss  4.72 | ppl   111.827
| epoch   1 step    53600 |  53600 batches | lr 0.000168 | ms/batch 533.71 | loss  4.71 | ppl   110.803
| epoch   1 step    53800 |  53800 batches | lr 0.000168 | ms/batch 533.80 | loss  4.72 | ppl   111.820
| epoch   1 step    54000 |  54000 batches | lr 0.000169 | ms/batch 534.16 | loss  4.71 | ppl   111.376
| epoch   1 step    54200 |  54200 batches | lr 0.000169 | ms/batch 533.56 | loss  4.71 | ppl   111.225
| epoch   1 step    54400 |  54400 batches | lr 0.00017 | ms/batch 533.44 | loss  4.72 | ppl   111.694
| epoch   1 step    54600 |  54600 batches | lr 0.000171 | ms/batch 533.91 | loss  4.71 | ppl   110.582
| epoch   1 step    54800 |  54800 batches | lr 0.000171 | ms/batch 533.99 | loss  4.71 | ppl   111.570
| epoch   1 step    55000 |  55000 batches | lr 0.000172 | ms/batch 533.21 | loss  4.71 | ppl   110.543
| epoch   1 step    55200 |  55200 batches | lr 0.000173 | ms/batch 533.63 | loss  4.71 | ppl   111.191
| epoch   1 step    55400 |  55400 batches | lr 0.000173 | ms/batch 533.35 | loss  4.72 | ppl   112.081
| epoch   1 step    55600 |  55600 batches | lr 0.000174 | ms/batch 533.77 | loss  4.72 | ppl   111.999
| epoch   1 step    55800 |  55800 batches | lr 0.000174 | ms/batch 533.22 | loss  4.72 | ppl   111.614
| epoch   1 step    56000 |  56000 batches | lr 0.000175 | ms/batch 533.56 | loss  4.71 | ppl   111.254
----------------------------------------------------------------------------------------------------
| Eval  14 at step    56000 | time: 3492.20s | valid loss  4.94 | valid ppl   140.333
----------------------------------------------------------------------------------------------------
| epoch   1 step    56200 |  56200 batches | lr 0.000176 | ms/batch 7350.90 | loss  4.71 | ppl   110.617
| epoch   1 step    56400 |  56400 batches | lr 0.000176 | ms/batch 535.25 | loss  4.71 | ppl   111.068
| epoch   1 step    56600 |  56600 batches | lr 0.000177 | ms/batch 533.88 | loss  4.71 | ppl   110.837
| epoch   1 step    56800 |  56800 batches | lr 0.000178 | ms/batch 533.36 | loss  4.71 | ppl   110.527
| epoch   1 step    57000 |  57000 batches | lr 0.000178 | ms/batch 533.42 | loss  4.71 | ppl   110.827
| epoch   1 step    57200 |  57200 batches | lr 0.000179 | ms/batch 533.32 | loss  4.71 | ppl   110.944
| epoch   1 step    57400 |  57400 batches | lr 0.000179 | ms/batch 532.93 | loss  4.71 | ppl   110.725
| epoch   1 step    57600 |  57600 batches | lr 0.00018 | ms/batch 533.07 | loss  4.71 | ppl   110.684
| epoch   1 step    57800 |  57800 batches | lr 0.000181 | ms/batch 533.37 | loss  4.71 | ppl   110.662
| epoch   1 step    58000 |  58000 batches | lr 0.000181 | ms/batch 533.39 | loss  4.71 | ppl   111.025
| epoch   1 step    58200 |  58200 batches | lr 0.000182 | ms/batch 533.26 | loss  4.71 | ppl   110.574
| epoch   1 step    58400 |  58400 batches | lr 0.000182 | ms/batch 533.49 | loss  4.71 | ppl   111.075
| epoch   1 step    58600 |  58600 batches | lr 0.000183 | ms/batch 533.34 | loss  4.70 | ppl   110.293
| epoch   1 step    58800 |  58800 batches | lr 0.000184 | ms/batch 533.21 | loss  4.70 | ppl   109.926
| epoch   1 step    59000 |  59000 batches | lr 0.000184 | ms/batch 533.27 | loss  4.70 | ppl   109.786
| epoch   1 step    59200 |  59200 batches | lr 0.000185 | ms/batch 533.15 | loss  4.71 | ppl   110.514
| epoch   1 step    59400 |  59400 batches | lr 0.000186 | ms/batch 533.16 | loss  4.71 | ppl   111.523
| epoch   1 step    59600 |  59600 batches | lr 0.000186 | ms/batch 532.78 | loss  4.70 | ppl   110.344
| epoch   1 step    59800 |  59800 batches | lr 0.000187 | ms/batch 530.43 | loss  4.70 | ppl   110.477
| epoch   1 step    60000 |  60000 batches | lr 0.000188 | ms/batch 528.69 | loss  4.70 | ppl   110.412
----------------------------------------------------------------------------------------------------
| Eval  15 at step    60000 | time: 3488.74s | valid loss  4.95 | valid ppl   140.487
----------------------------------------------------------------------------------------------------
| epoch   1 step    60200 |  60200 batches | lr 0.000188 | ms/batch 7310.25 | loss  4.70 | ppl   110.451
| epoch   1 step    60400 |  60400 batches | lr 0.000189 | ms/batch 529.74 | loss  4.71 | ppl   110.668
| epoch   1 step    60600 |  60600 batches | lr 0.000189 | ms/batch 529.63 | loss  4.71 | ppl   110.546
| epoch   1 step    60800 |  60800 batches | lr 0.00019 | ms/batch 529.10 | loss  4.70 | ppl   110.423
| epoch   1 step    61000 |  61000 batches | lr 0.000191 | ms/batch 528.78 | loss  4.71 | ppl   111.586
| epoch   1 step    61200 |  61200 batches | lr 0.000191 | ms/batch 528.84 | loss  4.70 | ppl   110.032
| epoch   1 step    61400 |  61400 batches | lr 0.000192 | ms/batch 528.75 | loss  4.72 | ppl   111.856
| epoch   1 step    61600 |  61600 batches | lr 0.000193 | ms/batch 528.61 | loss  4.71 | ppl   110.563
| epoch   1 step    61800 |  61800 batches | lr 0.000193 | ms/batch 528.58 | loss  4.70 | ppl   110.174
| epoch   1 step    62000 |  62000 batches | lr 0.000194 | ms/batch 528.42 | loss  4.71 | ppl   110.828
| epoch   1 step    62200 |  62200 batches | lr 0.000194 | ms/batch 528.30 | loss  4.71 | ppl   110.916
| epoch   1 step    62400 |  62400 batches | lr 0.000195 | ms/batch 528.45 | loss  4.70 | ppl   110.124
| epoch   1 step    62600 |  62600 batches | lr 0.000196 | ms/batch 528.31 | loss  4.71 | ppl   110.505
| epoch   1 step    62800 |  62800 batches | lr 0.000196 | ms/batch 528.47 | loss  4.71 | ppl   110.785
| epoch   1 step    63000 |  63000 batches | lr 0.000197 | ms/batch 528.60 | loss  4.71 | ppl   110.872
| epoch   1 step    63200 |  63200 batches | lr 0.000198 | ms/batch 528.45 | loss  4.71 | ppl   111.353
| epoch   1 step    63400 |  63400 batches | lr 0.000198 | ms/batch 529.05 | loss  4.71 | ppl   111.570
| epoch   1 step    63600 |  63600 batches | lr 0.000199 | ms/batch 531.00 | loss  4.71 | ppl   111.265
| epoch   1 step    63800 |  63800 batches | lr 0.000199 | ms/batch 528.82 | loss  4.70 | ppl   110.358
| epoch   1 step    64000 |  64000 batches | lr 0.0002 | ms/batch 528.44 | loss  4.71 | ppl   111.090
----------------------------------------------------------------------------------------------------
| Eval  16 at step    64000 | time: 3471.84s | valid loss  4.95 | valid ppl   141.003
----------------------------------------------------------------------------------------------------
| epoch   1 step    64200 |  64200 batches | lr 0.000201 | ms/batch 7310.72 | loss  4.71 | ppl   111.513
| epoch   1 step    64400 |  64400 batches | lr 0.000201 | ms/batch 533.48 | loss  4.71 | ppl   111.323
| epoch   1 step    64600 |  64600 batches | lr 0.000202 | ms/batch 534.48 | loss  4.70 | ppl   109.573
| epoch   1 step    64800 |  64800 batches | lr 0.000202 | ms/batch 534.27 | loss  4.70 | ppl   110.005
| epoch   1 step    65000 |  65000 batches | lr 0.000203 | ms/batch 533.50 | loss  4.71 | ppl   111.588
| epoch   1 step    65200 |  65200 batches | lr 0.000204 | ms/batch 533.34 | loss  4.71 | ppl   111.482
| epoch   1 step    65400 |  65400 batches | lr 0.000204 | ms/batch 533.05 | loss  4.73 | ppl   112.970
| epoch   1 step    65600 |  65600 batches | lr 0.000205 | ms/batch 533.03 | loss  4.71 | ppl   111.244
| epoch   1 step    65800 |  65800 batches | lr 0.000206 | ms/batch 532.72 | loss  4.70 | ppl   110.345
| epoch   1 step    66000 |  66000 batches | lr 0.000206 | ms/batch 532.93 | loss  4.72 | ppl   112.334
| epoch   1 step    66200 |  66200 batches | lr 0.000207 | ms/batch 533.27 | loss  4.70 | ppl   110.383
| epoch   1 step    66400 |  66400 batches | lr 0.000208 | ms/batch 532.98 | loss  4.72 | ppl   111.891
| epoch   1 step    66600 |  66600 batches | lr 0.000208 | ms/batch 532.92 | loss  4.73 | ppl   113.133
| epoch   1 step    66800 |  66800 batches | lr 0.000209 | ms/batch 532.58 | loss  4.72 | ppl   111.812
| epoch   1 step    67000 |  67000 batches | lr 0.000209 | ms/batch 533.30 | loss  4.72 | ppl   111.842
| epoch   1 step    67200 |  67200 batches | lr 0.00021 | ms/batch 533.30 | loss  4.72 | ppl   111.980
| epoch   1 step    67400 |  67400 batches | lr 0.000211 | ms/batch 533.14 | loss  4.72 | ppl   112.286
| epoch   1 step    67600 |  67600 batches | lr 0.000211 | ms/batch 532.74 | loss  4.72 | ppl   112.389
| epoch   1 step    67800 |  67800 batches | lr 0.000212 | ms/batch 533.13 | loss  4.73 | ppl   113.530
| epoch   1 step    68000 |  68000 batches | lr 0.000212 | ms/batch 532.84 | loss  4.73 | ppl   112.886
----------------------------------------------------------------------------------------------------
| Eval  17 at step    68000 | time: 3488.44s | valid loss  4.97 | valid ppl   144.086
----------------------------------------------------------------------------------------------------
| epoch   1 step    68200 |  68200 batches | lr 0.000213 | ms/batch 7317.31 | loss  4.73 | ppl   113.523
| epoch   1 step    68400 |  68400 batches | lr 0.000214 | ms/batch 533.83 | loss  4.74 | ppl   114.550
| epoch   1 step    68600 |  68600 batches | lr 0.000214 | ms/batch 533.22 | loss  4.73 | ppl   113.352
| epoch   1 step    68800 |  68800 batches | lr 0.000215 | ms/batch 533.49 | loss  4.73 | ppl   113.307
| epoch   1 step    69000 |  69000 batches | lr 0.000216 | ms/batch 533.33 | loss  4.73 | ppl   113.689
| epoch   1 step    69200 |  69200 batches | lr 0.000216 | ms/batch 532.93 | loss  4.74 | ppl   114.420
| epoch   1 step    69400 |  69400 batches | lr 0.000217 | ms/batch 533.35 | loss  4.74 | ppl   114.323
| epoch   1 step    69600 |  69600 batches | lr 0.000218 | ms/batch 533.10 | loss  4.75 | ppl   115.090
| epoch   1 step    69800 |  69800 batches | lr 0.000218 | ms/batch 533.12 | loss  4.75 | ppl   115.213
| epoch   1 step    70000 |  70000 batches | lr 0.000219 | ms/batch 533.11 | loss  4.74 | ppl   114.167
| epoch   1 step    70200 |  70200 batches | lr 0.000219 | ms/batch 533.31 | loss  4.75 | ppl   115.772
| epoch   1 step    70400 |  70400 batches | lr 0.00022 | ms/batch 533.49 | loss  4.74 | ppl   114.987
| epoch   1 step    70600 |  70600 batches | lr 0.000221 | ms/batch 533.24 | loss  4.75 | ppl   115.535
| epoch   1 step    70800 |  70800 batches | lr 0.000221 | ms/batch 533.36 | loss  4.76 | ppl   116.945
| epoch   1 step    71000 |  71000 batches | lr 0.000222 | ms/batch 532.89 | loss  4.75 | ppl   115.582
| epoch   1 step    71200 |  71200 batches | lr 0.000223 | ms/batch 533.17 | loss  4.75 | ppl   115.926
| epoch   1 step    71400 |  71400 batches | lr 0.000223 | ms/batch 531.97 | loss  4.76 | ppl   116.543
| epoch   1 step    71600 |  71600 batches | lr 0.000224 | ms/batch 533.44 | loss  4.76 | ppl   117.286
| epoch   1 step    71800 |  71800 batches | lr 0.000224 | ms/batch 533.38 | loss  4.76 | ppl   116.674
| epoch   1 step    72000 |  72000 batches | lr 0.000225 | ms/batch 533.21 | loss  4.77 | ppl   117.804
----------------------------------------------------------------------------------------------------
| Eval  18 at step    72000 | time: 3490.64s | valid loss  5.00 | valid ppl   148.458
----------------------------------------------------------------------------------------------------
| epoch   1 step    72200 |  72200 batches | lr 0.000226 | ms/batch 7316.03 | loss  4.76 | ppl   116.833
| epoch   1 step    72400 |  72400 batches | lr 0.000226 | ms/batch 529.57 | loss  4.77 | ppl   118.033
| epoch   1 step    72600 |  72600 batches | lr 0.000227 | ms/batch 529.84 | loss  4.77 | ppl   118.462
| epoch   1 step    72800 |  72800 batches | lr 0.000228 | ms/batch 528.82 | loss  4.77 | ppl   117.693
| epoch   1 step    73000 |  73000 batches | lr 0.000228 | ms/batch 528.44 | loss  4.78 | ppl   119.479
| epoch   1 step    73200 |  73200 batches | lr 0.000229 | ms/batch 531.88 | loss  4.77 | ppl   118.469
| epoch   1 step    73400 |  73400 batches | lr 0.000229 | ms/batch 531.61 | loss  4.78 | ppl   119.115
| epoch   1 step    73600 |  73600 batches | lr 0.00023 | ms/batch 528.38 | loss  4.79 | ppl   120.111
| epoch   1 step    73800 |  73800 batches | lr 0.000231 | ms/batch 528.26 | loss  4.79 | ppl   120.550
| epoch   1 step    74000 |  74000 batches | lr 0.000231 | ms/batch 528.33 | loss  4.80 | ppl   121.697
| epoch   1 step    74200 |  74200 batches | lr 0.000232 | ms/batch 528.15 | loss  4.81 | ppl   122.772
| epoch   1 step    74400 |  74400 batches | lr 0.000233 | ms/batch 528.10 | loss  4.80 | ppl   121.982
| epoch   1 step    74600 |  74600 batches | lr 0.000233 | ms/batch 528.11 | loss  4.80 | ppl   122.052
| epoch   1 step    74800 |  74800 batches | lr 0.000234 | ms/batch 528.11 | loss  4.80 | ppl   121.090
| epoch   1 step    75000 |  75000 batches | lr 0.000234 | ms/batch 528.30 | loss  4.80 | ppl   121.982
| epoch   1 step    75200 |  75200 batches | lr 0.000235 | ms/batch 528.32 | loss  4.82 | ppl   124.547
| epoch   1 step    75400 |  75400 batches | lr 0.000236 | ms/batch 527.95 | loss  4.81 | ppl   122.781
| epoch   1 step    75600 |  75600 batches | lr 0.000236 | ms/batch 528.12 | loss  4.81 | ppl   123.252
| epoch   1 step    75800 |  75800 batches | lr 0.000237 | ms/batch 528.42 | loss  4.83 | ppl   125.468
| epoch   1 step    76000 |  76000 batches | lr 0.000237 | ms/batch 528.29 | loss  4.83 | ppl   124.771
----------------------------------------------------------------------------------------------------
| Eval  19 at step    76000 | time: 3472.40s | valid loss  5.06 | valid ppl   158.298
----------------------------------------------------------------------------------------------------
| epoch   1 step    76200 |  76200 batches | lr 0.000238 | ms/batch 7314.86 | loss  4.83 | ppl   124.875
| epoch   1 step    76400 |  76400 batches | lr 0.000239 | ms/batch 529.65 | loss  4.84 | ppl   126.713
| epoch   1 step    76600 |  76600 batches | lr 0.000239 | ms/batch 529.70 | loss  4.84 | ppl   126.506
| epoch   1 step    76800 |  76800 batches | lr 0.00024 | ms/batch 529.13 | loss  4.83 | ppl   124.878
| epoch   1 step    77000 |  77000 batches | lr 0.000241 | ms/batch 528.67 | loss  4.85 | ppl   128.033
| epoch   1 step    77200 |  77200 batches | lr 0.000241 | ms/batch 528.59 | loss  4.89 | ppl   132.913
| epoch   1 step    77400 |  77400 batches | lr 0.000242 | ms/batch 528.42 | loss  4.86 | ppl   128.970
| epoch   1 step    77600 |  77600 batches | lr 0.000243 | ms/batch 528.62 | loss  4.84 | ppl   127.019
| epoch   1 step    77800 |  77800 batches | lr 0.000243 | ms/batch 528.44 | loss  4.88 | ppl   131.425
| epoch   1 step    78000 |  78000 batches | lr 0.000244 | ms/batch 526.97 | loss  7.18 | ppl  1309.051
| epoch   1 step    78200 |  78200 batches | lr 0.000244 | ms/batch 527.80 | loss  5.87 | ppl   354.570
| epoch   1 step    78400 |  78400 batches | lr 0.000245 | ms/batch 528.54 | loss  4.95 | ppl   140.878
| epoch   1 step    78600 |  78600 batches | lr 0.000246 | ms/batch 527.76 | loss  6.20 | ppl   493.576
| epoch   1 step    78800 |  78800 batches | lr 0.000246 | ms/batch 526.44 | loss  8.33 | ppl  4130.407
| epoch   1 step    79000 |  79000 batches | lr 0.000247 | ms/batch 526.20 | loss  8.31 | ppl  4075.895
| epoch   1 step    79200 |  79200 batches | lr 0.000247 | ms/batch 526.23 | loss  8.31 | ppl  4056.099
| epoch   1 step    79400 |  79400 batches | lr 0.000248 | ms/batch 526.24 | loss  8.30 | ppl  4025.623
| epoch   1 step    79600 |  79600 batches | lr 0.000249 | ms/batch 525.58 | loss  8.30 | ppl  4032.234
| epoch   1 step    79800 |  79800 batches | lr 0.000249 | ms/batch 525.18 | loss  8.30 | ppl  4038.383
| epoch   1 step    80000 |  80000 batches | lr 0.000247 | ms/batch 524.21 | loss  8.30 | ppl  4013.366
----------------------------------------------------------------------------------------------------
| Eval  20 at step    80000 | time: 3468.27s | valid loss  8.27 | valid ppl  3920.018
----------------------------------------------------------------------------------------------------
| epoch   1 step    80200 |  80200 batches | lr 0.000247 | ms/batch 7313.85 | loss  8.29 | ppl  3987.381
| epoch   1 step    80400 |  80400 batches | lr 0.000247 | ms/batch 524.60 | loss  8.30 | ppl  4004.042
| epoch   1 step    80600 |  80600 batches | lr 0.000247 | ms/batch 524.10 | loss  8.30 | ppl  4017.051
| epoch   1 step    80800 |  80800 batches | lr 0.000247 | ms/batch 523.98 | loss  8.29 | ppl  3997.105
| epoch   1 step    81000 |  81000 batches | lr 0.000247 | ms/batch 523.62 | loss  8.30 | ppl  4013.509
| epoch   1 step    81200 |  81200 batches | lr 0.000247 | ms/batch 523.57 | loss  8.29 | ppl  4000.028
| epoch   1 step    81400 |  81400 batches | lr 0.000247 | ms/batch 522.93 | loss  8.29 | ppl  3987.719
| epoch   1 step    81600 |  81600 batches | lr 0.000247 | ms/batch 523.08 | loss  8.29 | ppl  3986.151
| epoch   1 step    81800 |  81800 batches | lr 0.000247 | ms/batch 522.88 | loss  8.29 | ppl  3988.050
| epoch   1 step    82000 |  82000 batches | lr 0.000247 | ms/batch 522.73 | loss  8.29 | ppl  3981.309
| epoch   1 step    82200 |  82200 batches | lr 0.000247 | ms/batch 523.28 | loss  8.29 | ppl  3966.458
| epoch   1 step    82400 |  82400 batches | lr 0.000247 | ms/batch 523.18 | loss  8.29 | ppl  3975.010
| epoch   1 step    82600 |  82600 batches | lr 0.000247 | ms/batch 523.12 | loss  8.29 | ppl  3971.643
| epoch   1 step    82800 |  82800 batches | lr 0.000247 | ms/batch 523.80 | loss  8.29 | ppl  3975.468
| epoch   1 step    83000 |  83000 batches | lr 0.000247 | ms/batch 523.47 | loss  8.29 | ppl  3973.062
| epoch   1 step    83200 |  83200 batches | lr 0.000247 | ms/batch 526.94 | loss  8.29 | ppl  3995.693
| epoch   1 step    83400 |  83400 batches | lr 0.000247 | ms/batch 527.57 | loss  8.29 | ppl  3972.466
| epoch   1 step    83600 |  83600 batches | lr 0.000247 | ms/batch 527.48 | loss  8.28 | ppl  3960.229
| epoch   1 step    83800 |  83800 batches | lr 0.000247 | ms/batch 525.32 | loss  8.29 | ppl  3992.530
| epoch   1 step    84000 |  84000 batches | lr 0.000247 | ms/batch 524.66 | loss  8.30 | ppl  4011.002
----------------------------------------------------------------------------------------------------
| Eval  21 at step    84000 | time: 3456.03s | valid loss  8.27 | valid ppl  3891.621
----------------------------------------------------------------------------------------------------
| epoch   1 step    84200 |  84200 batches | lr 0.000247 | ms/batch 7319.52 | loss  8.29 | ppl  3970.732
| epoch   1 step    84400 |  84400 batches | lr 0.000247 | ms/batch 522.43 | loss  8.29 | ppl  3973.245
| epoch   1 step    84600 |  84600 batches | lr 0.000247 | ms/batch 522.97 | loss  8.29 | ppl  3979.596
| epoch   1 step    84800 |  84800 batches | lr 0.000247 | ms/batch 522.72 | loss  8.29 | ppl  3973.640
| epoch   1 step    85000 |  85000 batches | lr 0.000247 | ms/batch 522.73 | loss  8.29 | ppl  3982.693
| epoch   1 step    85200 |  85200 batches | lr 0.000247 | ms/batch 522.49 | loss  8.29 | ppl  3970.626
| epoch   1 step    85400 |  85400 batches | lr 0.000247 | ms/batch 522.99 | loss  8.29 | ppl  3970.999
| epoch   1 step    85600 |  85600 batches | lr 0.000247 | ms/batch 522.95 | loss  8.29 | ppl  3972.016
| epoch   1 step    85800 |  85800 batches | lr 0.000247 | ms/batch 522.56 | loss  8.29 | ppl  3971.689
| epoch   1 step    86000 |  86000 batches | lr 0.000247 | ms/batch 522.57 | loss  8.29 | ppl  3973.079
| epoch   1 step    86200 |  86200 batches | lr 0.000247 | ms/batch 522.26 | loss  8.28 | ppl  3963.510
| epoch   1 step    86400 |  86400 batches | lr 0.000247 | ms/batch 522.51 | loss  8.28 | ppl  3952.555
| epoch   1 step    86600 |  86600 batches | lr 0.000247 | ms/batch 522.56 | loss  8.29 | ppl  3968.478
| epoch   1 step    86800 |  86800 batches | lr 0.000247 | ms/batch 522.61 | loss  8.28 | ppl  3953.347
| epoch   1 step    87000 |  87000 batches | lr 0.000247 | ms/batch 522.44 | loss  8.29 | ppl  3970.455
| epoch   1 step    87200 |  87200 batches | lr 0.000247 | ms/batch 522.54 | loss  8.29 | ppl  3971.005
| epoch   1 step    87400 |  87400 batches | lr 0.000247 | ms/batch 522.68 | loss  8.28 | ppl  3956.405
| epoch   1 step    87600 |  87600 batches | lr 0.000247 | ms/batch 522.50 | loss  8.29 | ppl  3978.816
| epoch   1 step    87800 |  87800 batches | lr 0.000247 | ms/batch 522.48 | loss  8.28 | ppl  3939.569
| epoch   1 step    88000 |  88000 batches | lr 0.000247 | ms/batch 522.85 | loss  8.29 | ppl  3975.391
----------------------------------------------------------------------------------------------------
| Eval  22 at step    88000 | time: 3450.04s | valid loss  8.27 | valid ppl  3888.193
----------------------------------------------------------------------------------------------------
| epoch   1 step    88200 |  88200 batches | lr 0.000247 | ms/batch 7319.31 | loss  8.28 | ppl  3955.539
| epoch   1 step    88400 |  88400 batches | lr 0.000247 | ms/batch 522.63 | loss  8.28 | ppl  3959.247
| epoch   1 step    88600 |  88600 batches | lr 0.000247 | ms/batch 522.59 | loss  8.29 | ppl  3983.525
| epoch   1 step    88800 |  88800 batches | lr 0.000247 | ms/batch 522.81 | loss  8.29 | ppl  3964.296
| epoch   1 step    89000 |  89000 batches | lr 0.000247 | ms/batch 522.60 | loss  8.28 | ppl  3952.662
| epoch   1 step    89200 |  89200 batches | lr 0.000247 | ms/batch 522.72 | loss  8.28 | ppl  3956.005
| epoch   1 step    89400 |  89400 batches | lr 0.000247 | ms/batch 522.73 | loss  8.29 | ppl  3974.503
| epoch   1 step    89600 |  89600 batches | lr 0.000247 | ms/batch 522.57 | loss  8.29 | ppl  3980.803
| epoch   1 step    89800 |  89800 batches | lr 0.000247 | ms/batch 522.58 | loss  8.28 | ppl  3952.066
| epoch   1 step    90000 |  90000 batches | lr 0.000247 | ms/batch 525.60 | loss  8.28 | ppl  3961.438
| epoch   1 step    90200 |  90200 batches | lr 0.000247 | ms/batch 526.47 | loss  8.28 | ppl  3949.331
| epoch   1 step    90400 |  90400 batches | lr 0.000247 | ms/batch 524.18 | loss  8.29 | ppl  3970.358
| epoch   1 step    90600 |  90600 batches | lr 0.000247 | ms/batch 522.55 | loss  8.28 | ppl  3949.072
| epoch   1 step    90800 |  90800 batches | lr 0.000246 | ms/batch 522.51 | loss  8.29 | ppl  3964.167
| epoch   1 step    91000 |  91000 batches | lr 0.000246 | ms/batch 522.63 | loss  8.29 | ppl  3978.186
| epoch   1 step    91200 |  91200 batches | lr 0.000246 | ms/batch 522.51 | loss  8.28 | ppl  3960.455
| epoch   1 step    91400 |  91400 batches | lr 0.000246 | ms/batch 522.31 | loss  8.28 | ppl  3959.691
| epoch   1 step    91600 |  91600 batches | lr 0.000246 | ms/batch 522.49 | loss  8.29 | ppl  3973.518
| epoch   1 step    91800 |  91800 batches | lr 0.000246 | ms/batch 522.42 | loss  8.28 | ppl  3958.924
| epoch   1 step    92000 |  92000 batches | lr 0.000246 | ms/batch 522.42 | loss  8.28 | ppl  3961.722
----------------------------------------------------------------------------------------------------
| Eval  23 at step    92000 | time: 3450.22s | valid loss  8.27 | valid ppl  3889.257
----------------------------------------------------------------------------------------------------
| epoch   1 step    92200 |  92200 batches | lr 0.000246 | ms/batch 7313.92 | loss  8.29 | ppl  3967.495
| epoch   1 step    92400 |  92400 batches | lr 0.000246 | ms/batch 522.39 | loss  8.28 | ppl  3951.030
| epoch   1 step    92600 |  92600 batches | lr 0.000246 | ms/batch 522.51 | loss  8.28 | ppl  3962.467
| epoch   1 step    92800 |  92800 batches | lr 0.000246 | ms/batch 522.63 | loss  8.29 | ppl  3969.626
| epoch   1 step    93000 |  93000 batches | lr 0.000246 | ms/batch 522.51 | loss  8.29 | ppl  3971.627
| epoch   1 step    93200 |  93200 batches | lr 0.000246 | ms/batch 526.34 | loss  8.29 | ppl  3971.692
| epoch   1 step    93400 |  93400 batches | lr 0.000246 | ms/batch 526.94 | loss  8.28 | ppl  3956.840
| epoch   1 step    93600 |  93600 batches | lr 0.000246 | ms/batch 526.99 | loss  8.29 | ppl  3967.278
| epoch   1 step    93800 |  93800 batches | lr 0.000246 | ms/batch 526.98 | loss  8.28 | ppl  3954.526
| epoch   1 step    94000 |  94000 batches | lr 0.000246 | ms/batch 526.80 | loss  8.28 | ppl  3952.649
| epoch   1 step    94200 |  94200 batches | lr 0.000246 | ms/batch 527.07 | loss  8.28 | ppl  3956.525
| epoch   1 step    94400 |  94400 batches | lr 0.000246 | ms/batch 526.70 | loss  8.28 | ppl  3950.945
| epoch   1 step    94600 |  94600 batches | lr 0.000246 | ms/batch 527.17 | loss  8.28 | ppl  3942.768
| epoch   1 step    94800 |  94800 batches | lr 0.000246 | ms/batch 527.06 | loss  8.28 | ppl  3947.356
| epoch   1 step    95000 |  95000 batches | lr 0.000246 | ms/batch 526.97 | loss  8.28 | ppl  3948.626
| epoch   1 step    95200 |  95200 batches | lr 0.000246 | ms/batch 526.49 | loss  8.28 | ppl  3944.982
| epoch   1 step    95400 |  95400 batches | lr 0.000246 | ms/batch 527.10 | loss  8.28 | ppl  3942.261
| epoch   1 step    95600 |  95600 batches | lr 0.000246 | ms/batch 526.87 | loss  8.29 | ppl  3981.699
| epoch   1 step    95800 |  95800 batches | lr 0.000246 | ms/batch 527.02 | loss  8.28 | ppl  3955.099
| epoch   1 step    96000 |  96000 batches | lr 0.000246 | ms/batch 526.97 | loss  8.28 | ppl  3948.527
----------------------------------------------------------------------------------------------------
| Eval  24 at step    96000 | time: 3463.75s | valid loss  8.26 | valid ppl  3884.849
----------------------------------------------------------------------------------------------------
| epoch   1 step    96200 |  96200 batches | lr 0.000246 | ms/batch 7330.32 | loss  8.29 | ppl  3980.734
| epoch   1 step    96400 |  96400 batches | lr 0.000246 | ms/batch 528.37 | loss  8.28 | ppl  3950.631
| epoch   1 step    96600 |  96600 batches | lr 0.000246 | ms/batch 527.18 | loss  8.28 | ppl  3950.243
| epoch   1 step    96800 |  96800 batches | lr 0.000246 | ms/batch 527.33 | loss  8.28 | ppl  3948.969
| epoch   1 step    97000 |  97000 batches | lr 0.000246 | ms/batch 527.22 | loss  8.29 | ppl  3981.839
| epoch   1 step    97200 |  97200 batches | lr 0.000246 | ms/batch 526.79 | loss  8.28 | ppl  3958.747
| epoch   1 step    97400 |  97400 batches | lr 0.000246 | ms/batch 526.66 | loss  8.28 | ppl  3950.174
| epoch   1 step    97600 |  97600 batches | lr 0.000246 | ms/batch 527.08 | loss  8.28 | ppl  3943.245
| epoch   1 step    97800 |  97800 batches | lr 0.000246 | ms/batch 526.55 | loss  8.29 | ppl  3964.803
| epoch   1 step    98000 |  98000 batches | lr 0.000246 | ms/batch 526.58 | loss  8.28 | ppl  3961.114
| epoch   1 step    98200 |  98200 batches | lr 0.000246 | ms/batch 526.77 | loss  8.28 | ppl  3951.813
| epoch   1 step    98400 |  98400 batches | lr 0.000246 | ms/batch 526.68 | loss  8.28 | ppl  3939.039
| epoch   1 step    98600 |  98600 batches | lr 0.000246 | ms/batch 527.05 | loss  8.28 | ppl  3957.682
| epoch   1 step    98800 |  98800 batches | lr 0.000246 | ms/batch 527.15 | loss  8.28 | ppl  3962.567
| epoch   1 step    99000 |  99000 batches | lr 0.000246 | ms/batch 526.79 | loss  8.29 | ppl  3964.449
| epoch   1 step    99200 |  99200 batches | lr 0.000246 | ms/batch 527.17 | loss  8.28 | ppl  3948.792
| epoch   1 step    99400 |  99400 batches | lr 0.000246 | ms/batch 526.86 | loss  8.28 | ppl  3961.641
| epoch   1 step    99600 |  99600 batches | lr 0.000246 | ms/batch 526.85 | loss  8.28 | ppl  3959.193
| epoch   1 step    99800 |  99800 batches | lr 0.000246 | ms/batch 526.96 | loss  8.28 | ppl  3954.235
| epoch   1 step   100000 | 100000 batches | lr 0.000246 | ms/batch 527.23 | loss  8.28 | ppl  3934.616
----------------------------------------------------------------------------------------------------
| Eval  25 at step   100000 | time: 3466.80s | valid loss  8.27 | valid ppl  3886.358
----------------------------------------------------------------------------------------------------
| epoch   1 step   100200 | 100200 batches | lr 0.000246 | ms/batch 7318.69 | loss  8.28 | ppl  3945.642
| epoch   1 step   100400 | 100400 batches | lr 0.000246 | ms/batch 527.26 | loss  8.28 | ppl  3939.216
| epoch   1 step   100600 | 100600 batches | lr 0.000246 | ms/batch 527.67 | loss  8.28 | ppl  3945.441
| epoch   1 step   100800 | 100800 batches | lr 0.000246 | ms/batch 528.02 | loss  8.28 | ppl  3959.578
| epoch   1 step   101000 | 101000 batches | lr 0.000246 | ms/batch 527.59 | loss  8.29 | ppl  3971.175
| epoch   1 step   101200 | 101200 batches | lr 0.000246 | ms/batch 527.37 | loss  8.28 | ppl  3962.825
| epoch   1 step   101400 | 101400 batches | lr 0.000246 | ms/batch 526.70 | loss  8.28 | ppl  3953.608
| epoch   1 step   101600 | 101600 batches | lr 0.000246 | ms/batch 526.97 | loss  8.28 | ppl  3946.631
| epoch   1 step   101800 | 101800 batches | lr 0.000246 | ms/batch 526.88 | loss  8.28 | ppl  3961.865
| epoch   1 step   102000 | 102000 batches | lr 0.000246 | ms/batch 527.40 | loss  8.28 | ppl  3960.895
| epoch   1 step   102200 | 102200 batches | lr 0.000246 | ms/batch 526.83 | loss  8.28 | ppl  3943.784
| epoch   1 step   102400 | 102400 batches | lr 0.000246 | ms/batch 527.03 | loss  8.28 | ppl  3954.564
| epoch   1 step   102600 | 102600 batches | lr 0.000246 | ms/batch 527.08 | loss  8.28 | ppl  3949.901
| epoch   1 step   102800 | 102800 batches | lr 0.000246 | ms/batch 526.97 | loss  8.28 | ppl  3951.882
| epoch   1 step   103000 | 103000 batches | lr 0.000245 | ms/batch 527.22 | loss  8.28 | ppl  3928.189
| epoch   1 step   103200 | 103200 batches | lr 0.000245 | ms/batch 526.68 | loss  8.29 | ppl  3965.988
| epoch   1 step   103400 | 103400 batches | lr 0.000245 | ms/batch 527.17 | loss  8.28 | ppl  3955.790
| epoch   1 step   103600 | 103600 batches | lr 0.000245 | ms/batch 527.05 | loss  8.28 | ppl  3950.146
| epoch   1 step   103800 | 103800 batches | lr 0.000245 | ms/batch 526.97 | loss  8.28 | ppl  3931.500
| epoch   1 step   104000 | 104000 batches | lr 0.000245 | ms/batch 526.53 | loss  8.28 | ppl  3946.845
----------------------------------------------------------------------------------------------------
| Eval  26 at step   104000 | time: 3467.93s | valid loss  8.26 | valid ppl  3880.344
----------------------------------------------------------------------------------------------------
| epoch   1 step   104200 | 104200 batches | lr 0.000245 | ms/batch 7324.34 | loss  8.28 | ppl  3953.906
| epoch   1 step   104400 | 104400 batches | lr 0.000245 | ms/batch 527.30 | loss  8.28 | ppl  3947.870
| epoch   1 step   104600 | 104600 batches | lr 0.000245 | ms/batch 527.06 | loss  8.28 | ppl  3949.830
| epoch   1 step   104800 | 104800 batches | lr 0.000245 | ms/batch 527.24 | loss  8.28 | ppl  3944.246
| epoch   1 step   105000 | 105000 batches | lr 0.000245 | ms/batch 527.21 | loss  8.28 | ppl  3933.850
| epoch   1 step   105200 | 105200 batches | lr 0.000245 | ms/batch 527.12 | loss  8.28 | ppl  3939.117
| epoch   1 step   105400 | 105400 batches | lr 0.000245 | ms/batch 527.24 | loss  8.28 | ppl  3960.348
| epoch   1 step   105600 | 105600 batches | lr 0.000245 | ms/batch 526.70 | loss  8.28 | ppl  3941.918
| epoch   1 step   105800 | 105800 batches | lr 0.000245 | ms/batch 526.93 | loss  8.28 | ppl  3957.058
| epoch   1 step   106000 | 106000 batches | lr 0.000245 | ms/batch 527.09 | loss  8.28 | ppl  3942.571
| epoch   1 step   106200 | 106200 batches | lr 0.000245 | ms/batch 527.06 | loss  8.28 | ppl  3933.593
| epoch   1 step   106400 | 106400 batches | lr 0.000245 | ms/batch 526.94 | loss  8.28 | ppl  3956.741
| epoch   1 step   106600 | 106600 batches | lr 0.000245 | ms/batch 526.97 | loss  8.29 | ppl  3965.146
| epoch   1 step   106800 | 106800 batches | lr 0.000245 | ms/batch 526.93 | loss  8.28 | ppl  3943.928
| epoch   1 step   107000 | 107000 batches | lr 0.000245 | ms/batch 526.92 | loss  8.29 | ppl  3967.546
| epoch   1 step   107200 | 107200 batches | lr 0.000245 | ms/batch 527.13 | loss  8.28 | ppl  3941.880
| epoch   1 step   107400 | 107400 batches | lr 0.000245 | ms/batch 527.02 | loss  8.28 | ppl  3942.495
| epoch   1 step   107600 | 107600 batches | lr 0.000245 | ms/batch 526.81 | loss  8.28 | ppl  3943.386
| epoch   2 step   107800 |    116 batches | lr 0.000245 | ms/batch 528.68 | loss  8.28 | ppl  3932.029
| epoch   2 step   108000 |    316 batches | lr 0.000245 | ms/batch 526.69 | loss  8.28 | ppl  3951.284
----------------------------------------------------------------------------------------------------
| Eval  27 at step   108000 | time: 3468.68s | valid loss  8.26 | valid ppl  3882.550
srun: Job step aborted: Waiting up to 32 seconds for job step to finish.
slurmstepd: error: *** STEP 44189385.0 ON gpu33 CANCELLED AT 2019-08-13T16:20:12 ***
slurmstepd: error: *** JOB 44189385 ON gpu33 CANCELLED AT 2019-08-13T16:20:12 ***
Job has already finished for job 44189385
Job has already finished for job 44189385
