Run training...
Experiment dir : /m/triton/scratch/elec/puhe/p/jaina5/transformer-xl/FinnishXL/-Ktrain/20191105-144751
Loading cached dataset...
====================================================================================================
    - data : /m/triton/scratch/elec/puhe/p/jaina5/transformer-xl/FinnishXL/data/kiel_data/
    - dataset : Ktrain
    - n_layer : 48
    - n_head : 8
    - d_head : 40
    - d_embed : 256
    - d_model : 256
    - d_inner : 1024
    - dropout : 0.05
    - dropatt : 0.05
    - init : normal
    - emb_init : normal
    - init_range : 0.1
    - emb_init_range : 0.01
    - init_std : 0.02
    - proj_init_std : 0.01
    - optim : adam
    - lr : 0.00025
    - mom : 0.0
    - scheduler : cosine
    - warmup_step : 0
    - decay_rate : 0.5
    - lr_min : 0.0
    - clip : 0.25
    - clip_nonemb : False
    - max_step : 1200000
    - batch_size : 512
    - batch_chunk : 4
    - tgt_len : 32
    - eval_tgt_len : 32
    - ext_len : 0
    - mem_len : 32
    - not_tied : False
    - seed : 1111
    - cuda : True
    - adaptive : False
    - div_val : 1
    - pre_lnorm : False
    - varlen : False
    - multi_gpu : False
    - log_interval : 200
    - eval_interval : 4000
    - work_dir : /m/triton/scratch/elec/puhe/p/jaina5/transformer-xl/FinnishXL/-Ktrain/20191105-144751
    - restart : True
    - restart_dir : /m/triton/scratch/elec/puhe/p/jaina5/transformer-xl/FinnishXL/-Ktrain/20191028-093033
    - debug : False
    - same_length : False
    - attn_type : 0
    - clamp_len : -1
    - eta_min : 0.0
    - gpu0_bsz : -1
    - max_eval_steps : -1
    - sample_softmax : -1
    - patience : 0
    - finetune_v2 : False
    - finetune_v3 : False
    - fp16 : False
    - static_loss_scale : 1
    - dynamic_loss_scale : False
    - tied : True
    - n_token : 34519
    - n_all_param : 53809239
    - n_nonemb_param : 44937216
====================================================================================================
#params = 53809239
#non emb params = 44937216
| epoch   1 step  1100200 |    200 batches | lr 4.25e-06 | ms/batch 1427.54 | loss  3.77 | ppl    43.247
| epoch   1 step  1100400 |    400 batches | lr 4.24e-06 | ms/batch 1426.74 | loss  3.77 | ppl    43.435
| epoch   1 step  1100600 |    600 batches | lr 4.22e-06 | ms/batch 1425.71 | loss  3.77 | ppl    43.510
| epoch   1 step  1100800 |    800 batches | lr 4.2e-06 | ms/batch 1426.51 | loss  3.77 | ppl    43.347
| epoch   1 step  1101000 |   1000 batches | lr 4.19e-06 | ms/batch 1426.29 | loss  3.77 | ppl    43.549
| epoch   1 step  1101200 |   1200 batches | lr 4.17e-06 | ms/batch 1425.72 | loss  3.77 | ppl    43.319
| epoch   1 step  1101400 |   1400 batches | lr 4.15e-06 | ms/batch 1426.72 | loss  3.77 | ppl    43.479
| epoch   1 step  1101600 |   1600 batches | lr 4.14e-06 | ms/batch 1426.34 | loss  3.78 | ppl    43.644
| epoch   1 step  1101800 |   1800 batches | lr 4.12e-06 | ms/batch 1428.17 | loss  3.78 | ppl    43.620
| epoch   1 step  1102000 |   2000 batches | lr 4.1e-06 | ms/batch 1426.94 | loss  3.78 | ppl    43.635
| epoch   1 step  1102200 |   2200 batches | lr 4.09e-06 | ms/batch 1426.44 | loss  3.77 | ppl    43.438
| epoch   1 step  1102400 |   2400 batches | lr 4.07e-06 | ms/batch 1426.27 | loss  3.78 | ppl    43.645
| epoch   1 step  1102600 |   2600 batches | lr 4.05e-06 | ms/batch 1427.02 | loss  3.78 | ppl    43.832
| epoch   1 step  1102800 |   2800 batches | lr 4.04e-06 | ms/batch 1425.79 | loss  3.78 | ppl    43.638
| epoch   1 step  1103000 |   3000 batches | lr 4.02e-06 | ms/batch 1425.90 | loss  3.77 | ppl    43.496
| epoch   1 step  1103200 |   3200 batches | lr 4e-06 | ms/batch 1425.71 | loss  3.78 | ppl    43.681
| epoch   1 step  1103400 |   3400 batches | lr 3.99e-06 | ms/batch 1425.41 | loss  3.78 | ppl    43.762
| epoch   1 step  1103600 |   3600 batches | lr 3.97e-06 | ms/batch 1425.50 | loss  3.77 | ppl    43.435
| epoch   1 step  1103800 |   3800 batches | lr 3.95e-06 | ms/batch 1426.06 | loss  3.78 | ppl    43.636
| epoch   1 step  1104000 |   4000 batches | lr 3.94e-06 | ms/batch 1425.48 | loss  3.77 | ppl    43.521
----------------------------------------------------------------------------------------------------
| Eval 276 at step  1104000 | time: 6088.23s | valid loss  3.77 | valid ppl    43.179
----------------------------------------------------------------------------------------------------
| epoch   1 step  1104200 |   4200 batches | lr 3.92e-06 | ms/batch 3350.45 | loss  3.77 | ppl    43.417
| epoch   1 step  1104400 |   4400 batches | lr 3.91e-06 | ms/batch 1428.24 | loss  3.78 | ppl    43.682
| epoch   1 step  1104600 |   4600 batches | lr 3.89e-06 | ms/batch 1427.63 | loss  3.78 | ppl    43.813
| epoch   1 step  1104800 |   4800 batches | lr 3.87e-06 | ms/batch 1427.54 | loss  3.77 | ppl    43.572
| epoch   1 step  1105000 |   5000 batches | lr 3.86e-06 | ms/batch 1427.12 | loss  3.77 | ppl    43.402
| epoch   1 step  1105200 |   5200 batches | lr 3.84e-06 | ms/batch 1427.02 | loss  3.77 | ppl    43.450
| epoch   1 step  1105400 |   5400 batches | lr 3.82e-06 | ms/batch 1426.78 | loss  3.77 | ppl    43.459
| epoch   1 step  1105600 |   5600 batches | lr 3.81e-06 | ms/batch 1426.92 | loss  3.77 | ppl    43.547
| epoch   1 step  1105800 |   5800 batches | lr 3.79e-06 | ms/batch 1426.51 | loss  3.77 | ppl    43.467
| epoch   1 step  1106000 |   6000 batches | lr 3.78e-06 | ms/batch 1426.78 | loss  3.78 | ppl    43.655
| epoch   1 step  1106200 |   6200 batches | lr 3.76e-06 | ms/batch 1425.85 | loss  3.78 | ppl    43.622
| epoch   1 step  1106400 |   6400 batches | lr 3.74e-06 | ms/batch 1426.51 | loss  3.77 | ppl    43.416
| epoch   1 step  1106600 |   6600 batches | lr 3.73e-06 | ms/batch 1427.30 | loss  3.78 | ppl    43.690
| epoch   1 step  1106800 |   6800 batches | lr 3.71e-06 | ms/batch 1427.68 | loss  3.78 | ppl    43.679
| epoch   1 step  1107000 |   7000 batches | lr 3.7e-06 | ms/batch 1426.53 | loss  3.77 | ppl    43.486
| epoch   1 step  1107200 |   7200 batches | lr 3.68e-06 | ms/batch 1427.55 | loss  3.77 | ppl    43.295
| epoch   1 step  1107400 |   7400 batches | lr 3.67e-06 | ms/batch 1426.66 | loss  3.77 | ppl    43.504
| epoch   1 step  1107600 |   7600 batches | lr 3.65e-06 | ms/batch 1427.52 | loss  3.78 | ppl    43.647
| epoch   1 step  1107800 |   7800 batches | lr 3.63e-06 | ms/batch 1427.37 | loss  3.77 | ppl    43.523
| epoch   1 step  1108000 |   8000 batches | lr 3.62e-06 | ms/batch 1426.45 | loss  3.77 | ppl    43.488
----------------------------------------------------------------------------------------------------
| Eval 277 at step  1108000 | time: 6092.39s | valid loss  3.77 | valid ppl    43.166
----------------------------------------------------------------------------------------------------
| epoch   1 step  1108200 |   8200 batches | lr 3.6e-06 | ms/batch 3359.07 | loss  3.77 | ppl    43.593
| epoch   1 step  1108400 |   8400 batches | lr 3.59e-06 | ms/batch 1428.23 | loss  3.78 | ppl    43.672
| epoch   1 step  1108600 |   8600 batches | lr 3.57e-06 | ms/batch 1427.63 | loss  3.77 | ppl    43.518
| epoch   1 step  1108800 |   8800 batches | lr 3.56e-06 | ms/batch 1426.48 | loss  3.77 | ppl    43.346
| epoch   1 step  1109000 |   9000 batches | lr 3.54e-06 | ms/batch 1427.01 | loss  3.77 | ppl    43.263
| epoch   1 step  1109200 |   9200 batches | lr 3.52e-06 | ms/batch 1426.97 | loss  3.78 | ppl    43.638
| epoch   1 step  1109400 |   9400 batches | lr 3.51e-06 | ms/batch 1426.70 | loss  3.78 | ppl    43.707
| epoch   1 step  1109600 |   9600 batches | lr 3.49e-06 | ms/batch 1427.06 | loss  3.77 | ppl    43.548
| epoch   1 step  1109800 |   9800 batches | lr 3.48e-06 | ms/batch 1427.41 | loss  3.78 | ppl    43.606
| epoch   1 step  1110000 |  10000 batches | lr 3.46e-06 | ms/batch 1426.81 | loss  3.77 | ppl    43.479
| epoch   1 step  1110200 |  10200 batches | lr 3.45e-06 | ms/batch 1426.98 | loss  3.77 | ppl    43.589
| epoch   1 step  1110400 |  10400 batches | lr 3.43e-06 | ms/batch 1426.96 | loss  3.78 | ppl    43.631
| epoch   1 step  1110600 |  10600 batches | lr 3.42e-06 | ms/batch 1426.59 | loss  3.77 | ppl    43.554
| epoch   1 step  1110800 |  10800 batches | lr 3.4e-06 | ms/batch 1427.30 | loss  3.77 | ppl    43.546
| epoch   1 step  1111000 |  11000 batches | lr 3.39e-06 | ms/batch 1427.00 | loss  3.78 | ppl    43.954
| epoch   1 step  1111200 |  11200 batches | lr 3.37e-06 | ms/batch 1426.88 | loss  3.77 | ppl    43.376
| epoch   1 step  1111400 |  11400 batches | lr 3.36e-06 | ms/batch 1427.69 | loss  3.78 | ppl    43.748
| epoch   1 step  1111600 |  11600 batches | lr 3.34e-06 | ms/batch 1427.02 | loss  3.77 | ppl    43.367
| epoch   1 step  1111800 |  11800 batches | lr 3.33e-06 | ms/batch 1426.40 | loss  3.77 | ppl    43.480
| epoch   1 step  1112000 |  12000 batches | lr 3.31e-06 | ms/batch 1427.03 | loss  3.78 | ppl    43.660
----------------------------------------------------------------------------------------------------
| Eval 278 at step  1112000 | time: 6091.32s | valid loss  3.77 | valid ppl    43.164
----------------------------------------------------------------------------------------------------
| epoch   1 step  1112200 |  12200 batches | lr 3.3e-06 | ms/batch 3353.39 | loss  3.78 | ppl    43.602
| epoch   1 step  1112400 |  12400 batches | lr 3.28e-06 | ms/batch 1428.43 | loss  3.78 | ppl    43.705
| epoch   1 step  1112600 |  12600 batches | lr 3.27e-06 | ms/batch 1428.05 | loss  3.77 | ppl    43.588
| epoch   1 step  1112800 |  12800 batches | lr 3.25e-06 | ms/batch 1427.11 | loss  3.78 | ppl    43.937
| epoch   1 step  1113000 |  13000 batches | lr 3.24e-06 | ms/batch 1426.54 | loss  3.77 | ppl    43.342
| epoch   1 step  1113200 |  13200 batches | lr 3.22e-06 | ms/batch 1426.77 | loss  3.77 | ppl    43.380
| epoch   1 step  1113400 |  13400 batches | lr 3.21e-06 | ms/batch 1427.36 | loss  3.77 | ppl    43.556
| epoch   1 step  1113600 |  13600 batches | lr 3.19e-06 | ms/batch 1426.63 | loss  3.78 | ppl    43.694
| epoch   1 step  1113800 |  13800 batches | lr 3.18e-06 | ms/batch 1428.28 | loss  3.78 | ppl    43.650
| epoch   1 step  1114000 |  14000 batches | lr 3.16e-06 | ms/batch 1426.81 | loss  3.78 | ppl    43.718
| epoch   1 step  1114200 |  14200 batches | lr 3.15e-06 | ms/batch 1426.84 | loss  3.78 | ppl    43.599
| epoch   1 step  1114400 |  14400 batches | lr 3.13e-06 | ms/batch 1426.87 | loss  3.78 | ppl    43.695
| epoch   1 step  1114600 |  14600 batches | lr 3.12e-06 | ms/batch 1425.97 | loss  3.77 | ppl    43.596
| epoch   1 step  1114800 |  14800 batches | lr 3.11e-06 | ms/batch 1426.18 | loss  3.78 | ppl    43.690
| epoch   1 step  1115000 |  15000 batches | lr 3.09e-06 | ms/batch 1427.31 | loss  3.78 | ppl    43.679
| epoch   2 step  1115200 |     85 batches | lr 3.08e-06 | ms/batch 1431.96 | loss  3.78 | ppl    43.669
| epoch   2 step  1115400 |    285 batches | lr 3.06e-06 | ms/batch 1427.46 | loss  3.77 | ppl    43.193
| epoch   2 step  1115600 |    485 batches | lr 3.05e-06 | ms/batch 1427.47 | loss  3.77 | ppl    43.266
| epoch   2 step  1115800 |    685 batches | lr 3.03e-06 | ms/batch 1428.06 | loss  3.78 | ppl    43.623
| epoch   2 step  1116000 |    885 batches | lr 3.02e-06 | ms/batch 1427.28 | loss  3.77 | ppl    43.295
----------------------------------------------------------------------------------------------------
| Eval 279 at step  1116000 | time: 6092.02s | valid loss  3.77 | valid ppl    43.165
----------------------------------------------------------------------------------------------------
| epoch   2 step  1116200 |   1085 batches | lr 3e-06 | ms/batch 3337.42 | loss  3.77 | ppl    43.487
| epoch   2 step  1116400 |   1285 batches | lr 2.99e-06 | ms/batch 1427.69 | loss  3.77 | ppl    43.382
| epoch   2 step  1116600 |   1485 batches | lr 2.98e-06 | ms/batch 1427.60 | loss  3.77 | ppl    43.532
| epoch   2 step  1116800 |   1685 batches | lr 2.96e-06 | ms/batch 1427.11 | loss  3.76 | ppl    43.115
| epoch   2 step  1117000 |   1885 batches | lr 2.95e-06 | ms/batch 1426.83 | loss  3.77 | ppl    43.321
| epoch   2 step  1117200 |   2085 batches | lr 2.93e-06 | ms/batch 1426.51 | loss  3.77 | ppl    43.589
| epoch   2 step  1117400 |   2285 batches | lr 2.92e-06 | ms/batch 1426.70 | loss  3.77 | ppl    43.515
| epoch   2 step  1117600 |   2485 batches | lr 2.91e-06 | ms/batch 1427.06 | loss  3.78 | ppl    43.625
| epoch   2 step  1117800 |   2685 batches | lr 2.89e-06 | ms/batch 1426.12 | loss  3.77 | ppl    43.312
| epoch   2 step  1118000 |   2885 batches | lr 2.88e-06 | ms/batch 1426.21 | loss  3.77 | ppl    43.245
| epoch   2 step  1118200 |   3085 batches | lr 2.86e-06 | ms/batch 1425.68 | loss  3.78 | ppl    43.611
| epoch   2 step  1118400 |   3285 batches | lr 2.85e-06 | ms/batch 1425.24 | loss  3.77 | ppl    43.449
| epoch   2 step  1118600 |   3485 batches | lr 2.84e-06 | ms/batch 1426.25 | loss  3.78 | ppl    43.706
| epoch   2 step  1118800 |   3685 batches | lr 2.82e-06 | ms/batch 1425.24 | loss  3.77 | ppl    43.510
| epoch   2 step  1119000 |   3885 batches | lr 2.81e-06 | ms/batch 1425.09 | loss  3.77 | ppl    43.440
| epoch   2 step  1119200 |   4085 batches | lr 2.79e-06 | ms/batch 1425.12 | loss  3.77 | ppl    43.524
| epoch   2 step  1119400 |   4285 batches | lr 2.78e-06 | ms/batch 1424.97 | loss  3.77 | ppl    43.578
| epoch   2 step  1119600 |   4485 batches | lr 2.77e-06 | ms/batch 1425.46 | loss  3.77 | ppl    43.537
| epoch   2 step  1119800 |   4685 batches | lr 2.75e-06 | ms/batch 1425.03 | loss  3.77 | ppl    43.484
| epoch   2 step  1120000 |   4885 batches | lr 2.74e-06 | ms/batch 1425.30 | loss  3.77 | ppl    43.344
----------------------------------------------------------------------------------------------------
| Eval 280 at step  1120000 | time: 6084.07s | valid loss  3.77 | valid ppl    43.164
----------------------------------------------------------------------------------------------------
| epoch   2 step  1120200 |   5085 batches | lr 2.73e-06 | ms/batch 3333.23 | loss  3.77 | ppl    43.545
| epoch   2 step  1120400 |   5285 batches | lr 2.71e-06 | ms/batch 1425.92 | loss  3.78 | ppl    43.738
| epoch   2 step  1120600 |   5485 batches | lr 2.7e-06 | ms/batch 1424.71 | loss  3.77 | ppl    43.577
| epoch   2 step  1120800 |   5685 batches | lr 2.68e-06 | ms/batch 1424.78 | loss  3.78 | ppl    43.701
| epoch   2 step  1121000 |   5885 batches | lr 2.67e-06 | ms/batch 1424.23 | loss  3.77 | ppl    43.343
| epoch   2 step  1121200 |   6085 batches | lr 2.66e-06 | ms/batch 1424.50 | loss  3.78 | ppl    43.734
| epoch   2 step  1121400 |   6285 batches | lr 2.64e-06 | ms/batch 1424.46 | loss  3.77 | ppl    43.567
| epoch   2 step  1121600 |   6485 batches | lr 2.63e-06 | ms/batch 1424.22 | loss  3.77 | ppl    43.507
| epoch   2 step  1121800 |   6685 batches | lr 2.62e-06 | ms/batch 1424.39 | loss  3.77 | ppl    43.386
| epoch   2 step  1122000 |   6885 batches | lr 2.6e-06 | ms/batch 1424.21 | loss  3.77 | ppl    43.463
| epoch   2 step  1122200 |   7085 batches | lr 2.59e-06 | ms/batch 1424.50 | loss  3.78 | ppl    43.870
| epoch   2 step  1122400 |   7285 batches | lr 2.58e-06 | ms/batch 1424.45 | loss  3.78 | ppl    43.888
| epoch   2 step  1122600 |   7485 batches | lr 2.56e-06 | ms/batch 1424.04 | loss  3.78 | ppl    43.671
| epoch   2 step  1122800 |   7685 batches | lr 2.55e-06 | ms/batch 1423.96 | loss  3.77 | ppl    43.368
| epoch   2 step  1123000 |   7885 batches | lr 2.54e-06 | ms/batch 1423.24 | loss  3.77 | ppl    43.502
| epoch   2 step  1123200 |   8085 batches | lr 2.52e-06 | ms/batch 1423.29 | loss  3.77 | ppl    43.537
| epoch   2 step  1123400 |   8285 batches | lr 2.51e-06 | ms/batch 1424.12 | loss  3.77 | ppl    43.225
| epoch   2 step  1123600 |   8485 batches | lr 2.5e-06 | ms/batch 1423.28 | loss  3.77 | ppl    43.585
| epoch   2 step  1123800 |   8685 batches | lr 2.49e-06 | ms/batch 1422.26 | loss  3.77 | ppl    43.568
| epoch   2 step  1124000 |   8885 batches | lr 2.47e-06 | ms/batch 1421.99 | loss  3.77 | ppl    43.306
----------------------------------------------------------------------------------------------------
| Eval 281 at step  1124000 | time: 6059.28s | valid loss  3.76 | valid ppl    43.155
----------------------------------------------------------------------------------------------------
| epoch   2 step  1124200 |   9085 batches | lr 2.46e-06 | ms/batch 3246.26 | loss  3.78 | ppl    43.626
| epoch   2 step  1124400 |   9285 batches | lr 2.45e-06 | ms/batch 1421.15 | loss  3.78 | ppl    43.619
| epoch   2 step  1124600 |   9485 batches | lr 2.43e-06 | ms/batch 1420.52 | loss  3.77 | ppl    43.310
| epoch   2 step  1124800 |   9685 batches | lr 2.42e-06 | ms/batch 1419.83 | loss  3.77 | ppl    43.458
| epoch   2 step  1125000 |   9885 batches | lr 2.41e-06 | ms/batch 1420.02 | loss  3.77 | ppl    43.285
| epoch   2 step  1125200 |  10085 batches | lr 2.4e-06 | ms/batch 1419.67 | loss  3.77 | ppl    43.353
| epoch   2 step  1125400 |  10285 batches | lr 2.38e-06 | ms/batch 1420.14 | loss  3.78 | ppl    43.621
| epoch   2 step  1125600 |  10485 batches | lr 2.37e-06 | ms/batch 1419.97 | loss  3.77 | ppl    43.289
| epoch   2 step  1125800 |  10685 batches | lr 2.36e-06 | ms/batch 1420.20 | loss  3.77 | ppl    43.564
| epoch   2 step  1126000 |  10885 batches | lr 2.34e-06 | ms/batch 1419.73 | loss  3.77 | ppl    43.479
| epoch   2 step  1126200 |  11085 batches | lr 2.33e-06 | ms/batch 1420.16 | loss  3.77 | ppl    43.496
| epoch   2 step  1126400 |  11285 batches | lr 2.32e-06 | ms/batch 1419.77 | loss  3.77 | ppl    43.338
| epoch   2 step  1126600 |  11485 batches | lr 2.31e-06 | ms/batch 1419.57 | loss  3.77 | ppl    43.356
| epoch   2 step  1126800 |  11685 batches | lr 2.29e-06 | ms/batch 1419.74 | loss  3.77 | ppl    43.491
| epoch   2 step  1127000 |  11885 batches | lr 2.28e-06 | ms/batch 1419.76 | loss  3.77 | ppl    43.592
| epoch   2 step  1127200 |  12085 batches | lr 2.27e-06 | ms/batch 1419.70 | loss  3.77 | ppl    43.591
| epoch   2 step  1127400 |  12285 batches | lr 2.26e-06 | ms/batch 1420.06 | loss  3.77 | ppl    43.350
| epoch   2 step  1127600 |  12485 batches | lr 2.24e-06 | ms/batch 1420.21 | loss  3.77 | ppl    43.461
| epoch   2 step  1127800 |  12685 batches | lr 2.23e-06 | ms/batch 1419.69 | loss  3.78 | ppl    43.676
| epoch   2 step  1128000 |  12885 batches | lr 2.22e-06 | ms/batch 1420.16 | loss  3.77 | ppl    43.498
----------------------------------------------------------------------------------------------------
| Eval 282 at step  1128000 | time: 6042.94s | valid loss  3.76 | valid ppl    43.149
----------------------------------------------------------------------------------------------------
| epoch   2 step  1128200 |  13085 batches | lr 2.21e-06 | ms/batch 3246.38 | loss  3.78 | ppl    43.702
| epoch   2 step  1128400 |  13285 batches | lr 2.2e-06 | ms/batch 1420.38 | loss  3.78 | ppl    43.632
| epoch   2 step  1128600 |  13485 batches | lr 2.18e-06 | ms/batch 1419.79 | loss  3.78 | ppl    43.687
| epoch   2 step  1128800 |  13685 batches | lr 2.17e-06 | ms/batch 1420.22 | loss  3.77 | ppl    43.532
| epoch   2 step  1129000 |  13885 batches | lr 2.16e-06 | ms/batch 1420.73 | loss  3.77 | ppl    43.554
| epoch   2 step  1129200 |  14085 batches | lr 2.15e-06 | ms/batch 1419.85 | loss  3.78 | ppl    43.684
| epoch   2 step  1129400 |  14285 batches | lr 2.13e-06 | ms/batch 1419.58 | loss  3.78 | ppl    43.636
| epoch   2 step  1129600 |  14485 batches | lr 2.12e-06 | ms/batch 1420.53 | loss  3.78 | ppl    43.764
| epoch   2 step  1129800 |  14685 batches | lr 2.11e-06 | ms/batch 1419.76 | loss  3.77 | ppl    43.503
| epoch   2 step  1130000 |  14885 batches | lr 2.1e-06 | ms/batch 1418.98 | loss  3.77 | ppl    43.458
| epoch   2 step  1130200 |  15085 batches | lr 2.09e-06 | ms/batch 1419.79 | loss  3.78 | ppl    43.678
| epoch   3 step  1130400 |    170 batches | lr 2.07e-06 | ms/batch 1421.38 | loss  3.77 | ppl    43.435
| epoch   3 step  1130600 |    370 batches | lr 2.06e-06 | ms/batch 1420.48 | loss  3.77 | ppl    43.363
| epoch   3 step  1130800 |    570 batches | lr 2.05e-06 | ms/batch 1421.55 | loss  3.77 | ppl    43.282
| epoch   3 step  1131000 |    770 batches | lr 2.04e-06 | ms/batch 1420.47 | loss  3.78 | ppl    43.722
| epoch   3 step  1131200 |    970 batches | lr 2.03e-06 | ms/batch 1420.41 | loss  3.77 | ppl    43.352
| epoch   3 step  1131400 |   1170 batches | lr 2.02e-06 | ms/batch 1420.19 | loss  3.77 | ppl    43.291
| epoch   3 step  1131600 |   1370 batches | lr 2e-06 | ms/batch 1420.28 | loss  3.77 | ppl    43.469
| epoch   3 step  1131800 |   1570 batches | lr 1.99e-06 | ms/batch 1420.26 | loss  3.77 | ppl    43.512
| epoch   3 step  1132000 |   1770 batches | lr 1.98e-06 | ms/batch 1419.66 | loss  3.77 | ppl    43.454
----------------------------------------------------------------------------------------------------
| Eval 283 at step  1132000 | time: 6043.59s | valid loss  3.76 | valid ppl    43.154
----------------------------------------------------------------------------------------------------
| epoch   3 step  1132200 |   1970 batches | lr 1.97e-06 | ms/batch 3232.60 | loss  3.77 | ppl    43.547
| epoch   3 step  1132400 |   2170 batches | lr 1.96e-06 | ms/batch 1420.58 | loss  3.77 | ppl    43.208
| epoch   3 step  1132600 |   2370 batches | lr 1.95e-06 | ms/batch 1420.29 | loss  3.77 | ppl    43.188
| epoch   3 step  1132800 |   2570 batches | lr 1.93e-06 | ms/batch 1420.38 | loss  3.78 | ppl    43.619
| epoch   3 step  1133000 |   2770 batches | lr 1.92e-06 | ms/batch 1419.74 | loss  3.77 | ppl    43.455
| epoch   3 step  1133200 |   2970 batches | lr 1.91e-06 | ms/batch 1420.46 | loss  3.77 | ppl    43.437
| epoch   3 step  1133400 |   3170 batches | lr 1.9e-06 | ms/batch 1420.18 | loss  3.77 | ppl    43.403
| epoch   3 step  1133600 |   3370 batches | lr 1.89e-06 | ms/batch 1420.44 | loss  3.77 | ppl    43.535
| epoch   3 step  1133800 |   3570 batches | lr 1.88e-06 | ms/batch 1420.43 | loss  3.77 | ppl    43.452
| epoch   3 step  1134000 |   3770 batches | lr 1.87e-06 | ms/batch 1420.18 | loss  3.77 | ppl    43.354
| epoch   3 step  1134200 |   3970 batches | lr 1.86e-06 | ms/batch 1419.89 | loss  3.77 | ppl    43.404
| epoch   3 step  1134400 |   4170 batches | lr 1.84e-06 | ms/batch 1420.34 | loss  3.77 | ppl    43.501
| epoch   3 step  1134600 |   4370 batches | lr 1.83e-06 | ms/batch 1419.85 | loss  3.77 | ppl    43.570
| epoch   3 step  1134800 |   4570 batches | lr 1.82e-06 | ms/batch 1419.92 | loss  3.77 | ppl    43.339
| epoch   3 step  1135000 |   4770 batches | lr 1.81e-06 | ms/batch 1420.00 | loss  3.77 | ppl    43.351
| epoch   3 step  1135200 |   4970 batches | lr 1.8e-06 | ms/batch 1419.71 | loss  3.77 | ppl    43.364
| epoch   3 step  1135400 |   5170 batches | lr 1.79e-06 | ms/batch 1419.54 | loss  3.77 | ppl    43.419
| epoch   3 step  1135600 |   5370 batches | lr 1.78e-06 | ms/batch 1419.69 | loss  3.77 | ppl    43.262
| epoch   3 step  1135800 |   5570 batches | lr 1.77e-06 | ms/batch 1419.25 | loss  3.77 | ppl    43.455
| epoch   3 step  1136000 |   5770 batches | lr 1.76e-06 | ms/batch 1419.76 | loss  3.77 | ppl    43.369
----------------------------------------------------------------------------------------------------
| Eval 284 at step  1136000 | time: 6042.99s | valid loss  3.76 | valid ppl    43.152
----------------------------------------------------------------------------------------------------
| epoch   3 step  1136200 |   5970 batches | lr 1.74e-06 | ms/batch 3234.30 | loss  3.77 | ppl    43.497
| epoch   3 step  1136400 |   6170 batches | lr 1.73e-06 | ms/batch 1420.79 | loss  3.77 | ppl    43.233
| epoch   3 step  1136600 |   6370 batches | lr 1.72e-06 | ms/batch 1419.43 | loss  3.77 | ppl    43.525
| epoch   3 step  1136800 |   6570 batches | lr 1.71e-06 | ms/batch 1419.55 | loss  3.77 | ppl    43.459
| epoch   3 step  1137000 |   6770 batches | lr 1.7e-06 | ms/batch 1419.93 | loss  3.77 | ppl    43.595
| epoch   3 step  1137200 |   6970 batches | lr 1.69e-06 | ms/batch 1419.53 | loss  3.78 | ppl    43.629
| epoch   3 step  1137400 |   7170 batches | lr 1.68e-06 | ms/batch 1419.94 | loss  3.77 | ppl    43.367
| epoch   3 step  1137600 |   7370 batches | lr 1.67e-06 | ms/batch 1419.84 | loss  3.78 | ppl    43.766
| epoch   3 step  1137800 |   7570 batches | lr 1.66e-06 | ms/batch 1419.24 | loss  3.77 | ppl    43.337
| epoch   3 step  1138000 |   7770 batches | lr 1.65e-06 | ms/batch 1420.13 | loss  3.77 | ppl    43.486
| epoch   3 step  1138200 |   7970 batches | lr 1.64e-06 | ms/batch 1420.10 | loss  3.78 | ppl    43.679
| epoch   3 step  1138400 |   8170 batches | lr 1.63e-06 | ms/batch 1419.45 | loss  3.77 | ppl    43.215
| epoch   3 step  1138600 |   8370 batches | lr 1.62e-06 | ms/batch 1420.46 | loss  3.77 | ppl    43.409
| epoch   3 step  1138800 |   8570 batches | lr 1.61e-06 | ms/batch 1420.26 | loss  3.77 | ppl    43.528
| epoch   3 step  1139000 |   8770 batches | lr 1.59e-06 | ms/batch 1419.80 | loss  3.77 | ppl    43.524
| epoch   3 step  1139200 |   8970 batches | lr 1.58e-06 | ms/batch 1420.13 | loss  3.78 | ppl    43.609
| epoch   3 step  1139400 |   9170 batches | lr 1.57e-06 | ms/batch 1419.43 | loss  3.77 | ppl    43.483
| epoch   3 step  1139600 |   9370 batches | lr 1.56e-06 | ms/batch 1419.77 | loss  3.77 | ppl    43.484
| epoch   3 step  1139800 |   9570 batches | lr 1.55e-06 | ms/batch 1420.03 | loss  3.77 | ppl    43.460
| epoch   3 step  1140000 |   9770 batches | lr 1.54e-06 | ms/batch 1419.35 | loss  3.77 | ppl    43.176
----------------------------------------------------------------------------------------------------
| Eval 285 at step  1140000 | time: 6042.75s | valid loss  3.76 | valid ppl    43.148
----------------------------------------------------------------------------------------------------
| epoch   3 step  1140200 |   9970 batches | lr 1.53e-06 | ms/batch 3250.22 | loss  3.77 | ppl    43.304
| epoch   3 step  1140400 |  10170 batches | lr 1.52e-06 | ms/batch 1420.72 | loss  3.78 | ppl    43.703
| epoch   3 step  1140600 |  10370 batches | lr 1.51e-06 | ms/batch 1420.51 | loss  3.77 | ppl    43.261
| epoch   3 step  1140800 |  10570 batches | lr 1.5e-06 | ms/batch 1419.19 | loss  3.76 | ppl    43.158
| epoch   3 step  1141000 |  10770 batches | lr 1.49e-06 | ms/batch 1419.76 | loss  3.77 | ppl    43.541
| epoch   3 step  1141200 |  10970 batches | lr 1.48e-06 | ms/batch 1420.22 | loss  3.77 | ppl    43.322
| epoch   3 step  1141400 |  11170 batches | lr 1.47e-06 | ms/batch 1420.28 | loss  3.77 | ppl    43.590
| epoch   3 step  1141600 |  11370 batches | lr 1.46e-06 | ms/batch 1420.30 | loss  3.77 | ppl    43.595
| epoch   3 step  1141800 |  11570 batches | lr 1.45e-06 | ms/batch 1420.83 | loss  3.78 | ppl    43.881
| epoch   3 step  1142000 |  11770 batches | lr 1.44e-06 | ms/batch 1420.90 | loss  3.77 | ppl    43.576
| epoch   3 step  1142200 |  11970 batches | lr 1.43e-06 | ms/batch 1420.59 | loss  3.77 | ppl    43.530
| epoch   3 step  1142400 |  12170 batches | lr 1.42e-06 | ms/batch 1420.34 | loss  3.77 | ppl    43.298
| epoch   3 step  1142600 |  12370 batches | lr 1.41e-06 | ms/batch 1420.20 | loss  3.77 | ppl    43.347
| epoch   3 step  1142800 |  12570 batches | lr 1.4e-06 | ms/batch 1420.69 | loss  3.78 | ppl    43.674
| epoch   3 step  1143000 |  12770 batches | lr 1.39e-06 | ms/batch 1419.10 | loss  3.77 | ppl    43.535
| epoch   3 step  1143200 |  12970 batches | lr 1.38e-06 | ms/batch 1419.13 | loss  3.77 | ppl    43.569
| epoch   3 step  1143400 |  13170 batches | lr 1.37e-06 | ms/batch 1418.47 | loss  3.77 | ppl    43.474
| epoch   3 step  1143600 |  13370 batches | lr 1.36e-06 | ms/batch 1416.93 | loss  3.77 | ppl    43.501
| epoch   3 step  1143800 |  13570 batches | lr 1.35e-06 | ms/batch 1416.97 | loss  3.78 | ppl    43.603
| epoch   3 step  1144000 |  13770 batches | lr 1.34e-06 | ms/batch 1417.20 | loss  3.77 | ppl    43.443
----------------------------------------------------------------------------------------------------
| Eval 286 at step  1144000 | time: 6037.28s | valid loss  3.76 | valid ppl    43.149
----------------------------------------------------------------------------------------------------
| epoch   3 step  1144200 |  13970 batches | lr 1.34e-06 | ms/batch 3211.40 | loss  3.77 | ppl    43.545
| epoch   3 step  1144400 |  14170 batches | lr 1.33e-06 | ms/batch 1418.19 | loss  3.77 | ppl    43.429
| epoch   3 step  1144600 |  14370 batches | lr 1.32e-06 | ms/batch 1417.50 | loss  3.77 | ppl    43.507
| epoch   3 step  1144800 |  14570 batches | lr 1.31e-06 | ms/batch 1417.08 | loss  3.77 | ppl    43.225
| epoch   3 step  1145000 |  14770 batches | lr 1.3e-06 | ms/batch 1417.31 | loss  3.77 | ppl    43.545
| epoch   3 step  1145200 |  14970 batches | lr 1.29e-06 | ms/batch 1417.30 | loss  3.77 | ppl    43.559
| epoch   4 step  1145400 |     55 batches | lr 1.28e-06 | ms/batch 1420.36 | loss  3.77 | ppl    43.430
| epoch   4 step  1145600 |    255 batches | lr 1.27e-06 | ms/batch 1418.25 | loss  3.77 | ppl    43.532
| epoch   4 step  1145800 |    455 batches | lr 1.26e-06 | ms/batch 1419.38 | loss  3.77 | ppl    43.593
| epoch   4 step  1146000 |    655 batches | lr 1.25e-06 | ms/batch 1418.54 | loss  3.77 | ppl    43.488
| epoch   4 step  1146200 |    855 batches | lr 1.24e-06 | ms/batch 1418.06 | loss  3.78 | ppl    43.645
| epoch   4 step  1146400 |   1055 batches | lr 1.23e-06 | ms/batch 1418.62 | loss  3.77 | ppl    43.465
| epoch   4 step  1146600 |   1255 batches | lr 1.22e-06 | ms/batch 1418.52 | loss  3.77 | ppl    43.257
| epoch   4 step  1146800 |   1455 batches | lr 1.21e-06 | ms/batch 1419.03 | loss  3.77 | ppl    43.534
| epoch   4 step  1147000 |   1655 batches | lr 1.2e-06 | ms/batch 1418.80 | loss  3.77 | ppl    43.342
| epoch   4 step  1147200 |   1855 batches | lr 1.2e-06 | ms/batch 1419.39 | loss  3.77 | ppl    43.239
| epoch   4 step  1147400 |   2055 batches | lr 1.19e-06 | ms/batch 1418.63 | loss  3.77 | ppl    43.318
| epoch   4 step  1147600 |   2255 batches | lr 1.18e-06 | ms/batch 1418.33 | loss  3.77 | ppl    43.352
| epoch   4 step  1147800 |   2455 batches | lr 1.17e-06 | ms/batch 1418.04 | loss  3.77 | ppl    43.572
| epoch   4 step  1148000 |   2655 batches | lr 1.16e-06 | ms/batch 1418.02 | loss  3.77 | ppl    43.585
----------------------------------------------------------------------------------------------------
| Eval 287 at step  1148000 | time: 6032.53s | valid loss  3.76 | valid ppl    43.145
----------------------------------------------------------------------------------------------------
| epoch   4 step  1148200 |   2855 batches | lr 1.15e-06 | ms/batch 3220.54 | loss  3.77 | ppl    43.410
| epoch   4 step  1148400 |   3055 batches | lr 1.14e-06 | ms/batch 1418.51 | loss  3.77 | ppl    43.265
| epoch   4 step  1148600 |   3255 batches | lr 1.13e-06 | ms/batch 1417.46 | loss  3.77 | ppl    43.574
| epoch   4 step  1148800 |   3455 batches | lr 1.12e-06 | ms/batch 1416.62 | loss  3.77 | ppl    43.467
| epoch   4 step  1149000 |   3655 batches | lr 1.12e-06 | ms/batch 1417.03 | loss  3.77 | ppl    43.382
| epoch   4 step  1149200 |   3855 batches | lr 1.11e-06 | ms/batch 1417.46 | loss  3.77 | ppl    43.474
| epoch   4 step  1149400 |   4055 batches | lr 1.1e-06 | ms/batch 1417.05 | loss  3.77 | ppl    43.363
| epoch   4 step  1149600 |   4255 batches | lr 1.09e-06 | ms/batch 1417.03 | loss  3.77 | ppl    43.387
| epoch   4 step  1149800 |   4455 batches | lr 1.08e-06 | ms/batch 1417.53 | loss  3.77 | ppl    43.360
| epoch   4 step  1150000 |   4655 batches | lr 1.07e-06 | ms/batch 1417.07 | loss  3.77 | ppl    43.229
| epoch   4 step  1150200 |   4855 batches | lr 1.06e-06 | ms/batch 1416.52 | loss  3.76 | ppl    42.996
| epoch   4 step  1150400 |   5055 batches | lr 1.06e-06 | ms/batch 1416.34 | loss  3.77 | ppl    43.360
| epoch   4 step  1150600 |   5255 batches | lr 1.05e-06 | ms/batch 1416.19 | loss  3.77 | ppl    43.169
| epoch   4 step  1150800 |   5455 batches | lr 1.04e-06 | ms/batch 1416.54 | loss  3.77 | ppl    43.348
| epoch   4 step  1151000 |   5655 batches | lr 1.03e-06 | ms/batch 1416.72 | loss  3.77 | ppl    43.458
| epoch   4 step  1151200 |   5855 batches | lr 1.02e-06 | ms/batch 1417.01 | loss  3.77 | ppl    43.215
| epoch   4 step  1151400 |   6055 batches | lr 1.01e-06 | ms/batch 1416.87 | loss  3.78 | ppl    43.617
| epoch   4 step  1151600 |   6255 batches | lr 1e-06 | ms/batch 1417.01 | loss  3.77 | ppl    43.338
| epoch   4 step  1151800 |   6455 batches | lr 9.97e-07 | ms/batch 1417.10 | loss  3.77 | ppl    43.256
| epoch   4 step  1152000 |   6655 batches | lr 9.88e-07 | ms/batch 1417.13 | loss  3.78 | ppl    43.713
----------------------------------------------------------------------------------------------------
| Eval 288 at step  1152000 | time: 6028.39s | valid loss  3.76 | valid ppl    43.146
----------------------------------------------------------------------------------------------------
| epoch   4 step  1152200 |   6855 batches | lr 9.8e-07 | ms/batch 3218.52 | loss  3.78 | ppl    43.672
| epoch   4 step  1152400 |   7055 batches | lr 9.72e-07 | ms/batch 1418.96 | loss  3.77 | ppl    43.448
| epoch   4 step  1152600 |   7255 batches | lr 9.64e-07 | ms/batch 1417.51 | loss  3.77 | ppl    43.514
| epoch   4 step  1152800 |   7455 batches | lr 9.56e-07 | ms/batch 1418.08 | loss  3.77 | ppl    43.433
| epoch   4 step  1153000 |   7655 batches | lr 9.48e-07 | ms/batch 1417.61 | loss  3.77 | ppl    43.400
| epoch   4 step  1153200 |   7855 batches | lr 9.4e-07 | ms/batch 1419.32 | loss  3.78 | ppl    43.728
| epoch   4 step  1153400 |   8055 batches | lr 9.32e-07 | ms/batch 1419.66 | loss  3.77 | ppl    43.471
| epoch   4 step  1153600 |   8255 batches | lr 9.24e-07 | ms/batch 1419.31 | loss  3.78 | ppl    43.733
| epoch   4 step  1153800 |   8455 batches | lr 9.16e-07 | ms/batch 1419.36 | loss  3.77 | ppl    43.575
| epoch   4 step  1154000 |   8655 batches | lr 9.08e-07 | ms/batch 1418.99 | loss  3.77 | ppl    43.480
| epoch   4 step  1154200 |   8855 batches | lr 9e-07 | ms/batch 1418.40 | loss  3.78 | ppl    43.676
| epoch   4 step  1154400 |   9055 batches | lr 8.92e-07 | ms/batch 1418.41 | loss  3.77 | ppl    43.592
| epoch   4 step  1154600 |   9255 batches | lr 8.84e-07 | ms/batch 1418.99 | loss  3.77 | ppl    43.335
| epoch   4 step  1154800 |   9455 batches | lr 8.77e-07 | ms/batch 1418.71 | loss  3.77 | ppl    43.592
| epoch   4 step  1155000 |   9655 batches | lr 8.69e-07 | ms/batch 1418.47 | loss  3.77 | ppl    43.347
| epoch   4 step  1155200 |   9855 batches | lr 8.61e-07 | ms/batch 1418.00 | loss  3.77 | ppl    43.335
| epoch   4 step  1155400 |  10055 batches | lr 8.53e-07 | ms/batch 1418.58 | loss  3.78 | ppl    43.601
| epoch   4 step  1155600 |  10255 batches | lr 8.46e-07 | ms/batch 1418.03 | loss  3.76 | ppl    43.130
| epoch   4 step  1155800 |  10455 batches | lr 8.38e-07 | ms/batch 1418.25 | loss  3.78 | ppl    43.721
| epoch   4 step  1156000 |  10655 batches | lr 8.31e-07 | ms/batch 1417.82 | loss  3.76 | ppl    43.104
----------------------------------------------------------------------------------------------------
| Eval 289 at step  1156000 | time: 6034.33s | valid loss  3.76 | valid ppl    43.145
----------------------------------------------------------------------------------------------------
| epoch   4 step  1156200 |  10855 batches | lr 8.23e-07 | ms/batch 3228.21 | loss  3.77 | ppl    43.317
| epoch   4 step  1156400 |  11055 batches | lr 8.16e-07 | ms/batch 1418.55 | loss  3.76 | ppl    43.090
| epoch   4 step  1156600 |  11255 batches | lr 8.08e-07 | ms/batch 1418.93 | loss  3.77 | ppl    43.518
| epoch   4 step  1156800 |  11455 batches | lr 8.01e-07 | ms/batch 1418.04 | loss  3.77 | ppl    43.368
| epoch   4 step  1157000 |  11655 batches | lr 7.93e-07 | ms/batch 1418.20 | loss  3.77 | ppl    43.305
| epoch   4 step  1157200 |  11855 batches | lr 7.86e-07 | ms/batch 1417.96 | loss  3.76 | ppl    43.101
| epoch   4 step  1157400 |  12055 batches | lr 7.79e-07 | ms/batch 1417.61 | loss  3.77 | ppl    43.332
| epoch   4 step  1157600 |  12255 batches | lr 7.71e-07 | ms/batch 1417.53 | loss  3.77 | ppl    43.314
| epoch   4 step  1157800 |  12455 batches | lr 7.64e-07 | ms/batch 1416.95 | loss  3.77 | ppl    43.503
| epoch   4 step  1158000 |  12655 batches | lr 7.57e-07 | ms/batch 1416.94 | loss  3.77 | ppl    43.187
| epoch   4 step  1158200 |  12855 batches | lr 7.5e-07 | ms/batch 1418.89 | loss  3.77 | ppl    43.402
| epoch   4 step  1158400 |  13055 batches | lr 7.43e-07 | ms/batch 1418.25 | loss  3.77 | ppl    43.513
| epoch   4 step  1158600 |  13255 batches | lr 7.35e-07 | ms/batch 1417.75 | loss  3.76 | ppl    43.161
| epoch   4 step  1158800 |  13455 batches | lr 7.28e-07 | ms/batch 1418.19 | loss  3.77 | ppl    43.410
| epoch   4 step  1159000 |  13655 batches | lr 7.21e-07 | ms/batch 1417.82 | loss  3.77 | ppl    43.560
| epoch   4 step  1159200 |  13855 batches | lr 7.14e-07 | ms/batch 1417.79 | loss  3.77 | ppl    43.236
| epoch   4 step  1159400 |  14055 batches | lr 7.07e-07 | ms/batch 1417.17 | loss  3.77 | ppl    43.455
| epoch   4 step  1159600 |  14255 batches | lr 7e-07 | ms/batch 1418.16 | loss  3.77 | ppl    43.312
| epoch   4 step  1159800 |  14455 batches | lr 6.94e-07 | ms/batch 1417.88 | loss  3.77 | ppl    43.320
| epoch   4 step  1160000 |  14655 batches | lr 6.87e-07 | ms/batch 1418.28 | loss  3.78 | ppl    43.612
----------------------------------------------------------------------------------------------------
| Eval 290 at step  1160000 | time: 6032.03s | valid loss  3.76 | valid ppl    43.140
----------------------------------------------------------------------------------------------------
| epoch   4 step  1160200 |  14855 batches | lr 6.8e-07 | ms/batch 3226.33 | loss  3.77 | ppl    43.586
| epoch   4 step  1160400 |  15055 batches | lr 6.73e-07 | ms/batch 1417.93 | loss  3.77 | ppl    43.450
| epoch   5 step  1160600 |    140 batches | lr 6.66e-07 | ms/batch 1420.02 | loss  3.77 | ppl    43.570
| epoch   5 step  1160800 |    340 batches | lr 6.59e-07 | ms/batch 1417.22 | loss  3.77 | ppl    43.484
| epoch   5 step  1161000 |    540 batches | lr 6.53e-07 | ms/batch 1417.48 | loss  3.77 | ppl    43.354
| epoch   5 step  1161200 |    740 batches | lr 6.46e-07 | ms/batch 1418.37 | loss  3.77 | ppl    43.440
| epoch   5 step  1161400 |    940 batches | lr 6.39e-07 | ms/batch 1417.45 | loss  3.77 | ppl    43.317
| epoch   5 step  1161600 |   1140 batches | lr 6.33e-07 | ms/batch 1417.00 | loss  3.77 | ppl    43.478
| epoch   5 step  1161800 |   1340 batches | lr 6.26e-07 | ms/batch 1416.66 | loss  3.77 | ppl    43.375
| epoch   5 step  1162000 |   1540 batches | lr 6.2e-07 | ms/batch 1416.76 | loss  3.77 | ppl    43.287
| epoch   5 step  1162200 |   1740 batches | lr 6.13e-07 | ms/batch 1421.95 | loss  3.77 | ppl    43.367
| epoch   5 step  1162400 |   1940 batches | lr 6.07e-07 | ms/batch 1425.41 | loss  3.77 | ppl    43.361
| epoch   5 step  1162600 |   2140 batches | lr 6e-07 | ms/batch 1423.93 | loss  3.77 | ppl    43.360
| epoch   5 step  1162800 |   2340 batches | lr 5.94e-07 | ms/batch 1424.15 | loss  3.77 | ppl    43.242
| epoch   5 step  1163000 |   2540 batches | lr 5.88e-07 | ms/batch 1425.90 | loss  3.77 | ppl    43.367
| epoch   5 step  1163200 |   2740 batches | lr 5.81e-07 | ms/batch 1423.95 | loss  3.77 | ppl    43.437
| epoch   5 step  1163400 |   2940 batches | lr 5.75e-07 | ms/batch 1427.72 | loss  3.77 | ppl    43.430
| epoch   5 step  1163600 |   3140 batches | lr 5.69e-07 | ms/batch 1424.19 | loss  3.77 | ppl    43.543
| epoch   5 step  1163800 |   3340 batches | lr 5.62e-07 | ms/batch 1426.78 | loss  3.77 | ppl    43.538
| epoch   5 step  1164000 |   3540 batches | lr 5.56e-07 | ms/batch 1424.40 | loss  3.77 | ppl    43.266
----------------------------------------------------------------------------------------------------
| Eval 291 at step  1164000 | time: 6056.59s | valid loss  3.76 | valid ppl    43.141
----------------------------------------------------------------------------------------------------
| epoch   5 step  1164200 |   3740 batches | lr 5.5e-07 | ms/batch 3278.28 | loss  3.77 | ppl    43.269
| epoch   5 step  1164400 |   3940 batches | lr 5.44e-07 | ms/batch 1424.63 | loss  3.78 | ppl    43.618
| epoch   5 step  1164600 |   4140 batches | lr 5.38e-07 | ms/batch 1424.76 | loss  3.77 | ppl    43.492
| epoch   5 step  1164800 |   4340 batches | lr 5.32e-07 | ms/batch 1425.45 | loss  3.77 | ppl    43.430
| epoch   5 step  1165000 |   4540 batches | lr 5.26e-07 | ms/batch 1425.05 | loss  3.77 | ppl    43.497
| epoch   5 step  1165200 |   4740 batches | lr 5.2e-07 | ms/batch 1424.62 | loss  3.78 | ppl    43.664
| epoch   5 step  1165400 |   4940 batches | lr 5.14e-07 | ms/batch 1424.92 | loss  3.76 | ppl    43.110
| epoch   5 step  1165600 |   5140 batches | lr 5.08e-07 | ms/batch 1423.65 | loss  3.76 | ppl    43.127
| epoch   5 step  1165800 |   5340 batches | lr 5.02e-07 | ms/batch 1423.73 | loss  3.76 | ppl    43.068
| epoch   5 step  1166000 |   5540 batches | lr 4.96e-07 | ms/batch 1423.77 | loss  3.77 | ppl    43.197
| epoch   5 step  1166200 |   5740 batches | lr 4.9e-07 | ms/batch 1425.89 | loss  3.77 | ppl    43.458
| epoch   5 step  1166400 |   5940 batches | lr 4.85e-07 | ms/batch 1424.44 | loss  3.77 | ppl    43.341
| epoch   5 step  1166600 |   6140 batches | lr 4.79e-07 | ms/batch 1423.92 | loss  3.76 | ppl    43.043
| epoch   5 step  1166800 |   6340 batches | lr 4.73e-07 | ms/batch 1424.41 | loss  3.77 | ppl    43.290
| epoch   5 step  1167000 |   6540 batches | lr 4.67e-07 | ms/batch 1424.72 | loss  3.77 | ppl    43.336
| epoch   5 step  1167200 |   6740 batches | lr 4.62e-07 | ms/batch 1423.18 | loss  3.76 | ppl    43.143
| epoch   5 step  1167400 |   6940 batches | lr 4.56e-07 | ms/batch 1424.69 | loss  3.77 | ppl    43.360
| epoch   5 step  1167600 |   7140 batches | lr 4.51e-07 | ms/batch 1424.76 | loss  3.77 | ppl    43.170
| epoch   5 step  1167800 |   7340 batches | lr 4.45e-07 | ms/batch 1424.71 | loss  3.77 | ppl    43.478
| epoch   5 step  1168000 |   7540 batches | lr 4.4e-07 | ms/batch 1424.28 | loss  3.77 | ppl    43.401
----------------------------------------------------------------------------------------------------
| Eval 292 at step  1168000 | time: 6069.62s | valid loss  3.76 | valid ppl    43.139
----------------------------------------------------------------------------------------------------
| epoch   5 step  1168200 |   7740 batches | lr 4.34e-07 | ms/batch 3285.83 | loss  3.77 | ppl    43.377
| epoch   5 step  1168400 |   7940 batches | lr 4.29e-07 | ms/batch 1427.66 | loss  3.77 | ppl    43.518
| epoch   5 step  1168600 |   8140 batches | lr 4.23e-07 | ms/batch 1423.88 | loss  3.77 | ppl    43.336
| epoch   5 step  1168800 |   8340 batches | lr 4.18e-07 | ms/batch 1423.98 | loss  3.76 | ppl    43.157
| epoch   5 step  1169000 |   8540 batches | lr 4.13e-07 | ms/batch 1423.99 | loss  3.77 | ppl    43.430
| epoch   5 step  1169200 |   8740 batches | lr 4.07e-07 | ms/batch 1425.55 | loss  3.78 | ppl    43.772
| epoch   5 step  1169400 |   8940 batches | lr 4.02e-07 | ms/batch 1424.64 | loss  3.77 | ppl    43.555
| epoch   5 step  1169600 |   9140 batches | lr 3.97e-07 | ms/batch 1423.42 | loss  3.77 | ppl    43.594
| epoch   5 step  1169800 |   9340 batches | lr 3.92e-07 | ms/batch 1424.60 | loss  3.77 | ppl    43.315
| epoch   5 step  1170000 |   9540 batches | lr 3.86e-07 | ms/batch 1423.70 | loss  3.77 | ppl    43.539
| epoch   5 step  1170200 |   9740 batches | lr 3.81e-07 | ms/batch 1426.58 | loss  3.77 | ppl    43.475
| epoch   5 step  1170400 |   9940 batches | lr 3.76e-07 | ms/batch 1423.48 | loss  3.77 | ppl    43.469
| epoch   5 step  1170600 |  10140 batches | lr 3.71e-07 | ms/batch 1423.15 | loss  3.77 | ppl    43.479
| epoch   5 step  1170800 |  10340 batches | lr 3.66e-07 | ms/batch 1424.16 | loss  3.77 | ppl    43.485
| epoch   5 step  1171000 |  10540 batches | lr 3.61e-07 | ms/batch 1425.02 | loss  3.77 | ppl    43.452
| epoch   5 step  1171200 |  10740 batches | lr 3.56e-07 | ms/batch 1425.36 | loss  3.77 | ppl    43.345
| epoch   5 step  1171400 |  10940 batches | lr 3.51e-07 | ms/batch 1424.26 | loss  3.77 | ppl    43.401
| epoch   5 step  1171600 |  11140 batches | lr 3.46e-07 | ms/batch 1423.39 | loss  3.77 | ppl    43.582
| epoch   5 step  1171800 |  11340 batches | lr 3.41e-07 | ms/batch 1426.99 | loss  3.77 | ppl    43.451
| epoch   5 step  1172000 |  11540 batches | lr 3.37e-07 | ms/batch 1424.19 | loss  3.77 | ppl    43.407
----------------------------------------------------------------------------------------------------
| Eval 293 at step  1172000 | time: 6069.96s | valid loss  3.76 | valid ppl    43.142
----------------------------------------------------------------------------------------------------
| epoch   5 step  1172200 |  11740 batches | lr 3.32e-07 | ms/batch 3277.81 | loss  3.77 | ppl    43.243
| epoch   5 step  1172400 |  11940 batches | lr 3.27e-07 | ms/batch 1424.80 | loss  3.76 | ppl    43.097
| epoch   5 step  1172600 |  12140 batches | lr 3.22e-07 | ms/batch 1425.28 | loss  3.77 | ppl    43.360
| epoch   5 step  1172800 |  12340 batches | lr 3.18e-07 | ms/batch 1424.21 | loss  3.77 | ppl    43.565
| epoch   5 step  1173000 |  12540 batches | lr 3.13e-07 | ms/batch 1424.29 | loss  3.77 | ppl    43.252
| epoch   5 step  1173200 |  12740 batches | lr 3.08e-07 | ms/batch 1425.78 | loss  3.77 | ppl    43.471
| epoch   5 step  1173400 |  12940 batches | lr 3.04e-07 | ms/batch 1424.35 | loss  3.77 | ppl    43.308
| epoch   5 step  1173600 |  13140 batches | lr 2.99e-07 | ms/batch 1423.67 | loss  3.77 | ppl    43.268
| epoch   5 step  1173800 |  13340 batches | lr 2.95e-07 | ms/batch 1423.25 | loss  3.77 | ppl    43.462
| epoch   5 step  1174000 |  13540 batches | lr 2.9e-07 | ms/batch 1424.60 | loss  3.78 | ppl    43.658
| epoch   5 step  1174200 |  13740 batches | lr 2.86e-07 | ms/batch 1424.72 | loss  3.77 | ppl    43.391
| epoch   5 step  1174400 |  13940 batches | lr 2.81e-07 | ms/batch 1423.68 | loss  3.77 | ppl    43.370
| epoch   5 step  1174600 |  14140 batches | lr 2.77e-07 | ms/batch 1423.48 | loss  3.77 | ppl    43.419
| epoch   5 step  1174800 |  14340 batches | lr 2.73e-07 | ms/batch 1424.80 | loss  3.76 | ppl    43.097
| epoch   5 step  1175000 |  14540 batches | lr 2.68e-07 | ms/batch 1424.45 | loss  3.77 | ppl    43.408
| epoch   5 step  1175200 |  14740 batches | lr 2.64e-07 | ms/batch 1423.35 | loss  3.76 | ppl    42.981
| epoch   5 step  1175400 |  14940 batches | lr 2.6e-07 | ms/batch 1423.67 | loss  3.77 | ppl    43.261
| epoch   6 step  1175600 |     25 batches | lr 2.56e-07 | ms/batch 1427.31 | loss  3.78 | ppl    43.624
| epoch   6 step  1175800 |    225 batches | lr 2.51e-07 | ms/batch 1424.87 | loss  3.77 | ppl    43.442
| epoch   6 step  1176000 |    425 batches | lr 2.47e-07 | ms/batch 1423.87 | loss  3.77 | ppl    43.256
----------------------------------------------------------------------------------------------------
| Eval 294 at step  1176000 | time: 6068.84s | valid loss  3.76 | valid ppl    43.140
----------------------------------------------------------------------------------------------------
| epoch   6 step  1176200 |    625 batches | lr 2.43e-07 | ms/batch 3275.92 | loss  3.77 | ppl    43.290
| epoch   6 step  1176400 |    825 batches | lr 2.39e-07 | ms/batch 1423.80 | loss  3.77 | ppl    43.357
| epoch   6 step  1176600 |   1025 batches | lr 2.35e-07 | ms/batch 1423.10 | loss  3.77 | ppl    43.247
| epoch   6 step  1176800 |   1225 batches | lr 2.31e-07 | ms/batch 1424.10 | loss  3.77 | ppl    43.483
| epoch   6 step  1177000 |   1425 batches | lr 2.27e-07 | ms/batch 1423.50 | loss  3.77 | ppl    43.556
| epoch   6 step  1177200 |   1625 batches | lr 2.23e-07 | ms/batch 1423.21 | loss  3.78 | ppl    43.626
| epoch   6 step  1177400 |   1825 batches | lr 2.19e-07 | ms/batch 1424.75 | loss  3.77 | ppl    43.331
| epoch   6 step  1177600 |   2025 batches | lr 2.15e-07 | ms/batch 1423.46 | loss  3.77 | ppl    43.364
| epoch   6 step  1177800 |   2225 batches | lr 2.12e-07 | ms/batch 1423.25 | loss  3.77 | ppl    43.237
| epoch   6 step  1178000 |   2425 batches | lr 2.08e-07 | ms/batch 1424.13 | loss  3.77 | ppl    43.404
| epoch   6 step  1178200 |   2625 batches | lr 2.04e-07 | ms/batch 1423.88 | loss  3.76 | ppl    43.057
| epoch   6 step  1178400 |   2825 batches | lr 2e-07 | ms/batch 1423.32 | loss  3.77 | ppl    43.327
| epoch   6 step  1178600 |   3025 batches | lr 1.97e-07 | ms/batch 1422.90 | loss  3.77 | ppl    43.172
| epoch   6 step  1178800 |   3225 batches | lr 1.93e-07 | ms/batch 1422.59 | loss  3.77 | ppl    43.285
| epoch   6 step  1179000 |   3425 batches | lr 1.89e-07 | ms/batch 1424.05 | loss  3.77 | ppl    43.344
| epoch   6 step  1179200 |   3625 batches | lr 1.86e-07 | ms/batch 1423.14 | loss  3.77 | ppl    43.237
| epoch   6 step  1179400 |   3825 batches | lr 1.82e-07 | ms/batch 1423.91 | loss  3.77 | ppl    43.410
| epoch   6 step  1179600 |   4025 batches | lr 1.79e-07 | ms/batch 1424.65 | loss  3.77 | ppl    43.388
| epoch   6 step  1179800 |   4225 batches | lr 1.75e-07 | ms/batch 1424.05 | loss  3.77 | ppl    43.351
| epoch   6 step  1180000 |   4425 batches | lr 1.72e-07 | ms/batch 1424.53 | loss  3.77 | ppl    43.443
----------------------------------------------------------------------------------------------------
| Eval 295 at step  1180000 | time: 6065.86s | valid loss  3.76 | valid ppl    43.140
----------------------------------------------------------------------------------------------------
| epoch   6 step  1180200 |   4625 batches | lr 1.68e-07 | ms/batch 3278.90 | loss  3.77 | ppl    43.394
| epoch   6 step  1180400 |   4825 batches | lr 1.65e-07 | ms/batch 1425.82 | loss  3.77 | ppl    43.387
| epoch   6 step  1180600 |   5025 batches | lr 1.62e-07 | ms/batch 1426.88 | loss  3.76 | ppl    42.937
| epoch   6 step  1180800 |   5225 batches | lr 1.58e-07 | ms/batch 1424.06 | loss  3.77 | ppl    43.582
| epoch   6 step  1181000 |   5425 batches | lr 1.55e-07 | ms/batch 1423.66 | loss  3.77 | ppl    43.453
| epoch   6 step  1181200 |   5625 batches | lr 1.52e-07 | ms/batch 1424.10 | loss  3.77 | ppl    43.484
| epoch   6 step  1181400 |   5825 batches | lr 1.49e-07 | ms/batch 1424.24 | loss  3.77 | ppl    43.417
| epoch   6 step  1181600 |   6025 batches | lr 1.45e-07 | ms/batch 1423.23 | loss  3.77 | ppl    43.200
| epoch   6 step  1181800 |   6225 batches | lr 1.42e-07 | ms/batch 1423.99 | loss  3.77 | ppl    43.305
| epoch   6 step  1182000 |   6425 batches | lr 1.39e-07 | ms/batch 1424.84 | loss  3.76 | ppl    43.062
| epoch   6 step  1182200 |   6625 batches | lr 1.36e-07 | ms/batch 1424.76 | loss  3.77 | ppl    43.399
| epoch   6 step  1182400 |   6825 batches | lr 1.33e-07 | ms/batch 1423.63 | loss  3.77 | ppl    43.524
| epoch   6 step  1182600 |   7025 batches | lr 1.3e-07 | ms/batch 1423.62 | loss  3.77 | ppl    43.489
| epoch   6 step  1182800 |   7225 batches | lr 1.27e-07 | ms/batch 1423.89 | loss  3.77 | ppl    43.523
| epoch   6 step  1183000 |   7425 batches | lr 1.24e-07 | ms/batch 1426.33 | loss  3.77 | ppl    43.414
| epoch   6 step  1183200 |   7625 batches | lr 1.21e-07 | ms/batch 1424.44 | loss  3.77 | ppl    43.306
| epoch   6 step  1183400 |   7825 batches | lr 1.18e-07 | ms/batch 1424.25 | loss  3.77 | ppl    43.302
| epoch   6 step  1183600 |   8025 batches | lr 1.16e-07 | ms/batch 1426.31 | loss  3.77 | ppl    43.497
| epoch   6 step  1183800 |   8225 batches | lr 1.13e-07 | ms/batch 1424.21 | loss  3.77 | ppl    43.344
| epoch   6 step  1184000 |   8425 batches | lr 1.1e-07 | ms/batch 1424.51 | loss  3.76 | ppl    42.901
----------------------------------------------------------------------------------------------------
| Eval 296 at step  1184000 | time: 6071.33s | valid loss  3.76 | valid ppl    43.141
----------------------------------------------------------------------------------------------------
| epoch   6 step  1184200 |   8625 batches | lr 1.07e-07 | ms/batch 3286.09 | loss  3.77 | ppl    43.582
| epoch   6 step  1184400 |   8825 batches | lr 1.05e-07 | ms/batch 1424.56 | loss  3.77 | ppl    43.327
| epoch   6 step  1184600 |   9025 batches | lr 1.02e-07 | ms/batch 1423.44 | loss  3.77 | ppl    43.290
| epoch   6 step  1184800 |   9225 batches | lr 9.92e-08 | ms/batch 1424.63 | loss  3.77 | ppl    43.564
| epoch   6 step  1185000 |   9425 batches | lr 9.66e-08 | ms/batch 1423.96 | loss  3.77 | ppl    43.529
| epoch   6 step  1185200 |   9625 batches | lr 9.41e-08 | ms/batch 1423.92 | loss  3.78 | ppl    43.620
| epoch   6 step  1185400 |   9825 batches | lr 9.15e-08 | ms/batch 1423.95 | loss  3.76 | ppl    43.095
| epoch   6 step  1185600 |  10025 batches | lr 8.91e-08 | ms/batch 1414.95 | loss  3.77 | ppl    43.278
| epoch   6 step  1185800 |  10225 batches | lr 8.66e-08 | ms/batch 1414.59 | loss  3.77 | ppl    43.349
| epoch   6 step  1186000 |  10425 batches | lr 8.42e-08 | ms/batch 1414.58 | loss  3.77 | ppl    43.318
| epoch   6 step  1186200 |  10625 batches | lr 8.18e-08 | ms/batch 1414.69 | loss  3.77 | ppl    43.285
| epoch   6 step  1186400 |  10825 batches | lr 7.94e-08 | ms/batch 1414.42 | loss  3.77 | ppl    43.481
| epoch   6 step  1186600 |  11025 batches | lr 7.71e-08 | ms/batch 1414.20 | loss  3.76 | ppl    42.983
| epoch   6 step  1186800 |  11225 batches | lr 7.48e-08 | ms/batch 1414.37 | loss  3.77 | ppl    43.519
| epoch   6 step  1187000 |  11425 batches | lr 7.26e-08 | ms/batch 1414.16 | loss  3.77 | ppl    43.426
| epoch   6 step  1187200 |  11625 batches | lr 7.04e-08 | ms/batch 1414.27 | loss  3.77 | ppl    43.420
| epoch   6 step  1187400 |  11825 batches | lr 6.82e-08 | ms/batch 1414.34 | loss  3.77 | ppl    43.576
| epoch   6 step  1187600 |  12025 batches | lr 6.6e-08 | ms/batch 1414.90 | loss  3.77 | ppl    43.415
| epoch   6 step  1187800 |  12225 batches | lr 6.39e-08 | ms/batch 1414.60 | loss  3.77 | ppl    43.376
| epoch   6 step  1188000 |  12425 batches | lr 6.18e-08 | ms/batch 1414.90 | loss  3.77 | ppl    43.389
----------------------------------------------------------------------------------------------------
| Eval 297 at step  1188000 | time: 6032.62s | valid loss  3.76 | valid ppl    43.140
----------------------------------------------------------------------------------------------------
| epoch   6 step  1188200 |  12625 batches | lr 5.98e-08 | ms/batch 3218.44 | loss  3.77 | ppl    43.316
| epoch   6 step  1188400 |  12825 batches | lr 5.78e-08 | ms/batch 1415.58 | loss  3.76 | ppl    43.080
| epoch   6 step  1188600 |  13025 batches | lr 5.58e-08 | ms/batch 1415.65 | loss  3.77 | ppl    43.417
| epoch   6 step  1188800 |  13225 batches | lr 5.39e-08 | ms/batch 1415.76 | loss  3.77 | ppl    43.242
| epoch   6 step  1189000 |  13425 batches | lr 5.2e-08 | ms/batch 1415.88 | loss  3.77 | ppl    43.491
| epoch   6 step  1189200 |  13625 batches | lr 5.01e-08 | ms/batch 1415.73 | loss  3.77 | ppl    43.204
| epoch   6 step  1189400 |  13825 batches | lr 4.83e-08 | ms/batch 1415.92 | loss  3.76 | ppl    43.085
| epoch   6 step  1189600 |  14025 batches | lr 4.65e-08 | ms/batch 1415.65 | loss  3.76 | ppl    43.043
| epoch   6 step  1189800 |  14225 batches | lr 4.47e-08 | ms/batch 1415.56 | loss  3.77 | ppl    43.285
| epoch   6 step  1190000 |  14425 batches | lr 4.3e-08 | ms/batch 1415.87 | loss  3.77 | ppl    43.350
| epoch   6 step  1190200 |  14625 batches | lr 4.13e-08 | ms/batch 1415.38 | loss  3.77 | ppl    43.248
| epoch   6 step  1190400 |  14825 batches | lr 3.96e-08 | ms/batch 1415.27 | loss  3.77 | ppl    43.499
| epoch   6 step  1190600 |  15025 batches | lr 3.8e-08 | ms/batch 1416.26 | loss  3.78 | ppl    43.632
| epoch   7 step  1190800 |    110 batches | lr 3.64e-08 | ms/batch 1420.34 | loss  3.77 | ppl    43.454
| epoch   7 step  1191000 |    310 batches | lr 3.48e-08 | ms/batch 1415.99 | loss  3.77 | ppl    43.411
| epoch   7 step  1191200 |    510 batches | lr 3.33e-08 | ms/batch 1415.45 | loss  3.77 | ppl    43.165
| epoch   7 step  1191400 |    710 batches | lr 3.18e-08 | ms/batch 1415.46 | loss  3.77 | ppl    43.468
| epoch   7 step  1191600 |    910 batches | lr 3.03e-08 | ms/batch 1415.85 | loss  3.77 | ppl    43.566
| epoch   7 step  1191800 |   1110 batches | lr 2.89e-08 | ms/batch 1415.65 | loss  3.77 | ppl    43.470
| epoch   7 step  1192000 |   1310 batches | lr 2.75e-08 | ms/batch 1415.75 | loss  3.77 | ppl    43.414
----------------------------------------------------------------------------------------------------
| Eval 298 at step  1192000 | time: 6023.81s | valid loss  3.76 | valid ppl    43.141
----------------------------------------------------------------------------------------------------
| epoch   7 step  1192200 |   1510 batches | lr 2.61e-08 | ms/batch 3216.15 | loss  3.77 | ppl    43.177
| epoch   7 step  1192400 |   1710 batches | lr 2.48e-08 | ms/batch 1416.15 | loss  3.77 | ppl    43.352
| epoch   7 step  1192600 |   1910 batches | lr 2.35e-08 | ms/batch 1416.18 | loss  3.77 | ppl    43.382
| epoch   7 step  1192800 |   2110 batches | lr 2.23e-08 | ms/batch 1416.04 | loss  3.77 | ppl    43.203
| epoch   7 step  1193000 |   2310 batches | lr 2.1e-08 | ms/batch 1415.84 | loss  3.77 | ppl    43.258
| epoch   7 step  1193200 |   2510 batches | lr 1.99e-08 | ms/batch 1422.82 | loss  3.76 | ppl    43.153
| epoch   7 step  1193400 |   2710 batches | lr 1.87e-08 | ms/batch 1426.27 | loss  3.77 | ppl    43.554
| epoch   7 step  1193600 |   2910 batches | lr 1.76e-08 | ms/batch 1425.77 | loss  3.77 | ppl    43.180
| epoch   7 step  1193800 |   3110 batches | lr 1.65e-08 | ms/batch 1425.82 | loss  3.77 | ppl    43.438
| epoch   7 step  1194000 |   3310 batches | lr 1.55e-08 | ms/batch 1425.20 | loss  3.77 | ppl    43.470
| epoch   7 step  1194200 |   3510 batches | lr 1.44e-08 | ms/batch 1426.54 | loss  3.77 | ppl    43.176
| epoch   7 step  1194400 |   3710 batches | lr 1.35e-08 | ms/batch 1426.85 | loss  3.77 | ppl    43.277
| epoch   7 step  1194600 |   3910 batches | lr 1.25e-08 | ms/batch 1426.61 | loss  3.77 | ppl    43.309
| epoch   7 step  1194800 |   4110 batches | lr 1.16e-08 | ms/batch 1425.96 | loss  3.77 | ppl    43.352
| epoch   7 step  1195000 |   4310 batches | lr 1.07e-08 | ms/batch 1426.23 | loss  3.77 | ppl    43.297
| epoch   7 step  1195200 |   4510 batches | lr 9.9e-09 | ms/batch 1420.30 | loss  3.77 | ppl    43.513
| epoch   7 step  1195400 |   4710 batches | lr 9.09e-09 | ms/batch 1415.49 | loss  3.77 | ppl    43.455
| epoch   7 step  1195600 |   4910 batches | lr 8.32e-09 | ms/batch 1416.09 | loss  3.77 | ppl    43.432
| epoch   7 step  1195800 |   5110 batches | lr 7.58e-09 | ms/batch 1415.57 | loss  3.77 | ppl    43.382
| epoch   7 step  1196000 |   5310 batches | lr 6.87e-09 | ms/batch 1415.77 | loss  3.77 | ppl    43.253
----------------------------------------------------------------------------------------------------
| Eval 299 at step  1196000 | time: 6044.38s | valid loss  3.76 | valid ppl    43.141
----------------------------------------------------------------------------------------------------
| epoch   7 step  1196200 |   5510 batches | lr 6.2e-09 | ms/batch 3215.90 | loss  3.77 | ppl    43.382
| epoch   7 step  1196400 |   5710 batches | lr 5.57e-09 | ms/batch 1416.18 | loss  3.77 | ppl    43.340
| epoch   7 step  1196600 |   5910 batches | lr 4.97e-09 | ms/batch 1416.14 | loss  3.77 | ppl    43.411
| epoch   7 step  1196800 |   6110 batches | lr 4.4e-09 | ms/batch 1415.36 | loss  3.77 | ppl    43.187
| epoch   7 step  1197000 |   6310 batches | lr 3.87e-09 | ms/batch 1415.55 | loss  3.77 | ppl    43.388
| epoch   7 step  1197200 |   6510 batches | lr 3.37e-09 | ms/batch 1415.49 | loss  3.77 | ppl    43.177
| epoch   7 step  1197400 |   6710 batches | lr 2.9e-09 | ms/batch 1415.29 | loss  3.77 | ppl    43.423
| epoch   7 step  1197600 |   6910 batches | lr 2.47e-09 | ms/batch 1415.06 | loss  3.77 | ppl    43.217
| epoch   7 step  1197800 |   7110 batches | lr 2.08e-09 | ms/batch 1415.37 | loss  3.77 | ppl    43.537
| epoch   7 step  1198000 |   7310 batches | lr 1.72e-09 | ms/batch 1415.50 | loss  3.77 | ppl    43.302
| epoch   7 step  1198200 |   7510 batches | lr 1.39e-09 | ms/batch 1415.39 | loss  3.77 | ppl    43.269
| epoch   7 step  1198400 |   7710 batches | lr 1.1e-09 | ms/batch 1415.51 | loss  3.78 | ppl    43.640
| epoch   7 step  1198600 |   7910 batches | lr 8.42e-10 | ms/batch 1415.90 | loss  3.77 | ppl    43.281
| epoch   7 step  1198800 |   8110 batches | lr 6.19e-10 | ms/batch 1416.00 | loss  3.77 | ppl    43.168
| epoch   7 step  1199000 |   8310 batches | lr 4.3e-10 | ms/batch 1415.74 | loss  3.77 | ppl    43.311
| epoch   7 step  1199200 |   8510 batches | lr 2.75e-10 | ms/batch 1416.14 | loss  3.77 | ppl    43.413
| epoch   7 step  1199400 |   8710 batches | lr 1.55e-10 | ms/batch 1415.75 | loss  3.76 | ppl    42.933
| epoch   7 step  1199600 |   8910 batches | lr 6.87e-11 | ms/batch 1416.10 | loss  3.77 | ppl    43.240
| epoch   7 step  1199800 |   9110 batches | lr 1.72e-11 | ms/batch 1415.94 | loss  3.77 | ppl    43.424
| epoch   7 step  1200000 |   9310 batches | lr 0 | ms/batch 1416.09 | loss  3.77 | ppl    43.390
----------------------------------------------------------------------------------------------------
| Eval 300 at step  1200000 | time: 6023.48s | valid loss  3.76 | valid ppl    43.141
----------------------------------------------------------------------------------------------------
----------------------------------------------------------------------------------------------------
End of training
====================================================================================================
| End of training | test loss  4.21 | test ppl    67.089
====================================================================================================
