Run training...
WARNING:tensorflow:
The TensorFlow contrib module will not be included in TensorFlow 2.0.
For more information, please see:
  * https://github.com/tensorflow/community/blob/master/rfcs/20180907-contrib-sunset.md
  * https://github.com/tensorflow/addons
  * https://github.com/tensorflow/io (for I/O related ops)
If you depend on functionality not listed there, please file an issue.

WARNING:tensorflow:From /scratch/elec/puhe/p/jaina5/transformer-xl/FinnishXL/logger.py:52: The name tf.HistogramProto is deprecated. Please use tf.compat.v1.HistogramProto instead.

WARNING:tensorflow:From /scratch/elec/puhe/p/jaina5/transformer-xl/FinnishXL/logger.py:69: The name tf.Summary is deprecated. Please use tf.compat.v1.Summary instead.

Experiment dir : /m/triton/scratch/elec/puhe/p/jaina5/transformer-xl/FinnishXL/-Ktrain/20191107-151917
Loading cached dataset...
====================================================================================================
    - data : /m/triton/scratch/elec/puhe/p/jaina5/transformer-xl/FinnishXL/data/kiel_data/
    - dataset : Ktrain
    - n_layer : 8
    - n_head : 8
    - d_head : 40
    - d_embed : 256
    - d_model : 256
    - d_inner : 1024
    - dropout : 0.05
    - dropatt : 0.05
    - init : normal
    - emb_init : normal
    - init_range : 0.1
    - emb_init_range : 0.01
    - init_std : 0.02
    - proj_init_std : 0.01
    - optim : adam
    - lr : 0.00025
    - mom : 0.0
    - scheduler : cosine
    - warmup_step : 0
    - decay_rate : 0.5
    - lr_min : 0.0
    - clip : 0.25
    - clip_nonemb : False
    - max_step : 1200000
    - batch_size : 512
    - batch_chunk : 4
    - tgt_len : 32
    - eval_tgt_len : 32
    - ext_len : 0
    - mem_len : 32
    - not_tied : False
    - seed : 1111
    - cuda : True
    - adaptive : False
    - div_val : 1
    - pre_lnorm : False
    - varlen : False
    - multi_gpu : False
    - log_interval : 200
    - eval_interval : 4000
    - work_dir : /m/triton/scratch/elec/puhe/p/jaina5/transformer-xl/FinnishXL/-Ktrain/20191107-151917
    - restart : True
    - restart_dir : /m/triton/scratch/elec/puhe/p/jaina5/transformer-xl/FinnishXL/-Ktrain/20191007-112506
    - debug : False
    - same_length : False
    - attn_type : 0
    - clamp_len : -1
    - eta_min : 0.0
    - gpu0_bsz : -1
    - max_eval_steps : -1
    - sample_softmax : -1
    - patience : 0
    - finetune_v2 : False
    - finetune_v3 : False
    - fp16 : False
    - static_loss_scale : 1
    - dynamic_loss_scale : False
    - tied : True
    - n_token : 34519
    - n_all_param : 16361559
    - n_nonemb_param : 7489536
====================================================================================================
#params = 16361559
#non emb params = 7489536
| epoch   1 step      200 |    200 batches | lr 1.61e-05 | ms/batch 421.19 | loss  4.25 | ppl    69.801
Traceback (most recent call last):
  File "train_kiel_train_schedule_restart_96.py", line 563, in <module>
    train()
  File "train_kiel_train_schedule_restart_96.py", line 512, in train
    logger.histo_summary(tag, value.data.cpu().numpy(), train_step)
  File "/scratch/elec/puhe/p/jaina5/transformer-xl/FinnishXL/logger.py", line 70, in histo_summary
    self.writer.add_summary(summary, step)
AttributeError: 'ResourceSummaryWriter' object has no attribute 'add_summary'
srun: error: gpu30: task 0: Exited with exit code 1
srun: Terminating job step 47497438.0
