Run training...
Experiment dir : LM-TFM-Ktrain/20190812-120746
Loading cached dataset...
====================================================================================================
    - data : /m/triton/scratch/elec/puhe/p/jaina5/transformer-xl/FinnishXL/data/kiel_train/
    - dataset : Ktrain
    - n_layer : 24
    - n_head : 8
    - d_head : 64
    - d_embed : 512
    - d_model : 512
    - d_inner : 2048
    - dropout : 0.1
    - dropatt : 0.0
    - init : normal
    - emb_init : normal
    - init_range : 0.1
    - emb_init_range : 0.01
    - init_std : 0.02
    - proj_init_std : 0.01
    - optim : adam
    - lr : 0.00025
    - mom : 0.0
    - scheduler : cosine
    - warmup_step : 0
    - decay_rate : 0.5
    - lr_min : 0.0
    - clip : 0.25
    - clip_nonemb : False
    - max_step : 100000
    - batch_size : 60
    - batch_chunk : 1
    - tgt_len : 70
    - eval_tgt_len : 50
    - ext_len : 0
    - mem_len : 0
    - not_tied : False
    - seed : 1111
    - cuda : True
    - adaptive : False
    - div_val : 1
    - pre_lnorm : False
    - varlen : False
    - multi_gpu : False
    - log_interval : 200
    - eval_interval : 4000
    - work_dir : LM-TFM-Ktrain/20190812-120746
    - restart : False
    - restart_dir : 
    - debug : False
    - same_length : False
    - attn_type : 2
    - clamp_len : -1
    - eta_min : 0.0
    - gpu0_bsz : -1
    - max_eval_steps : -1
    - sample_softmax : -1
    - patience : 0
    - finetune_v2 : False
    - finetune_v3 : False
    - fp16 : False
    - static_loss_scale : 1
    - dynamic_loss_scale : False
    - tied : True
    - n_token : 34519
    - n_all_param : 93316311
    - n_nonemb_param : 75608064
====================================================================================================
#params = 93316311
#non emb params = 75608064
| epoch   1 step      200 |    200 batches | lr 0.00025 | ms/batch 341.55 | loss  8.46 | ppl  4721.146
| epoch   1 step      400 |    400 batches | lr 0.00025 | ms/batch 339.60 | loss  8.32 | ppl  4114.537
| epoch   1 step      600 |    600 batches | lr 0.00025 | ms/batch 339.95 | loss  8.32 | ppl  4087.050
| epoch   1 step      800 |    800 batches | lr 0.00025 | ms/batch 340.69 | loss  8.31 | ppl  4059.253
| epoch   1 step     1000 |   1000 batches | lr 0.00025 | ms/batch 341.16 | loss  8.31 | ppl  4062.268
| epoch   1 step     1200 |   1200 batches | lr 0.00025 | ms/batch 341.37 | loss  8.31 | ppl  4048.759
| epoch   1 step     1400 |   1400 batches | lr 0.00025 | ms/batch 341.35 | loss  8.30 | ppl  4019.318
| epoch   1 step     1600 |   1600 batches | lr 0.00025 | ms/batch 341.05 | loss  8.30 | ppl  4030.007
| epoch   1 step     1800 |   1800 batches | lr 0.00025 | ms/batch 340.99 | loss  8.30 | ppl  4020.669
| epoch   1 step     2000 |   2000 batches | lr 0.00025 | ms/batch 340.68 | loss  8.30 | ppl  4027.541
| epoch   1 step     2200 |   2200 batches | lr 0.00025 | ms/batch 339.81 | loss  8.30 | ppl  4015.713
| epoch   1 step     2400 |   2400 batches | lr 0.00025 | ms/batch 339.43 | loss  8.29 | ppl  3997.414
| epoch   1 step     2600 |   2600 batches | lr 0.00025 | ms/batch 339.26 | loss  8.29 | ppl  4000.652
| epoch   1 step     2800 |   2800 batches | lr 0.00025 | ms/batch 338.67 | loss  8.29 | ppl  3993.036
| epoch   1 step     3000 |   3000 batches | lr 0.000249 | ms/batch 339.02 | loss  8.29 | ppl  4002.092
| epoch   1 step     3200 |   3200 batches | lr 0.000249 | ms/batch 339.22 | loss  8.29 | ppl  3988.275
| epoch   1 step     3400 |   3400 batches | lr 0.000249 | ms/batch 339.12 | loss  8.30 | ppl  4004.157
| epoch   1 step     3600 |   3600 batches | lr 0.000249 | ms/batch 339.24 | loss  8.29 | ppl  3969.404
| epoch   1 step     3800 |   3800 batches | lr 0.000249 | ms/batch 339.08 | loss  8.29 | ppl  3985.167
| epoch   1 step     4000 |   4000 batches | lr 0.000249 | ms/batch 338.88 | loss  8.29 | ppl  3980.689
----------------------------------------------------------------------------------------------------
| Eval   1 at step     4000 | time: 1895.86s | valid loss  8.27 | valid ppl  3902.039
----------------------------------------------------------------------------------------------------
| epoch   1 step     4200 |   4200 batches | lr 0.000249 | ms/batch 3022.94 | loss  8.29 | ppl  3988.211
| epoch   1 step     4400 |   4400 batches | lr 0.000249 | ms/batch 337.41 | loss  8.29 | ppl  3983.647
| epoch   1 step     4600 |   4600 batches | lr 0.000249 | ms/batch 337.75 | loss  8.29 | ppl  3983.873
| epoch   1 step     4800 |   4800 batches | lr 0.000249 | ms/batch 337.31 | loss  8.29 | ppl  3984.057
| epoch   1 step     5000 |   5000 batches | lr 0.000248 | ms/batch 337.15 | loss  8.29 | ppl  3972.622
| epoch   1 step     5200 |   5200 batches | lr 0.000248 | ms/batch 337.11 | loss  8.28 | ppl  3962.964
| epoch   1 step     5400 |   5400 batches | lr 0.000248 | ms/batch 337.59 | loss  8.29 | ppl  3978.018
| epoch   1 step     5600 |   5600 batches | lr 0.000248 | ms/batch 337.07 | loss  8.29 | ppl  3974.347
| epoch   1 step     5800 |   5800 batches | lr 0.000248 | ms/batch 337.07 | loss  8.29 | ppl  3976.225
| epoch   1 step     6000 |   6000 batches | lr 0.000248 | ms/batch 336.99 | loss  8.28 | ppl  3958.503
| epoch   1 step     6200 |   6200 batches | lr 0.000248 | ms/batch 337.01 | loss  8.28 | ppl  3957.931
| epoch   1 step     6400 |   6400 batches | lr 0.000247 | ms/batch 337.10 | loss  8.28 | ppl  3958.945
| epoch   1 step     6600 |   6600 batches | lr 0.000247 | ms/batch 336.89 | loss  8.29 | ppl  3964.449
| epoch   1 step     6800 |   6800 batches | lr 0.000247 | ms/batch 336.48 | loss  8.28 | ppl  3961.613
| epoch   1 step     7000 |   7000 batches | lr 0.000247 | ms/batch 336.72 | loss  8.29 | ppl  3965.668
| epoch   1 step     7200 |   7200 batches | lr 0.000247 | ms/batch 336.97 | loss  8.28 | ppl  3961.840
| epoch   1 step     7400 |   7400 batches | lr 0.000247 | ms/batch 336.43 | loss  8.29 | ppl  3964.486
| epoch   1 step     7600 |   7600 batches | lr 0.000246 | ms/batch 336.66 | loss  8.29 | ppl  3975.154
| epoch   1 step     7800 |   7800 batches | lr 0.000246 | ms/batch 336.59 | loss  8.28 | ppl  3958.779
| epoch   1 step     8000 |   8000 batches | lr 0.000246 | ms/batch 335.92 | loss  8.28 | ppl  3953.498
----------------------------------------------------------------------------------------------------
| Eval   2 at step     8000 | time: 1882.59s | valid loss  8.27 | valid ppl  3896.757
----------------------------------------------------------------------------------------------------
| epoch   1 step     8200 |   8200 batches | lr 0.000246 | ms/batch 3017.98 | loss  8.29 | ppl  3978.950
| epoch   1 step     8400 |   8400 batches | lr 0.000246 | ms/batch 335.88 | loss  8.29 | ppl  3977.256
| epoch   1 step     8600 |   8600 batches | lr 0.000245 | ms/batch 336.02 | loss  8.29 | ppl  3965.115
| epoch   1 step     8800 |   8800 batches | lr 0.000245 | ms/batch 336.50 | loss  8.29 | ppl  3974.760
| epoch   1 step     9000 |   9000 batches | lr 0.000245 | ms/batch 335.89 | loss  8.29 | ppl  3967.084
| epoch   1 step     9200 |   9200 batches | lr 0.000245 | ms/batch 336.33 | loss  8.28 | ppl  3961.582
| epoch   1 step     9400 |   9400 batches | lr 0.000245 | ms/batch 336.31 | loss  8.29 | ppl  3971.396
| epoch   1 step     9600 |   9600 batches | lr 0.000244 | ms/batch 336.27 | loss  8.28 | ppl  3960.706
| epoch   1 step     9800 |   9800 batches | lr 0.000244 | ms/batch 336.12 | loss  8.29 | ppl  3964.582
| epoch   1 step    10000 |  10000 batches | lr 0.000244 | ms/batch 336.17 | loss  8.28 | ppl  3963.117
| epoch   1 step    10200 |  10200 batches | lr 0.000244 | ms/batch 335.93 | loss  8.28 | ppl  3958.781
| epoch   1 step    10400 |  10400 batches | lr 0.000243 | ms/batch 336.16 | loss  8.29 | ppl  3965.354
| epoch   1 step    10600 |  10600 batches | lr 0.000243 | ms/batch 336.01 | loss  8.28 | ppl  3960.134
| epoch   1 step    10800 |  10800 batches | lr 0.000243 | ms/batch 336.12 | loss  8.28 | ppl  3960.210
| epoch   1 step    11000 |  11000 batches | lr 0.000243 | ms/batch 336.18 | loss  8.28 | ppl  3956.589
| epoch   1 step    11200 |  11200 batches | lr 0.000242 | ms/batch 336.03 | loss  8.29 | ppl  3975.192
| epoch   1 step    11400 |  11400 batches | lr 0.000242 | ms/batch 336.22 | loss  8.28 | ppl  3952.622
| epoch   1 step    11600 |  11600 batches | lr 0.000242 | ms/batch 336.15 | loss  8.28 | ppl  3939.519
| epoch   1 step    11800 |  11800 batches | lr 0.000242 | ms/batch 335.97 | loss  8.28 | ppl  3962.759
| epoch   1 step    12000 |  12000 batches | lr 0.000241 | ms/batch 336.18 | loss  8.28 | ppl  3947.559
----------------------------------------------------------------------------------------------------
| Eval   3 at step    12000 | time: 1878.72s | valid loss  8.26 | valid ppl  3882.971
----------------------------------------------------------------------------------------------------
| epoch   1 step    12200 |  12200 batches | lr 0.000241 | ms/batch 3014.67 | loss  8.28 | ppl  3944.684
| epoch   1 step    12400 |  12400 batches | lr 0.000241 | ms/batch 335.95 | loss  8.28 | ppl  3952.651
| epoch   1 step    12600 |  12600 batches | lr 0.00024 | ms/batch 335.87 | loss  8.28 | ppl  3946.652
| epoch   1 step    12800 |  12800 batches | lr 0.00024 | ms/batch 335.74 | loss  8.28 | ppl  3947.854
| epoch   1 step    13000 |  13000 batches | lr 0.00024 | ms/batch 335.86 | loss  8.28 | ppl  3959.647
| epoch   1 step    13200 |  13200 batches | lr 0.000239 | ms/batch 335.77 | loss  8.28 | ppl  3950.414
| epoch   1 step    13400 |  13400 batches | lr 0.000239 | ms/batch 336.01 | loss  8.28 | ppl  3945.299
| epoch   1 step    13600 |  13600 batches | lr 0.000239 | ms/batch 335.92 | loss  8.28 | ppl  3960.451
| epoch   1 step    13800 |  13800 batches | lr 0.000238 | ms/batch 335.86 | loss  8.28 | ppl  3946.167
| epoch   1 step    14000 |  14000 batches | lr 0.000238 | ms/batch 335.88 | loss  8.29 | ppl  3965.856
| epoch   1 step    14200 |  14200 batches | lr 0.000238 | ms/batch 335.85 | loss  8.28 | ppl  3957.220
| epoch   1 step    14400 |  14400 batches | lr 0.000237 | ms/batch 335.81 | loss  8.28 | ppl  3949.960
| epoch   1 step    14600 |  14600 batches | lr 0.000237 | ms/batch 335.72 | loss  8.28 | ppl  3948.309
| epoch   1 step    14800 |  14800 batches | lr 0.000237 | ms/batch 335.95 | loss  8.28 | ppl  3951.163
| epoch   1 step    15000 |  15000 batches | lr 0.000236 | ms/batch 335.55 | loss  8.28 | ppl  3945.648
| epoch   1 step    15200 |  15200 batches | lr 0.000236 | ms/batch 335.49 | loss  8.28 | ppl  3951.390
| epoch   1 step    15400 |  15400 batches | lr 0.000236 | ms/batch 335.77 | loss  8.28 | ppl  3943.202
| epoch   1 step    15600 |  15600 batches | lr 0.000235 | ms/batch 335.55 | loss  8.28 | ppl  3955.817
| epoch   1 step    15800 |  15800 batches | lr 0.000235 | ms/batch 335.83 | loss  8.28 | ppl  3940.809
| epoch   1 step    16000 |  16000 batches | lr 0.000235 | ms/batch 335.71 | loss  8.28 | ppl  3942.880
----------------------------------------------------------------------------------------------------
| Eval   4 at step    16000 | time: 1873.57s | valid loss  8.26 | valid ppl  3880.300
----------------------------------------------------------------------------------------------------
| epoch   1 step    16200 |  16200 batches | lr 0.000234 | ms/batch 2997.49 | loss  8.28 | ppl  3961.086
| epoch   1 step    16400 |  16400 batches | lr 0.000234 | ms/batch 335.83 | loss  8.28 | ppl  3940.591
| epoch   1 step    16600 |  16600 batches | lr 0.000233 | ms/batch 335.56 | loss  8.28 | ppl  3940.183
| epoch   1 step    16800 |  16800 batches | lr 0.000233 | ms/batch 335.60 | loss  8.28 | ppl  3955.227
| epoch   1 step    17000 |  17000 batches | lr 0.000233 | ms/batch 335.81 | loss  8.28 | ppl  3953.456
| epoch   1 step    17200 |  17200 batches | lr 0.000232 | ms/batch 335.54 | loss  8.28 | ppl  3947.530
| epoch   1 step    17400 |  17400 batches | lr 0.000232 | ms/batch 335.54 | loss  8.28 | ppl  3959.068
| epoch   1 step    17600 |  17600 batches | lr 0.000231 | ms/batch 335.44 | loss  8.28 | ppl  3947.749
| epoch   1 step    17800 |  17800 batches | lr 0.000231 | ms/batch 335.41 | loss  8.28 | ppl  3951.110
| epoch   1 step    18000 |  18000 batches | lr 0.000231 | ms/batch 335.34 | loss  8.28 | ppl  3950.446
| epoch   1 step    18200 |  18200 batches | lr 0.00023 | ms/batch 335.31 | loss  8.28 | ppl  3943.406
| epoch   1 step    18400 |  18400 batches | lr 0.00023 | ms/batch 335.41 | loss  8.28 | ppl  3938.468
| epoch   1 step    18600 |  18600 batches | lr 0.000229 | ms/batch 335.43 | loss  8.28 | ppl  3945.632
| epoch   1 step    18800 |  18800 batches | lr 0.000229 | ms/batch 335.69 | loss  8.28 | ppl  3936.296
| epoch   1 step    19000 |  19000 batches | lr 0.000228 | ms/batch 335.48 | loss  8.28 | ppl  3937.749
| epoch   1 step    19200 |  19200 batches | lr 0.000228 | ms/batch 335.31 | loss  8.28 | ppl  3934.862
| epoch   1 step    19400 |  19400 batches | lr 0.000227 | ms/batch 335.85 | loss  8.28 | ppl  3939.908
| epoch   1 step    19600 |  19600 batches | lr 0.000227 | ms/batch 335.64 | loss  8.28 | ppl  3948.130
| epoch   1 step    19800 |  19800 batches | lr 0.000227 | ms/batch 335.53 | loss  8.28 | ppl  3959.295
| epoch   1 step    20000 |  20000 batches | lr 0.000226 | ms/batch 335.61 | loss  8.28 | ppl  3961.353
----------------------------------------------------------------------------------------------------
| Eval   5 at step    20000 | time: 1871.45s | valid loss  8.26 | valid ppl  3872.384
----------------------------------------------------------------------------------------------------
| epoch   1 step    20200 |  20200 batches | lr 0.000226 | ms/batch 2992.70 | loss  8.28 | ppl  3950.134
| epoch   1 step    20400 |  20400 batches | lr 0.000225 | ms/batch 335.77 | loss  8.28 | ppl  3962.269
| epoch   1 step    20600 |  20600 batches | lr 0.000225 | ms/batch 335.68 | loss  8.28 | ppl  3961.196
| epoch   1 step    20800 |  20800 batches | lr 0.000224 | ms/batch 335.67 | loss  8.28 | ppl  3947.596
| epoch   1 step    21000 |  21000 batches | lr 0.000224 | ms/batch 335.65 | loss  8.28 | ppl  3950.253
| epoch   1 step    21200 |  21200 batches | lr 0.000223 | ms/batch 335.82 | loss  8.28 | ppl  3943.247
| epoch   1 step    21400 |  21400 batches | lr 0.000223 | ms/batch 335.55 | loss  8.28 | ppl  3939.921
| epoch   1 step    21600 |  21600 batches | lr 0.000222 | ms/batch 335.59 | loss  8.28 | ppl  3947.157
| epoch   1 step    21800 |  21800 batches | lr 0.000222 | ms/batch 335.62 | loss  8.28 | ppl  3949.027
| epoch   1 step    22000 |  22000 batches | lr 0.000221 | ms/batch 335.73 | loss  8.28 | ppl  3949.317
| epoch   1 step    22200 |  22200 batches | lr 0.000221 | ms/batch 335.56 | loss  8.28 | ppl  3944.681
| epoch   1 step    22400 |  22400 batches | lr 0.00022 | ms/batch 335.59 | loss  8.28 | ppl  3938.054
| epoch   1 step    22600 |  22600 batches | lr 0.00022 | ms/batch 335.41 | loss  8.28 | ppl  3950.384
| epoch   1 step    22800 |  22800 batches | lr 0.000219 | ms/batch 335.69 | loss  8.28 | ppl  3956.926
| epoch   1 step    23000 |  23000 batches | lr 0.000219 | ms/batch 335.29 | loss  8.28 | ppl  3941.621
| epoch   1 step    23200 |  23200 batches | lr 0.000218 | ms/batch 335.32 | loss  8.28 | ppl  3946.639
| epoch   1 step    23400 |  23400 batches | lr 0.000218 | ms/batch 335.23 | loss  8.28 | ppl  3948.263
| epoch   1 step    23600 |  23600 batches | lr 0.000217 | ms/batch 335.17 | loss  8.28 | ppl  3951.429
| epoch   1 step    23800 |  23800 batches | lr 0.000217 | ms/batch 335.43 | loss  8.28 | ppl  3952.366
| epoch   1 step    24000 |  24000 batches | lr 0.000216 | ms/batch 335.15 | loss  8.28 | ppl  3941.891
----------------------------------------------------------------------------------------------------
| Eval   6 at step    24000 | time: 1871.44s | valid loss  8.26 | valid ppl  3873.941
----------------------------------------------------------------------------------------------------
| epoch   1 step    24200 |  24200 batches | lr 0.000216 | ms/batch 2981.32 | loss  8.28 | ppl  3943.735
| epoch   1 step    24400 |  24400 batches | lr 0.000215 | ms/batch 335.27 | loss  8.28 | ppl  3942.631
| epoch   1 step    24600 |  24600 batches | lr 0.000214 | ms/batch 335.28 | loss  8.28 | ppl  3942.127
| epoch   1 step    24800 |  24800 batches | lr 0.000214 | ms/batch 335.15 | loss  8.28 | ppl  3946.302
| epoch   1 step    25000 |  25000 batches | lr 0.000213 | ms/batch 335.28 | loss  8.28 | ppl  3939.927
| epoch   1 step    25200 |  25200 batches | lr 0.000213 | ms/batch 335.52 | loss  8.28 | ppl  3943.848
| epoch   1 step    25400 |  25400 batches | lr 0.000212 | ms/batch 335.35 | loss  8.28 | ppl  3934.855
| epoch   1 step    25600 |  25600 batches | lr 0.000212 | ms/batch 335.27 | loss  8.28 | ppl  3942.904
| epoch   1 step    25800 |  25800 batches | lr 0.000211 | ms/batch 335.29 | loss  8.28 | ppl  3956.848
| epoch   1 step    26000 |  26000 batches | lr 0.000211 | ms/batch 335.21 | loss  8.28 | ppl  3940.720
| epoch   1 step    26200 |  26200 batches | lr 0.00021 | ms/batch 335.23 | loss  8.28 | ppl  3943.357
| epoch   1 step    26400 |  26400 batches | lr 0.000209 | ms/batch 335.21 | loss  8.28 | ppl  3945.267
| epoch   1 step    26600 |  26600 batches | lr 0.000209 | ms/batch 335.31 | loss  8.28 | ppl  3937.405
| epoch   1 step    26800 |  26800 batches | lr 0.000208 | ms/batch 335.07 | loss  8.28 | ppl  3946.893
| epoch   1 step    27000 |  27000 batches | lr 0.000208 | ms/batch 335.29 | loss  8.28 | ppl  3950.670
| epoch   1 step    27200 |  27200 batches | lr 0.000207 | ms/batch 335.47 | loss  8.28 | ppl  3951.409
| epoch   1 step    27400 |  27400 batches | lr 0.000206 | ms/batch 335.14 | loss  8.28 | ppl  3940.119
| epoch   1 step    27600 |  27600 batches | lr 0.000206 | ms/batch 335.06 | loss  8.28 | ppl  3939.432
| epoch   1 step    27800 |  27800 batches | lr 0.000205 | ms/batch 335.04 | loss  8.28 | ppl  3935.080
| epoch   1 step    28000 |  28000 batches | lr 0.000205 | ms/batch 335.32 | loss  8.28 | ppl  3937.671
----------------------------------------------------------------------------------------------------
| Eval   7 at step    28000 | time: 1869.46s | valid loss  8.26 | valid ppl  3877.753
----------------------------------------------------------------------------------------------------
| epoch   1 step    28200 |  28200 batches | lr 0.000204 | ms/batch 2977.39 | loss  8.28 | ppl  3945.327
| epoch   1 step    28400 |  28400 batches | lr 0.000203 | ms/batch 335.22 | loss  8.28 | ppl  3942.991
| epoch   1 step    28600 |  28600 batches | lr 0.000203 | ms/batch 335.17 | loss  8.28 | ppl  3943.559
| epoch   1 step    28800 |  28800 batches | lr 0.000202 | ms/batch 334.76 | loss  8.28 | ppl  3958.294
| epoch   1 step    29000 |  29000 batches | lr 0.000202 | ms/batch 334.52 | loss  8.28 | ppl  3937.582
| epoch   1 step    29200 |  29200 batches | lr 0.000201 | ms/batch 334.88 | loss  8.28 | ppl  3938.819
| epoch   1 step    29400 |  29400 batches | lr 0.0002 | ms/batch 334.79 | loss  8.28 | ppl  3948.229
| epoch   1 step    29600 |  29600 batches | lr 0.0002 | ms/batch 334.74 | loss  8.28 | ppl  3949.703
| epoch   1 step    29800 |  29800 batches | lr 0.000199 | ms/batch 334.64 | loss  8.28 | ppl  3950.927
| epoch   1 step    30000 |  30000 batches | lr 0.000198 | ms/batch 334.81 | loss  8.28 | ppl  3945.767
| epoch   1 step    30200 |  30200 batches | lr 0.000198 | ms/batch 334.62 | loss  8.28 | ppl  3945.914
| epoch   1 step    30400 |  30400 batches | lr 0.000197 | ms/batch 334.67 | loss  8.28 | ppl  3942.985
| epoch   1 step    30600 |  30600 batches | lr 0.000197 | ms/batch 334.63 | loss  8.28 | ppl  3936.053
| epoch   1 step    30800 |  30800 batches | lr 0.000196 | ms/batch 334.45 | loss  8.28 | ppl  3960.301
| epoch   1 step    31000 |  31000 batches | lr 0.000195 | ms/batch 334.68 | loss  8.28 | ppl  3943.394
| epoch   1 step    31200 |  31200 batches | lr 0.000195 | ms/batch 334.95 | loss  8.28 | ppl  3934.981
| epoch   1 step    31400 |  31400 batches | lr 0.000194 | ms/batch 334.88 | loss  8.28 | ppl  3932.134
| epoch   1 step    31600 |  31600 batches | lr 0.000193 | ms/batch 334.65 | loss  8.28 | ppl  3929.599
| epoch   1 step    31800 |  31800 batches | lr 0.000193 | ms/batch 334.71 | loss  8.28 | ppl  3945.353
| epoch   1 step    32000 |  32000 batches | lr 0.000192 | ms/batch 334.78 | loss  8.28 | ppl  3958.784
----------------------------------------------------------------------------------------------------
| Eval   8 at step    32000 | time: 1863.10s | valid loss  8.26 | valid ppl  3872.922
----------------------------------------------------------------------------------------------------
| epoch   1 step    32200 |  32200 batches | lr 0.000191 | ms/batch 2954.02 | loss  8.28 | ppl  3931.244
| epoch   1 step    32400 |  32400 batches | lr 0.000191 | ms/batch 334.55 | loss  8.28 | ppl  3934.672
| epoch   1 step    32600 |  32600 batches | lr 0.00019 | ms/batch 334.56 | loss  8.28 | ppl  3943.047
| epoch   1 step    32800 |  32800 batches | lr 0.000189 | ms/batch 334.47 | loss  8.28 | ppl  3945.496
| epoch   1 step    33000 |  33000 batches | lr 0.000189 | ms/batch 334.44 | loss  8.28 | ppl  3941.076
| epoch   1 step    33200 |  33200 batches | lr 0.000188 | ms/batch 334.36 | loss  8.28 | ppl  3942.694
| epoch   1 step    33400 |  33400 batches | lr 0.000187 | ms/batch 334.33 | loss  8.28 | ppl  3943.605
| epoch   1 step    33600 |  33600 batches | lr 0.000187 | ms/batch 334.28 | loss  8.28 | ppl  3935.784
| epoch   1 step    33800 |  33800 batches | lr 0.000186 | ms/batch 334.57 | loss  8.28 | ppl  3950.448
| epoch   1 step    34000 |  34000 batches | lr 0.000185 | ms/batch 334.43 | loss  8.28 | ppl  3932.736
| epoch   1 step    34200 |  34200 batches | lr 0.000185 | ms/batch 334.45 | loss  8.28 | ppl  3933.318
| epoch   1 step    34400 |  34400 batches | lr 0.000184 | ms/batch 334.37 | loss  8.28 | ppl  3938.500
| epoch   1 step    34600 |  34600 batches | lr 0.000183 | ms/batch 334.53 | loss  8.28 | ppl  3947.077
| epoch   1 step    34800 |  34800 batches | lr 0.000182 | ms/batch 334.36 | loss  8.28 | ppl  3936.771
| epoch   1 step    35000 |  35000 batches | lr 0.000182 | ms/batch 334.57 | loss  8.28 | ppl  3926.507
| epoch   1 step    35200 |  35200 batches | lr 0.000181 | ms/batch 334.49 | loss  8.28 | ppl  3939.134
| epoch   1 step    35400 |  35400 batches | lr 0.00018 | ms/batch 334.66 | loss  8.28 | ppl  3949.200
| epoch   1 step    35600 |  35600 batches | lr 0.00018 | ms/batch 334.68 | loss  8.28 | ppl  3944.004
| epoch   1 step    35800 |  35800 batches | lr 0.000179 | ms/batch 334.52 | loss  8.28 | ppl  3942.553
| epoch   1 step    36000 |  36000 batches | lr 0.000178 | ms/batch 334.59 | loss  8.28 | ppl  3934.849
----------------------------------------------------------------------------------------------------
| Eval   9 at step    36000 | time: 1861.82s | valid loss  8.26 | valid ppl  3871.113
----------------------------------------------------------------------------------------------------
| epoch   1 step    36200 |  36200 batches | lr 0.000178 | ms/batch 2959.14 | loss  8.28 | ppl  3928.053
| epoch   1 step    36400 |  36400 batches | lr 0.000177 | ms/batch 334.61 | loss  8.28 | ppl  3932.781
| epoch   1 step    36600 |  36600 batches | lr 0.000176 | ms/batch 334.54 | loss  8.28 | ppl  3938.043
| epoch   1 step    36800 |  36800 batches | lr 0.000175 | ms/batch 334.45 | loss  8.28 | ppl  3939.394
| epoch   1 step    37000 |  37000 batches | lr 0.000175 | ms/batch 334.45 | loss  8.28 | ppl  3932.872
| epoch   1 step    37200 |  37200 batches | lr 0.000174 | ms/batch 334.52 | loss  8.28 | ppl  3937.150
| epoch   1 step    37400 |  37400 batches | lr 0.000173 | ms/batch 334.63 | loss  8.28 | ppl  3939.014
| epoch   1 step    37600 |  37600 batches | lr 0.000172 | ms/batch 334.51 | loss  8.28 | ppl  3939.474
| epoch   1 step    37800 |  37800 batches | lr 0.000172 | ms/batch 334.55 | loss  8.28 | ppl  3937.853
| epoch   1 step    38000 |  38000 batches | lr 0.000171 | ms/batch 334.78 | loss  8.28 | ppl  3935.507
| epoch   1 step    38200 |  38200 batches | lr 0.00017 | ms/batch 334.41 | loss  8.28 | ppl  3949.281
| epoch   1 step    38400 |  38400 batches | lr 0.00017 | ms/batch 334.41 | loss  8.28 | ppl  3928.406
| epoch   1 step    38600 |  38600 batches | lr 0.000169 | ms/batch 334.52 | loss  8.28 | ppl  3940.126
| epoch   1 step    38800 |  38800 batches | lr 0.000168 | ms/batch 334.30 | loss  8.28 | ppl  3931.099
| epoch   1 step    39000 |  39000 batches | lr 0.000167 | ms/batch 334.35 | loss  8.28 | ppl  3949.565
| epoch   1 step    39200 |  39200 batches | lr 0.000167 | ms/batch 334.50 | loss  8.28 | ppl  3926.245
| epoch   1 step    39400 |  39400 batches | lr 0.000166 | ms/batch 334.52 | loss  8.28 | ppl  3945.431
| epoch   1 step    39600 |  39600 batches | lr 0.000165 | ms/batch 334.44 | loss  8.28 | ppl  3949.855
| epoch   1 step    39800 |  39800 batches | lr 0.000164 | ms/batch 334.50 | loss  8.28 | ppl  3936.381
| epoch   1 step    40000 |  40000 batches | lr 0.000164 | ms/batch 334.71 | loss  8.28 | ppl  3938.610
----------------------------------------------------------------------------------------------------
| Eval  10 at step    40000 | time: 1862.07s | valid loss  8.26 | valid ppl  3874.070
----------------------------------------------------------------------------------------------------
| epoch   1 step    40200 |  40200 batches | lr 0.000163 | ms/batch 2954.33 | loss  8.27 | ppl  3919.748
| epoch   1 step    40400 |  40400 batches | lr 0.000162 | ms/batch 334.59 | loss  8.28 | ppl  3931.782
| epoch   1 step    40600 |  40600 batches | lr 0.000161 | ms/batch 334.73 | loss  8.28 | ppl  3955.209
| epoch   1 step    40800 |  40800 batches | lr 0.000161 | ms/batch 334.46 | loss  8.27 | ppl  3917.643
| epoch   1 step    41000 |  41000 batches | lr 0.00016 | ms/batch 334.45 | loss  8.29 | ppl  3964.878
| epoch   1 step    41200 |  41200 batches | lr 0.000159 | ms/batch 334.42 | loss  8.28 | ppl  3936.689
| epoch   1 step    41400 |  41400 batches | lr 0.000158 | ms/batch 334.61 | loss  8.28 | ppl  3941.498
| epoch   1 step    41600 |  41600 batches | lr 0.000158 | ms/batch 334.40 | loss  8.28 | ppl  3936.446
| epoch   1 step    41800 |  41800 batches | lr 0.000157 | ms/batch 334.48 | loss  8.28 | ppl  3938.437
| epoch   1 step    42000 |  42000 batches | lr 0.000156 | ms/batch 334.47 | loss  8.28 | ppl  3940.079
| epoch   1 step    42200 |  42200 batches | lr 0.000155 | ms/batch 334.48 | loss  8.28 | ppl  3925.394
| epoch   1 step    42400 |  42400 batches | lr 0.000155 | ms/batch 334.56 | loss  8.28 | ppl  3939.309
| epoch   1 step    42600 |  42600 batches | lr 0.000154 | ms/batch 334.50 | loss  8.28 | ppl  3933.059
| epoch   1 step    42800 |  42800 batches | lr 0.000153 | ms/batch 334.39 | loss  8.28 | ppl  3932.308
| epoch   1 step    43000 |  43000 batches | lr 0.000152 | ms/batch 334.62 | loss  8.28 | ppl  3934.660
| epoch   1 step    43200 |  43200 batches | lr 0.000152 | ms/batch 334.51 | loss  8.28 | ppl  3940.184
| epoch   1 step    43400 |  43400 batches | lr 0.000151 | ms/batch 334.55 | loss  8.28 | ppl  3932.438
| epoch   1 step    43600 |  43600 batches | lr 0.00015 | ms/batch 334.39 | loss  8.28 | ppl  3938.875
| epoch   1 step    43800 |  43800 batches | lr 0.000149 | ms/batch 334.44 | loss  8.28 | ppl  3942.341
| epoch   1 step    44000 |  44000 batches | lr 0.000148 | ms/batch 334.55 | loss  8.28 | ppl  3928.782
----------------------------------------------------------------------------------------------------
| Eval  11 at step    44000 | time: 1862.02s | valid loss  8.26 | valid ppl  3866.504
----------------------------------------------------------------------------------------------------
| epoch   1 step    44200 |  44200 batches | lr 0.000148 | ms/batch 2963.38 | loss  8.28 | ppl  3936.890
| epoch   1 step    44400 |  44400 batches | lr 0.000147 | ms/batch 334.39 | loss  8.28 | ppl  3945.707
| epoch   1 step    44600 |  44600 batches | lr 0.000146 | ms/batch 334.48 | loss  8.28 | ppl  3933.219
| epoch   1 step    44800 |  44800 batches | lr 0.000145 | ms/batch 334.45 | loss  8.28 | ppl  3948.656
| epoch   1 step    45000 |  45000 batches | lr 0.000145 | ms/batch 334.55 | loss  8.28 | ppl  3932.547
| epoch   1 step    45200 |  45200 batches | lr 0.000144 | ms/batch 334.55 | loss  8.28 | ppl  3944.573
| epoch   1 step    45400 |  45400 batches | lr 0.000143 | ms/batch 334.47 | loss  8.28 | ppl  3945.171
| epoch   1 step    45600 |  45600 batches | lr 0.000142 | ms/batch 334.55 | loss  8.28 | ppl  3943.831
| epoch   1 step    45800 |  45800 batches | lr 0.000141 | ms/batch 334.50 | loss  8.28 | ppl  3933.580
| epoch   1 step    46000 |  46000 batches | lr 0.000141 | ms/batch 334.61 | loss  8.28 | ppl  3935.568
| epoch   1 step    46200 |  46200 batches | lr 0.00014 | ms/batch 334.74 | loss  8.27 | ppl  3924.326
| epoch   1 step    46400 |  46400 batches | lr 0.000139 | ms/batch 334.70 | loss  8.28 | ppl  3929.551
| epoch   1 step    46600 |  46600 batches | lr 0.000138 | ms/batch 334.62 | loss  8.28 | ppl  3934.372
| epoch   1 step    46800 |  46800 batches | lr 0.000138 | ms/batch 334.77 | loss  8.28 | ppl  3934.538
| epoch   1 step    47000 |  47000 batches | lr 0.000137 | ms/batch 334.53 | loss  8.28 | ppl  3947.243
| epoch   1 step    47200 |  47200 batches | lr 0.000136 | ms/batch 334.56 | loss  8.28 | ppl  3929.223
| epoch   1 step    47400 |  47400 batches | lr 0.000135 | ms/batch 334.44 | loss  8.28 | ppl  3952.847
| epoch   1 step    47600 |  47600 batches | lr 0.000134 | ms/batch 335.04 | loss  8.28 | ppl  3928.704
| epoch   1 step    47800 |  47800 batches | lr 0.000134 | ms/batch 334.84 | loss  8.28 | ppl  3941.240
| epoch   1 step    48000 |  48000 batches | lr 0.000133 | ms/batch 334.57 | loss  8.28 | ppl  3930.832
----------------------------------------------------------------------------------------------------
| Eval  12 at step    48000 | time: 4308.05s | valid loss  8.26 | valid ppl  3870.377
----------------------------------------------------------------------------------------------------
| epoch   1 step    48200 |  48200 batches | lr 0.000132 | ms/batch 2952.43 | loss  8.28 | ppl  3941.832
| epoch   1 step    48400 |  48400 batches | lr 0.000131 | ms/batch 334.85 | loss  8.28 | ppl  3938.055
| epoch   1 step    48600 |  48600 batches | lr 0.00013 | ms/batch 334.63 | loss  8.28 | ppl  3940.664
| epoch   1 step    48800 |  48800 batches | lr 0.00013 | ms/batch 334.75 | loss  8.28 | ppl  3931.091
| epoch   1 step    49000 |  49000 batches | lr 0.000129 | ms/batch 334.65 | loss  8.27 | ppl  3921.844
| epoch   1 step    49200 |  49200 batches | lr 0.000128 | ms/batch 334.61 | loss  8.28 | ppl  3939.971
| epoch   1 step    49400 |  49400 batches | lr 0.000127 | ms/batch 334.70 | loss  8.28 | ppl  3948.107
| epoch   1 step    49600 |  49600 batches | lr 0.000127 | ms/batch 334.75 | loss  8.28 | ppl  3933.733
| epoch   1 step    49800 |  49800 batches | lr 0.000126 | ms/batch 334.74 | loss  8.28 | ppl  3938.075
| epoch   1 step    50000 |  50000 batches | lr 0.000125 | ms/batch 334.83 | loss  8.28 | ppl  3940.062
| epoch   1 step    50200 |  50200 batches | lr 0.000124 | ms/batch 334.85 | loss  8.28 | ppl  3926.958
| epoch   1 step    50400 |  50400 batches | lr 0.000123 | ms/batch 334.76 | loss  8.28 | ppl  3939.530
| epoch   1 step    50600 |  50600 batches | lr 0.000123 | ms/batch 334.58 | loss  8.27 | ppl  3924.331
| epoch   1 step    50800 |  50800 batches | lr 0.000122 | ms/batch 334.60 | loss  8.28 | ppl  3933.212
| epoch   1 step    51000 |  51000 batches | lr 0.000121 | ms/batch 334.77 | loss  8.28 | ppl  3934.208
| epoch   1 step    51200 |  51200 batches | lr 0.00012 | ms/batch 334.68 | loss  8.28 | ppl  3925.055
| epoch   1 step    51400 |  51400 batches | lr 0.00012 | ms/batch 334.59 | loss  8.28 | ppl  3935.161
| epoch   1 step    51600 |  51600 batches | lr 0.000119 | ms/batch 334.64 | loss  8.28 | ppl  3936.727
| epoch   1 step    51800 |  51800 batches | lr 0.000118 | ms/batch 334.53 | loss  8.27 | ppl  3922.703
| epoch   1 step    52000 |  52000 batches | lr 0.000117 | ms/batch 334.77 | loss  8.28 | ppl  3942.114
----------------------------------------------------------------------------------------------------
| Eval  13 at step    52000 | time: 1862.54s | valid loss  8.26 | valid ppl  3867.007
----------------------------------------------------------------------------------------------------
| epoch   1 step    52200 |  52200 batches | lr 0.000116 | ms/batch 2953.61 | loss  8.28 | ppl  3940.384
| epoch   1 step    52400 |  52400 batches | lr 0.000116 | ms/batch 334.52 | loss  8.28 | ppl  3925.237
| epoch   2 step    52600 |     91 batches | lr 0.000115 | ms/batch 336.77 | loss  8.28 | ppl  3926.081
| epoch   2 step    52800 |    291 batches | lr 0.000114 | ms/batch 334.71 | loss  8.28 | ppl  3941.462
| epoch   2 step    53000 |    491 batches | lr 0.000113 | ms/batch 334.53 | loss  8.28 | ppl  3946.936
| epoch   2 step    53200 |    691 batches | lr 0.000112 | ms/batch 334.55 | loss  8.28 | ppl  3934.399
| epoch   2 step    53400 |    891 batches | lr 0.000112 | ms/batch 334.65 | loss  8.28 | ppl  3926.561
| epoch   2 step    53600 |   1091 batches | lr 0.000111 | ms/batch 334.52 | loss  8.28 | ppl  3940.932
| epoch   2 step    53800 |   1291 batches | lr 0.00011 | ms/batch 334.38 | loss  8.28 | ppl  3931.749
| epoch   2 step    54000 |   1491 batches | lr 0.000109 | ms/batch 334.84 | loss  8.28 | ppl  3934.013
| epoch   2 step    54200 |   1691 batches | lr 0.000109 | ms/batch 334.69 | loss  8.28 | ppl  3933.114
| epoch   2 step    54400 |   1891 batches | lr 0.000108 | ms/batch 334.67 | loss  8.28 | ppl  3930.486
| epoch   2 step    54600 |   2091 batches | lr 0.000107 | ms/batch 334.56 | loss  8.28 | ppl  3941.177
| epoch   2 step    54800 |   2291 batches | lr 0.000106 | ms/batch 334.72 | loss  8.28 | ppl  3941.832
| epoch   2 step    55000 |   2491 batches | lr 0.000105 | ms/batch 334.75 | loss  8.28 | ppl  3932.196
| epoch   2 step    55200 |   2691 batches | lr 0.000105 | ms/batch 334.56 | loss  8.28 | ppl  3934.386
| epoch   2 step    55400 |   2891 batches | lr 0.000104 | ms/batch 334.72 | loss  8.28 | ppl  3928.441
| epoch   2 step    55600 |   3091 batches | lr 0.000103 | ms/batch 334.60 | loss  8.28 | ppl  3926.379
| epoch   2 step    55800 |   3291 batches | lr 0.000102 | ms/batch 334.52 | loss  8.28 | ppl  3948.002
| epoch   2 step    56000 |   3491 batches | lr 0.000102 | ms/batch 334.68 | loss  8.28 | ppl  3926.512
----------------------------------------------------------------------------------------------------
| Eval  14 at step    56000 | time: 1862.47s | valid loss  8.26 | valid ppl  3866.066
----------------------------------------------------------------------------------------------------
| epoch   2 step    56200 |   3691 batches | lr 0.000101 | ms/batch 2959.27 | loss  8.28 | ppl  3935.439
| epoch   2 step    56400 |   3891 batches | lr 0.0001 | ms/batch 334.46 | loss  8.28 | ppl  3924.842
| epoch   2 step    56600 |   4091 batches | lr 9.93e-05 | ms/batch 334.48 | loss  8.28 | ppl  3937.448
| epoch   2 step    56800 |   4291 batches | lr 9.85e-05 | ms/batch 334.58 | loss  8.28 | ppl  3927.187
| epoch   2 step    57000 |   4491 batches | lr 9.77e-05 | ms/batch 334.61 | loss  8.28 | ppl  3929.769
| epoch   2 step    57200 |   4691 batches | lr 9.7e-05 | ms/batch 334.64 | loss  8.28 | ppl  3929.755
| epoch   2 step    57400 |   4891 batches | lr 9.62e-05 | ms/batch 334.89 | loss  8.28 | ppl  3932.321
| epoch   2 step    57600 |   5091 batches | lr 9.54e-05 | ms/batch 334.67 | loss  8.28 | ppl  3928.732
| epoch   2 step    57800 |   5291 batches | lr 9.47e-05 | ms/batch 334.63 | loss  8.28 | ppl  3937.303
| epoch   2 step    58000 |   5491 batches | lr 9.39e-05 | ms/batch 334.60 | loss  8.28 | ppl  3935.089
| epoch   2 step    58200 |   5691 batches | lr 9.32e-05 | ms/batch 334.71 | loss  8.28 | ppl  3937.545
| epoch   2 step    58400 |   5891 batches | lr 9.24e-05 | ms/batch 334.62 | loss  8.28 | ppl  3940.378
| epoch   2 step    58600 |   6091 batches | lr 9.16e-05 | ms/batch 334.79 | loss  8.28 | ppl  3932.444
| epoch   2 step    58800 |   6291 batches | lr 9.09e-05 | ms/batch 334.70 | loss  8.28 | ppl  3932.887
| epoch   2 step    59000 |   6491 batches | lr 9.01e-05 | ms/batch 334.78 | loss  8.28 | ppl  3927.605
| epoch   2 step    59200 |   6691 batches | lr 8.94e-05 | ms/batch 334.56 | loss  8.28 | ppl  3926.933
| epoch   2 step    59400 |   6891 batches | lr 8.86e-05 | ms/batch 334.80 | loss  8.28 | ppl  3925.389
| epoch   2 step    59600 |   7091 batches | lr 8.79e-05 | ms/batch 334.56 | loss  8.27 | ppl  3918.381
| epoch   2 step    59800 |   7291 batches | lr 8.71e-05 | ms/batch 334.73 | loss  8.28 | ppl  3930.723
| epoch   2 step    60000 |   7491 batches | lr 8.64e-05 | ms/batch 334.76 | loss  8.28 | ppl  3942.318
----------------------------------------------------------------------------------------------------
| Eval  15 at step    60000 | time: 1862.10s | valid loss  8.26 | valid ppl  3864.865
----------------------------------------------------------------------------------------------------
| epoch   2 step    60200 |   7691 batches | lr 8.56e-05 | ms/batch 2961.94 | loss  8.28 | ppl  3930.377
| epoch   2 step    60400 |   7891 batches | lr 8.49e-05 | ms/batch 334.86 | loss  8.28 | ppl  3932.139
| epoch   2 step    60600 |   8091 batches | lr 8.41e-05 | ms/batch 334.61 | loss  8.28 | ppl  3931.928
| epoch   2 step    60800 |   8291 batches | lr 8.34e-05 | ms/batch 334.60 | loss  8.28 | ppl  3924.698
| epoch   2 step    61000 |   8491 batches | lr 8.27e-05 | ms/batch 334.76 | loss  8.28 | ppl  3930.834
| epoch   2 step    61200 |   8691 batches | lr 8.19e-05 | ms/batch 334.49 | loss  8.28 | ppl  3931.180
| epoch   2 step    61400 |   8891 batches | lr 8.12e-05 | ms/batch 334.74 | loss  8.27 | ppl  3913.942
| epoch   2 step    61600 |   9091 batches | lr 8.04e-05 | ms/batch 334.67 | loss  8.28 | ppl  3932.378
| epoch   2 step    61800 |   9291 batches | lr 7.97e-05 | ms/batch 334.58 | loss  8.28 | ppl  3951.166
| epoch   2 step    62000 |   9491 batches | lr 7.9e-05 | ms/batch 334.77 | loss  8.28 | ppl  3930.133
| epoch   2 step    62200 |   9691 batches | lr 7.83e-05 | ms/batch 334.62 | loss  8.28 | ppl  3935.381
| epoch   2 step    62400 |   9891 batches | lr 7.75e-05 | ms/batch 334.59 | loss  8.28 | ppl  3929.504
| epoch   2 step    62600 |  10091 batches | lr 7.68e-05 | ms/batch 334.64 | loss  8.28 | ppl  3927.398
| epoch   2 step    62800 |  10291 batches | lr 7.61e-05 | ms/batch 334.80 | loss  8.28 | ppl  3936.254
| epoch   2 step    63000 |  10491 batches | lr 7.54e-05 | ms/batch 334.63 | loss  8.27 | ppl  3923.883
| epoch   2 step    63200 |  10691 batches | lr 7.46e-05 | ms/batch 334.54 | loss  8.28 | ppl  3928.382
| epoch   2 step    63400 |  10891 batches | lr 7.39e-05 | ms/batch 334.79 | loss  8.27 | ppl  3921.286
| epoch   2 step    63600 |  11091 batches | lr 7.32e-05 | ms/batch 334.45 | loss  8.28 | ppl  3938.629
| epoch   2 step    63800 |  11291 batches | lr 7.25e-05 | ms/batch 334.72 | loss  8.28 | ppl  3929.687
| epoch   2 step    64000 |  11491 batches | lr 7.18e-05 | ms/batch 334.65 | loss  8.28 | ppl  3929.965
----------------------------------------------------------------------------------------------------
| Eval  16 at step    64000 | time: 1861.98s | valid loss  8.26 | valid ppl  3865.216
----------------------------------------------------------------------------------------------------
| epoch   2 step    64200 |  11691 batches | lr 7.11e-05 | ms/batch 2951.37 | loss  8.28 | ppl  3938.709
| epoch   2 step    64400 |  11891 batches | lr 7.04e-05 | ms/batch 334.62 | loss  8.27 | ppl  3924.478
| epoch   2 step    64600 |  12091 batches | lr 6.97e-05 | ms/batch 334.42 | loss  8.28 | ppl  3927.239
| epoch   2 step    64800 |  12291 batches | lr 6.9e-05 | ms/batch 334.61 | loss  8.28 | ppl  3935.103
| epoch   2 step    65000 |  12491 batches | lr 6.83e-05 | ms/batch 334.66 | loss  8.28 | ppl  3926.661
| epoch   2 step    65200 |  12691 batches | lr 6.76e-05 | ms/batch 334.68 | loss  8.28 | ppl  3937.116
| epoch   2 step    65400 |  12891 batches | lr 6.69e-05 | ms/batch 334.50 | loss  8.28 | ppl  3932.726
| epoch   2 step    65600 |  13091 batches | lr 6.62e-05 | ms/batch 334.78 | loss  8.28 | ppl  3928.548
| epoch   2 step    65800 |  13291 batches | lr 6.55e-05 | ms/batch 334.84 | loss  8.28 | ppl  3938.838
| epoch   2 step    66000 |  13491 batches | lr 6.48e-05 | ms/batch 334.68 | loss  8.27 | ppl  3923.073
| epoch   2 step    66200 |  13691 batches | lr 6.41e-05 | ms/batch 334.60 | loss  8.28 | ppl  3930.514
| epoch   2 step    66400 |  13891 batches | lr 6.34e-05 | ms/batch 334.45 | loss  8.28 | ppl  3925.362
| epoch   2 step    66600 |  14091 batches | lr 6.27e-05 | ms/batch 334.66 | loss  8.28 | ppl  3934.161
| epoch   2 step    66800 |  14291 batches | lr 6.2e-05 | ms/batch 334.77 | loss  8.28 | ppl  3935.350
| epoch   2 step    67000 |  14491 batches | lr 6.14e-05 | ms/batch 334.70 | loss  8.28 | ppl  3935.429
| epoch   2 step    67200 |  14691 batches | lr 6.07e-05 | ms/batch 334.67 | loss  8.28 | ppl  3938.833
| epoch   2 step    67400 |  14891 batches | lr 6e-05 | ms/batch 334.71 | loss  8.28 | ppl  3932.468
| epoch   2 step    67600 |  15091 batches | lr 5.94e-05 | ms/batch 334.58 | loss  8.28 | ppl  3929.036
| epoch   2 step    67800 |  15291 batches | lr 5.87e-05 | ms/batch 334.82 | loss  8.27 | ppl  3917.353
| epoch   2 step    68000 |  15491 batches | lr 5.8e-05 | ms/batch 334.66 | loss  8.28 | ppl  3926.326
----------------------------------------------------------------------------------------------------
| Eval  17 at step    68000 | time: 1861.86s | valid loss  8.26 | valid ppl  3863.684
----------------------------------------------------------------------------------------------------
| epoch   2 step    68200 |  15691 batches | lr 5.74e-05 | ms/batch 2960.53 | loss  8.28 | ppl  3937.960
| epoch   2 step    68400 |  15891 batches | lr 5.67e-05 | ms/batch 335.18 | loss  8.28 | ppl  3933.483
| epoch   2 step    68600 |  16091 batches | lr 5.6e-05 | ms/batch 334.87 | loss  8.28 | ppl  3951.129
| epoch   2 step    68800 |  16291 batches | lr 5.54e-05 | ms/batch 334.88 | loss  8.28 | ppl  3933.888
| epoch   2 step    69000 |  16491 batches | lr 5.47e-05 | ms/batch 334.47 | loss  8.27 | ppl  3918.391
| epoch   2 step    69200 |  16691 batches | lr 5.41e-05 | ms/batch 334.72 | loss  8.27 | ppl  3918.049
| epoch   2 step    69400 |  16891 batches | lr 5.34e-05 | ms/batch 334.89 | loss  8.28 | ppl  3949.812
| epoch   2 step    69600 |  17091 batches | lr 5.28e-05 | ms/batch 334.55 | loss  8.28 | ppl  3930.600
| epoch   2 step    69800 |  17291 batches | lr 5.22e-05 | ms/batch 334.61 | loss  8.28 | ppl  3942.084
| epoch   2 step    70000 |  17491 batches | lr 5.15e-05 | ms/batch 334.62 | loss  8.28 | ppl  3927.814
| epoch   2 step    70200 |  17691 batches | lr 5.09e-05 | ms/batch 334.71 | loss  8.28 | ppl  3925.802
| epoch   2 step    70400 |  17891 batches | lr 5.03e-05 | ms/batch 334.69 | loss  8.28 | ppl  3935.883
| epoch   2 step    70600 |  18091 batches | lr 4.96e-05 | ms/batch 334.64 | loss  8.27 | ppl  3918.594
| epoch   2 step    70800 |  18291 batches | lr 4.9e-05 | ms/batch 334.53 | loss  8.27 | ppl  3921.438
| epoch   2 step    71000 |  18491 batches | lr 4.84e-05 | ms/batch 334.62 | loss  8.28 | ppl  3934.760
| epoch   2 step    71200 |  18691 batches | lr 4.78e-05 | ms/batch 334.60 | loss  8.28 | ppl  3941.037
| epoch   2 step    71400 |  18891 batches | lr 4.72e-05 | ms/batch 334.79 | loss  8.28 | ppl  3932.601
| epoch   2 step    71600 |  19091 batches | lr 4.65e-05 | ms/batch 334.76 | loss  8.27 | ppl  3921.652
| epoch   2 step    71800 |  19291 batches | lr 4.59e-05 | ms/batch 334.59 | loss  8.28 | ppl  3943.391
| epoch   2 step    72000 |  19491 batches | lr 4.53e-05 | ms/batch 334.74 | loss  8.28 | ppl  3924.716
----------------------------------------------------------------------------------------------------
| Eval  18 at step    72000 | time: 1862.25s | valid loss  8.26 | valid ppl  3863.592
----------------------------------------------------------------------------------------------------
| epoch   2 step    72200 |  19691 batches | lr 4.47e-05 | ms/batch 2960.72 | loss  8.27 | ppl  3915.726
| epoch   2 step    72400 |  19891 batches | lr 4.41e-05 | ms/batch 334.76 | loss  8.28 | ppl  3931.283
| epoch   2 step    72600 |  20091 batches | lr 4.35e-05 | ms/batch 334.82 | loss  8.28 | ppl  3931.880
| epoch   2 step    72800 |  20291 batches | lr 4.29e-05 | ms/batch 334.67 | loss  8.27 | ppl  3923.151
| epoch   2 step    73000 |  20491 batches | lr 4.23e-05 | ms/batch 334.72 | loss  8.28 | ppl  3932.141
| epoch   2 step    73200 |  20691 batches | lr 4.17e-05 | ms/batch 334.82 | loss  8.27 | ppl  3919.779
| epoch   2 step    73400 |  20891 batches | lr 4.12e-05 | ms/batch 334.82 | loss  8.28 | ppl  3928.093
| epoch   2 step    73600 |  21091 batches | lr 4.06e-05 | ms/batch 334.49 | loss  8.28 | ppl  3944.131
| epoch   2 step    73800 |  21291 batches | lr 4e-05 | ms/batch 334.67 | loss  8.27 | ppl  3921.053
| epoch   2 step    74000 |  21491 batches | lr 3.94e-05 | ms/batch 334.49 | loss  8.27 | ppl  3917.306
| epoch   2 step    74200 |  21691 batches | lr 3.89e-05 | ms/batch 334.76 | loss  8.28 | ppl  3929.929
| epoch   2 step    74400 |  21891 batches | lr 3.83e-05 | ms/batch 334.65 | loss  8.27 | ppl  3924.430
| epoch   2 step    74600 |  22091 batches | lr 3.77e-05 | ms/batch 334.67 | loss  8.28 | ppl  3947.555
| epoch   2 step    74800 |  22291 batches | lr 3.72e-05 | ms/batch 334.70 | loss  8.28 | ppl  3934.345
| epoch   2 step    75000 |  22491 batches | lr 3.66e-05 | ms/batch 334.59 | loss  8.28 | ppl  3938.973
| epoch   2 step    75200 |  22691 batches | lr 3.61e-05 | ms/batch 334.85 | loss  8.27 | ppl  3923.114
| epoch   2 step    75400 |  22891 batches | lr 3.55e-05 | ms/batch 334.57 | loss  8.28 | ppl  3934.768
| epoch   2 step    75600 |  23091 batches | lr 3.5e-05 | ms/batch 334.61 | loss  8.28 | ppl  3938.841
| epoch   2 step    75800 |  23291 batches | lr 3.44e-05 | ms/batch 334.55 | loss  8.27 | ppl  3914.666
| epoch   2 step    76000 |  23491 batches | lr 3.39e-05 | ms/batch 334.70 | loss  8.28 | ppl  3943.328
----------------------------------------------------------------------------------------------------
| Eval  19 at step    76000 | time: 1862.42s | valid loss  8.26 | valid ppl  3863.033
----------------------------------------------------------------------------------------------------
| epoch   2 step    76200 |  23691 batches | lr 3.33e-05 | ms/batch 2961.30 | loss  8.28 | ppl  3925.797
| epoch   2 step    76400 |  23891 batches | lr 3.28e-05 | ms/batch 334.82 | loss  8.27 | ppl  3921.279
| epoch   2 step    76600 |  24091 batches | lr 3.23e-05 | ms/batch 334.61 | loss  8.28 | ppl  3950.921
| epoch   2 step    76800 |  24291 batches | lr 3.18e-05 | ms/batch 334.64 | loss  8.28 | ppl  3933.765
| epoch   2 step    77000 |  24491 batches | lr 3.12e-05 | ms/batch 334.92 | loss  8.28 | ppl  3927.405
| epoch   2 step    77200 |  24691 batches | lr 3.07e-05 | ms/batch 334.72 | loss  8.28 | ppl  3924.602
| epoch   2 step    77400 |  24891 batches | lr 3.02e-05 | ms/batch 334.64 | loss  8.28 | ppl  3933.516
| epoch   2 step    77600 |  25091 batches | lr 2.97e-05 | ms/batch 334.66 | loss  8.28 | ppl  3932.422
| epoch   2 step    77800 |  25291 batches | lr 2.92e-05 | ms/batch 334.65 | loss  8.27 | ppl  3920.201
| epoch   2 step    78000 |  25491 batches | lr 2.87e-05 | ms/batch 334.67 | loss  8.28 | ppl  3927.449
| epoch   2 step    78200 |  25691 batches | lr 2.82e-05 | ms/batch 334.72 | loss  8.28 | ppl  3930.548
| epoch   2 step    78400 |  25891 batches | lr 2.77e-05 | ms/batch 334.73 | loss  8.28 | ppl  3935.434
| epoch   2 step    78600 |  26091 batches | lr 2.72e-05 | ms/batch 334.60 | loss  8.28 | ppl  3927.183
| epoch   2 step    78800 |  26291 batches | lr 2.67e-05 | ms/batch 334.97 | loss  8.28 | ppl  3930.624
| epoch   2 step    79000 |  26491 batches | lr 2.62e-05 | ms/batch 334.65 | loss  8.27 | ppl  3920.281
| epoch   2 step    79200 |  26691 batches | lr 2.58e-05 | ms/batch 334.64 | loss  8.28 | ppl  3930.491
| epoch   2 step    79400 |  26891 batches | lr 2.53e-05 | ms/batch 334.77 | loss  8.27 | ppl  3921.974
| epoch   2 step    79600 |  27091 batches | lr 2.48e-05 | ms/batch 334.63 | loss  8.27 | ppl  3912.792
| epoch   2 step    79800 |  27291 batches | lr 2.43e-05 | ms/batch 334.58 | loss  8.28 | ppl  3928.223
| epoch   2 step    80000 |  27491 batches | lr 2.39e-05 | ms/batch 334.59 | loss  8.28 | ppl  3938.085
----------------------------------------------------------------------------------------------------
| Eval  20 at step    80000 | time: 1862.39s | valid loss  8.26 | valid ppl  3863.175
----------------------------------------------------------------------------------------------------
| epoch   2 step    80200 |  27691 batches | lr 2.34e-05 | ms/batch 2952.60 | loss  8.28 | ppl  3934.954
| epoch   2 step    80400 |  27891 batches | lr 2.3e-05 | ms/batch 334.49 | loss  8.28 | ppl  3936.269
| epoch   2 step    80600 |  28091 batches | lr 2.25e-05 | ms/batch 334.64 | loss  8.28 | ppl  3925.024
| epoch   2 step    80800 |  28291 batches | lr 2.21e-05 | ms/batch 334.69 | loss  8.27 | ppl  3917.460
| epoch   2 step    81000 |  28491 batches | lr 2.16e-05 | ms/batch 334.64 | loss  8.28 | ppl  3930.430
| epoch   2 step    81200 |  28691 batches | lr 2.12e-05 | ms/batch 334.64 | loss  8.28 | ppl  3926.707
| epoch   2 step    81400 |  28891 batches | lr 2.07e-05 | ms/batch 334.64 | loss  8.27 | ppl  3922.207
| epoch   2 step    81600 |  29091 batches | lr 2.03e-05 | ms/batch 334.47 | loss  8.28 | ppl  3934.588
| epoch   2 step    81800 |  29291 batches | lr 1.99e-05 | ms/batch 334.27 | loss  8.27 | ppl  3916.114
| epoch   2 step    82000 |  29491 batches | lr 1.95e-05 | ms/batch 334.67 | loss  8.28 | ppl  3928.477
| epoch   2 step    82200 |  29691 batches | lr 1.9e-05 | ms/batch 334.94 | loss  8.27 | ppl  3916.643
| epoch   2 step    82400 |  29891 batches | lr 1.86e-05 | ms/batch 334.61 | loss  8.28 | ppl  3931.426
| epoch   2 step    82600 |  30091 batches | lr 1.82e-05 | ms/batch 334.51 | loss  8.27 | ppl  3922.412
| epoch   2 step    82800 |  30291 batches | lr 1.78e-05 | ms/batch 334.69 | loss  8.27 | ppl  3918.027
| epoch   2 step    83000 |  30491 batches | lr 1.74e-05 | ms/batch 334.64 | loss  8.28 | ppl  3929.449
| epoch   2 step    83200 |  30691 batches | lr 1.7e-05 | ms/batch 334.82 | loss  8.28 | ppl  3933.532
| epoch   2 step    83400 |  30891 batches | lr 1.66e-05 | ms/batch 334.64 | loss  8.28 | ppl  3925.381
| epoch   2 step    83600 |  31091 batches | lr 1.62e-05 | ms/batch 334.61 | loss  8.27 | ppl  3923.514
| epoch   2 step    83800 |  31291 batches | lr 1.58e-05 | ms/batch 334.60 | loss  8.27 | ppl  3912.264
| epoch   2 step    84000 |  31491 batches | lr 1.55e-05 | ms/batch 334.68 | loss  8.28 | ppl  3929.365
----------------------------------------------------------------------------------------------------
| Eval  21 at step    84000 | time: 1862.19s | valid loss  8.26 | valid ppl  3862.133
----------------------------------------------------------------------------------------------------
| epoch   2 step    84200 |  31691 batches | lr 1.51e-05 | ms/batch 2963.51 | loss  8.28 | ppl  3933.087
| epoch   2 step    84400 |  31891 batches | lr 1.47e-05 | ms/batch 334.57 | loss  8.28 | ppl  3925.340
| epoch   2 step    84600 |  32091 batches | lr 1.43e-05 | ms/batch 334.50 | loss  8.27 | ppl  3923.624
| epoch   2 step    84800 |  32291 batches | lr 1.4e-05 | ms/batch 334.56 | loss  8.27 | ppl  3919.233
| epoch   2 step    85000 |  32491 batches | lr 1.36e-05 | ms/batch 334.46 | loss  8.28 | ppl  3935.994
| epoch   2 step    85200 |  32691 batches | lr 1.33e-05 | ms/batch 334.66 | loss  8.28 | ppl  3932.916
| epoch   2 step    85400 |  32891 batches | lr 1.29e-05 | ms/batch 334.60 | loss  8.28 | ppl  3924.813
| epoch   2 step    85600 |  33091 batches | lr 1.26e-05 | ms/batch 334.78 | loss  8.28 | ppl  3935.199
| epoch   2 step    85800 |  33291 batches | lr 1.22e-05 | ms/batch 334.52 | loss  8.28 | ppl  3934.320
| epoch   2 step    86000 |  33491 batches | lr 1.19e-05 | ms/batch 334.70 | loss  8.28 | ppl  3931.898
| epoch   2 step    86200 |  33691 batches | lr 1.16e-05 | ms/batch 334.59 | loss  8.27 | ppl  3912.509
| epoch   2 step    86400 |  33891 batches | lr 1.12e-05 | ms/batch 334.73 | loss  8.28 | ppl  3928.885
| epoch   2 step    86600 |  34091 batches | lr 1.09e-05 | ms/batch 334.75 | loss  8.28 | ppl  3928.960
| epoch   2 step    86800 |  34291 batches | lr 1.06e-05 | ms/batch 334.66 | loss  8.28 | ppl  3929.232
| epoch   2 step    87000 |  34491 batches | lr 1.03e-05 | ms/batch 334.62 | loss  8.28 | ppl  3931.547
| epoch   2 step    87200 |  34691 batches | lr 9.97e-06 | ms/batch 334.71 | loss  8.27 | ppl  3919.877
| epoch   2 step    87400 |  34891 batches | lr 9.67e-06 | ms/batch 334.88 | loss  8.28 | ppl  3931.914
| epoch   2 step    87600 |  35091 batches | lr 9.37e-06 | ms/batch 334.89 | loss  8.28 | ppl  3941.482
| epoch   2 step    87800 |  35291 batches | lr 9.07e-06 | ms/batch 334.68 | loss  8.27 | ppl  3919.777
| epoch   2 step    88000 |  35491 batches | lr 8.78e-06 | ms/batch 334.63 | loss  8.28 | ppl  3939.061
----------------------------------------------------------------------------------------------------
| Eval  22 at step    88000 | time: 1862.53s | valid loss  8.26 | valid ppl  3861.388
----------------------------------------------------------------------------------------------------
| epoch   2 step    88200 |  35691 batches | lr 8.49e-06 | ms/batch 2964.58 | loss  8.27 | ppl  3917.688
| epoch   2 step    88400 |  35891 batches | lr 8.21e-06 | ms/batch 334.73 | loss  8.27 | ppl  3923.299
| epoch   2 step    88600 |  36091 batches | lr 7.93e-06 | ms/batch 334.52 | loss  8.28 | ppl  3936.421
| epoch   2 step    88800 |  36291 batches | lr 7.66e-06 | ms/batch 334.65 | loss  8.28 | ppl  3932.609
| epoch   2 step    89000 |  36491 batches | lr 7.39e-06 | ms/batch 334.66 | loss  8.27 | ppl  3924.419
| epoch   2 step    89200 |  36691 batches | lr 7.13e-06 | ms/batch 334.67 | loss  8.27 | ppl  3917.583
| epoch   2 step    89400 |  36891 batches | lr 6.87e-06 | ms/batch 334.56 | loss  8.28 | ppl  3927.644
| epoch   2 step    89600 |  37091 batches | lr 6.61e-06 | ms/batch 334.52 | loss  8.28 | ppl  3931.169
| epoch   2 step    89800 |  37291 batches | lr 6.36e-06 | ms/batch 334.70 | loss  8.28 | ppl  3934.651
| epoch   2 step    90000 |  37491 batches | lr 6.12e-06 | ms/batch 334.73 | loss  8.28 | ppl  3927.694
| epoch   2 step    90200 |  37691 batches | lr 5.88e-06 | ms/batch 334.61 | loss  8.28 | ppl  3931.503
| epoch   2 step    90400 |  37891 batches | lr 5.64e-06 | ms/batch 334.62 | loss  8.28 | ppl  3925.872
| epoch   2 step    90600 |  38091 batches | lr 5.41e-06 | ms/batch 334.71 | loss  8.28 | ppl  3935.807
| epoch   2 step    90800 |  38291 batches | lr 5.18e-06 | ms/batch 334.66 | loss  8.27 | ppl  3914.813
| epoch   2 step    91000 |  38491 batches | lr 4.96e-06 | ms/batch 334.52 | loss  8.28 | ppl  3932.541
| epoch   2 step    91200 |  38691 batches | lr 4.75e-06 | ms/batch 334.66 | loss  8.28 | ppl  3925.207
| epoch   2 step    91400 |  38891 batches | lr 4.53e-06 | ms/batch 334.49 | loss  8.28 | ppl  3939.498
| epoch   2 step    91600 |  39091 batches | lr 4.33e-06 | ms/batch 334.74 | loss  8.27 | ppl  3915.994
| epoch   2 step    91800 |  39291 batches | lr 4.12e-06 | ms/batch 334.68 | loss  8.27 | ppl  3909.459
| epoch   2 step    92000 |  39491 batches | lr 3.93e-06 | ms/batch 334.37 | loss  8.28 | ppl  3930.232
----------------------------------------------------------------------------------------------------
| Eval  23 at step    92000 | time: 1861.74s | valid loss  8.26 | valid ppl  3861.210
----------------------------------------------------------------------------------------------------
| epoch   2 step    92200 |  39691 batches | lr 3.73e-06 | ms/batch 2960.92 | loss  8.27 | ppl  3919.774
| epoch   2 step    92400 |  39891 batches | lr 3.55e-06 | ms/batch 334.72 | loss  8.28 | ppl  3929.384
| epoch   2 step    92600 |  40091 batches | lr 3.36e-06 | ms/batch 334.57 | loss  8.28 | ppl  3926.853
| epoch   2 step    92800 |  40291 batches | lr 3.18e-06 | ms/batch 334.69 | loss  8.27 | ppl  3917.802
| epoch   2 step    93000 |  40491 batches | lr 3.01e-06 | ms/batch 334.66 | loss  8.27 | ppl  3918.948
| epoch   2 step    93200 |  40691 batches | lr 2.84e-06 | ms/batch 334.65 | loss  8.28 | ppl  3947.304
| epoch   2 step    93400 |  40891 batches | lr 2.68e-06 | ms/batch 334.75 | loss  8.28 | ppl  3931.675
| epoch   2 step    93600 |  41091 batches | lr 2.52e-06 | ms/batch 334.56 | loss  8.28 | ppl  3936.507
| epoch   2 step    93800 |  41291 batches | lr 2.36e-06 | ms/batch 334.61 | loss  8.28 | ppl  3928.990
| epoch   2 step    94000 |  41491 batches | lr 2.21e-06 | ms/batch 334.58 | loss  8.28 | ppl  3929.396
| epoch   2 step    94200 |  41691 batches | lr 2.07e-06 | ms/batch 334.67 | loss  8.28 | ppl  3943.736
| epoch   2 step    94400 |  41891 batches | lr 1.93e-06 | ms/batch 334.74 | loss  8.28 | ppl  3942.796
| epoch   2 step    94600 |  42091 batches | lr 1.79e-06 | ms/batch 334.56 | loss  8.28 | ppl  3925.346
| epoch   2 step    94800 |  42291 batches | lr 1.66e-06 | ms/batch 334.74 | loss  8.28 | ppl  3926.443
| epoch   2 step    95000 |  42491 batches | lr 1.54e-06 | ms/batch 334.66 | loss  8.27 | ppl  3922.971
| epoch   2 step    95200 |  42691 batches | lr 1.42e-06 | ms/batch 334.59 | loss  8.27 | ppl  3916.698
| epoch   2 step    95400 |  42891 batches | lr 1.3e-06 | ms/batch 334.51 | loss  8.27 | ppl  3921.150
| epoch   2 step    95600 |  43091 batches | lr 1.19e-06 | ms/batch 334.76 | loss  8.27 | ppl  3922.999
| epoch   2 step    95800 |  43291 batches | lr 1.09e-06 | ms/batch 334.48 | loss  8.28 | ppl  3927.079
| epoch   2 step    96000 |  43491 batches | lr 9.86e-07 | ms/batch 334.71 | loss  8.27 | ppl  3919.609
----------------------------------------------------------------------------------------------------
| Eval  24 at step    96000 | time: 1862.12s | valid loss  8.26 | valid ppl  3861.091
----------------------------------------------------------------------------------------------------
| epoch   2 step    96200 |  43691 batches | lr 8.9e-07 | ms/batch 2961.69 | loss  8.27 | ppl  3917.964
| epoch   2 step    96400 |  43891 batches | lr 7.99e-07 | ms/batch 334.48 | loss  8.28 | ppl  3937.559
| epoch   2 step    96600 |  44091 batches | lr 7.12e-07 | ms/batch 334.56 | loss  8.28 | ppl  3934.403
| epoch   2 step    96800 |  44291 batches | lr 6.31e-07 | ms/batch 334.70 | loss  8.28 | ppl  3928.697
| epoch   2 step    97000 |  44491 batches | lr 5.55e-07 | ms/batch 334.57 | loss  8.28 | ppl  3925.088
| epoch   2 step    97200 |  44691 batches | lr 4.83e-07 | ms/batch 334.56 | loss  8.28 | ppl  3940.476
| epoch   2 step    97400 |  44891 batches | lr 4.17e-07 | ms/batch 334.74 | loss  8.27 | ppl  3911.699
| epoch   2 step    97600 |  45091 batches | lr 3.55e-07 | ms/batch 334.39 | loss  8.28 | ppl  3938.128
| epoch   2 step    97800 |  45291 batches | lr 2.98e-07 | ms/batch 334.62 | loss  8.28 | ppl  3933.594
| epoch   2 step    98000 |  45491 batches | lr 2.47e-07 | ms/batch 334.60 | loss  8.28 | ppl  3925.105
| epoch   2 step    98200 |  45691 batches | lr 2e-07 | ms/batch 334.49 | loss  8.28 | ppl  3930.480
| epoch   2 step    98400 |  45891 batches | lr 1.58e-07 | ms/batch 334.52 | loss  8.28 | ppl  3939.062
| epoch   2 step    98600 |  46091 batches | lr 1.21e-07 | ms/batch 334.82 | loss  8.28 | ppl  3940.461
| epoch   2 step    98800 |  46291 batches | lr 8.88e-08 | ms/batch 334.73 | loss  8.27 | ppl  3919.051
| epoch   2 step    99000 |  46491 batches | lr 6.17e-08 | ms/batch 334.56 | loss  8.28 | ppl  3938.377
| epoch   2 step    99200 |  46691 batches | lr 3.95e-08 | ms/batch 334.66 | loss  8.27 | ppl  3913.646
| epoch   2 step    99400 |  46891 batches | lr 2.22e-08 | ms/batch 334.73 | loss  8.28 | ppl  3928.823
| epoch   2 step    99600 |  47091 batches | lr 9.87e-09 | ms/batch 334.65 | loss  8.28 | ppl  3937.260
| epoch   2 step    99800 |  47291 batches | lr 2.47e-09 | ms/batch 334.74 | loss  8.27 | ppl  3910.327
| epoch   2 step   100000 |  47491 batches | lr 0 | ms/batch 334.54 | loss  8.28 | ppl  3933.767
----------------------------------------------------------------------------------------------------
| Eval  25 at step   100000 | time: 1862.37s | valid loss  8.26 | valid ppl  3861.088
----------------------------------------------------------------------------------------------------
----------------------------------------------------------------------------------------------------
End of training
====================================================================================================
| End of training | test loss  8.28 | test ppl  3943.598
====================================================================================================
run_Ktrain_large_vaswani.sh: line 19: --warmup_step: command not found
srun: error: gpu32: task 0: Exited with exit code 127
srun: Terminating job step 44189403.0
