Run training...
Experiment dir : /m/triton/scratch/elec/puhe/p/jaina5/transformer-xl/FinnishXL/-Ktrain/20200407-153532
Loading cached dataset...
====================================================================================================
    - data : /scratch/elec/puhe/p/jaina5/transformer-xl/FinnishXL/data/fin_Data/
    - dataset : Ktrain
    - n_layer : 72
    - n_head : 16
    - d_head : 40
    - d_embed : 512
    - d_model : 512
    - d_inner : 1024
    - dropout : 0.05
    - dropatt : 0.05
    - init : normal
    - emb_init : normal
    - init_range : 0.1
    - emb_init_range : 0.01
    - init_std : 0.02
    - proj_init_std : 0.01
    - optim : adam
    - lr : 0.00025
    - mom : 0.0
    - scheduler : cosine
    - warmup_step : 40000
    - decay_rate : 0.5
    - lr_min : 0.0
    - clip : 0.25
    - clip_nonemb : False
    - max_step : 1200000
    - batch_size : 512
    - batch_chunk : 4
    - tgt_len : 32
    - eval_tgt_len : 32
    - ext_len : 0
    - mem_len : 32
    - not_tied : False
    - seed : 1111
    - cuda : True
    - adaptive : False
    - div_val : 1
    - pre_lnorm : False
    - varlen : False
    - multi_gpu : False
    - log_interval : 200
    - eval_interval : 4000
    - work_dir : /m/triton/scratch/elec/puhe/p/jaina5/transformer-xl/FinnishXL/-Ktrain/20200407-153532
    - restart : False
    - restart_dir : 
    - debug : False
    - same_length : False
    - attn_type : 0
    - clamp_len : -1
    - eta_min : 0.0
    - gpu0_bsz : -1
    - max_eval_steps : -1
    - sample_softmax : -1
    - patience : 0
    - finetune_v2 : False
    - finetune_v3 : False
    - fp16 : False
    - static_loss_scale : 1
    - dynamic_loss_scale : False
    - tied : True
    - n_token : 35940
    - n_all_param : 212158820
    - n_nonemb_param : 193720320
====================================================================================================
#params = 212158820
#non emb params = 193720320
Traceback (most recent call last):
  File "train_kiel_train_schedule_restart.py", line 561, in <module>
    train()
  File "train_kiel_train_schedule_restart.py", line 459, in train
    loss.backward()
  File "/home/jaina5/.conda/envs/TensorflowEnv/lib/python3.7/site-packages/torch/tensor.py", line 107, in backward
    torch.autograd.backward(self, gradient, retain_graph, create_graph)
  File "/home/jaina5/.conda/envs/TensorflowEnv/lib/python3.7/site-packages/torch/autograd/__init__.py", line 93, in backward
    allow_unreachable=True)  # allow_unreachable flag
RuntimeError: CUDA out of memory. Tried to allocate 562.00 MiB (GPU 0; 31.75 GiB total capacity; 28.03 GiB already allocated; 299.19 MiB free; 2.44 GiB cached)
srun: error: gpu31: task 0: Exited with exit code 1
srun: Terminating job step 51606481.0
