Run training...
Experiment dir : /scratch/elec/puhe/p/jaina5/transformer-xl/FinnishXL/-Ktrain/20200421-183714
Producing dataset Ktrain...
building vocab from /scratch/elec/puhe/p/jaina5/transformer-xl/FinnishXL/data/fin_Data/vocab_train.txt
final vocab size 35921
/scratch/elec/puhe/p/jaina5/transformer-xl/FinnishXL/data/fin_Data/train.txt
/scratch/elec/puhe/p/jaina5/transformer-xl/FinnishXL/data/fin_Data/valid.txt
/scratch/elec/puhe/p/jaina5/transformer-xl/FinnishXL/data/fin_Data/test.txt
====================================================================================================
    - data : /scratch/elec/puhe/p/jaina5/transformer-xl/FinnishXL/data/fin_Data/
    - dataset : Ktrain
    - n_layer : 72
    - n_head : 8
    - d_head : 40
    - d_embed : 512
    - d_model : 512
    - d_inner : 1024
    - dropout : 0.05
    - dropatt : 0.05
    - init : normal
    - emb_init : normal
    - init_range : 0.1
    - emb_init_range : 0.01
    - init_std : 0.02
    - proj_init_std : 0.01
    - optim : adam
    - lr : 0.00025
    - mom : 0.0
    - scheduler : cosine
    - warmup_step : 40000
    - decay_rate : 0.5
    - lr_min : 0.0
    - clip : 0.25
    - clip_nonemb : False
    - max_step : 1200000
    - batch_size : 512
    - batch_chunk : 2
    - tgt_len : 32
    - eval_tgt_len : 32
    - ext_len : 0
    - mem_len : 32
    - not_tied : False
    - seed : 1111
    - cuda : True
    - adaptive : False
    - div_val : 1
    - pre_lnorm : False
    - varlen : False
    - multi_gpu : True
    - log_interval : 200
    - eval_interval : 4000
    - work_dir : /scratch/elec/puhe/p/jaina5/transformer-xl/FinnishXL/-Ktrain/20200421-183714
    - restart : False
    - restart_dir : 
    - debug : False
    - same_length : False
    - attn_type : 0
    - clamp_len : -1
    - eta_min : 0.0
    - gpu0_bsz : 0
    - max_eval_steps : -1
    - sample_softmax : -1
    - patience : 0
    - finetune_v2 : False
    - finetune_v3 : False
    - fp16 : False
    - static_loss_scale : 1
    - dynamic_loss_scale : False
    - tied : True
    - n_token : 35921
    - n_all_param : 153166033
    - n_nonemb_param : 134737920
====================================================================================================
#params = 153166033
#non emb params = 134737920
| epoch   1 step      200 |    200 batches | lr 1.25e-06 | ms/batch 2579.46 | loss  9.53 | ppl 13804.483
| epoch   1 step      400 |    400 batches | lr 2.5e-06 | ms/batch 2508.99 | loss  9.12 | ppl  9178.316
| epoch   1 step      600 |    600 batches | lr 3.75e-06 | ms/batch 2426.42 | loss  8.75 | ppl  6321.489
| epoch   1 step      800 |    800 batches | lr 5e-06 | ms/batch 2501.98 | loss  8.34 | ppl  4185.207
| epoch   1 step     1000 |   1000 batches | lr 6.25e-06 | ms/batch 2426.39 | loss  7.91 | ppl  2729.139
| epoch   1 step     1200 |   1200 batches | lr 7.5e-06 | ms/batch 2508.75 | loss  7.52 | ppl  1847.985
| epoch   1 step     1400 |   1400 batches | lr 8.75e-06 | ms/batch 2520.75 | loss  7.19 | ppl  1332.219
| epoch   1 step     1600 |   1600 batches | lr 1e-05 | ms/batch 2429.30 | loss  6.94 | ppl  1034.770
| epoch   1 step     1800 |   1800 batches | lr 1.13e-05 | ms/batch 2517.89 | loss  6.77 | ppl   868.287
| epoch   1 step     2000 |   2000 batches | lr 1.25e-05 | ms/batch 2428.56 | loss  6.64 | ppl   761.646
| epoch   1 step     2200 |   2200 batches | lr 1.38e-05 | ms/batch 2513.97 | loss  6.53 | ppl   685.027
| epoch   1 step     2400 |   2400 batches | lr 1.5e-05 | ms/batch 2507.74 | loss  6.42 | ppl   614.836
| epoch   1 step     2600 |   2600 batches | lr 1.63e-05 | ms/batch 2426.72 | loss  6.32 | ppl   553.307
| epoch   1 step     2800 |   2800 batches | lr 1.75e-05 | ms/batch 2502.95 | loss  6.24 | ppl   510.702
| epoch   1 step     3000 |   3000 batches | lr 1.87e-05 | ms/batch 2426.75 | loss  6.16 | ppl   474.383
| epoch   1 step     3200 |   3200 batches | lr 2e-05 | ms/batch 2512.40 | loss  6.08 | ppl   437.578
| epoch   1 step     3400 |   3400 batches | lr 2.12e-05 | ms/batch 2426.14 | loss  6.01 | ppl   407.099
| epoch   1 step     3600 |   3600 batches | lr 2.25e-05 | ms/batch 2512.76 | loss  5.94 | ppl   379.241
| epoch   1 step     3800 |   3800 batches | lr 2.38e-05 | ms/batch 2509.08 | loss  5.87 | ppl   354.225
| epoch   1 step     4000 |   4000 batches | lr 2.5e-05 | ms/batch 2426.48 | loss  5.81 | ppl   332.148
----------------------------------------------------------------------------------------------------
| Eval   1 at step     4000 | time: 10632.18s | valid loss  6.46 | valid ppl   638.775
----------------------------------------------------------------------------------------------------
| epoch   1 step     4200 |   4200 batches | lr 2.63e-05 | ms/batch 6064.23 | loss  5.76 | ppl   316.437
| epoch   1 step     4400 |   4400 batches | lr 2.75e-05 | ms/batch 2430.13 | loss  5.70 | ppl   299.605
| epoch   1 step     4600 |   4600 batches | lr 2.88e-05 | ms/batch 2505.65 | loss  5.64 | ppl   282.069
| epoch   1 step     4800 |   4800 batches | lr 3e-05 | ms/batch 2516.87 | loss  5.59 | ppl   268.846
| epoch   1 step     5000 |   5000 batches | lr 3.13e-05 | ms/batch 2428.55 | loss  5.55 | ppl   256.509
| epoch   1 step     5200 |   5200 batches | lr 3.25e-05 | ms/batch 2514.86 | loss  5.50 | ppl   245.196
| epoch   1 step     5400 |   5400 batches | lr 3.38e-05 | ms/batch 2429.95 | loss  5.45 | ppl   233.866
| epoch   1 step     5600 |   5600 batches | lr 3.5e-05 | ms/batch 2508.79 | loss  5.42 | ppl   226.047
| epoch   1 step     5800 |   5800 batches | lr 3.63e-05 | ms/batch 2430.11 | loss  5.38 | ppl   216.429
| epoch   1 step     6000 |   6000 batches | lr 3.75e-05 | ms/batch 2511.41 | loss  5.34 | ppl   207.603
| epoch   1 step     6200 |   6200 batches | lr 3.87e-05 | ms/batch 2508.36 | loss  5.30 | ppl   201.289
| epoch   1 step     6400 |   6400 batches | lr 4e-05 | ms/batch 2429.36 | loss  5.27 | ppl   193.572
| epoch   1 step     6600 |   6600 batches | lr 4.13e-05 | ms/batch 2509.36 | loss  5.23 | ppl   187.537
| epoch   1 step     6800 |   6800 batches | lr 4.25e-05 | ms/batch 2429.79 | loss  5.19 | ppl   180.098
| epoch   1 step     7000 |   7000 batches | lr 4.37e-05 | ms/batch 2514.49 | loss  5.17 | ppl   175.410
| epoch   1 step     7200 |   7200 batches | lr 4.5e-05 | ms/batch 2518.39 | loss  5.13 | ppl   169.269
| epoch   1 step     7400 |   7400 batches | lr 4.62e-05 | ms/batch 2430.01 | loss  5.10 | ppl   163.656
| epoch   1 step     7600 |   7600 batches | lr 4.75e-05 | ms/batch 2516.68 | loss  5.07 | ppl   159.255
| epoch   1 step     7800 |   7800 batches | lr 4.87e-05 | ms/batch 2430.52 | loss  5.04 | ppl   154.555
| epoch   1 step     8000 |   8000 batches | lr 5e-05 | ms/batch 2505.81 | loss  5.01 | ppl   150.270
----------------------------------------------------------------------------------------------------
| Eval   2 at step     8000 | time: 10617.66s | valid loss  5.52 | valid ppl   248.508
----------------------------------------------------------------------------------------------------
| epoch   1 step     8200 |   8200 batches | lr 5.12e-05 | ms/batch 6023.63 | loss  4.99 | ppl   146.977
| epoch   1 step     8400 |   8400 batches | lr 5.25e-05 | ms/batch 2421.34 | loss  4.96 | ppl   142.612
| epoch   1 step     8600 |   8600 batches | lr 5.37e-05 | ms/batch 2508.75 | loss  4.94 | ppl   139.611
| epoch   1 step     8800 |   8800 batches | lr 5.5e-05 | ms/batch 2424.69 | loss  4.91 | ppl   135.865
| epoch   1 step     9000 |   9000 batches | lr 5.62e-05 | ms/batch 2501.83 | loss  4.89 | ppl   133.539
| epoch   1 step     9200 |   9200 batches | lr 5.75e-05 | ms/batch 2426.15 | loss  4.86 | ppl   129.535
| epoch   1 step     9400 |   9400 batches | lr 5.88e-05 | ms/batch 2503.99 | loss  4.84 | ppl   127.002
| epoch   1 step     9600 |   9600 batches | lr 6e-05 | ms/batch 2511.83 | loss  4.83 | ppl   124.784
| epoch   1 step     9800 |   9800 batches | lr 6.12e-05 | ms/batch 2425.92 | loss  4.81 | ppl   122.328
| epoch   1 step    10000 |  10000 batches | lr 6.25e-05 | ms/batch 2507.24 | loss  4.78 | ppl   119.511
| epoch   1 step    10200 |  10200 batches | lr 6.38e-05 | ms/batch 2427.89 | loss  4.77 | ppl   117.698
| epoch   1 step    10400 |  10400 batches | lr 6.5e-05 | ms/batch 2501.25 | loss  4.74 | ppl   115.001
| epoch   1 step    10600 |  10600 batches | lr 6.62e-05 | ms/batch 2510.95 | loss  4.73 | ppl   113.658
| epoch   1 step    10800 |  10800 batches | lr 6.75e-05 | ms/batch 2425.39 | loss  4.71 | ppl   111.238
| epoch   1 step    11000 |  11000 batches | lr 6.88e-05 | ms/batch 2506.49 | loss  4.69 | ppl   109.319
| epoch   1 step    11200 |  11200 batches | lr 7e-05 | ms/batch 2425.59 | loss  4.68 | ppl   107.748
| epoch   1 step    11400 |  11400 batches | lr 7.12e-05 | ms/batch 2504.20 | loss  4.66 | ppl   106.035
| epoch   1 step    11600 |  11600 batches | lr 7.25e-05 | ms/batch 2505.75 | loss  4.65 | ppl   104.141
| epoch   1 step    11800 |  11800 batches | lr 7.38e-05 | ms/batch 2424.33 | loss  4.63 | ppl   102.414
| epoch   1 step    12000 |  12000 batches | lr 7.5e-05 | ms/batch 2506.11 | loss  4.62 | ppl   101.626
----------------------------------------------------------------------------------------------------
| Eval   3 at step    12000 | time: 10604.87s | valid loss  5.03 | valid ppl   153.089
----------------------------------------------------------------------------------------------------
| epoch   1 step    12200 |  12200 batches | lr 7.63e-05 | ms/batch 5994.71 | loss  4.60 | ppl    99.874
| epoch   1 step    12400 |  12400 batches | lr 7.75e-05 | ms/batch 2510.06 | loss  4.59 | ppl    98.949
| epoch   1 step    12600 |  12600 batches | lr 7.88e-05 | ms/batch 2425.92 | loss  4.58 | ppl    97.188
| epoch   1 step    12800 |  12800 batches | lr 8e-05 | ms/batch 2500.16 | loss  4.57 | ppl    96.244
| epoch   1 step    13000 |  13000 batches | lr 8.12e-05 | ms/batch 2512.12 | loss  4.55 | ppl    95.029
| epoch   1 step    13200 |  13200 batches | lr 8.25e-05 | ms/batch 2425.23 | loss  4.54 | ppl    93.682
| epoch   1 step    13400 |  13400 batches | lr 8.38e-05 | ms/batch 2509.09 | loss  4.53 | ppl    92.810
| epoch   1 step    13600 |  13600 batches | lr 8.5e-05 | ms/batch 2426.35 | loss  4.52 | ppl    92.088
| epoch   1 step    13800 |  13800 batches | lr 8.63e-05 | ms/batch 2506.94 | loss  4.51 | ppl    90.616
| epoch   1 step    14000 |  14000 batches | lr 8.75e-05 | ms/batch 2501.72 | loss  4.50 | ppl    89.990
| epoch   1 step    14200 |  14200 batches | lr 8.88e-05 | ms/batch 2424.43 | loss  4.49 | ppl    88.900
| epoch   1 step    14400 |  14400 batches | lr 9e-05 | ms/batch 2500.97 | loss  4.48 | ppl    88.275
| epoch   1 step    14600 |  14600 batches | lr 9.12e-05 | ms/batch 2425.46 | loss  4.47 | ppl    87.022
| epoch   1 step    14800 |  14800 batches | lr 9.25e-05 | ms/batch 2505.62 | loss  4.46 | ppl    86.361
| epoch   1 step    15000 |  15000 batches | lr 9.38e-05 | ms/batch 2501.50 | loss  4.45 | ppl    85.670
| epoch   1 step    15200 |  15200 batches | lr 9.5e-05 | ms/batch 2426.33 | loss  4.44 | ppl    85.041
| epoch   1 step    15400 |  15400 batches | lr 9.63e-05 | ms/batch 2508.99 | loss  4.43 | ppl    84.154
| epoch   1 step    15600 |  15600 batches | lr 9.75e-05 | ms/batch 2424.92 | loss  4.42 | ppl    83.230
| epoch   1 step    15800 |  15800 batches | lr 9.88e-05 | ms/batch 2510.19 | loss  4.41 | ppl    82.573
| epoch   1 step    16000 |  16000 batches | lr 0.0001 | ms/batch 2425.57 | loss  4.41 | ppl    81.991
----------------------------------------------------------------------------------------------------
| Eval   4 at step    16000 | time: 10588.72s | valid loss  4.77 | valid ppl   118.250
----------------------------------------------------------------------------------------------------
| epoch   1 step    16200 |  16200 batches | lr 0.000101 | ms/batch 6072.75 | loss  4.40 | ppl    81.293
| epoch   1 step    16400 |  16400 batches | lr 0.000102 | ms/batch 2507.40 | loss  4.39 | ppl    80.759
| epoch   1 step    16600 |  16600 batches | lr 0.000104 | ms/batch 2426.12 | loss  4.39 | ppl    80.355
| epoch   1 step    16800 |  16800 batches | lr 0.000105 | ms/batch 2505.44 | loss  4.38 | ppl    79.698
| epoch   1 step    17000 |  17000 batches | lr 0.000106 | ms/batch 2419.18 | loss  4.37 | ppl    78.954
| epoch   1 step    17200 |  17200 batches | lr 0.000107 | ms/batch 2501.94 | loss  4.36 | ppl    78.470
| epoch   1 step    17400 |  17400 batches | lr 0.000109 | ms/batch 2504.01 | loss  4.35 | ppl    77.589
| epoch   1 step    17600 |  17600 batches | lr 0.00011 | ms/batch 2418.89 | loss  4.35 | ppl    77.477
| epoch   1 step    17800 |  17800 batches | lr 0.000111 | ms/batch 2497.05 | loss  4.34 | ppl    76.731
| epoch   1 step    18000 |  18000 batches | lr 0.000112 | ms/batch 2419.27 | loss  4.34 | ppl    76.633
| epoch   1 step    18200 |  18200 batches | lr 0.000114 | ms/batch 2499.15 | loss  4.33 | ppl    75.785
| epoch   1 step    18400 |  18400 batches | lr 0.000115 | ms/batch 2419.94 | loss  4.32 | ppl    75.545
| epoch   1 step    18600 |  18600 batches | lr 0.000116 | ms/batch 2499.38 | loss  4.32 | ppl    75.008
| epoch   1 step    18800 |  18800 batches | lr 0.000118 | ms/batch 2499.80 | loss  4.31 | ppl    74.546
| epoch   1 step    19000 |  19000 batches | lr 0.000119 | ms/batch 2419.08 | loss  4.31 | ppl    74.278
| epoch   1 step    19200 |  19200 batches | lr 0.00012 | ms/batch 2497.72 | loss  4.30 | ppl    73.972
| epoch   1 step    19400 |  19400 batches | lr 0.000121 | ms/batch 2419.08 | loss  4.30 | ppl    73.419
| epoch   1 step    19600 |  19600 batches | lr 0.000122 | ms/batch 2498.43 | loss  4.29 | ppl    72.929
| epoch   1 step    19800 |  19800 batches | lr 0.000124 | ms/batch 2495.10 | loss  4.28 | ppl    72.345
| epoch   1 step    20000 |  20000 batches | lr 0.000125 | ms/batch 2419.24 | loss  4.28 | ppl    72.282
----------------------------------------------------------------------------------------------------
| Eval   5 at step    20000 | time: 10574.38s | valid loss  4.62 | valid ppl   101.440
----------------------------------------------------------------------------------------------------
| epoch   1 step    20200 |  20200 batches | lr 0.000126 | ms/batch 6003.17 | loss  4.27 | ppl    71.843
| epoch   1 step    20400 |  20400 batches | lr 0.000128 | ms/batch 2415.38 | loss  4.27 | ppl    71.484
| epoch   1 step    20600 |  20600 batches | lr 0.000129 | ms/batch 2498.46 | loss  4.27 | ppl    71.470
| epoch   1 step    20800 |  20800 batches | lr 0.00013 | ms/batch 2494.66 | loss  4.26 | ppl    70.858
| epoch   1 step    21000 |  21000 batches | lr 0.000131 | ms/batch 2419.39 | loss  4.26 | ppl    70.506
| epoch   1 step    21200 |  21200 batches | lr 0.000132 | ms/batch 2496.79 | loss  4.25 | ppl    70.063
| epoch   1 step    21400 |  21400 batches | lr 0.000134 | ms/batch 2426.74 | loss  4.25 | ppl    70.149
| epoch   1 step    21600 |  21600 batches | lr 0.000135 | ms/batch 2513.66 | loss  4.24 | ppl    69.691
| epoch   1 step    21800 |  21800 batches | lr 0.000136 | ms/batch 2525.42 | loss  4.24 | ppl    69.154
| epoch   1 step    22000 |  22000 batches | lr 0.000138 | ms/batch 2440.94 | loss  4.23 | ppl    68.698
| epoch   1 step    22200 |  22200 batches | lr 0.000139 | ms/batch 2526.58 | loss  4.23 | ppl    68.484
| epoch   1 step    22400 |  22400 batches | lr 0.00014 | ms/batch 2438.09 | loss  4.22 | ppl    68.189
| epoch   1 step    22600 |  22600 batches | lr 0.000141 | ms/batch 2519.93 | loss  4.22 | ppl    68.137
| epoch   1 step    22800 |  22800 batches | lr 0.000142 | ms/batch 2441.04 | loss  4.21 | ppl    67.558
| epoch   1 step    23000 |  23000 batches | lr 0.000144 | ms/batch 2522.19 | loss  4.21 | ppl    67.452
| epoch   1 step    23200 |  23200 batches | lr 0.000145 | ms/batch 2513.75 | loss  4.21 | ppl    67.353
| epoch   1 step    23400 |  23400 batches | lr 0.000146 | ms/batch 2436.15 | loss  4.21 | ppl    67.108
| epoch   1 step    23600 |  23600 batches | lr 0.000148 | ms/batch 2523.02 | loss  4.20 | ppl    66.662
| epoch   1 step    23800 |  23800 batches | lr 0.000149 | ms/batch 2434.93 | loss  4.20 | ppl    66.718
| epoch   1 step    24000 |  24000 batches | lr 0.00015 | ms/batch 2501.47 | loss  4.19 | ppl    66.342
----------------------------------------------------------------------------------------------------
| Eval   6 at step    24000 | time: 10617.40s | valid loss  4.51 | valid ppl    91.164
----------------------------------------------------------------------------------------------------
| epoch   1 step    24200 |  24200 batches | lr 0.000151 | ms/batch 6015.76 | loss  4.19 | ppl    66.118
| epoch   1 step    24400 |  24400 batches | lr 0.000153 | ms/batch 2420.53 | loss  4.19 | ppl    65.788
| epoch   1 step    24600 |  24600 batches | lr 0.000154 | ms/batch 2524.18 | loss  4.18 | ppl    65.666
| epoch   1 step    24800 |  24800 batches | lr 0.000155 | ms/batch 2443.56 | loss  4.18 | ppl    65.501
| epoch   1 step    25000 |  25000 batches | lr 0.000156 | ms/batch 2526.82 | loss  4.18 | ppl    65.130
| epoch   1 step    25200 |  25200 batches | lr 0.000158 | ms/batch 2440.84 | loss  4.18 | ppl    65.229
| epoch   1 step    25400 |  25400 batches | lr 0.000159 | ms/batch 2516.33 | loss  4.17 | ppl    64.789
| epoch   1 step    25600 |  25600 batches | lr 0.00016 | ms/batch 2521.10 | loss  4.16 | ppl    64.363
| epoch   1 step    25800 |  25800 batches | lr 0.000161 | ms/batch 2440.13 | loss  4.17 | ppl    64.397
| epoch   1 step    26000 |  26000 batches | lr 0.000162 | ms/batch 2525.56 | loss  4.16 | ppl    64.045
| epoch   1 step    26200 |  26200 batches | lr 0.000164 | ms/batch 2439.59 | loss  4.16 | ppl    64.060
| epoch   1 step    26400 |  26400 batches | lr 0.000165 | ms/batch 2523.64 | loss  4.15 | ppl    63.740
| epoch   1 step    26600 |  26600 batches | lr 0.000166 | ms/batch 2522.77 | loss  4.15 | ppl    63.650
| epoch   1 step    26800 |  26800 batches | lr 0.000168 | ms/batch 2436.94 | loss  4.15 | ppl    63.565
| epoch   1 step    27000 |  27000 batches | lr 0.000169 | ms/batch 2516.90 | loss  4.15 | ppl    63.184
| epoch   1 step    27200 |  27200 batches | lr 0.00017 | ms/batch 2434.59 | loss  4.15 | ppl    63.174
| epoch   1 step    27400 |  27400 batches | lr 0.000171 | ms/batch 2523.47 | loss  4.14 | ppl    62.921
| epoch   1 step    27600 |  27600 batches | lr 0.000173 | ms/batch 2525.07 | loss  4.14 | ppl    62.944
| epoch   1 step    27800 |  27800 batches | lr 0.000174 | ms/batch 2439.29 | loss  4.14 | ppl    62.588
| epoch   1 step    28000 |  28000 batches | lr 0.000175 | ms/batch 2535.37 | loss  4.13 | ppl    62.388
----------------------------------------------------------------------------------------------------
| Eval   7 at step    28000 | time: 10681.07s | valid loss  4.44 | valid ppl    84.812
----------------------------------------------------------------------------------------------------
| epoch   1 step    28200 |  28200 batches | lr 0.000176 | ms/batch 6107.16 | loss  4.14 | ppl    62.584
| epoch   1 step    28400 |  28400 batches | lr 0.000178 | ms/batch 2545.53 | loss  4.13 | ppl    62.330
| epoch   1 step    28600 |  28600 batches | lr 0.000179 | ms/batch 2537.15 | loss  4.13 | ppl    61.914
| epoch   1 step    28800 |  28800 batches | lr 0.00018 | ms/batch 2439.95 | loss  4.13 | ppl    62.073
| epoch   1 step    29000 |  29000 batches | lr 0.000181 | ms/batch 2525.65 | loss  4.12 | ppl    61.853
| epoch   1 step    29200 |  29200 batches | lr 0.000182 | ms/batch 2440.12 | loss  4.13 | ppl    62.114
| epoch   1 step    29400 |  29400 batches | lr 0.000184 | ms/batch 2533.46 | loss  4.12 | ppl    61.820
| epoch   1 step    29600 |  29600 batches | lr 0.000185 | ms/batch 2449.16 | loss  4.12 | ppl    61.447
| epoch   1 step    29800 |  29800 batches | lr 0.000186 | ms/batch 2535.08 | loss  4.12 | ppl    61.326
| epoch   1 step    30000 |  30000 batches | lr 0.000188 | ms/batch 2523.97 | loss  4.11 | ppl    61.241
| epoch   1 step    30200 |  30200 batches | lr 0.000189 | ms/batch 2435.79 | loss  4.11 | ppl    61.047
| epoch   1 step    30400 |  30400 batches | lr 0.00019 | ms/batch 2511.60 | loss  4.11 | ppl    60.929
| epoch   1 step    30600 |  30600 batches | lr 0.000191 | ms/batch 2433.24 | loss  4.11 | ppl    60.865
| epoch   1 step    30800 |  30800 batches | lr 0.000193 | ms/batch 2511.25 | loss  4.11 | ppl    60.772
| epoch   1 step    31000 |  31000 batches | lr 0.000194 | ms/batch 2523.90 | loss  4.10 | ppl    60.593
| epoch   1 step    31200 |  31200 batches | lr 0.000195 | ms/batch 2434.27 | loss  4.10 | ppl    60.312
| epoch   1 step    31400 |  31400 batches | lr 0.000196 | ms/batch 2521.80 | loss  4.10 | ppl    60.282
| epoch   1 step    31600 |  31600 batches | lr 0.000198 | ms/batch 2434.64 | loss  4.10 | ppl    60.581
| epoch   1 step    31800 |  31800 batches | lr 0.000199 | ms/batch 2515.88 | loss  4.10 | ppl    60.340
| epoch   1 step    32000 |  32000 batches | lr 0.0002 | ms/batch 2434.38 | loss  4.10 | ppl    60.126
----------------------------------------------------------------------------------------------------
| Eval   8 at step    32000 | time: 10667.77s | valid loss  4.39 | valid ppl    80.536
----------------------------------------------------------------------------------------------------
| epoch   1 step    32200 |  32200 batches | lr 0.000201 | ms/batch 6129.93 | loss  4.10 | ppl    60.052
| epoch   1 step    32400 |  32400 batches | lr 0.000202 | ms/batch 2523.39 | loss  4.09 | ppl    59.910
| epoch   1 step    32600 |  32600 batches | lr 0.000204 | ms/batch 2435.20 | loss  4.09 | ppl    59.718
| epoch   1 step    32800 |  32800 batches | lr 0.000205 | ms/batch 2512.14 | loss  4.09 | ppl    59.784
| epoch   1 step    33000 |  33000 batches | lr 0.000206 | ms/batch 2433.33 | loss  4.09 | ppl    59.462
| epoch   1 step    33200 |  33200 batches | lr 0.000208 | ms/batch 2510.48 | loss  4.09 | ppl    59.581
| epoch   1 step    33400 |  33400 batches | lr 0.000209 | ms/batch 2511.93 | loss  4.08 | ppl    59.159
| epoch   1 step    33600 |  33600 batches | lr 0.00021 | ms/batch 2432.39 | loss  4.08 | ppl    59.331
| epoch   1 step    33800 |  33800 batches | lr 0.000211 | ms/batch 2522.51 | loss  4.08 | ppl    59.314
| epoch   1 step    34000 |  34000 batches | lr 0.000212 | ms/batch 2433.81 | loss  4.08 | ppl    59.195
| epoch   1 step    34200 |  34200 batches | lr 0.000214 | ms/batch 2515.98 | loss  4.08 | ppl    59.204
| epoch   1 step    34400 |  34400 batches | lr 0.000215 | ms/batch 2516.98 | loss  4.08 | ppl    59.142
| epoch   1 step    34600 |  34600 batches | lr 0.000216 | ms/batch 2433.60 | loss  4.07 | ppl    58.848
| epoch   1 step    34800 |  34800 batches | lr 0.000218 | ms/batch 2514.58 | loss  4.08 | ppl    58.867
| epoch   1 step    35000 |  35000 batches | lr 0.000219 | ms/batch 2435.15 | loss  4.07 | ppl    58.827
| epoch   1 step    35200 |  35200 batches | lr 0.00022 | ms/batch 2519.81 | loss  4.07 | ppl    58.610
| epoch   1 step    35400 |  35400 batches | lr 0.000221 | ms/batch 2523.81 | loss  4.07 | ppl    58.555
| epoch   1 step    35600 |  35600 batches | lr 0.000223 | ms/batch 2433.64 | loss  4.07 | ppl    58.559
| epoch   1 step    35800 |  35800 batches | lr 0.000224 | ms/batch 2521.46 | loss  4.07 | ppl    58.432
| epoch   1 step    36000 |  36000 batches | lr 0.000225 | ms/batch 2434.50 | loss  4.07 | ppl    58.498
----------------------------------------------------------------------------------------------------
| Eval   9 at step    36000 | time: 10667.61s | valid loss  4.36 | valid ppl    78.198
----------------------------------------------------------------------------------------------------
| epoch   1 step    36200 |  36200 batches | lr 0.000226 | ms/batch 6185.93 | loss  4.07 | ppl    58.312
| epoch   1 step    36400 |  36400 batches | lr 0.000228 | ms/batch 2433.41 | loss  4.07 | ppl    58.351
| epoch   1 step    36600 |  36600 batches | lr 0.000229 | ms/batch 2511.42 | loss  4.07 | ppl    58.307
| epoch   1 step    36800 |  36800 batches | lr 0.00023 | ms/batch 2515.23 | loss  4.06 | ppl    58.136
| epoch   1 step    37000 |  37000 batches | lr 0.000231 | ms/batch 2433.77 | loss  4.06 | ppl    58.091
| epoch   1 step    37200 |  37200 batches | lr 0.000233 | ms/batch 2512.80 | loss  4.06 | ppl    58.093
| epoch   1 step    37400 |  37400 batches | lr 0.000234 | ms/batch 2433.04 | loss  4.06 | ppl    58.146
| epoch   1 step    37600 |  37600 batches | lr 0.000235 | ms/batch 2501.02 | loss  4.06 | ppl    57.896
| epoch   1 step    37800 |  37800 batches | lr 0.000236 | ms/batch 2502.46 | loss  4.06 | ppl    57.746
| epoch   1 step    38000 |  38000 batches | lr 0.000237 | ms/batch 2425.11 | loss  4.06 | ppl    57.725
| epoch   1 step    38200 |  38200 batches | lr 0.000239 | ms/batch 2509.51 | loss  4.06 | ppl    57.850
| epoch   1 step    38400 |  38400 batches | lr 0.00024 | ms/batch 2446.73 | loss  4.06 | ppl    57.895
| epoch   1 step    38600 |  38600 batches | lr 0.000241 | ms/batch 2590.78 | loss  4.05 | ppl    57.564
| epoch   1 step    38800 |  38800 batches | lr 0.000243 | ms/batch 2476.40 | loss  4.06 | ppl    57.817
| epoch   1 step    39000 |  39000 batches | lr 0.000244 | ms/batch 2549.84 | loss  4.05 | ppl    57.655
| epoch   1 step    39200 |  39200 batches | lr 0.000245 | ms/batch 2547.87 | loss  4.05 | ppl    57.566
| epoch   1 step    39400 |  39400 batches | lr 0.000246 | ms/batch 2458.78 | loss  4.05 | ppl    57.332
| epoch   1 step    39600 |  39600 batches | lr 0.000247 | ms/batch 2542.88 | loss  4.05 | ppl    57.290
| epoch   1 step    39800 |  39800 batches | lr 0.000249 | ms/batch 2458.33 | loss  4.05 | ppl    57.388
| epoch   1 step    40000 |  40000 batches | lr 0.000249 | ms/batch 2550.67 | loss  4.05 | ppl    57.423
----------------------------------------------------------------------------------------------------
| Eval  10 at step    40000 | time: 10749.70s | valid loss  4.33 | valid ppl    76.264
----------------------------------------------------------------------------------------------------
| epoch   1 step    40200 |  40200 batches | lr 0.000249 | ms/batch 6388.42 | loss  4.05 | ppl    57.314
| epoch   1 step    40400 |  40400 batches | lr 0.000249 | ms/batch 2460.04 | loss  4.05 | ppl    57.261
| epoch   1 step    40600 |  40600 batches | lr 0.000249 | ms/batch 2548.22 | loss  4.04 | ppl    57.057
| epoch   1 step    40800 |  40800 batches | lr 0.000249 | ms/batch 2458.42 | loss  4.05 | ppl    57.128
| epoch   1 step    41000 |  41000 batches | lr 0.000249 | ms/batch 2525.27 | loss  4.04 | ppl    56.968
| epoch   1 step    41200 |  41200 batches | lr 0.000249 | ms/batch 2518.61 | loss  4.04 | ppl    56.813
| epoch   1 step    41400 |  41400 batches | lr 0.000249 | ms/batch 2433.11 | loss  4.04 | ppl    56.859
| epoch   1 step    41600 |  41600 batches | lr 0.000249 | ms/batch 2518.45 | loss  4.04 | ppl    56.636
| epoch   1 step    41800 |  41800 batches | lr 0.000249 | ms/batch 2433.60 | loss  4.04 | ppl    56.689
| epoch   1 step    42000 |  42000 batches | lr 0.000249 | ms/batch 2516.60 | loss  4.04 | ppl    56.573
| epoch   1 step    42200 |  42200 batches | lr 0.000249 | ms/batch 2525.78 | loss  4.03 | ppl    56.474
| epoch   1 step    42400 |  42400 batches | lr 0.000249 | ms/batch 2433.79 | loss  4.04 | ppl    56.591
| epoch   1 step    42600 |  42600 batches | lr 0.000249 | ms/batch 2524.31 | loss  4.03 | ppl    56.387
| epoch   1 step    42800 |  42800 batches | lr 0.000249 | ms/batch 2434.84 | loss  4.03 | ppl    56.165
| epoch   1 step    43000 |  43000 batches | lr 0.000249 | ms/batch 2515.73 | loss  4.03 | ppl    56.026
| epoch   1 step    43200 |  43200 batches | lr 0.000249 | ms/batch 2434.08 | loss  4.03 | ppl    56.381
| epoch   1 step    43400 |  43400 batches | lr 0.000249 | ms/batch 2519.81 | loss  4.02 | ppl    55.939
| epoch   1 step    43600 |  43600 batches | lr 0.000249 | ms/batch 2516.99 | loss  4.02 | ppl    55.692
| epoch   1 step    43800 |  43800 batches | lr 0.000249 | ms/batch 2434.38 | loss  4.02 | ppl    55.780
| epoch   1 step    44000 |  44000 batches | lr 0.000249 | ms/batch 2520.23 | loss  4.02 | ppl    55.707
----------------------------------------------------------------------------------------------------
| Eval  11 at step    44000 | time: 10701.27s | valid loss  4.30 | valid ppl    73.722
----------------------------------------------------------------------------------------------------
| epoch   1 step    44200 |  44200 batches | lr 0.000249 | ms/batch 6136.10 | loss  4.02 | ppl    55.733
| epoch   1 step    44400 |  44400 batches | lr 0.000249 | ms/batch 2516.75 | loss  4.01 | ppl    55.363
| epoch   1 step    44600 |  44600 batches | lr 0.000249 | ms/batch 2512.50 | loss  4.02 | ppl    55.608
| epoch   1 step    44800 |  44800 batches | lr 0.000249 | ms/batch 2434.53 | loss  4.02 | ppl    55.641
| epoch   1 step    45000 |  45000 batches | lr 0.000249 | ms/batch 2516.01 | loss  4.02 | ppl    55.764
| epoch   2 step    45200 |    157 batches | lr 0.000249 | ms/batch 2442.45 | loss  4.00 | ppl    54.695
| epoch   2 step    45400 |    357 batches | lr 0.000249 | ms/batch 2510.94 | loss  4.00 | ppl    54.609
| epoch   2 step    45600 |    557 batches | lr 0.000249 | ms/batch 2432.53 | loss  4.00 | ppl    54.639
| epoch   2 step    45800 |    757 batches | lr 0.000249 | ms/batch 2510.26 | loss  4.00 | ppl    54.696
| epoch   2 step    46000 |    957 batches | lr 0.000249 | ms/batch 2510.80 | loss  4.00 | ppl    54.655
| epoch   2 step    46200 |   1157 batches | lr 0.000249 | ms/batch 2433.65 | loss  4.00 | ppl    54.504
| epoch   2 step    46400 |   1357 batches | lr 0.000249 | ms/batch 2520.27 | loss  3.99 | ppl    54.284
| epoch   2 step    46600 |   1557 batches | lr 0.000249 | ms/batch 2520.17 | loss  4.00 | ppl    54.494
| epoch   2 step    46800 |   1757 batches | lr 0.000249 | ms/batch 2432.92 | loss  3.99 | ppl    54.146
| epoch   2 step    47000 |   1957 batches | lr 0.000249 | ms/batch 2512.53 | loss  3.99 | ppl    54.284
| epoch   2 step    47200 |   2157 batches | lr 0.000249 | ms/batch 2433.50 | loss  3.99 | ppl    54.176
| epoch   2 step    47400 |   2357 batches | lr 0.000249 | ms/batch 2520.26 | loss  3.99 | ppl    53.995
| epoch   2 step    47600 |   2557 batches | lr 0.000249 | ms/batch 2433.68 | loss  3.99 | ppl    53.802
| epoch   2 step    47800 |   2757 batches | lr 0.000249 | ms/batch 2516.34 | loss  3.99 | ppl    54.144
| epoch   2 step    48000 |   2957 batches | lr 0.000249 | ms/batch 2519.28 | loss  3.99 | ppl    54.103
----------------------------------------------------------------------------------------------------
| Eval  12 at step    48000 | time: 10665.59s | valid loss  4.27 | valid ppl    71.721
----------------------------------------------------------------------------------------------------
| epoch   2 step    48200 |   3157 batches | lr 0.000249 | ms/batch 6110.89 | loss  3.99 | ppl    54.225
| epoch   2 step    48400 |   3357 batches | lr 0.000249 | ms/batch 2517.74 | loss  3.99 | ppl    53.834
| epoch   2 step    48600 |   3557 batches | lr 0.000249 | ms/batch 2433.39 | loss  3.99 | ppl    53.984
| epoch   2 step    48800 |   3757 batches | lr 0.000249 | ms/batch 2520.90 | loss  3.99 | ppl    53.936
| epoch   2 step    49000 |   3957 batches | lr 0.000249 | ms/batch 2434.97 | loss  3.99 | ppl    53.938
| epoch   2 step    49200 |   4157 batches | lr 0.000249 | ms/batch 2514.72 | loss  3.98 | ppl    53.709
| epoch   2 step    49400 |   4357 batches | lr 0.000249 | ms/batch 2507.93 | loss  3.98 | ppl    53.738
| epoch   2 step    49600 |   4557 batches | lr 0.000249 | ms/batch 2425.46 | loss  3.98 | ppl    53.301
| epoch   2 step    49800 |   4757 batches | lr 0.000249 | ms/batch 2507.90 | loss  3.98 | ppl    53.607
| epoch   2 step    50000 |   4957 batches | lr 0.000249 | ms/batch 2425.24 | loss  3.98 | ppl    53.425
| epoch   2 step    50200 |   5157 batches | lr 0.000249 | ms/batch 2504.90 | loss  3.98 | ppl    53.632
| epoch   2 step    50400 |   5357 batches | lr 0.000249 | ms/batch 2512.01 | loss  3.98 | ppl    53.440
| epoch   2 step    50600 |   5557 batches | lr 0.000249 | ms/batch 2424.83 | loss  3.98 | ppl    53.392
| epoch   2 step    50800 |   5757 batches | lr 0.000249 | ms/batch 2513.57 | loss  3.98 | ppl    53.285
| epoch   2 step    51000 |   5957 batches | lr 0.000249 | ms/batch 2424.69 | loss  3.98 | ppl    53.531
| epoch   2 step    51200 |   6157 batches | lr 0.000249 | ms/batch 2511.30 | loss  3.97 | ppl    53.191
| epoch   2 step    51400 |   6357 batches | lr 0.000249 | ms/batch 2500.57 | loss  3.98 | ppl    53.279
| epoch   2 step    51600 |   6557 batches | lr 0.000249 | ms/batch 2418.10 | loss  3.97 | ppl    53.019
| epoch   2 step    51800 |   6757 batches | lr 0.000249 | ms/batch 2496.88 | loss  3.97 | ppl    52.887
| epoch   2 step    52000 |   6957 batches | lr 0.000249 | ms/batch 2417.95 | loss  3.97 | ppl    53.056
----------------------------------------------------------------------------------------------------
| Eval  13 at step    52000 | time: 10595.19s | valid loss  4.24 | valid ppl    69.605
----------------------------------------------------------------------------------------------------
| epoch   2 step    52200 |   7157 batches | lr 0.000249 | ms/batch 6035.96 | loss  3.97 | ppl    52.921
| epoch   2 step    52400 |   7357 batches | lr 0.000249 | ms/batch 2417.15 | loss  3.97 | ppl    53.098
| epoch   2 step    52600 |   7557 batches | lr 0.000249 | ms/batch 2521.00 | loss  3.97 | ppl    52.842
| epoch   2 step    52800 |   7757 batches | lr 0.000249 | ms/batch 2526.16 | loss  3.97 | ppl    53.054
| epoch   2 step    53000 |   7957 batches | lr 0.000249 | ms/batch 2448.68 | loss  3.97 | ppl    52.915
| epoch   2 step    53200 |   8157 batches | lr 0.000249 | ms/batch 2526.82 | loss  3.97 | ppl    52.865
| epoch   2 step    53400 |   8357 batches | lr 0.000249 | ms/batch 2532.93 | loss  3.97 | ppl    52.913
| epoch   2 step    53600 |   8557 batches | lr 0.000249 | ms/batch 2449.37 | loss  3.97 | ppl    52.842
| epoch   2 step    53800 |   8757 batches | lr 0.000249 | ms/batch 2536.99 | loss  3.97 | ppl    52.825
| epoch   2 step    54000 |   8957 batches | lr 0.000249 | ms/batch 2444.18 | loss  3.97 | ppl    52.918
| epoch   2 step    54200 |   9157 batches | lr 0.000249 | ms/batch 2530.11 | loss  3.97 | ppl    52.722
| epoch   2 step    54400 |   9357 batches | lr 0.000249 | ms/batch 2444.68 | loss  3.96 | ppl    52.665
| epoch   2 step    54600 |   9557 batches | lr 0.000249 | ms/batch 2521.81 | loss  3.96 | ppl    52.500
| epoch   2 step    54800 |   9757 batches | lr 0.000249 | ms/batch 2522.62 | loss  3.96 | ppl    52.499
| epoch   2 step    55000 |   9957 batches | lr 0.000249 | ms/batch 2444.90 | loss  3.96 | ppl    52.520
| epoch   2 step    55200 |  10157 batches | lr 0.000249 | ms/batch 2529.57 | loss  3.96 | ppl    52.535
| epoch   2 step    55400 |  10357 batches | lr 0.000249 | ms/batch 2447.05 | loss  3.96 | ppl    52.610
| epoch   2 step    55600 |  10557 batches | lr 0.000249 | ms/batch 2532.43 | loss  3.96 | ppl    52.440
| epoch   2 step    55800 |  10757 batches | lr 0.000249 | ms/batch 2472.25 | loss  3.95 | ppl    52.136
| epoch   2 step    56000 |  10957 batches | lr 0.000249 | ms/batch 2553.64 | loss  3.96 | ppl    52.306
----------------------------------------------------------------------------------------------------
| Eval  14 at step    56000 | time: 10744.21s | valid loss  4.22 | valid ppl    68.343
----------------------------------------------------------------------------------------------------
| epoch   2 step    56200 |  11157 batches | lr 0.000249 | ms/batch 6384.29 | loss  3.96 | ppl    52.373
| epoch   2 step    56400 |  11357 batches | lr 0.000249 | ms/batch 2460.44 | loss  3.95 | ppl    52.180
| epoch   2 step    56600 |  11557 batches | lr 0.000249 | ms/batch 2534.72 | loss  3.96 | ppl    52.369
| epoch   2 step    56800 |  11757 batches | lr 0.000249 | ms/batch 2449.78 | loss  3.95 | ppl    52.194
| epoch   2 step    57000 |  11957 batches | lr 0.000249 | ms/batch 2527.61 | loss  3.95 | ppl    52.195
| epoch   2 step    57200 |  12157 batches | lr 0.000249 | ms/batch 2525.89 | loss  3.95 | ppl    52.111
| epoch   2 step    57400 |  12357 batches | lr 0.000249 | ms/batch 2444.14 | loss  3.95 | ppl    51.891
| epoch   2 step    57600 |  12557 batches | lr 0.000249 | ms/batch 2531.32 | loss  3.95 | ppl    51.976
| epoch   2 step    57800 |  12757 batches | lr 0.000249 | ms/batch 2439.95 | loss  3.95 | ppl    51.880
| epoch   2 step    58000 |  12957 batches | lr 0.000249 | ms/batch 2519.17 | loss  3.95 | ppl    52.097
| epoch   2 step    58200 |  13157 batches | lr 0.000249 | ms/batch 2523.86 | loss  3.95 | ppl    51.884
| epoch   2 step    58400 |  13357 batches | lr 0.000249 | ms/batch 2440.95 | loss  3.95 | ppl    52.036
| epoch   2 step    58600 |  13557 batches | lr 0.000249 | ms/batch 2523.07 | loss  3.95 | ppl    51.934
| epoch   2 step    58800 |  13757 batches | lr 0.000249 | ms/batch 2440.07 | loss  3.95 | ppl    51.975
| epoch   2 step    59000 |  13957 batches | lr 0.000249 | ms/batch 2522.62 | loss  3.95 | ppl    51.711
| epoch   2 step    59200 |  14157 batches | lr 0.000249 | ms/batch 2438.51 | loss  3.95 | ppl    51.952
| epoch   2 step    59400 |  14357 batches | lr 0.000248 | ms/batch 2522.14 | loss  3.95 | ppl    51.849
| epoch   2 step    59600 |  14557 batches | lr 0.000248 | ms/batch 2516.37 | loss  3.95 | ppl    51.863
| epoch   2 step    59800 |  14757 batches | lr 0.000248 | ms/batch 2443.06 | loss  3.94 | ppl    51.656
| epoch   2 step    60000 |  14957 batches | lr 0.000248 | ms/batch 2546.22 | loss  3.95 | ppl    51.716
----------------------------------------------------------------------------------------------------
| Eval  15 at step    60000 | time: 10733.12s | valid loss  4.20 | valid ppl    66.950
----------------------------------------------------------------------------------------------------
| epoch   2 step    60200 |  15157 batches | lr 0.000248 | ms/batch 6337.00 | loss  3.94 | ppl    51.666
| epoch   2 step    60400 |  15357 batches | lr 0.000248 | ms/batch 2468.78 | loss  3.95 | ppl    51.823
| epoch   2 step    60600 |  15557 batches | lr 0.000248 | ms/batch 2557.76 | loss  3.95 | ppl    51.733
| epoch   2 step    60800 |  15757 batches | lr 0.000248 | ms/batch 2464.32 | loss  3.94 | ppl    51.460
| epoch   2 step    61000 |  15957 batches | lr 0.000248 | ms/batch 2544.31 | loss  3.94 | ppl    51.398
| epoch   2 step    61200 |  16157 batches | lr 0.000248 | ms/batch 2462.44 | loss  3.95 | ppl    51.802
| epoch   2 step    61400 |  16357 batches | lr 0.000248 | ms/batch 2548.78 | loss  3.94 | ppl    51.557
| epoch   2 step    61600 |  16557 batches | lr 0.000248 | ms/batch 2540.91 | loss  3.94 | ppl    51.523
| epoch   2 step    61800 |  16757 batches | lr 0.000248 | ms/batch 2442.31 | loss  3.94 | ppl    51.272
| epoch   2 step    62000 |  16957 batches | lr 0.000248 | ms/batch 2525.10 | loss  3.94 | ppl    51.291
| epoch   2 step    62200 |  17157 batches | lr 0.000248 | ms/batch 2426.69 | loss  3.94 | ppl    51.401
| epoch   2 step    62400 |  17357 batches | lr 0.000248 | ms/batch 2511.47 | loss  3.94 | ppl    51.314
| epoch   2 step    62600 |  17557 batches | lr 0.000248 | ms/batch 2425.82 | loss  3.94 | ppl    51.199
| epoch   2 step    62800 |  17757 batches | lr 0.000248 | ms/batch 2515.75 | loss  3.94 | ppl    51.165
| epoch   2 step    63000 |  17957 batches | lr 0.000248 | ms/batch 2510.22 | loss  3.93 | ppl    50.903
| epoch   2 step    63200 |  18157 batches | lr 0.000248 | ms/batch 2425.45 | loss  3.94 | ppl    51.183
| epoch   2 step    63400 |  18357 batches | lr 0.000248 | ms/batch 2502.03 | loss  3.93 | ppl    51.159
| epoch   2 step    63600 |  18557 batches | lr 0.000248 | ms/batch 2426.76 | loss  3.93 | ppl    51.135
| epoch   2 step    63800 |  18757 batches | lr 0.000248 | ms/batch 2513.50 | loss  3.93 | ppl    50.899
| epoch   2 step    64000 |  18957 batches | lr 0.000248 | ms/batch 2511.68 | loss  3.93 | ppl    50.761
----------------------------------------------------------------------------------------------------
| Eval  16 at step    64000 | time: 10697.14s | valid loss  4.19 | valid ppl    65.852
----------------------------------------------------------------------------------------------------
| epoch   2 step    64200 |  19157 batches | lr 0.000248 | ms/batch 6047.30 | loss  3.93 | ppl    51.004
| epoch   2 step    64400 |  19357 batches | lr 0.000248 | ms/batch 2503.10 | loss  3.94 | ppl    51.201
| epoch   2 step    64600 |  19557 batches | lr 0.000248 | ms/batch 2425.36 | loss  3.93 | ppl    50.929
| epoch   2 step    64800 |  19757 batches | lr 0.000248 | ms/batch 2502.55 | loss  3.93 | ppl    50.903
| epoch   2 step    65000 |  19957 batches | lr 0.000248 | ms/batch 2513.23 | loss  3.93 | ppl    50.936
| epoch   2 step    65200 |  20157 batches | lr 0.000248 | ms/batch 2426.89 | loss  3.93 | ppl    50.994
| epoch   2 step    65400 |  20357 batches | lr 0.000248 | ms/batch 2524.20 | loss  3.93 | ppl    50.788
| epoch   2 step    65600 |  20557 batches | lr 0.000248 | ms/batch 2431.82 | loss  3.93 | ppl    50.779
| epoch   2 step    65800 |  20757 batches | lr 0.000248 | ms/batch 2513.51 | loss  3.93 | ppl    50.870
| epoch   2 step    66000 |  20957 batches | lr 0.000248 | ms/batch 2430.25 | loss  3.93 | ppl    51.149
| epoch   2 step    66200 |  21157 batches | lr 0.000248 | ms/batch 2504.79 | loss  3.93 | ppl    50.731
| epoch   2 step    66400 |  21357 batches | lr 0.000248 | ms/batch 2507.24 | loss  3.93 | ppl    50.919
| epoch   2 step    66600 |  21557 batches | lr 0.000248 | ms/batch 2427.14 | loss  3.93 | ppl    50.829
| epoch   2 step    66800 |  21757 batches | lr 0.000248 | ms/batch 2505.10 | loss  3.93 | ppl    50.767
| epoch   2 step    67000 |  21957 batches | lr 0.000248 | ms/batch 2430.85 | loss  3.92 | ppl    50.499
| epoch   2 step    67200 |  22157 batches | lr 0.000248 | ms/batch 2509.07 | loss  3.93 | ppl    50.748
| epoch   2 step    67400 |  22357 batches | lr 0.000248 | ms/batch 2509.38 | loss  3.92 | ppl    50.587
| epoch   2 step    67600 |  22557 batches | lr 0.000248 | ms/batch 2431.51 | loss  3.93 | ppl    50.658
| epoch   2 step    67800 |  22757 batches | lr 0.000248 | ms/batch 2519.02 | loss  3.92 | ppl    50.412
| epoch   2 step    68000 |  22957 batches | lr 0.000248 | ms/batch 2431.36 | loss  3.92 | ppl    50.491
----------------------------------------------------------------------------------------------------
| Eval  17 at step    68000 | time: 10621.72s | valid loss  4.17 | valid ppl    65.031
----------------------------------------------------------------------------------------------------
| epoch   2 step    68200 |  23157 batches | lr 0.000248 | ms/batch 6160.87 | loss  3.92 | ppl    50.344
| epoch   2 step    68400 |  23357 batches | lr 0.000248 | ms/batch 2518.04 | loss  3.92 | ppl    50.605
| epoch   2 step    68600 |  23557 batches | lr 0.000248 | ms/batch 2431.40 | loss  3.92 | ppl    50.647
| epoch   2 step    68800 |  23757 batches | lr 0.000248 | ms/batch 2527.46 | loss  3.92 | ppl    50.519
| epoch   2 step    69000 |  23957 batches | lr 0.000248 | ms/batch 2439.30 | loss  3.92 | ppl    50.615
| epoch   2 step    69200 |  24157 batches | lr 0.000248 | ms/batch 2531.11 | loss  3.92 | ppl    50.411
| epoch   2 step    69400 |  24357 batches | lr 0.000248 | ms/batch 2455.15 | loss  3.92 | ppl    50.306
| epoch   2 step    69600 |  24557 batches | lr 0.000248 | ms/batch 2563.01 | loss  3.92 | ppl    50.189
| epoch   2 step    69800 |  24757 batches | lr 0.000248 | ms/batch 2559.95 | loss  3.92 | ppl    50.308
| epoch   2 step    70000 |  24957 batches | lr 0.000248 | ms/batch 2468.43 | loss  3.92 | ppl    50.258
| epoch   2 step    70200 |  25157 batches | lr 0.000248 | ms/batch 2557.25 | loss  3.92 | ppl    50.369
| epoch   2 step    70400 |  25357 batches | lr 0.000248 | ms/batch 2468.15 | loss  3.92 | ppl    50.326
| epoch   2 step    70600 |  25557 batches | lr 0.000248 | ms/batch 2560.77 | loss  3.92 | ppl    50.212
| epoch   2 step    70800 |  25757 batches | lr 0.000248 | ms/batch 2556.65 | loss  3.92 | ppl    50.300
| epoch   2 step    71000 |  25957 batches | lr 0.000248 | ms/batch 2468.16 | loss  3.92 | ppl    50.247
| epoch   2 step    71200 |  26157 batches | lr 0.000248 | ms/batch 2560.48 | loss  3.92 | ppl    50.237
| epoch   2 step    71400 |  26357 batches | lr 0.000248 | ms/batch 2469.46 | loss  3.92 | ppl    50.233
| epoch   2 step    71600 |  26557 batches | lr 0.000248 | ms/batch 2558.74 | loss  3.91 | ppl    50.016
| epoch   2 step    71800 |  26757 batches | lr 0.000248 | ms/batch 2469.79 | loss  3.92 | ppl    50.210
| epoch   2 step    72000 |  26957 batches | lr 0.000248 | ms/batch 2561.20 | loss  3.91 | ppl    50.083
----------------------------------------------------------------------------------------------------
| Eval  18 at step    72000 | time: 10788.05s | valid loss  4.16 | valid ppl    64.223
----------------------------------------------------------------------------------------------------
| epoch   2 step    72200 |  27157 batches | lr 0.000248 | ms/batch 6273.51 | loss  3.91 | ppl    50.146
| epoch   2 step    72400 |  27357 batches | lr 0.000248 | ms/batch 2468.72 | loss  3.92 | ppl    50.201
| epoch   2 step    72600 |  27557 batches | lr 0.000248 | ms/batch 2561.39 | loss  3.91 | ppl    49.970
| epoch   2 step    72800 |  27757 batches | lr 0.000248 | ms/batch 2470.22 | loss  3.91 | ppl    50.102
| epoch   2 step    73000 |  27957 batches | lr 0.000248 | ms/batch 2559.10 | loss  3.91 | ppl    50.028
| epoch   2 step    73200 |  28157 batches | lr 0.000248 | ms/batch 2563.00 | loss  3.91 | ppl    50.007
| epoch   2 step    73400 |  28357 batches | lr 0.000248 | ms/batch 2470.05 | loss  3.91 | ppl    49.833
| epoch   2 step    73600 |  28557 batches | lr 0.000248 | ms/batch 2557.52 | loss  3.91 | ppl    49.884
| epoch   2 step    73800 |  28757 batches | lr 0.000248 | ms/batch 2469.55 | loss  3.91 | ppl    49.941
| epoch   2 step    74000 |  28957 batches | lr 0.000248 | ms/batch 2557.26 | loss  3.91 | ppl    49.726
| epoch   2 step    74200 |  29157 batches | lr 0.000248 | ms/batch 2553.91 | loss  3.91 | ppl    49.889
| epoch   2 step    74400 |  29357 batches | lr 0.000248 | ms/batch 2469.27 | loss  3.91 | ppl    49.900
| epoch   2 step    74600 |  29557 batches | lr 0.000248 | ms/batch 2556.89 | loss  3.91 | ppl    49.681
| epoch   2 step    74800 |  29757 batches | lr 0.000248 | ms/batch 2469.77 | loss  3.91 | ppl    49.785
| epoch   2 step    75000 |  29957 batches | lr 0.000248 | ms/batch 2553.01 | loss  3.90 | ppl    49.600
| epoch   2 step    75200 |  30157 batches | lr 0.000248 | ms/batch 2555.02 | loss  3.90 | ppl    49.636
| epoch   2 step    75400 |  30357 batches | lr 0.000248 | ms/batch 2467.50 | loss  3.91 | ppl    49.895
| epoch   2 step    75600 |  30557 batches | lr 0.000248 | ms/batch 2549.25 | loss  3.90 | ppl    49.576
| epoch   2 step    75800 |  30757 batches | lr 0.000248 | ms/batch 2469.18 | loss  3.90 | ppl    49.593
| epoch   2 step    76000 |  30957 batches | lr 0.000248 | ms/batch 2555.37 | loss  3.91 | ppl    49.795
----------------------------------------------------------------------------------------------------
| Eval  19 at step    76000 | time: 10832.60s | valid loss  4.15 | valid ppl    63.418
----------------------------------------------------------------------------------------------------
| epoch   2 step    76200 |  31157 batches | lr 0.000248 | ms/batch 6214.28 | loss  3.90 | ppl    49.554
| epoch   2 step    76400 |  31357 batches | lr 0.000248 | ms/batch 2559.74 | loss  3.90 | ppl    49.641
| epoch   2 step    76600 |  31557 batches | lr 0.000247 | ms/batch 2557.44 | loss  3.90 | ppl    49.425
| epoch   2 step    76800 |  31757 batches | lr 0.000247 | ms/batch 2466.20 | loss  3.91 | ppl    49.716
| epoch   2 step    77000 |  31957 batches | lr 0.000247 | ms/batch 2541.21 | loss  3.91 | ppl    49.718
| epoch   2 step    77200 |  32157 batches | lr 0.000247 | ms/batch 2465.86 | loss  3.90 | ppl    49.463
| epoch   2 step    77400 |  32357 batches | lr 0.000247 | ms/batch 2542.01 | loss  3.90 | ppl    49.185
| epoch   2 step    77600 |  32557 batches | lr 0.000247 | ms/batch 2544.48 | loss  3.90 | ppl    49.412
| epoch   2 step    77800 |  32757 batches | lr 0.000247 | ms/batch 2466.52 | loss  3.90 | ppl    49.559
| epoch   2 step    78000 |  32957 batches | lr 0.000247 | ms/batch 2552.48 | loss  3.89 | ppl    49.122
| epoch   2 step    78200 |  33157 batches | lr 0.000247 | ms/batch 2467.58 | loss  3.90 | ppl    49.344
| epoch   2 step    78400 |  33357 batches | lr 0.000247 | ms/batch 2546.67 | loss  3.90 | ppl    49.453
| epoch   2 step    78600 |  33557 batches | lr 0.000247 | ms/batch 2466.96 | loss  3.90 | ppl    49.524
| epoch   2 step    78800 |  33757 batches | lr 0.000247 | ms/batch 2552.52 | loss  3.90 | ppl    49.378
| epoch   2 step    79000 |  33957 batches | lr 0.000247 | ms/batch 2552.76 | loss  3.90 | ppl    49.527
| epoch   2 step    79200 |  34157 batches | lr 0.000247 | ms/batch 2467.58 | loss  3.90 | ppl    49.537
| epoch   2 step    79400 |  34357 batches | lr 0.000247 | ms/batch 2545.75 | loss  3.90 | ppl    49.281
| epoch   2 step    79600 |  34557 batches | lr 0.000247 | ms/batch 2467.99 | loss  3.90 | ppl    49.405
| epoch   2 step    79800 |  34757 batches | lr 0.000247 | ms/batch 2556.52 | loss  3.90 | ppl    49.357
| epoch   2 step    80000 |  34957 batches | lr 0.000247 | ms/batch 2547.58 | loss  3.90 | ppl    49.279
----------------------------------------------------------------------------------------------------
| Eval  20 at step    80000 | time: 10806.88s | valid loss  4.14 | valid ppl    62.962
----------------------------------------------------------------------------------------------------
| epoch   2 step    80200 |  35157 batches | lr 0.000247 | ms/batch 6180.75 | loss  3.89 | ppl    49.147
| epoch   2 step    80400 |  35357 batches | lr 0.000247 | ms/batch 2553.94 | loss  3.90 | ppl    49.411
| epoch   2 step    80600 |  35557 batches | lr 0.000247 | ms/batch 2466.87 | loss  3.90 | ppl    49.455
| epoch   2 step    80800 |  35757 batches | lr 0.000247 | ms/batch 2547.34 | loss  3.89 | ppl    49.144
| epoch   2 step    81000 |  35957 batches | lr 0.000247 | ms/batch 2553.02 | loss  3.90 | ppl    49.319
| epoch   2 step    81200 |  36157 batches | lr 0.000247 | ms/batch 2466.40 | loss  3.90 | ppl    49.488
| epoch   2 step    81400 |  36357 batches | lr 0.000247 | ms/batch 2550.30 | loss  3.89 | ppl    49.020
| epoch   2 step    81600 |  36557 batches | lr 0.000247 | ms/batch 2468.03 | loss  3.89 | ppl    49.151
| epoch   2 step    81800 |  36757 batches | lr 0.000247 | ms/batch 2552.72 | loss  3.89 | ppl    49.128
| epoch   2 step    82000 |  36957 batches | lr 0.000247 | ms/batch 2546.11 | loss  3.90 | ppl    49.239
| epoch   2 step    82200 |  37157 batches | lr 0.000247 | ms/batch 2467.84 | loss  3.89 | ppl    48.956
| epoch   2 step    82400 |  37357 batches | lr 0.000247 | ms/batch 2551.91 | loss  3.90 | ppl    49.230
| epoch   2 step    82600 |  37557 batches | lr 0.000247 | ms/batch 2467.48 | loss  3.89 | ppl    48.840
| epoch   2 step    82800 |  37757 batches | lr 0.000247 | ms/batch 2547.31 | loss  3.89 | ppl    49.025
| epoch   2 step    83000 |  37957 batches | lr 0.000247 | ms/batch 2468.50 | loss  3.90 | ppl    49.208
| epoch   2 step    83200 |  38157 batches | lr 0.000247 | ms/batch 2557.82 | loss  3.89 | ppl    49.001
| epoch   2 step    83400 |  38357 batches | lr 0.000247 | ms/batch 2551.22 | loss  3.89 | ppl    48.888
| epoch   2 step    83600 |  38557 batches | lr 0.000247 | ms/batch 2467.07 | loss  3.89 | ppl    48.986
| epoch   2 step    83800 |  38757 batches | lr 0.000247 | ms/batch 2558.82 | loss  3.89 | ppl    48.905
| epoch   2 step    84000 |  38957 batches | lr 0.000247 | ms/batch 2466.75 | loss  3.89 | ppl    48.812
----------------------------------------------------------------------------------------------------
| Eval  21 at step    84000 | time: 10800.79s | valid loss  4.13 | valid ppl    62.249
----------------------------------------------------------------------------------------------------
| epoch   2 step    84200 |  39157 batches | lr 0.000247 | ms/batch 6288.94 | loss  3.89 | ppl    48.949
| epoch   2 step    84400 |  39357 batches | lr 0.000247 | ms/batch 2548.19 | loss  3.89 | ppl    48.762
| epoch   2 step    84600 |  39557 batches | lr 0.000247 | ms/batch 2467.14 | loss  3.89 | ppl    48.865
| epoch   2 step    84800 |  39757 batches | lr 0.000247 | ms/batch 2552.20 | loss  3.89 | ppl    49.027
| epoch   2 step    85000 |  39957 batches | lr 0.000247 | ms/batch 2467.39 | loss  3.89 | ppl    48.823
| epoch   2 step    85200 |  40157 batches | lr 0.000247 | ms/batch 2547.09 | loss  3.89 | ppl    48.916
| epoch   2 step    85400 |  40357 batches | lr 0.000247 | ms/batch 2468.15 | loss  3.89 | ppl    48.965
| epoch   2 step    85600 |  40557 batches | lr 0.000247 | ms/batch 2554.10 | loss  3.89 | ppl    48.813
| epoch   2 step    85800 |  40757 batches | lr 0.000247 | ms/batch 2550.52 | loss  3.89 | ppl    48.872
| epoch   2 step    86000 |  40957 batches | lr 0.000247 | ms/batch 2466.71 | loss  3.89 | ppl    49.136
| epoch   2 step    86200 |  41157 batches | lr 0.000247 | ms/batch 2554.31 | loss  3.89 | ppl    48.847
| epoch   2 step    86400 |  41357 batches | lr 0.000247 | ms/batch 2467.70 | loss  3.89 | ppl    48.850
| epoch   2 step    86600 |  41557 batches | lr 0.000247 | ms/batch 2548.20 | loss  3.89 | ppl    48.742
| epoch   2 step    86800 |  41757 batches | lr 0.000247 | ms/batch 2556.79 | loss  3.89 | ppl    48.740
| epoch   2 step    87000 |  41957 batches | lr 0.000247 | ms/batch 2468.45 | loss  3.88 | ppl    48.621
| epoch   2 step    87200 |  42157 batches | lr 0.000247 | ms/batch 2551.56 | loss  3.88 | ppl    48.546
| epoch   2 step    87400 |  42357 batches | lr 0.000247 | ms/batch 2468.65 | loss  3.88 | ppl    48.620
| epoch   2 step    87600 |  42557 batches | lr 0.000247 | ms/batch 2552.45 | loss  3.89 | ppl    48.723
| epoch   2 step    87800 |  42757 batches | lr 0.000247 | ms/batch 2547.93 | loss  3.89 | ppl    48.811
| epoch   2 step    88000 |  42957 batches | lr 0.000247 | ms/batch 2467.02 | loss  3.88 | ppl    48.578
----------------------------------------------------------------------------------------------------
| Eval  22 at step    88000 | time: 10810.96s | valid loss  4.12 | valid ppl    61.774
----------------------------------------------------------------------------------------------------
| epoch   2 step    88200 |  43157 batches | lr 0.000247 | ms/batch 6270.46 | loss  3.89 | ppl    48.694
| epoch   2 step    88400 |  43357 batches | lr 0.000247 | ms/batch 2465.75 | loss  3.89 | ppl    48.708
| epoch   2 step    88600 |  43557 batches | lr 0.000247 | ms/batch 2545.08 | loss  3.88 | ppl    48.644
| epoch   2 step    88800 |  43757 batches | lr 0.000247 | ms/batch 2550.90 | loss  3.89 | ppl    48.678
| epoch   2 step    89000 |  43957 batches | lr 0.000247 | ms/batch 2467.29 | loss  3.89 | ppl    48.691
| epoch   2 step    89200 |  44157 batches | lr 0.000247 | ms/batch 2550.18 | loss  3.89 | ppl    48.812
| epoch   2 step    89400 |  44357 batches | lr 0.000247 | ms/batch 2468.68 | loss  3.88 | ppl    48.572
| epoch   2 step    89600 |  44557 batches | lr 0.000247 | ms/batch 2553.12 | loss  3.89 | ppl    48.751
| epoch   2 step    89800 |  44757 batches | lr 0.000247 | ms/batch 2466.62 | loss  3.88 | ppl    48.356
| epoch   2 step    90000 |  44957 batches | lr 0.000247 | ms/batch 2551.68 | loss  3.89 | ppl    48.754
| epoch   3 step    90200 |    114 batches | lr 0.000247 | ms/batch 2560.36 | loss  3.87 | ppl    48.027
| epoch   3 step    90400 |    314 batches | lr 0.000247 | ms/batch 2467.02 | loss  3.86 | ppl    47.696
| epoch   3 step    90600 |    514 batches | lr 0.000247 | ms/batch 2553.84 | loss  3.86 | ppl    47.506
| epoch   3 step    90800 |    714 batches | lr 0.000246 | ms/batch 2467.08 | loss  3.87 | ppl    47.744
| epoch   3 step    91000 |    914 batches | lr 0.000246 | ms/batch 2546.94 | loss  3.86 | ppl    47.615
| epoch   3 step    91200 |   1114 batches | lr 0.000246 | ms/batch 2555.91 | loss  3.86 | ppl    47.703
| epoch   3 step    91400 |   1314 batches | lr 0.000246 | ms/batch 2467.80 | loss  3.87 | ppl    47.744
| epoch   3 step    91600 |   1514 batches | lr 0.000246 | ms/batch 2550.84 | loss  3.87 | ppl    47.716
| epoch   3 step    91800 |   1714 batches | lr 0.000246 | ms/batch 2466.76 | loss  3.87 | ppl    47.704
| epoch   3 step    92000 |   1914 batches | lr 0.000246 | ms/batch 2554.08 | loss  3.86 | ppl    47.623
----------------------------------------------------------------------------------------------------
| Eval  23 at step    92000 | time: 10816.68s | valid loss  4.12 | valid ppl    61.281
----------------------------------------------------------------------------------------------------
| epoch   3 step    92200 |   2114 batches | lr 0.000246 | ms/batch 6295.05 | loss  3.87 | ppl    47.743
| epoch   3 step    92400 |   2314 batches | lr 0.000246 | ms/batch 2468.56 | loss  3.86 | ppl    47.644
| epoch   3 step    92600 |   2514 batches | lr 0.000246 | ms/batch 2547.58 | loss  3.86 | ppl    47.690
| epoch   3 step    92800 |   2714 batches | lr 0.000246 | ms/batch 2468.75 | loss  3.86 | ppl    47.689
| epoch   3 step    93000 |   2914 batches | lr 0.000246 | ms/batch 2551.35 | loss  3.87 | ppl    47.766
| epoch   3 step    93200 |   3114 batches | lr 0.000246 | ms/batch 2547.23 | loss  3.87 | ppl    47.704
| epoch   3 step    93400 |   3314 batches | lr 0.000246 | ms/batch 2467.78 | loss  3.87 | ppl    47.717
| epoch   3 step    93600 |   3514 batches | lr 0.000246 | ms/batch 2543.04 | loss  3.87 | ppl    47.802
| epoch   3 step    93800 |   3714 batches | lr 0.000246 | ms/batch 2465.45 | loss  3.87 | ppl    47.729
| epoch   3 step    94000 |   3914 batches | lr 0.000246 | ms/batch 2541.46 | loss  3.87 | ppl    47.921
| epoch   3 step    94200 |   4114 batches | lr 0.000246 | ms/batch 2464.76 | loss  3.87 | ppl    47.746
| epoch   3 step    94400 |   4314 batches | lr 0.000246 | ms/batch 2546.91 | loss  3.87 | ppl    47.724
| epoch   3 step    94600 |   4514 batches | lr 0.000246 | ms/batch 2553.30 | loss  3.87 | ppl    47.737
| epoch   3 step    94800 |   4714 batches | lr 0.000246 | ms/batch 2467.45 | loss  3.86 | ppl    47.658
| epoch   3 step    95000 |   4914 batches | lr 0.000246 | ms/batch 2547.06 | loss  3.87 | ppl    47.846
| epoch   3 step    95200 |   5114 batches | lr 0.000246 | ms/batch 2468.29 | loss  3.87 | ppl    47.930
| epoch   3 step    95400 |   5314 batches | lr 0.000246 | ms/batch 2554.22 | loss  3.86 | ppl    47.584
| epoch   3 step    95600 |   5514 batches | lr 0.000246 | ms/batch 2554.02 | loss  3.87 | ppl    47.883
| epoch   3 step    95800 |   5714 batches | lr 0.000246 | ms/batch 2467.41 | loss  3.87 | ppl    47.720
| epoch   3 step    96000 |   5914 batches | lr 0.000246 | ms/batch 2555.98 | loss  3.87 | ppl    47.727
----------------------------------------------------------------------------------------------------
| Eval  24 at step    96000 | time: 10811.81s | valid loss  4.12 | valid ppl    61.275
----------------------------------------------------------------------------------------------------
| epoch   3 step    96200 |   6114 batches | lr 0.000246 | ms/batch 6198.11 | loss  3.87 | ppl    47.743
| epoch   3 step    96400 |   6314 batches | lr 0.000246 | ms/batch 2551.61 | loss  3.87 | ppl    47.906
| epoch   3 step    96600 |   6514 batches | lr 0.000246 | ms/batch 2466.95 | loss  3.87 | ppl    47.835
| epoch   3 step    96800 |   6714 batches | lr 0.000246 | ms/batch 2556.48 | loss  3.87 | ppl    47.873
| epoch   3 step    97000 |   6914 batches | lr 0.000246 | ms/batch 2554.49 | loss  3.87 | ppl    47.713
| epoch   3 step    97200 |   7114 batches | lr 0.000246 | ms/batch 2467.00 | loss  3.86 | ppl    47.679
| epoch   3 step    97400 |   7314 batches | lr 0.000246 | ms/batch 2557.10 | loss  3.86 | ppl    47.514
| epoch   3 step    97600 |   7514 batches | lr 0.000246 | ms/batch 2466.64 | loss  3.87 | ppl    47.840
| epoch   3 step    97800 |   7714 batches | lr 0.000246 | ms/batch 2552.76 | loss  3.87 | ppl    48.019
| epoch   3 step    98000 |   7914 batches | lr 0.000246 | ms/batch 2559.52 | loss  3.86 | ppl    47.584
| epoch   3 step    98200 |   8114 batches | lr 0.000246 | ms/batch 2467.53 | loss  3.87 | ppl    47.750
| epoch   3 step    98400 |   8314 batches | lr 0.000246 | ms/batch 2553.03 | loss  3.87 | ppl    47.975
| epoch   3 step    98600 |   8514 batches | lr 0.000246 | ms/batch 2468.01 | loss  3.87 | ppl    47.710
| epoch   3 step    98800 |   8714 batches | lr 0.000246 | ms/batch 2557.46 | loss  3.87 | ppl    47.849
| epoch   3 step    99000 |   8914 batches | lr 0.000246 | ms/batch 2551.99 | loss  3.87 | ppl    47.740
| epoch   3 step    99200 |   9114 batches | lr 0.000246 | ms/batch 2467.55 | loss  3.87 | ppl    47.726
| epoch   3 step    99400 |   9314 batches | lr 0.000246 | ms/batch 2557.80 | loss  3.87 | ppl    47.738
| epoch   3 step    99600 |   9514 batches | lr 0.000246 | ms/batch 2467.93 | loss  3.87 | ppl    47.869
| epoch   3 step    99800 |   9714 batches | lr 0.000246 | ms/batch 2555.27 | loss  3.86 | ppl    47.674
| epoch   3 step   100000 |   9914 batches | lr 0.000246 | ms/batch 2556.42 | loss  3.87 | ppl    47.759
----------------------------------------------------------------------------------------------------
| Eval  25 at step   100000 | time: 10820.92s | valid loss  4.11 | valid ppl    60.738
----------------------------------------------------------------------------------------------------
| epoch   3 step   100200 |  10114 batches | lr 0.000246 | ms/batch 6182.90 | loss  3.87 | ppl    47.846
| epoch   3 step   100400 |  10314 batches | lr 0.000246 | ms/batch 2553.15 | loss  3.87 | ppl    47.732
| epoch   3 step   100600 |  10514 batches | lr 0.000246 | ms/batch 2467.78 | loss  3.86 | ppl    47.641
| epoch   3 step   100800 |  10714 batches | lr 0.000246 | ms/batch 2558.15 | loss  3.86 | ppl    47.647
| epoch   3 step   101000 |  10914 batches | lr 0.000246 | ms/batch 2468.06 | loss  3.86 | ppl    47.648
| epoch   3 step   101200 |  11114 batches | lr 0.000246 | ms/batch 2551.54 | loss  3.86 | ppl    47.488
| epoch   3 step   101400 |  11314 batches | lr 0.000246 | ms/batch 2555.18 | loss  3.87 | ppl    47.761
| epoch   3 step   101600 |  11514 batches | lr 0.000246 | ms/batch 2466.93 | loss  3.87 | ppl    47.717
| epoch   3 step   101800 |  11714 batches | lr 0.000246 | ms/batch 2552.72 | loss  3.86 | ppl    47.649
| epoch   3 step   102000 |  11914 batches | lr 0.000246 | ms/batch 2468.64 | loss  3.86 | ppl    47.619
| epoch   3 step   102200 |  12114 batches | lr 0.000246 | ms/batch 2559.94 | loss  3.87 | ppl    47.819
| epoch   3 step   102400 |  12314 batches | lr 0.000246 | ms/batch 2554.77 | loss  3.86 | ppl    47.621
| epoch   3 step   102600 |  12514 batches | lr 0.000246 | ms/batch 2466.29 | loss  3.86 | ppl    47.399
| epoch   3 step   102800 |  12714 batches | lr 0.000246 | ms/batch 2559.01 | loss  3.87 | ppl    47.731
| epoch   3 step   103000 |  12914 batches | lr 0.000245 | ms/batch 2467.86 | loss  3.87 | ppl    47.745
| epoch   3 step   103200 |  13114 batches | lr 0.000245 | ms/batch 2555.26 | loss  3.86 | ppl    47.680
| epoch   3 step   103400 |  13314 batches | lr 0.000245 | ms/batch 2466.91 | loss  3.86 | ppl    47.619
| epoch   3 step   103600 |  13514 batches | lr 0.000245 | ms/batch 2550.28 | loss  3.86 | ppl    47.561
| epoch   3 step   103800 |  13714 batches | lr 0.000245 | ms/batch 2557.73 | loss  3.86 | ppl    47.618
| epoch   3 step   104000 |  13914 batches | lr 0.000245 | ms/batch 2466.97 | loss  3.87 | ppl    47.838
----------------------------------------------------------------------------------------------------
| Eval  26 at step   104000 | time: 10796.99s | valid loss  4.10 | valid ppl    60.411
----------------------------------------------------------------------------------------------------
| epoch   3 step   104200 |  14114 batches | lr 0.000245 | ms/batch 6236.20 | loss  3.87 | ppl    47.724
| epoch   3 step   104400 |  14314 batches | lr 0.000245 | ms/batch 2467.84 | loss  3.86 | ppl    47.615
| epoch   3 step   104600 |  14514 batches | lr 0.000245 | ms/batch 2551.61 | loss  3.86 | ppl    47.612
| epoch   3 step   104800 |  14714 batches | lr 0.000245 | ms/batch 2541.45 | loss  3.87 | ppl    47.818
| epoch   3 step   105000 |  14914 batches | lr 0.000245 | ms/batch 2459.78 | loss  3.86 | ppl    47.673
| epoch   3 step   105200 |  15114 batches | lr 0.000245 | ms/batch 2549.05 | loss  3.87 | ppl    47.725
| epoch   3 step   105400 |  15314 batches | lr 0.000245 | ms/batch 2460.11 | loss  3.87 | ppl    47.837
| epoch   3 step   105600 |  15514 batches | lr 0.000245 | ms/batch 2540.50 | loss  3.87 | ppl    47.710
| epoch   3 step   105800 |  15714 batches | lr 0.000245 | ms/batch 2541.58 | loss  3.87 | ppl    47.718
| epoch   3 step   106000 |  15914 batches | lr 0.000245 | ms/batch 2458.26 | loss  3.87 | ppl    47.756
| epoch   3 step   106200 |  16114 batches | lr 0.000245 | ms/batch 2541.62 | loss  3.87 | ppl    47.761
| epoch   3 step   106400 |  16314 batches | lr 0.000245 | ms/batch 2459.47 | loss  3.87 | ppl    47.814
| epoch   3 step   106600 |  16514 batches | lr 0.000245 | ms/batch 2535.30 | loss  3.86 | ppl    47.575
| epoch   3 step   106800 |  16714 batches | lr 0.000245 | ms/batch 2542.70 | loss  3.87 | ppl    47.858
| epoch   3 step   107000 |  16914 batches | lr 0.000245 | ms/batch 2458.34 | loss  3.86 | ppl    47.660
| epoch   3 step   107200 |  17114 batches | lr 0.000245 | ms/batch 2541.01 | loss  3.87 | ppl    47.747
| epoch   3 step   107400 |  17314 batches | lr 0.000245 | ms/batch 2459.66 | loss  3.87 | ppl    47.860
| epoch   3 step   107600 |  17514 batches | lr 0.000245 | ms/batch 2546.07 | loss  3.87 | ppl    47.817
| epoch   3 step   107800 |  17714 batches | lr 0.000245 | ms/batch 2461.07 | loss  3.87 | ppl    47.716
| epoch   3 step   108000 |  17914 batches | lr 0.000245 | ms/batch 2543.19 | loss  3.86 | ppl    47.700
----------------------------------------------------------------------------------------------------
| Eval  27 at step   108000 | time: 10760.14s | valid loss  4.10 | valid ppl    60.472
----------------------------------------------------------------------------------------------------
| epoch   3 step   108200 |  18114 batches | lr 0.000245 | ms/batch 6141.49 | loss  3.86 | ppl    47.594
| epoch   3 step   108400 |  18314 batches | lr 0.000245 | ms/batch 2459.23 | loss  3.86 | ppl    47.624
| epoch   3 step   108600 |  18514 batches | lr 0.000245 | ms/batch 2547.43 | loss  3.87 | ppl    47.776
| epoch   3 step   108800 |  18714 batches | lr 0.000245 | ms/batch 2459.45 | loss  3.87 | ppl    47.916
| epoch   3 step   109000 |  18914 batches | lr 0.000245 | ms/batch 2536.87 | loss  3.87 | ppl    48.059
| epoch   3 step   109200 |  19114 batches | lr 0.000245 | ms/batch 2542.06 | loss  3.86 | ppl    47.521
| epoch   3 step   109400 |  19314 batches | lr 0.000245 | ms/batch 2459.60 | loss  3.87 | ppl    47.732
| epoch   3 step   109600 |  19514 batches | lr 0.000245 | ms/batch 2542.20 | loss  3.86 | ppl    47.691
| epoch   3 step   109800 |  19714 batches | lr 0.000245 | ms/batch 2459.63 | loss  3.87 | ppl    47.850
| epoch   3 step   110000 |  19914 batches | lr 0.000245 | ms/batch 2540.08 | loss  3.87 | ppl    47.861
| epoch   3 step   110200 |  20114 batches | lr 0.000245 | ms/batch 2459.76 | loss  3.87 | ppl    48.015
| epoch   3 step   110400 |  20314 batches | lr 0.000245 | ms/batch 2546.97 | loss  3.86 | ppl    47.542
| epoch   3 step   110600 |  20514 batches | lr 0.000245 | ms/batch 2544.63 | loss  3.86 | ppl    47.694
| epoch   3 step   110800 |  20714 batches | lr 0.000245 | ms/batch 2459.20 | loss  3.86 | ppl    47.525
| epoch   3 step   111000 |  20914 batches | lr 0.000245 | ms/batch 2550.03 | loss  3.86 | ppl    47.660
| epoch   3 step   111200 |  21114 batches | lr 0.000245 | ms/batch 2461.08 | loss  3.87 | ppl    47.856
| epoch   3 step   111400 |  21314 batches | lr 0.000245 | ms/batch 2546.48 | loss  3.87 | ppl    47.827
| epoch   3 step   111600 |  21514 batches | lr 0.000245 | ms/batch 2537.35 | loss  3.87 | ppl    47.822
| epoch   3 step   111800 |  21714 batches | lr 0.000245 | ms/batch 2460.38 | loss  3.87 | ppl    47.746
| epoch   3 step   112000 |  21914 batches | lr 0.000245 | ms/batch 2547.95 | loss  3.87 | ppl    47.809
----------------------------------------------------------------------------------------------------
| Eval  28 at step   112000 | time: 10763.06s | valid loss  4.11 | valid ppl    60.716
----------------------------------------------------------------------------------------------------
| epoch   3 step   112200 |  22114 batches | lr 0.000245 | ms/batch 6066.50 | loss  3.87 | ppl    47.925
| epoch   3 step   112400 |  22314 batches | lr 0.000245 | ms/batch 2541.87 | loss  3.87 | ppl    47.806
| epoch   3 step   112600 |  22514 batches | lr 0.000245 | ms/batch 2537.37 | loss  3.87 | ppl    47.955
| epoch   3 step   112800 |  22714 batches | lr 0.000245 | ms/batch 2459.84 | loss  3.87 | ppl    47.855
| epoch   3 step   113000 |  22914 batches | lr 0.000245 | ms/batch 2545.93 | loss  3.87 | ppl    47.763
| epoch   3 step   113200 |  23114 batches | lr 0.000245 | ms/batch 2458.91 | loss  3.87 | ppl    47.706
| epoch   3 step   113400 |  23314 batches | lr 0.000245 | ms/batch 2543.49 | loss  3.87 | ppl    47.816
| epoch   3 step   113600 |  23514 batches | lr 0.000245 | ms/batch 2549.33 | loss  3.87 | ppl    47.851
| epoch   3 step   113800 |  23714 batches | lr 0.000244 | ms/batch 2460.87 | loss  3.86 | ppl    47.648
| epoch   3 step   114000 |  23914 batches | lr 0.000244 | ms/batch 2548.44 | loss  3.87 | ppl    47.840
| epoch   3 step   114200 |  24114 batches | lr 0.000244 | ms/batch 2458.64 | loss  3.87 | ppl    47.819
| epoch   3 step   114400 |  24314 batches | lr 0.000244 | ms/batch 2536.36 | loss  3.87 | ppl    48.144
| epoch   3 step   114600 |  24514 batches | lr 0.000244 | ms/batch 2460.49 | loss  3.87 | ppl    48.015
| epoch   3 step   114800 |  24714 batches | lr 0.000244 | ms/batch 2544.19 | loss  3.88 | ppl    48.275
| epoch   3 step   115000 |  24914 batches | lr 0.000244 | ms/batch 2537.45 | loss  3.87 | ppl    48.105
| epoch   3 step   115200 |  25114 batches | lr 0.000244 | ms/batch 2460.63 | loss  3.87 | ppl    48.139
| epoch   3 step   115400 |  25314 batches | lr 0.000244 | ms/batch 2539.80 | loss  3.87 | ppl    48.093
| epoch   3 step   115600 |  25514 batches | lr 0.000244 | ms/batch 2460.06 | loss  3.87 | ppl    47.746
| epoch   3 step   115800 |  25714 batches | lr 0.000244 | ms/batch 2544.78 | loss  3.87 | ppl    48.017
| epoch   3 step   116000 |  25914 batches | lr 0.000244 | ms/batch 2541.23 | loss  3.88 | ppl    48.526
----------------------------------------------------------------------------------------------------
| Eval  29 at step   116000 | time: 10756.73s | valid loss  4.14 | valid ppl    62.968
----------------------------------------------------------------------------------------------------
| epoch   3 step   116200 |  26114 batches | lr 0.000244 | ms/batch 6053.17 | loss  3.89 | ppl    48.936
| epoch   3 step   116400 |  26314 batches | lr 0.000244 | ms/batch 2541.11 | loss  3.89 | ppl    48.891
| epoch   3 step   116600 |  26514 batches | lr 0.000244 | ms/batch 2461.30 | loss  3.89 | ppl    48.816
| epoch   3 step   116800 |  26714 batches | lr 0.000244 | ms/batch 2536.99 | loss  3.88 | ppl    48.260
| epoch   3 step   117000 |  26914 batches | lr 0.000244 | ms/batch 2459.49 | loss  3.87 | ppl    47.907
| epoch   3 step   117200 |  27114 batches | lr 0.000244 | ms/batch 2545.44 | loss  3.87 | ppl    48.041
| epoch   3 step   117400 |  27314 batches | lr 0.000244 | ms/batch 2542.69 | loss  3.87 | ppl    48.109
| epoch   3 step   117600 |  27514 batches | lr 0.000244 | ms/batch 2460.78 | loss  3.87 | ppl    48.156
| epoch   3 step   117800 |  27714 batches | lr 0.000244 | ms/batch 2546.42 | loss  3.87 | ppl    47.776
| epoch   3 step   118000 |  27914 batches | lr 0.000244 | ms/batch 2459.72 | loss  3.87 | ppl    48.164
| epoch   3 step   118200 |  28114 batches | lr 0.000244 | ms/batch 2543.01 | loss  3.87 | ppl    47.742
| epoch   3 step   118400 |  28314 batches | lr 0.000244 | ms/batch 2550.94 | loss  3.87 | ppl    47.942
| epoch   3 step   118600 |  28514 batches | lr 0.000244 | ms/batch 2460.97 | loss  3.87 | ppl    47.966
| epoch   3 step   118800 |  28714 batches | lr 0.000244 | ms/batch 2548.30 | loss  3.87 | ppl    47.851
| epoch   3 step   119000 |  28914 batches | lr 0.000244 | ms/batch 2456.84 | loss  3.87 | ppl    48.176
| epoch   3 step   119200 |  29114 batches | lr 0.000244 | ms/batch 2538.61 | loss  3.88 | ppl    48.400
| epoch   3 step   119400 |  29314 batches | lr 0.000244 | ms/batch 2539.51 | loss  3.87 | ppl    47.999
| epoch   3 step   119600 |  29514 batches | lr 0.000244 | ms/batch 2452.89 | loss  3.88 | ppl    48.183
| epoch   3 step   119800 |  29714 batches | lr 0.000244 | ms/batch 2529.02 | loss  3.88 | ppl    48.461
| epoch   3 step   120000 |  29914 batches | lr 0.000244 | ms/batch 2455.41 | loss  3.87 | ppl    47.941
----------------------------------------------------------------------------------------------------
| Eval  30 at step   120000 | time: 10721.61s | valid loss  4.10 | valid ppl    60.504
----------------------------------------------------------------------------------------------------
| epoch   3 step   120200 |  30114 batches | lr 0.000244 | ms/batch 6046.34 | loss  3.87 | ppl    47.948
| epoch   3 step   120400 |  30314 batches | lr 0.000244 | ms/batch 2530.65 | loss  3.88 | ppl    48.281
| epoch   3 step   120600 |  30514 batches | lr 0.000244 | ms/batch 2453.78 | loss  3.89 | ppl    48.795
| epoch   3 step   120800 |  30714 batches | lr 0.000244 | ms/batch 2530.71 | loss  3.88 | ppl    48.303
| epoch   3 step   121000 |  30914 batches | lr 0.000244 | ms/batch 2454.37 | loss  3.87 | ppl    47.819
| epoch   3 step   121200 |  31114 batches | lr 0.000244 | ms/batch 2535.68 | loss  3.87 | ppl    48.090
| epoch   3 step   121400 |  31314 batches | lr 0.000244 | ms/batch 2407.99 | loss  3.87 | ppl    48.159
| epoch   3 step   121600 |  31514 batches | lr 0.000244 | ms/batch 2488.97 | loss  3.87 | ppl    48.176
| epoch   3 step   121800 |  31714 batches | lr 0.000244 | ms/batch 2480.73 | loss  3.87 | ppl    48.150
| epoch   3 step   122000 |  31914 batches | lr 0.000244 | ms/batch 2407.46 | loss  3.87 | ppl    48.047
| epoch   3 step   122200 |  32114 batches | lr 0.000244 | ms/batch 2480.69 | loss  3.87 | ppl    47.892
| epoch   3 step   122400 |  32314 batches | lr 0.000244 | ms/batch 2407.73 | loss  3.87 | ppl    47.963
| epoch   3 step   122600 |  32514 batches | lr 0.000244 | ms/batch 2488.92 | loss  3.87 | ppl    47.958
| epoch   3 step   122800 |  32714 batches | lr 0.000244 | ms/batch 2501.23 | loss  3.87 | ppl    47.939
| epoch   3 step   123000 |  32914 batches | lr 0.000244 | ms/batch 2409.82 | loss  3.87 | ppl    47.932
| epoch   3 step   123200 |  33114 batches | lr 0.000244 | ms/batch 2487.78 | loss  3.88 | ppl    48.199
| epoch   3 step   123400 |  33314 batches | lr 0.000244 | ms/batch 2416.09 | loss  3.90 | ppl    49.161
| epoch   3 step   123600 |  33514 batches | lr 0.000244 | ms/batch 2494.11 | loss  3.87 | ppl    48.100
| epoch   3 step   123800 |  33714 batches | lr 0.000243 | ms/batch 2417.71 | loss  3.87 | ppl    47.968
| epoch   3 step   124000 |  33914 batches | lr 0.000243 | ms/batch 2498.98 | loss  3.88 | ppl    48.387
----------------------------------------------------------------------------------------------------
| Eval  31 at step   124000 | time: 10588.99s | valid loss  4.14 | valid ppl    62.731
----------------------------------------------------------------------------------------------------
| epoch   3 step   124200 |  34114 batches | lr 0.000243 | ms/batch 6015.72 | loss  3.87 | ppl    48.128
| epoch   3 step   124400 |  34314 batches | lr 0.000243 | ms/batch 2415.04 | loss  3.88 | ppl    48.443
| epoch   3 step   124600 |  34514 batches | lr 0.000243 | ms/batch 2497.58 | loss  3.88 | ppl    48.191
| epoch   3 step   124800 |  34714 batches | lr 0.000243 | ms/batch 2413.42 | loss  3.87 | ppl    47.944
| epoch   3 step   125000 |  34914 batches | lr 0.000243 | ms/batch 2497.32 | loss  3.87 | ppl    47.819
| epoch   3 step   125200 |  35114 batches | lr 0.000243 | ms/batch 2491.71 | loss  3.87 | ppl    47.843
| epoch   3 step   125400 |  35314 batches | lr 0.000243 | ms/batch 2417.96 | loss  3.87 | ppl    47.790
| epoch   3 step   125600 |  35514 batches | lr 0.000243 | ms/batch 2492.32 | loss  3.87 | ppl    47.762
| epoch   3 step   125800 |  35714 batches | lr 0.000243 | ms/batch 2419.08 | loss  3.87 | ppl    47.952
| epoch   3 step   126000 |  35914 batches | lr 0.000243 | ms/batch 2503.86 | loss  3.87 | ppl    47.849
| epoch   3 step   126200 |  36114 batches | lr 0.000243 | ms/batch 2501.11 | loss  3.87 | ppl    47.893
| epoch   3 step   126400 |  36314 batches | lr 0.000243 | ms/batch 2413.22 | loss  3.87 | ppl    47.801
| epoch   3 step   126600 |  36514 batches | lr 0.000243 | ms/batch 2498.65 | loss  3.87 | ppl    48.139
| epoch   3 step   126800 |  36714 batches | lr 0.000243 | ms/batch 2419.69 | loss  3.88 | ppl    48.261
| epoch   3 step   127000 |  36914 batches | lr 0.000243 | ms/batch 2496.87 | loss  3.87 | ppl    48.032
| epoch   3 step   127200 |  37114 batches | lr 0.000243 | ms/batch 2500.85 | loss  3.87 | ppl    47.937
| epoch   3 step   127400 |  37314 batches | lr 0.000243 | ms/batch 2419.71 | loss  3.87 | ppl    48.017
| epoch   3 step   127600 |  37514 batches | lr 0.000243 | ms/batch 2496.38 | loss  3.87 | ppl    48.091
| epoch   3 step   127800 |  37714 batches | lr 0.000243 | ms/batch 2411.98 | loss  3.89 | ppl    49.013
| epoch   3 step   128000 |  37914 batches | lr 0.000243 | ms/batch 2499.95 | loss  3.89 | ppl    49.062
----------------------------------------------------------------------------------------------------
| Eval  32 at step   128000 | time: 10561.81s | valid loss  4.17 | valid ppl    64.946
----------------------------------------------------------------------------------------------------
| epoch   3 step   128200 |  38114 batches | lr 0.000243 | ms/batch 5924.34 | loss  3.91 | ppl    49.749
| epoch   3 step   128400 |  38314 batches | lr 0.000243 | ms/batch 2501.45 | loss  3.90 | ppl    49.479
| epoch   3 step   128600 |  38514 batches | lr 0.000243 | ms/batch 2492.74 | loss  3.91 | ppl    50.050
| epoch   3 step   128800 |  38714 batches | lr 0.000243 | ms/batch 2415.18 | loss  3.91 | ppl    49.697
| epoch   3 step   129000 |  38914 batches | lr 0.000243 | ms/batch 2493.20 | loss  3.90 | ppl    49.529
| epoch   3 step   129200 |  39114 batches | lr 0.000243 | ms/batch 2413.09 | loss  3.90 | ppl    49.482
| epoch   3 step   129400 |  39314 batches | lr 0.000243 | ms/batch 2504.46 | loss  3.90 | ppl    49.545
| epoch   3 step   129600 |  39514 batches | lr 0.000243 | ms/batch 2498.27 | loss  3.90 | ppl    49.250
| epoch   3 step   129800 |  39714 batches | lr 0.000243 | ms/batch 2418.75 | loss  3.90 | ppl    49.409
| epoch   3 step   130000 |  39914 batches | lr 0.000243 | ms/batch 2490.93 | loss  3.89 | ppl    49.101
| epoch   3 step   130200 |  40114 batches | lr 0.000243 | ms/batch 2419.58 | loss  3.89 | ppl    49.154
| epoch   3 step   130400 |  40314 batches | lr 0.000243 | ms/batch 2495.10 | loss  3.90 | ppl    49.299
| epoch   3 step   130600 |  40514 batches | lr 0.000243 | ms/batch 2416.12 | loss  3.89 | ppl    49.048
| epoch   3 step   130800 |  40714 batches | lr 0.000243 | ms/batch 2502.61 | loss  3.90 | ppl    49.380
| epoch   3 step   131000 |  40914 batches | lr 0.000243 | ms/batch 2500.45 | loss  3.89 | ppl    48.896
| epoch   3 step   131200 |  41114 batches | lr 0.000243 | ms/batch 2412.26 | loss  3.91 | ppl    50.075
| epoch   3 step   131400 |  41314 batches | lr 0.000243 | ms/batch 2490.96 | loss  3.93 | ppl    50.873
| epoch   3 step   131600 |  41514 batches | lr 0.000243 | ms/batch 2416.60 | loss  3.98 | ppl    53.783
| epoch   3 step   131800 |  41714 batches | lr 0.000243 | ms/batch 2493.52 | loss  3.89 | ppl    48.846
| epoch   3 step   132000 |  41914 batches | lr 0.000243 | ms/batch 2500.47 | loss  3.89 | ppl    48.847
----------------------------------------------------------------------------------------------------
| Eval  33 at step   132000 | time: 10557.34s | valid loss  4.16 | valid ppl    64.102
----------------------------------------------------------------------------------------------------
| epoch   3 step   132200 |  42114 batches | lr 0.000243 | ms/batch 5914.92 | loss  3.89 | ppl    48.748
| epoch   3 step   132400 |  42314 batches | lr 0.000243 | ms/batch 2487.09 | loss  3.90 | ppl    49.339
| epoch   3 step   132600 |  42514 batches | lr 0.000243 | ms/batch 2415.05 | loss  3.90 | ppl    49.177
| epoch   3 step   132800 |  42714 batches | lr 0.000243 | ms/batch 2499.67 | loss  3.89 | ppl    48.941
| epoch   3 step   133000 |  42914 batches | lr 0.000242 | ms/batch 2501.57 | loss  3.89 | ppl    49.084
| epoch   3 step   133200 |  43114 batches | lr 0.000242 | ms/batch 2417.19 | loss  3.89 | ppl    48.794
| epoch   3 step   133400 |  43314 batches | lr 0.000242 | ms/batch 2490.71 | loss  3.89 | ppl    48.766
| epoch   3 step   133600 |  43514 batches | lr 0.000242 | ms/batch 2417.70 | loss  3.89 | ppl    49.136
| epoch   3 step   133800 |  43714 batches | lr 0.000242 | ms/batch 2483.53 | loss  4.00 | ppl    54.550
| epoch   3 step   134000 |  43914 batches | lr 0.000242 | ms/batch 2488.43 | loss  3.89 | ppl    48.759
| epoch   3 step   134200 |  44114 batches | lr 0.000242 | ms/batch 2408.29 | loss  3.89 | ppl    48.789
| epoch   3 step   134400 |  44314 batches | lr 0.000242 | ms/batch 2487.76 | loss  3.89 | ppl    48.905
| epoch   3 step   134600 |  44514 batches | lr 0.000242 | ms/batch 2407.79 | loss  3.88 | ppl    48.217
| epoch   3 step   134800 |  44714 batches | lr 0.000242 | ms/batch 2480.83 | loss  3.88 | ppl    48.666
| epoch   3 step   135000 |  44914 batches | lr 0.000242 | ms/batch 2416.01 | loss  3.89 | ppl    48.898
| epoch   4 step   135200 |     71 batches | lr 0.000242 | ms/batch 2498.44 | loss  3.88 | ppl    48.451
| epoch   4 step   135400 |    271 batches | lr 0.000242 | ms/batch 2492.17 | loss  3.87 | ppl    48.146
| epoch   4 step   135600 |    471 batches | lr 0.000242 | ms/batch 2414.03 | loss  3.89 | ppl    48.987
| epoch   4 step   135800 |    671 batches | lr 0.000242 | ms/batch 2498.69 | loss  3.87 | ppl    47.866
| epoch   4 step   136000 |    871 batches | lr 0.000242 | ms/batch 2414.73 | loss  3.86 | ppl    47.487
----------------------------------------------------------------------------------------------------
| Eval  34 at step   136000 | time: 10524.79s | valid loss  4.15 | valid ppl    63.202
----------------------------------------------------------------------------------------------------
| epoch   4 step   136200 |   1071 batches | lr 0.000242 | ms/batch 5976.20 | loss  4.23 | ppl    68.563
| epoch   4 step   136400 |   1271 batches | lr 0.000242 | ms/batch 2503.44 | loss  3.86 | ppl    47.619
| epoch   4 step   136600 |   1471 batches | lr 0.000242 | ms/batch 2413.02 | loss  3.87 | ppl    47.809
| epoch   4 step   136800 |   1671 batches | lr 0.000242 | ms/batch 2500.68 | loss  3.96 | ppl    52.481
| epoch   4 step   137000 |   1871 batches | lr 0.000242 | ms/batch 2416.99 | loss  3.88 | ppl    48.188
| epoch   4 step   137200 |   2071 batches | lr 0.000242 | ms/batch 2492.17 | loss  3.86 | ppl    47.425
| epoch   4 step   137400 |   2271 batches | lr 0.000242 | ms/batch 2416.37 | loss  3.87 | ppl    47.751
| epoch   4 step   137600 |   2471 batches | lr 0.000242 | ms/batch 2499.56 | loss  3.87 | ppl    47.735
| epoch   4 step   137800 |   2671 batches | lr 0.000242 | ms/batch 2503.17 | loss  3.87 | ppl    47.748
| epoch   4 step   138000 |   2871 batches | lr 0.000242 | ms/batch 2417.58 | loss  3.86 | ppl    47.583
| epoch   4 step   138200 |   3071 batches | lr 0.000242 | ms/batch 2495.65 | loss  3.86 | ppl    47.414
| epoch   4 step   138400 |   3271 batches | lr 0.000242 | ms/batch 2495.54 | loss  3.86 | ppl    47.350
| epoch   4 step   138600 |   3471 batches | lr 0.000242 | ms/batch 2413.09 | loss  3.86 | ppl    47.536
| epoch   4 step   138800 |   3671 batches | lr 0.000242 | ms/batch 2494.78 | loss  3.87 | ppl    47.745
| epoch   4 step   139000 |   3871 batches | lr 0.000242 | ms/batch 2419.61 | loss  3.86 | ppl    47.622
| epoch   4 step   139200 |   4071 batches | lr 0.000242 | ms/batch 2491.02 | loss  3.86 | ppl    47.549
| epoch   4 step   139400 |   4271 batches | lr 0.000242 | ms/batch 2446.41 | loss  3.86 | ppl    47.556
| epoch   4 step   139600 |   4471 batches | lr 0.000242 | ms/batch 2528.21 | loss  3.86 | ppl    47.332
| epoch   4 step   139800 |   4671 batches | lr 0.000242 | ms/batch 2527.79 | loss  3.86 | ppl    47.566
| epoch   4 step   140000 |   4871 batches | lr 0.000242 | ms/batch 2448.29 | loss  3.86 | ppl    47.425
----------------------------------------------------------------------------------------------------
| Eval  35 at step   140000 | time: 10607.40s | valid loss  4.14 | valid ppl    62.872
----------------------------------------------------------------------------------------------------
| epoch   4 step   140200 |   5071 batches | lr 0.000242 | ms/batch 6149.50 | loss  3.86 | ppl    47.614
| epoch   4 step   140400 |   5271 batches | lr 0.000242 | ms/batch 2448.80 | loss  3.86 | ppl    47.541
| epoch   4 step   140600 |   5471 batches | lr 0.000242 | ms/batch 2528.32 | loss  3.86 | ppl    47.498
| epoch   4 step   140800 |   5671 batches | lr 0.000242 | ms/batch 2442.01 | loss  3.87 | ppl    47.725
| epoch   4 step   141000 |   5871 batches | lr 0.000242 | ms/batch 2529.22 | loss  3.86 | ppl    47.516
| epoch   4 step   141200 |   6071 batches | lr 0.000242 | ms/batch 2519.44 | loss  3.86 | ppl    47.427
| epoch   4 step   141400 |   6271 batches | lr 0.000242 | ms/batch 2440.76 | loss  3.86 | ppl    47.453
| epoch   4 step   141600 |   6471 batches | lr 0.000242 | ms/batch 2517.64 | loss  3.86 | ppl    47.481
| epoch   4 step   141800 |   6671 batches | lr 0.000241 | ms/batch 2439.66 | loss  3.86 | ppl    47.447
| epoch   4 step   142000 |   6871 batches | lr 0.000241 | ms/batch 2526.71 | loss  3.86 | ppl    47.505
| epoch   4 step   142200 |   7071 batches | lr 0.000241 | ms/batch 2530.50 | loss  3.87 | ppl    48.159
| epoch   4 step   142400 |   7271 batches | lr 0.000241 | ms/batch 2445.06 | loss  3.86 | ppl    47.432
| epoch   4 step   142600 |   7471 batches | lr 0.000241 | ms/batch 2531.37 | loss  3.86 | ppl    47.592
| epoch   4 step   142800 |   7671 batches | lr 0.000241 | ms/batch 2449.83 | loss  3.86 | ppl    47.590
| epoch   4 step   143000 |   7871 batches | lr 0.000241 | ms/batch 2535.61 | loss  3.86 | ppl    47.517
| epoch   4 step   143200 |   8071 batches | lr 0.000241 | ms/batch 2522.00 | loss  3.86 | ppl    47.490
| epoch   4 step   143400 |   8271 batches | lr 0.000241 | ms/batch 2440.83 | loss  3.87 | ppl    47.789
| epoch   4 step   143600 |   8471 batches | lr 0.000241 | ms/batch 2515.47 | loss  3.88 | ppl    48.449
| epoch   4 step   143800 |   8671 batches | lr 0.000241 | ms/batch 2438.16 | loss  3.89 | ppl    48.689
| epoch   4 step   144000 |   8871 batches | lr 0.000241 | ms/batch 2523.48 | loss  3.87 | ppl    47.937
----------------------------------------------------------------------------------------------------
| Eval  36 at step   144000 | time: 10687.27s | valid loss  4.13 | valid ppl    62.370
----------------------------------------------------------------------------------------------------
| epoch   4 step   144200 |   9071 batches | lr 0.000241 | ms/batch 6011.82 | loss  3.86 | ppl    47.534
| epoch   4 step   144400 |   9271 batches | lr 0.000241 | ms/batch 2501.36 | loss  3.86 | ppl    47.436
| epoch   4 step   144600 |   9471 batches | lr 0.000241 | ms/batch 2512.91 | loss  3.86 | ppl    47.521
| epoch   4 step   144800 |   9671 batches | lr 0.000241 | ms/batch 2427.44 | loss  3.85 | ppl    47.130
| epoch   4 step   145000 |   9871 batches | lr 0.000241 | ms/batch 2515.09 | loss  3.86 | ppl    47.251
| epoch   4 step   145200 |  10071 batches | lr 0.000241 | ms/batch 2505.29 | loss  3.86 | ppl    47.397
| epoch   4 step   145400 |  10271 batches | lr 0.000241 | ms/batch 2425.30 | loss  3.86 | ppl    47.698
| epoch   4 step   145600 |  10471 batches | lr 0.000241 | ms/batch 2504.08 | loss  3.87 | ppl    47.746
| epoch   4 step   145800 |  10671 batches | lr 0.000241 | ms/batch 2423.99 | loss  3.86 | ppl    47.409
| epoch   4 step   146000 |  10871 batches | lr 0.000241 | ms/batch 2508.55 | loss  4.37 | ppl    79.155
| epoch   4 step   146200 |  11071 batches | lr 0.000241 | ms/batch 2421.39 | loss  7.58 | ppl  1950.150
| epoch   4 step   146400 |  11271 batches | lr 0.000241 | ms/batch 2501.52 | loss  7.57 | ppl  1945.914
| epoch   4 step   146600 |  11471 batches | lr 0.000241 | ms/batch 2499.49 | loss  7.57 | ppl  1940.938
| epoch   4 step   146800 |  11671 batches | lr 0.000241 | ms/batch 2418.17 | loss  7.56 | ppl  1928.926
| epoch   4 step   147000 |  11871 batches | lr 0.000241 | ms/batch 2500.26 | loss  7.56 | ppl  1927.525
| epoch   4 step   147200 |  12071 batches | lr 0.000241 | ms/batch 2417.56 | loss  7.57 | ppl  1931.697
| epoch   4 step   147400 |  12271 batches | lr 0.000241 | ms/batch 2493.37 | loss  7.57 | ppl  1931.707
| epoch   4 step   147600 |  12471 batches | lr 0.000241 | ms/batch 2417.22 | loss  7.56 | ppl  1916.548
| epoch   4 step   147800 |  12671 batches | lr 0.000241 | ms/batch 2497.61 | loss  7.56 | ppl  1921.375
| epoch   4 step   148000 |  12871 batches | lr 0.000241 | ms/batch 2504.60 | loss  7.57 | ppl  1932.472
----------------------------------------------------------------------------------------------------
| Eval  37 at step   148000 | time: 10593.21s | valid loss  8.47 | valid ppl  4769.947
----------------------------------------------------------------------------------------------------
| epoch   4 step   148200 |  13071 batches | lr 0.000241 | ms/batch 5959.60 | loss  7.56 | ppl  1921.759
srun: Job step aborted: Waiting up to 32 seconds for job step to finish.
slurmstepd: error: *** JOB 52047683 ON dgx03 CANCELLED AT 2020-04-26T13:29:16 ***
slurmstepd: error: *** STEP 52047683.0 ON dgx03 CANCELLED AT 2020-04-26T13:29:16 ***
/usr/bin/epilog: line 3: grep: command not found
