Run training...
Experiment dir : /m/triton/scratch/elec/puhe/p/jaina5/transformer-xl/FinnishXL/-Ktrain/20191007-145532
Loading cached dataset...
====================================================================================================
    - data : /m/triton/scratch/elec/puhe/p/jaina5/transformer-xl/FinnishXL/data/kiel_data/
    - dataset : Ktrain
    - n_layer : 96
    - n_head : 8
    - d_head : 40
    - d_embed : 256
    - d_model : 256
    - d_inner : 1024
    - dropout : 0.05
    - dropatt : 0.05
    - init : normal
    - emb_init : normal
    - init_range : 0.1
    - emb_init_range : 0.01
    - init_std : 0.02
    - proj_init_std : 0.01
    - optim : adam
    - lr : 0.00025
    - mom : 0.0
    - scheduler : cosine
    - warmup_step : 40000
    - decay_rate : 0.5
    - lr_min : 0.0
    - clip : 0.25
    - clip_nonemb : False
    - max_step : 1200000
    - batch_size : 512
    - batch_chunk : 4
    - tgt_len : 32
    - eval_tgt_len : 32
    - ext_len : 0
    - mem_len : 32
    - not_tied : False
    - seed : 1111
    - cuda : True
    - adaptive : False
    - div_val : 1
    - pre_lnorm : False
    - varlen : False
    - multi_gpu : False
    - log_interval : 200
    - eval_interval : 4000
    - work_dir : /m/triton/scratch/elec/puhe/p/jaina5/transformer-xl/FinnishXL/-Ktrain/20191007-145532
    - restart : False
    - restart_dir : 
    - debug : False
    - same_length : False
    - attn_type : 0
    - clamp_len : -1
    - eta_min : 0.0
    - gpu0_bsz : -1
    - max_eval_steps : -1
    - sample_softmax : -1
    - patience : 0
    - finetune_v2 : False
    - finetune_v3 : False
    - fp16 : False
    - static_loss_scale : 1
    - dynamic_loss_scale : False
    - tied : True
    - n_token : 34519
    - n_all_param : 98746455
    - n_nonemb_param : 89874432
====================================================================================================
#params = 98746455
#non emb params = 89874432
| epoch   1 step      200 |    200 batches | lr 1.25e-06 | ms/batch 2660.66 | loss 10.23 | ppl 27712.858
| epoch   1 step      400 |    400 batches | lr 2.5e-06 | ms/batch 2658.05 | loss 10.12 | ppl 24922.789
| epoch   1 step      600 |    600 batches | lr 3.75e-06 | ms/batch 2658.82 | loss  9.99 | ppl 21727.144
| epoch   1 step      800 |    800 batches | lr 5e-06 | ms/batch 2659.39 | loss  9.76 | ppl 17243.447
| epoch   1 step     1000 |   1000 batches | lr 6.25e-06 | ms/batch 2659.20 | loss  9.49 | ppl 13196.664
| epoch   1 step     1200 |   1200 batches | lr 7.5e-06 | ms/batch 2658.19 | loss  9.22 | ppl 10115.497
| epoch   1 step     1400 |   1400 batches | lr 8.75e-06 | ms/batch 2666.69 | loss  8.96 | ppl  7752.848
| epoch   1 step     1600 |   1600 batches | lr 1e-05 | ms/batch 2658.23 | loss  8.70 | ppl  6007.063
| epoch   1 step     1800 |   1800 batches | lr 1.13e-05 | ms/batch 2657.96 | loss  8.45 | ppl  4684.364
| epoch   1 step     2000 |   2000 batches | lr 1.25e-05 | ms/batch 2659.39 | loss  8.21 | ppl  3666.261
| epoch   1 step     2200 |   2200 batches | lr 1.38e-05 | ms/batch 2659.84 | loss  7.97 | ppl  2899.944
| epoch   1 step     2400 |   2400 batches | lr 1.5e-05 | ms/batch 2659.65 | loss  7.76 | ppl  2345.232
| epoch   1 step     2600 |   2600 batches | lr 1.63e-05 | ms/batch 2659.89 | loss  7.58 | ppl  1967.779
| epoch   1 step     2800 |   2800 batches | lr 1.75e-05 | ms/batch 2661.95 | loss  7.44 | ppl  1695.665
| epoch   1 step     3000 |   3000 batches | lr 1.87e-05 | ms/batch 2661.35 | loss  7.31 | ppl  1495.946
| epoch   1 step     3200 |   3200 batches | lr 2e-05 | ms/batch 2658.93 | loss  7.20 | ppl  1340.511
| epoch   1 step     3400 |   3400 batches | lr 2.12e-05 | ms/batch 2658.72 | loss  7.10 | ppl  1217.132
| epoch   1 step     3600 |   3600 batches | lr 2.25e-05 | ms/batch 2658.32 | loss  7.00 | ppl  1099.934
| epoch   1 step     3800 |   3800 batches | lr 2.38e-05 | ms/batch 2658.17 | loss  6.93 | ppl  1021.796
| epoch   1 step     4000 |   4000 batches | lr 2.5e-05 | ms/batch 2656.48 | loss  6.85 | ppl   942.800
----------------------------------------------------------------------------------------------------
| Eval   1 at step     4000 | time: 11392.01s | valid loss  6.77 | valid ppl   869.011
----------------------------------------------------------------------------------------------------
| epoch   1 step     4200 |   4200 batches | lr 2.63e-05 | ms/batch 6435.91 | loss  6.77 | ppl   875.391
| epoch   1 step     4400 |   4400 batches | lr 2.75e-05 | ms/batch 2657.74 | loss  6.71 | ppl   818.668
| epoch   1 step     4600 |   4600 batches | lr 2.88e-05 | ms/batch 2657.69 | loss  6.64 | ppl   768.910
| epoch   1 step     4800 |   4800 batches | lr 3e-05 | ms/batch 2657.95 | loss  6.58 | ppl   720.485
| epoch   1 step     5000 |   5000 batches | lr 3.13e-05 | ms/batch 2657.78 | loss  6.52 | ppl   679.083
| epoch   1 step     5200 |   5200 batches | lr 3.25e-05 | ms/batch 2652.43 | loss  6.47 | ppl   643.325
| epoch   1 step     5400 |   5400 batches | lr 3.38e-05 | ms/batch 2639.36 | loss  6.41 | ppl   606.907
| epoch   1 step     5600 |   5600 batches | lr 3.5e-05 | ms/batch 2639.68 | loss  6.36 | ppl   579.298
| epoch   1 step     5800 |   5800 batches | lr 3.63e-05 | ms/batch 2638.42 | loss  6.31 | ppl   551.231
| epoch   1 step     6000 |   6000 batches | lr 3.75e-05 | ms/batch 2638.32 | loss  6.27 | ppl   528.113
| epoch   1 step     6200 |   6200 batches | lr 3.87e-05 | ms/batch 2637.78 | loss  6.22 | ppl   502.568
| epoch   1 step     6400 |   6400 batches | lr 4e-05 | ms/batch 2637.78 | loss  6.17 | ppl   479.952
| epoch   1 step     6600 |   6600 batches | lr 4.13e-05 | ms/batch 2637.56 | loss  6.13 | ppl   461.551
| epoch   1 step     6800 |   6800 batches | lr 4.25e-05 | ms/batch 2633.46 | loss  6.09 | ppl   440.989
| epoch   1 step     7000 |   7000 batches | lr 4.37e-05 | ms/batch 2631.45 | loss  6.05 | ppl   422.839
| epoch   1 step     7200 |   7200 batches | lr 4.5e-05 | ms/batch 2632.26 | loss  6.01 | ppl   405.900
| epoch   1 step     7400 |   7400 batches | lr 4.62e-05 | ms/batch 2632.12 | loss  5.97 | ppl   390.312
| epoch   1 step     7600 |   7600 batches | lr 4.75e-05 | ms/batch 2632.13 | loss  5.93 | ppl   377.151
| epoch   1 step     7800 |   7800 batches | lr 4.87e-05 | ms/batch 2631.82 | loss  5.89 | ppl   362.505
| epoch   1 step     8000 |   8000 batches | lr 5e-05 | ms/batch 2631.26 | loss  5.85 | ppl   348.619
----------------------------------------------------------------------------------------------------
| Eval   2 at step     8000 | time: 11259.26s | valid loss  5.78 | valid ppl   322.372
----------------------------------------------------------------------------------------------------
| epoch   1 step     8200 |   8200 batches | lr 5.12e-05 | ms/batch 6100.95 | loss  5.82 | ppl   338.356
| epoch   1 step     8400 |   8400 batches | lr 5.25e-05 | ms/batch 2632.38 | loss  5.79 | ppl   326.749
| epoch   1 step     8600 |   8600 batches | lr 5.37e-05 | ms/batch 2632.02 | loss  5.75 | ppl   314.590
| epoch   1 step     8800 |   8800 batches | lr 5.5e-05 | ms/batch 2632.22 | loss  5.72 | ppl   303.977
| epoch   1 step     9000 |   9000 batches | lr 5.62e-05 | ms/batch 2631.69 | loss  5.68 | ppl   291.730
| epoch   1 step     9200 |   9200 batches | lr 5.75e-05 | ms/batch 2631.41 | loss  5.65 | ppl   285.209
| epoch   1 step     9400 |   9400 batches | lr 5.88e-05 | ms/batch 2632.39 | loss  5.62 | ppl   276.601
| epoch   1 step     9600 |   9600 batches | lr 6e-05 | ms/batch 2632.65 | loss  5.59 | ppl   267.993
| epoch   1 step     9800 |   9800 batches | lr 6.12e-05 | ms/batch 2632.14 | loss  5.56 | ppl   261.004
| epoch   1 step    10000 |  10000 batches | lr 6.25e-05 | ms/batch 2632.09 | loss  5.53 | ppl   252.679
| epoch   1 step    10200 |  10200 batches | lr 6.38e-05 | ms/batch 2631.74 | loss  5.50 | ppl   245.793
| epoch   1 step    10400 |  10400 batches | lr 6.5e-05 | ms/batch 2632.07 | loss  5.48 | ppl   239.254
| epoch   1 step    10600 |  10600 batches | lr 6.62e-05 | ms/batch 2631.91 | loss  5.45 | ppl   232.059
| epoch   1 step    10800 |  10800 batches | lr 6.75e-05 | ms/batch 2631.75 | loss  5.42 | ppl   226.127
| epoch   1 step    11000 |  11000 batches | lr 6.88e-05 | ms/batch 2632.44 | loss  5.40 | ppl   221.718
| epoch   1 step    11200 |  11200 batches | lr 7e-05 | ms/batch 2631.59 | loss  5.37 | ppl   214.253
| epoch   1 step    11400 |  11400 batches | lr 7.12e-05 | ms/batch 2631.34 | loss  5.35 | ppl   209.709
| epoch   1 step    11600 |  11600 batches | lr 7.25e-05 | ms/batch 2634.14 | loss  5.31 | ppl   203.187
| epoch   1 step    11800 |  11800 batches | lr 7.38e-05 | ms/batch 2636.51 | loss  5.29 | ppl   199.003
| epoch   1 step    12000 |  12000 batches | lr 7.5e-05 | ms/batch 2636.80 | loss  5.27 | ppl   195.263
----------------------------------------------------------------------------------------------------
| Eval   3 at step    12000 | time: 11235.84s | valid loss  5.19 | valid ppl   178.750
----------------------------------------------------------------------------------------------------
| epoch   1 step    12200 |  12200 batches | lr 7.63e-05 | ms/batch 6173.38 | loss  5.25 | ppl   190.557
| epoch   1 step    12400 |  12400 batches | lr 7.75e-05 | ms/batch 2636.69 | loss  5.23 | ppl   187.465
| epoch   1 step    12600 |  12600 batches | lr 7.88e-05 | ms/batch 2637.02 | loss  5.21 | ppl   182.876
| epoch   1 step    12800 |  12800 batches | lr 8e-05 | ms/batch 2638.35 | loss  5.19 | ppl   179.676
| epoch   1 step    13000 |  13000 batches | lr 8.12e-05 | ms/batch 2637.17 | loss  5.16 | ppl   174.162
| epoch   1 step    13200 |  13200 batches | lr 8.25e-05 | ms/batch 2637.66 | loss  5.14 | ppl   171.058
| epoch   1 step    13400 |  13400 batches | lr 8.38e-05 | ms/batch 2636.52 | loss  5.13 | ppl   168.787
| epoch   1 step    13600 |  13600 batches | lr 8.5e-05 | ms/batch 2636.85 | loss  5.11 | ppl   165.619
| epoch   1 step    13800 |  13800 batches | lr 8.63e-05 | ms/batch 2636.37 | loss  5.09 | ppl   162.740
| epoch   1 step    14000 |  14000 batches | lr 8.75e-05 | ms/batch 2636.24 | loss  5.07 | ppl   159.505
| epoch   1 step    14200 |  14200 batches | lr 8.88e-05 | ms/batch 2636.94 | loss  5.06 | ppl   157.135
| epoch   1 step    14400 |  14400 batches | lr 9e-05 | ms/batch 2635.64 | loss  5.04 | ppl   154.452
| epoch   1 step    14600 |  14600 batches | lr 9.12e-05 | ms/batch 2635.57 | loss  5.02 | ppl   151.944
| epoch   1 step    14800 |  14800 batches | lr 9.25e-05 | ms/batch 2636.39 | loss  5.01 | ppl   149.502
| epoch   1 step    15000 |  15000 batches | lr 9.38e-05 | ms/batch 2637.27 | loss  4.99 | ppl   147.151
| epoch   2 step    15200 |     85 batches | lr 9.5e-05 | ms/batch 2636.27 | loss  4.97 | ppl   144.583
| epoch   2 step    15400 |    285 batches | lr 9.63e-05 | ms/batch 2636.35 | loss  4.95 | ppl   141.100
| epoch   2 step    15600 |    485 batches | lr 9.75e-05 | ms/batch 2635.97 | loss  4.94 | ppl   139.100
| epoch   2 step    15800 |    685 batches | lr 9.88e-05 | ms/batch 2636.42 | loss  4.93 | ppl   138.251
| epoch   2 step    16000 |    885 batches | lr 0.0001 | ms/batch 2637.04 | loss  4.91 | ppl   135.860
----------------------------------------------------------------------------------------------------
| Eval   4 at step    16000 | time: 11253.46s | valid loss  4.83 | valid ppl   125.134
----------------------------------------------------------------------------------------------------
| epoch   2 step    16200 |   1085 batches | lr 0.000101 | ms/batch 6180.33 | loss  4.90 | ppl   134.427
| epoch   2 step    16400 |   1285 batches | lr 0.000102 | ms/batch 2637.05 | loss  4.89 | ppl   132.579
| epoch   2 step    16600 |   1485 batches | lr 0.000104 | ms/batch 2636.39 | loss  4.88 | ppl   130.989
| epoch   2 step    16800 |   1685 batches | lr 0.000105 | ms/batch 2635.93 | loss  4.86 | ppl   128.626
| epoch   2 step    17000 |   1885 batches | lr 0.000106 | ms/batch 2636.28 | loss  4.85 | ppl   127.533
| epoch   2 step    17200 |   2085 batches | lr 0.000107 | ms/batch 2637.41 | loss  4.84 | ppl   126.900
| epoch   2 step    17400 |   2285 batches | lr 0.000109 | ms/batch 2636.40 | loss  4.83 | ppl   125.334
| epoch   2 step    17600 |   2485 batches | lr 0.00011 | ms/batch 2636.43 | loss  4.82 | ppl   124.089
| epoch   2 step    17800 |   2685 batches | lr 0.000111 | ms/batch 2636.74 | loss  4.80 | ppl   121.879
| epoch   2 step    18000 |   2885 batches | lr 0.000112 | ms/batch 2636.20 | loss  4.79 | ppl   120.748
| epoch   2 step    18200 |   3085 batches | lr 0.000114 | ms/batch 2636.69 | loss  4.79 | ppl   120.308
| epoch   2 step    18400 |   3285 batches | lr 0.000115 | ms/batch 2637.18 | loss  4.78 | ppl   118.700
| epoch   2 step    18600 |   3485 batches | lr 0.000116 | ms/batch 2636.33 | loss  4.77 | ppl   118.174
| epoch   2 step    18800 |   3685 batches | lr 0.000118 | ms/batch 2637.10 | loss  4.76 | ppl   116.550
| epoch   2 step    19000 |   3885 batches | lr 0.000119 | ms/batch 2635.88 | loss  4.75 | ppl   115.567
| epoch   2 step    19200 |   4085 batches | lr 0.00012 | ms/batch 2636.75 | loss  4.74 | ppl   114.367
| epoch   2 step    19400 |   4285 batches | lr 0.000121 | ms/batch 2636.34 | loss  4.73 | ppl   113.638
| epoch   2 step    19600 |   4485 batches | lr 0.000122 | ms/batch 2636.69 | loss  4.73 | ppl   112.789
| epoch   2 step    19800 |   4685 batches | lr 0.000124 | ms/batch 2637.12 | loss  4.72 | ppl   111.665
| epoch   2 step    20000 |   4885 batches | lr 0.000125 | ms/batch 2636.80 | loss  4.70 | ppl   110.399
----------------------------------------------------------------------------------------------------
| Eval   5 at step    20000 | time: 11252.69s | valid loss  4.62 | valid ppl   101.595
----------------------------------------------------------------------------------------------------
| epoch   2 step    20200 |   5085 batches | lr 0.000126 | ms/batch 6175.32 | loss  4.70 | ppl   110.139
| epoch   2 step    20400 |   5285 batches | lr 0.000128 | ms/batch 2637.15 | loss  4.70 | ppl   109.406
| epoch   2 step    20600 |   5485 batches | lr 0.000129 | ms/batch 2636.44 | loss  4.69 | ppl   108.397
| epoch   2 step    20800 |   5685 batches | lr 0.00013 | ms/batch 2636.20 | loss  4.68 | ppl   107.742
| epoch   2 step    21000 |   5885 batches | lr 0.000131 | ms/batch 2635.92 | loss  4.66 | ppl   106.124
| epoch   2 step    21200 |   6085 batches | lr 0.000132 | ms/batch 2635.95 | loss  4.66 | ppl   106.060
| epoch   2 step    21400 |   6285 batches | lr 0.000134 | ms/batch 2636.55 | loss  4.65 | ppl   105.052
| epoch   2 step    21600 |   6485 batches | lr 0.000135 | ms/batch 2638.09 | loss  4.65 | ppl   104.274
| epoch   2 step    21800 |   6685 batches | lr 0.000136 | ms/batch 2636.89 | loss  4.64 | ppl   103.399
| epoch   2 step    22000 |   6885 batches | lr 0.000138 | ms/batch 2636.59 | loss  4.63 | ppl   102.779
| epoch   2 step    22200 |   7085 batches | lr 0.000139 | ms/batch 2636.73 | loss  4.63 | ppl   102.943
| epoch   2 step    22400 |   7285 batches | lr 0.00014 | ms/batch 2636.57 | loss  4.63 | ppl   102.132
| epoch   2 step    22600 |   7485 batches | lr 0.000141 | ms/batch 2635.65 | loss  4.62 | ppl   101.137
| epoch   2 step    22800 |   7685 batches | lr 0.000142 | ms/batch 2636.13 | loss  4.60 | ppl    99.896
| epoch   2 step    23000 |   7885 batches | lr 0.000144 | ms/batch 2636.91 | loss  4.60 | ppl    99.575
| epoch   2 step    23200 |   8085 batches | lr 0.000145 | ms/batch 2636.32 | loss  4.60 | ppl    99.044
| epoch   2 step    23400 |   8285 batches | lr 0.000146 | ms/batch 2636.36 | loss  4.58 | ppl    97.645
| epoch   2 step    23600 |   8485 batches | lr 0.000148 | ms/batch 2636.48 | loss  4.59 | ppl    98.052
| epoch   2 step    23800 |   8685 batches | lr 0.000149 | ms/batch 2636.93 | loss  4.58 | ppl    97.506
| epoch   2 step    24000 |   8885 batches | lr 0.00015 | ms/batch 2636.20 | loss  4.57 | ppl    96.326
----------------------------------------------------------------------------------------------------
| Eval   6 at step    24000 | time: 11252.16s | valid loss  4.48 | valid ppl    88.445
----------------------------------------------------------------------------------------------------
| epoch   2 step    24200 |   9085 batches | lr 0.000151 | ms/batch 6175.03 | loss  4.57 | ppl    96.416
| epoch   2 step    24400 |   9285 batches | lr 0.000153 | ms/batch 2635.83 | loss  4.56 | ppl    95.855
| epoch   2 step    24600 |   9485 batches | lr 0.000154 | ms/batch 2633.83 | loss  4.55 | ppl    94.932
| epoch   2 step    24800 |   9685 batches | lr 0.000155 | ms/batch 2633.72 | loss  4.55 | ppl    94.520
| epoch   2 step    25000 |   9885 batches | lr 0.000156 | ms/batch 2633.91 | loss  4.54 | ppl    93.904
| epoch   2 step    25200 |  10085 batches | lr 0.000158 | ms/batch 2634.97 | loss  4.54 | ppl    93.497
| epoch   2 step    25400 |  10285 batches | lr 0.000159 | ms/batch 2635.22 | loss  4.54 | ppl    93.520
| epoch   2 step    25600 |  10485 batches | lr 0.00016 | ms/batch 2636.86 | loss  4.53 | ppl    92.534
| epoch   2 step    25800 |  10685 batches | lr 0.000161 | ms/batch 2638.57 | loss  4.53 | ppl    92.592
| epoch   2 step    26000 |  10885 batches | lr 0.000162 | ms/batch 2638.36 | loss  4.52 | ppl    92.195
| epoch   2 step    26200 |  11085 batches | lr 0.000164 | ms/batch 2638.81 | loss  4.52 | ppl    91.580
| epoch   2 step    26400 |  11285 batches | lr 0.000165 | ms/batch 2635.65 | loss  4.51 | ppl    90.869
| epoch   2 step    26600 |  11485 batches | lr 0.000166 | ms/batch 2638.69 | loss  4.51 | ppl    90.507
| epoch   2 step    26800 |  11685 batches | lr 0.000168 | ms/batch 2638.55 | loss  4.51 | ppl    90.525
| epoch   2 step    27000 |  11885 batches | lr 0.000169 | ms/batch 2639.07 | loss  4.50 | ppl    89.936
| epoch   2 step    27200 |  12085 batches | lr 0.00017 | ms/batch 2638.22 | loss  4.50 | ppl    89.852
| epoch   2 step    27400 |  12285 batches | lr 0.000171 | ms/batch 2638.22 | loss  4.49 | ppl    88.902
| epoch   2 step    27600 |  12485 batches | lr 0.000173 | ms/batch 2638.20 | loss  4.49 | ppl    88.845
| epoch   2 step    27800 |  12685 batches | lr 0.000174 | ms/batch 2637.73 | loss  4.49 | ppl    88.867
| epoch   2 step    28000 |  12885 batches | lr 0.000175 | ms/batch 2638.94 | loss  4.48 | ppl    88.036
----------------------------------------------------------------------------------------------------
| Eval   7 at step    28000 | time: 11260.72s | valid loss  4.39 | valid ppl    80.632
----------------------------------------------------------------------------------------------------
| epoch   2 step    28200 |  13085 batches | lr 0.000176 | ms/batch 6209.82 | loss  4.48 | ppl    88.161
| epoch   2 step    28400 |  13285 batches | lr 0.000178 | ms/batch 2638.14 | loss  4.48 | ppl    87.966
| epoch   2 step    28600 |  13485 batches | lr 0.000179 | ms/batch 2637.89 | loss  4.47 | ppl    87.659
| epoch   2 step    28800 |  13685 batches | lr 0.00018 | ms/batch 2637.66 | loss  4.47 | ppl    86.968
| epoch   2 step    29000 |  13885 batches | lr 0.000181 | ms/batch 2638.14 | loss  4.46 | ppl    86.664
| epoch   2 step    29200 |  14085 batches | lr 0.000182 | ms/batch 2638.62 | loss  4.46 | ppl    86.746
| epoch   2 step    29400 |  14285 batches | lr 0.000184 | ms/batch 2638.05 | loss  4.46 | ppl    86.328
| epoch   2 step    29600 |  14485 batches | lr 0.000185 | ms/batch 2638.76 | loss  4.46 | ppl    86.228
| epoch   2 step    29800 |  14685 batches | lr 0.000186 | ms/batch 2637.46 | loss  4.45 | ppl    85.351
| epoch   2 step    30000 |  14885 batches | lr 0.000188 | ms/batch 2638.19 | loss  4.44 | ppl    85.105
| epoch   2 step    30200 |  15085 batches | lr 0.000189 | ms/batch 2637.73 | loss  4.44 | ppl    85.198
| epoch   3 step    30400 |    170 batches | lr 0.00019 | ms/batch 2639.11 | loss  4.42 | ppl    82.758
| epoch   3 step    30600 |    370 batches | lr 0.000191 | ms/batch 2637.62 | loss  4.41 | ppl    82.450
| epoch   3 step    30800 |    570 batches | lr 0.000193 | ms/batch 2637.67 | loss  4.41 | ppl    82.154
| epoch   3 step    31000 |    770 batches | lr 0.000194 | ms/batch 2638.39 | loss  4.42 | ppl    82.761
| epoch   3 step    31200 |    970 batches | lr 0.000195 | ms/batch 2638.10 | loss  4.41 | ppl    81.890
| epoch   3 step    31400 |   1170 batches | lr 0.000196 | ms/batch 2637.66 | loss  4.40 | ppl    81.611
| epoch   3 step    31600 |   1370 batches | lr 0.000198 | ms/batch 2638.38 | loss  4.41 | ppl    81.912
| epoch   3 step    31800 |   1570 batches | lr 0.000199 | ms/batch 2637.33 | loss  4.40 | ppl    81.808
| epoch   3 step    32000 |   1770 batches | lr 0.0002 | ms/batch 2637.72 | loss  4.40 | ppl    81.523
----------------------------------------------------------------------------------------------------
| Eval   8 at step    32000 | time: 11264.14s | valid loss  4.33 | valid ppl    75.774
----------------------------------------------------------------------------------------------------
| epoch   3 step    32200 |   1970 batches | lr 0.000201 | ms/batch 6208.82 | loss  4.40 | ppl    81.468
| epoch   3 step    32400 |   2170 batches | lr 0.000202 | ms/batch 2638.28 | loss  4.39 | ppl    80.819
| epoch   3 step    32600 |   2370 batches | lr 0.000204 | ms/batch 2636.78 | loss  4.39 | ppl    80.662
| epoch   3 step    32800 |   2570 batches | lr 0.000205 | ms/batch 2637.76 | loss  4.40 | ppl    81.259
| epoch   3 step    33000 |   2770 batches | lr 0.000206 | ms/batch 2636.99 | loss  4.39 | ppl    80.739
| epoch   3 step    33200 |   2970 batches | lr 0.000208 | ms/batch 2637.23 | loss  4.39 | ppl    80.572
| epoch   3 step    33400 |   3170 batches | lr 0.000209 | ms/batch 2628.43 | loss  4.39 | ppl    80.454
| epoch   3 step    33600 |   3370 batches | lr 0.00021 | ms/batch 2631.29 | loss  4.39 | ppl    80.442
| epoch   3 step    33800 |   3570 batches | lr 0.000211 | ms/batch 2628.00 | loss  4.38 | ppl    80.158
| epoch   3 step    34000 |   3770 batches | lr 0.000212 | ms/batch 2628.76 | loss  4.38 | ppl    79.688
| epoch   3 step    34200 |   3970 batches | lr 0.000214 | ms/batch 2637.89 | loss  4.38 | ppl    79.771
| epoch   3 step    34400 |   4170 batches | lr 0.000215 | ms/batch 2642.25 | loss  4.38 | ppl    79.755
| epoch   3 step    34600 |   4370 batches | lr 0.000216 | ms/batch 2642.91 | loss  4.38 | ppl    79.726
| epoch   3 step    34800 |   4570 batches | lr 0.000218 | ms/batch 2643.08 | loss  4.37 | ppl    79.087
| epoch   3 step    35000 |   4770 batches | lr 0.000219 | ms/batch 2647.82 | loss  4.37 | ppl    79.150
| epoch   3 step    35200 |   4970 batches | lr 0.00022 | ms/batch 2644.46 | loss  4.37 | ppl    78.918
| epoch   3 step    35400 |   5170 batches | lr 0.000221 | ms/batch 2647.36 | loss  4.37 | ppl    78.958
| epoch   3 step    35600 |   5370 batches | lr 0.000223 | ms/batch 2646.02 | loss  4.36 | ppl    78.464
| epoch   3 step    35800 |   5570 batches | lr 0.000224 | ms/batch 2647.97 | loss  4.36 | ppl    78.595
| epoch   3 step    36000 |   5770 batches | lr 0.000225 | ms/batch 2643.42 | loss  4.36 | ppl    78.395
----------------------------------------------------------------------------------------------------
| Eval   9 at step    36000 | time: 11276.79s | valid loss  4.28 | valid ppl    72.074
----------------------------------------------------------------------------------------------------
| epoch   3 step    36200 |   5970 batches | lr 0.000226 | ms/batch 6244.33 | loss  4.36 | ppl    78.316
| epoch   3 step    36400 |   6170 batches | lr 0.000228 | ms/batch 2640.18 | loss  4.35 | ppl    77.815
| epoch   3 step    36600 |   6370 batches | lr 0.000229 | ms/batch 2644.48 | loss  4.36 | ppl    78.212
| epoch   3 step    36800 |   6570 batches | lr 0.00023 | ms/batch 2643.90 | loss  4.36 | ppl    78.038
| epoch   3 step    37000 |   6770 batches | lr 0.000231 | ms/batch 2642.12 | loss  4.36 | ppl    78.142
| epoch   3 step    37200 |   6970 batches | lr 0.000233 | ms/batch 2645.62 | loss  4.36 | ppl    77.986
| epoch   3 step    37400 |   7170 batches | lr 0.000234 | ms/batch 2644.43 | loss  4.35 | ppl    77.491
| epoch   3 step    37600 |   7370 batches | lr 0.000235 | ms/batch 2646.96 | loss  4.36 | ppl    78.048
| epoch   3 step    37800 |   7570 batches | lr 0.000236 | ms/batch 2656.17 | loss  4.35 | ppl    77.143
| epoch   3 step    38000 |   7770 batches | lr 0.000237 | ms/batch 2647.06 | loss  4.35 | ppl    77.254
| epoch   3 step    38200 |   7970 batches | lr 0.000239 | ms/batch 2648.33 | loss  4.35 | ppl    77.484
| epoch   3 step    38400 |   8170 batches | lr 0.00024 | ms/batch 2648.52 | loss  4.34 | ppl    76.596
| epoch   3 step    38600 |   8370 batches | lr 0.000241 | ms/batch 2646.55 | loss  4.34 | ppl    76.883
| epoch   3 step    38800 |   8570 batches | lr 0.000243 | ms/batch 2648.06 | loss  4.34 | ppl    76.962
| epoch   3 step    39000 |   8770 batches | lr 0.000244 | ms/batch 2642.98 | loss  4.34 | ppl    76.789
| epoch   3 step    39200 |   8970 batches | lr 0.000245 | ms/batch 2646.02 | loss  4.34 | ppl    76.948
| epoch   3 step    39400 |   9170 batches | lr 0.000246 | ms/batch 2644.53 | loss  4.34 | ppl    76.524
| epoch   3 step    39600 |   9370 batches | lr 0.000247 | ms/batch 2649.06 | loss  4.34 | ppl    76.481
| epoch   3 step    39800 |   9570 batches | lr 0.000249 | ms/batch 2646.00 | loss  4.34 | ppl    76.345
| epoch   3 step    40000 |   9770 batches | lr 0.00025 | ms/batch 2644.79 | loss  4.33 | ppl    75.665
----------------------------------------------------------------------------------------------------
| Eval  10 at step    40000 | time: 11305.97s | valid loss  4.24 | valid ppl    69.676
----------------------------------------------------------------------------------------------------
| epoch   3 step    40200 |   9970 batches | lr 0.00025 | ms/batch 6267.17 | loss  4.33 | ppl    75.985
| epoch   3 step    40400 |  10170 batches | lr 0.00025 | ms/batch 2646.00 | loss  4.34 | ppl    76.352
| epoch   3 step    40600 |  10370 batches | lr 0.00025 | ms/batch 2646.57 | loss  4.32 | ppl    75.361
| epoch   3 step    40800 |  10570 batches | lr 0.00025 | ms/batch 2648.88 | loss  4.32 | ppl    75.168
| epoch   3 step    41000 |  10770 batches | lr 0.00025 | ms/batch 2647.35 | loss  4.33 | ppl    75.711
| epoch   3 step    41200 |  10970 batches | lr 0.00025 | ms/batch 2646.95 | loss  4.32 | ppl    75.241
| epoch   3 step    41400 |  11170 batches | lr 0.00025 | ms/batch 2643.81 | loss  4.33 | ppl    75.572
| epoch   3 step    41600 |  11370 batches | lr 0.00025 | ms/batch 2651.49 | loss  4.32 | ppl    75.429
| epoch   3 step    41800 |  11570 batches | lr 0.00025 | ms/batch 2645.20 | loss  4.32 | ppl    75.555
| epoch   3 step    42000 |  11770 batches | lr 0.00025 | ms/batch 2646.76 | loss  4.32 | ppl    75.112
| epoch   3 step    42200 |  11970 batches | lr 0.00025 | ms/batch 2644.91 | loss  4.32 | ppl    74.826
| epoch   3 step    42400 |  12170 batches | lr 0.00025 | ms/batch 2645.34 | loss  4.31 | ppl    74.404
| epoch   3 step    42600 |  12370 batches | lr 0.00025 | ms/batch 2649.01 | loss  4.31 | ppl    74.290
| epoch   3 step    42800 |  12570 batches | lr 0.00025 | ms/batch 2646.04 | loss  4.31 | ppl    74.713
| epoch   3 step    43000 |  12770 batches | lr 0.00025 | ms/batch 2649.01 | loss  4.31 | ppl    74.280
| epoch   3 step    43200 |  12970 batches | lr 0.00025 | ms/batch 2647.68 | loss  4.31 | ppl    74.254
| epoch   3 step    43400 |  13170 batches | lr 0.00025 | ms/batch 2647.90 | loss  4.30 | ppl    73.991
| epoch   3 step    43600 |  13370 batches | lr 0.00025 | ms/batch 2646.91 | loss  4.30 | ppl    73.779
| epoch   3 step    43800 |  13570 batches | lr 0.00025 | ms/batch 2648.57 | loss  4.30 | ppl    73.986
| epoch   3 step    44000 |  13770 batches | lr 0.00025 | ms/batch 2648.73 | loss  4.30 | ppl    73.524
----------------------------------------------------------------------------------------------------
| Eval  11 at step    44000 | time: 11311.87s | valid loss  4.21 | valid ppl    67.151
----------------------------------------------------------------------------------------------------
| epoch   3 step    44200 |  13970 batches | lr 0.00025 | ms/batch 6271.36 | loss  4.30 | ppl    73.534
| epoch   3 step    44400 |  14170 batches | lr 0.00025 | ms/batch 2644.94 | loss  4.29 | ppl    73.196
| epoch   3 step    44600 |  14370 batches | lr 0.00025 | ms/batch 2648.29 | loss  4.29 | ppl    73.183
| epoch   3 step    44800 |  14570 batches | lr 0.00025 | ms/batch 2641.71 | loss  4.29 | ppl    72.621
| epoch   3 step    45000 |  14770 batches | lr 0.00025 | ms/batch 2628.50 | loss  4.29 | ppl    73.025
| epoch   3 step    45200 |  14970 batches | lr 0.00025 | ms/batch 2627.01 | loss  4.29 | ppl    72.990
| epoch   4 step    45400 |     55 batches | lr 0.00025 | ms/batch 2626.62 | loss  4.28 | ppl    71.988
| epoch   4 step    45600 |    255 batches | lr 0.00025 | ms/batch 2627.60 | loss  4.26 | ppl    70.533
| epoch   4 step    45800 |    455 batches | lr 0.00025 | ms/batch 2626.66 | loss  4.26 | ppl    70.660
| epoch   4 step    46000 |    655 batches | lr 0.00025 | ms/batch 2626.99 | loss  4.26 | ppl    70.567
| epoch   4 step    46200 |    855 batches | lr 0.00025 | ms/batch 2626.17 | loss  4.26 | ppl    70.740
| epoch   4 step    46400 |   1055 batches | lr 0.00025 | ms/batch 2629.81 | loss  4.25 | ppl    70.446
| epoch   4 step    46600 |   1255 batches | lr 0.00025 | ms/batch 2625.87 | loss  4.25 | ppl    70.237
| epoch   4 step    46800 |   1455 batches | lr 0.00025 | ms/batch 2627.08 | loss  4.26 | ppl    70.542
| epoch   4 step    47000 |   1655 batches | lr 0.00025 | ms/batch 2626.06 | loss  4.25 | ppl    70.307
| epoch   4 step    47200 |   1855 batches | lr 0.00025 | ms/batch 2625.14 | loss  4.25 | ppl    70.045
| epoch   4 step    47400 |   2055 batches | lr 0.00025 | ms/batch 2626.15 | loss  4.25 | ppl    70.140
| epoch   4 step    47600 |   2255 batches | lr 0.00025 | ms/batch 2627.28 | loss  4.25 | ppl    70.088
| epoch   4 step    47800 |   2455 batches | lr 0.00025 | ms/batch 2627.01 | loss  4.25 | ppl    70.281
| epoch   4 step    48000 |   2655 batches | lr 0.00025 | ms/batch 2627.75 | loss  4.25 | ppl    70.380
----------------------------------------------------------------------------------------------------
| Eval  12 at step    48000 | time: 11216.44s | valid loss  4.17 | valid ppl    64.904
----------------------------------------------------------------------------------------------------
| epoch   4 step    48200 |   2855 batches | lr 0.00025 | ms/batch 6106.20 | loss  4.25 | ppl    70.017
| epoch   4 step    48400 |   3055 batches | lr 0.00025 | ms/batch 2625.86 | loss  4.24 | ppl    69.726
| epoch   4 step    48600 |   3255 batches | lr 0.00025 | ms/batch 2625.94 | loss  4.25 | ppl    70.150
| epoch   4 step    48800 |   3455 batches | lr 0.00025 | ms/batch 2625.79 | loss  4.25 | ppl    69.968
| epoch   4 step    49000 |   3655 batches | lr 0.00025 | ms/batch 2625.30 | loss  4.24 | ppl    69.749
| epoch   4 step    49200 |   3855 batches | lr 0.00025 | ms/batch 2625.73 | loss  4.25 | ppl    69.923
| epoch   4 step    49400 |   4055 batches | lr 0.00025 | ms/batch 2625.50 | loss  4.24 | ppl    69.600
| epoch   4 step    49600 |   4255 batches | lr 0.00025 | ms/batch 2626.17 | loss  4.24 | ppl    69.546
| epoch   4 step    49800 |   4455 batches | lr 0.00025 | ms/batch 2624.25 | loss  4.24 | ppl    69.530
| epoch   4 step    50000 |   4655 batches | lr 0.00025 | ms/batch 2625.07 | loss  4.24 | ppl    69.220
| epoch   4 step    50200 |   4855 batches | lr 0.00025 | ms/batch 2624.39 | loss  4.23 | ppl    68.777
| epoch   4 step    50400 |   5055 batches | lr 0.00025 | ms/batch 2624.70 | loss  4.24 | ppl    69.312
| epoch   4 step    50600 |   5255 batches | lr 0.00025 | ms/batch 2625.43 | loss  4.23 | ppl    69.049
| epoch   4 step    50800 |   5455 batches | lr 0.00025 | ms/batch 2624.84 | loss  4.24 | ppl    69.228
| epoch   4 step    51000 |   5655 batches | lr 0.00025 | ms/batch 2625.52 | loss  4.24 | ppl    69.210
| epoch   4 step    51200 |   5855 batches | lr 0.00025 | ms/batch 2625.65 | loss  4.23 | ppl    68.823
| epoch   4 step    51400 |   6055 batches | lr 0.00025 | ms/batch 2624.94 | loss  4.24 | ppl    69.385
| epoch   4 step    51600 |   6255 batches | lr 0.00025 | ms/batch 2625.32 | loss  4.23 | ppl    68.889
| epoch   4 step    51800 |   6455 batches | lr 0.00025 | ms/batch 2625.09 | loss  4.23 | ppl    68.775
| epoch   4 step    52000 |   6655 batches | lr 0.00025 | ms/batch 2625.21 | loss  4.24 | ppl    69.315
----------------------------------------------------------------------------------------------------
| Eval  13 at step    52000 | time: 11195.53s | valid loss  4.15 | valid ppl    63.240
----------------------------------------------------------------------------------------------------
| epoch   4 step    52200 |   6855 batches | lr 0.00025 | ms/batch 6105.25 | loss  4.23 | ppl    69.041
| epoch   4 step    52400 |   7055 batches | lr 0.00025 | ms/batch 2625.87 | loss  4.23 | ppl    68.766
| epoch   4 step    52600 |   7255 batches | lr 0.000249 | ms/batch 2638.09 | loss  4.23 | ppl    68.920
| epoch   4 step    52800 |   7455 batches | lr 0.000249 | ms/batch 2637.99 | loss  4.23 | ppl    68.714
| epoch   4 step    53000 |   7655 batches | lr 0.000249 | ms/batch 2638.07 | loss  4.23 | ppl    68.528
| epoch   4 step    53200 |   7855 batches | lr 0.000249 | ms/batch 2640.34 | loss  4.23 | ppl    68.942
| epoch   4 step    53400 |   8055 batches | lr 0.000249 | ms/batch 2640.87 | loss  4.23 | ppl    68.546
| epoch   4 step    53600 |   8255 batches | lr 0.000249 | ms/batch 2640.54 | loss  4.23 | ppl    68.945
| epoch   4 step    53800 |   8455 batches | lr 0.000249 | ms/batch 2639.69 | loss  4.23 | ppl    68.582
| epoch   4 step    54000 |   8655 batches | lr 0.000249 | ms/batch 2640.75 | loss  4.22 | ppl    68.336
| epoch   4 step    54200 |   8855 batches | lr 0.000249 | ms/batch 2641.58 | loss  4.23 | ppl    68.503
| epoch   4 step    54400 |   9055 batches | lr 0.000249 | ms/batch 2638.85 | loss  4.23 | ppl    68.428
| epoch   4 step    54600 |   9255 batches | lr 0.000249 | ms/batch 2638.84 | loss  4.22 | ppl    68.022
| epoch   4 step    54800 |   9455 batches | lr 0.000249 | ms/batch 2644.04 | loss  4.22 | ppl    68.364
| epoch   4 step    55000 |   9655 batches | lr 0.000249 | ms/batch 2644.80 | loss  4.22 | ppl    67.831
| epoch   4 step    55200 |   9855 batches | lr 0.000249 | ms/batch 2646.42 | loss  4.22 | ppl    67.830
| epoch   4 step    55400 |  10055 batches | lr 0.000249 | ms/batch 2646.71 | loss  4.22 | ppl    68.110
| epoch   4 step    55600 |  10255 batches | lr 0.000249 | ms/batch 2643.01 | loss  4.21 | ppl    67.309
| epoch   4 step    55800 |  10455 batches | lr 0.000249 | ms/batch 2641.35 | loss  4.22 | ppl    68.106
| epoch   4 step    56000 |  10655 batches | lr 0.000249 | ms/batch 2636.93 | loss  4.21 | ppl    67.184
----------------------------------------------------------------------------------------------------
| Eval  14 at step    56000 | time: 11276.61s | valid loss  4.13 | valid ppl    61.984
----------------------------------------------------------------------------------------------------
| epoch   4 step    56200 |  10855 batches | lr 0.000249 | ms/batch 6245.73 | loss  4.21 | ppl    67.579
| epoch   4 step    56400 |  11055 batches | lr 0.000249 | ms/batch 2643.77 | loss  4.21 | ppl    67.046
| epoch   4 step    56600 |  11255 batches | lr 0.000249 | ms/batch 2645.43 | loss  4.22 | ppl    67.756
| epoch   4 step    56800 |  11455 batches | lr 0.000249 | ms/batch 2641.13 | loss  4.21 | ppl    67.280
| epoch   4 step    57000 |  11655 batches | lr 0.000249 | ms/batch 2639.52 | loss  4.21 | ppl    67.166
| epoch   4 step    57200 |  11855 batches | lr 0.000249 | ms/batch 2636.97 | loss  4.20 | ppl    66.931
| epoch   4 step    57400 |  12055 batches | lr 0.000249 | ms/batch 2643.73 | loss  4.21 | ppl    67.220
| epoch   4 step    57600 |  12255 batches | lr 0.000249 | ms/batch 2643.89 | loss  4.21 | ppl    67.040
| epoch   4 step    57800 |  12455 batches | lr 0.000249 | ms/batch 2644.11 | loss  4.21 | ppl    67.424
| epoch   4 step    58000 |  12655 batches | lr 0.000249 | ms/batch 2644.22 | loss  4.20 | ppl    66.865
| epoch   4 step    58200 |  12855 batches | lr 0.000249 | ms/batch 2641.28 | loss  4.21 | ppl    67.080
| epoch   4 step    58400 |  13055 batches | lr 0.000249 | ms/batch 2640.26 | loss  4.21 | ppl    67.135
| epoch   4 step    58600 |  13255 batches | lr 0.000249 | ms/batch 2635.10 | loss  4.20 | ppl    66.545
| epoch   4 step    58800 |  13455 batches | lr 0.000249 | ms/batch 2642.04 | loss  4.20 | ppl    66.957
| epoch   4 step    59000 |  13655 batches | lr 0.000249 | ms/batch 2644.46 | loss  4.21 | ppl    67.026
| epoch   4 step    59200 |  13855 batches | lr 0.000249 | ms/batch 2646.85 | loss  4.20 | ppl    66.480
| epoch   4 step    59400 |  14055 batches | lr 0.000249 | ms/batch 2644.06 | loss  4.20 | ppl    66.791
| epoch   4 step    59600 |  14255 batches | lr 0.000249 | ms/batch 2643.91 | loss  4.20 | ppl    66.656
| epoch   4 step    59800 |  14455 batches | lr 0.000249 | ms/batch 2641.18 | loss  4.20 | ppl    66.571
| epoch   4 step    60000 |  14655 batches | lr 0.000249 | ms/batch 2636.14 | loss  4.20 | ppl    66.856
----------------------------------------------------------------------------------------------------
| Eval  15 at step    60000 | time: 13470.48s | valid loss  4.11 | valid ppl    60.817
----------------------------------------------------------------------------------------------------
| epoch   4 step    60200 |  14855 batches | lr 0.000249 | ms/batch 12826.19 | loss  4.20 | ppl    66.761
| epoch   4 step    60400 |  15055 batches | lr 0.000249 | ms/batch 4563.89 | loss  4.20 | ppl    66.581
| epoch   5 step    60600 |    140 batches | lr 0.000249 | ms/batch 2686.00 | loss  4.17 | ppl    65.007
| epoch   5 step    60800 |    340 batches | lr 0.000249 | ms/batch 6096.72 | loss  4.17 | ppl    64.406
| epoch   5 step    61000 |    540 batches | lr 0.000249 | ms/batch 2642.20 | loss  4.16 | ppl    64.292
| epoch   5 step    61200 |    740 batches | lr 0.000249 | ms/batch 2640.03 | loss  4.17 | ppl    64.511
| epoch   5 step    61400 |    940 batches | lr 0.000249 | ms/batch 2637.41 | loss  4.17 | ppl    64.465
| epoch   5 step    61600 |   1140 batches | lr 0.000249 | ms/batch 2639.29 | loss  4.17 | ppl    64.693
| epoch   5 step    61800 |   1340 batches | lr 0.000249 | ms/batch 2645.80 | loss  4.17 | ppl    64.528
| epoch   5 step    62000 |   1540 batches | lr 0.000249 | ms/batch 2639.30 | loss  4.17 | ppl    64.458
| epoch   5 step    62200 |   1740 batches | lr 0.000249 | ms/batch 2638.27 | loss  4.17 | ppl    64.529
| epoch   5 step    62400 |   1940 batches | lr 0.000249 | ms/batch 2638.71 | loss  4.17 | ppl    64.513
| epoch   5 step    62600 |   2140 batches | lr 0.000249 | ms/batch 2637.58 | loss  4.17 | ppl    64.540
| epoch   5 step    62800 |   2340 batches | lr 0.000249 | ms/batch 2624.54 | loss  4.16 | ppl    64.373
| epoch   5 step    63000 |   2540 batches | lr 0.000249 | ms/batch 2624.23 | loss  4.17 | ppl    64.549
| epoch   5 step    63200 |   2740 batches | lr 0.000249 | ms/batch 2624.37 | loss  4.17 | ppl    64.668
| epoch   5 step    63400 |   2940 batches | lr 0.000249 | ms/batch 2624.62 | loss  4.17 | ppl    64.630
| epoch   5 step    63600 |   3140 batches | lr 0.000249 | ms/batch 2624.80 | loss  4.17 | ppl    64.704
| epoch   5 step    63800 |   3340 batches | lr 0.000249 | ms/batch 2624.25 | loss  4.17 | ppl    64.825
| epoch   5 step    64000 |   3540 batches | lr 0.000249 | ms/batch 2625.22 | loss  4.16 | ppl    64.382
----------------------------------------------------------------------------------------------------
| Eval  16 at step    64000 | time: 12474.97s | valid loss  4.09 | valid ppl    60.000
----------------------------------------------------------------------------------------------------
| epoch   5 step    64200 |   3740 batches | lr 0.000249 | ms/batch 6091.85 | loss  4.17 | ppl    64.474
| epoch   5 step    64400 |   3940 batches | lr 0.000249 | ms/batch 2624.69 | loss  4.17 | ppl    64.887
| epoch   5 step    64600 |   4140 batches | lr 0.000249 | ms/batch 2624.40 | loss  4.17 | ppl    64.675
| epoch   5 step    64800 |   4340 batches | lr 0.000249 | ms/batch 2624.78 | loss  4.17 | ppl    64.471
| epoch   5 step    65000 |   4540 batches | lr 0.000249 | ms/batch 2625.40 | loss  4.17 | ppl    64.745
| epoch   5 step    65200 |   4740 batches | lr 0.000249 | ms/batch 2625.40 | loss  4.17 | ppl    64.859
| epoch   5 step    65400 |   4940 batches | lr 0.000249 | ms/batch 2624.78 | loss  4.16 | ppl    64.127
| epoch   5 step    65600 |   5140 batches | lr 0.000249 | ms/batch 2625.33 | loss  4.16 | ppl    64.052
| epoch   5 step    65800 |   5340 batches | lr 0.000249 | ms/batch 2624.50 | loss  4.16 | ppl    64.051
| epoch   5 step    66000 |   5540 batches | lr 0.000249 | ms/batch 2624.14 | loss  4.16 | ppl    64.112
| epoch   5 step    66200 |   5740 batches | lr 0.000249 | ms/batch 2624.33 | loss  4.17 | ppl    64.521
| epoch   5 step    66400 |   5940 batches | lr 0.000249 | ms/batch 2624.79 | loss  4.16 | ppl    64.346
| epoch   5 step    66600 |   6140 batches | lr 0.000249 | ms/batch 2625.03 | loss  4.16 | ppl    63.836
| epoch   5 step    66800 |   6340 batches | lr 0.000249 | ms/batch 2625.42 | loss  4.16 | ppl    64.216
| epoch   5 step    67000 |   6540 batches | lr 0.000249 | ms/batch 2627.22 | loss  4.16 | ppl    64.197
| epoch   5 step    67200 |   6740 batches | lr 0.000249 | ms/batch 2624.40 | loss  4.16 | ppl    63.936
| epoch   5 step    67400 |   6940 batches | lr 0.000249 | ms/batch 2624.72 | loss  4.16 | ppl    64.157
| epoch   5 step    67600 |   7140 batches | lr 0.000249 | ms/batch 2624.57 | loss  4.16 | ppl    63.912
| epoch   5 step    67800 |   7340 batches | lr 0.000249 | ms/batch 2624.61 | loss  4.17 | ppl    64.395
| epoch   5 step    68000 |   7540 batches | lr 0.000249 | ms/batch 2624.69 | loss  4.16 | ppl    64.090
----------------------------------------------------------------------------------------------------
| Eval  17 at step    68000 | time: 11194.68s | valid loss  4.08 | valid ppl    59.177
----------------------------------------------------------------------------------------------------
| epoch   5 step    68200 |   7740 batches | lr 0.000249 | ms/batch 6109.85 | loss  4.16 | ppl    64.139
| epoch   5 step    68400 |   7940 batches | lr 0.000249 | ms/batch 2624.62 | loss  4.16 | ppl    64.282
| epoch   5 step    68600 |   8140 batches | lr 0.000249 | ms/batch 2624.70 | loss  4.16 | ppl    64.014
| epoch   5 step    68800 |   8340 batches | lr 0.000249 | ms/batch 2625.43 | loss  4.16 | ppl    63.816
| epoch   5 step    69000 |   8540 batches | lr 0.000249 | ms/batch 2625.47 | loss  4.16 | ppl    64.111
| epoch   5 step    69200 |   8740 batches | lr 0.000249 | ms/batch 2625.03 | loss  4.17 | ppl    64.570
| epoch   5 step    69400 |   8940 batches | lr 0.000249 | ms/batch 2634.57 | loss  4.16 | ppl    64.151
| epoch   5 step    69600 |   9140 batches | lr 0.000249 | ms/batch 2638.87 | loss  4.16 | ppl    64.316
| epoch   5 step    69800 |   9340 batches | lr 0.000249 | ms/batch 2624.51 | loss  4.16 | ppl    63.890
| epoch   5 step    70000 |   9540 batches | lr 0.000249 | ms/batch 2624.77 | loss  4.16 | ppl    64.087
| epoch   5 step    70200 |   9740 batches | lr 0.000249 | ms/batch 2624.78 | loss  4.16 | ppl    64.080
| epoch   5 step    70400 |   9940 batches | lr 0.000249 | ms/batch 2624.45 | loss  4.16 | ppl    63.955
| epoch   5 step    70600 |  10140 batches | lr 0.000249 | ms/batch 2624.57 | loss  4.16 | ppl    64.016
| epoch   5 step    70800 |  10340 batches | lr 0.000249 | ms/batch 2624.48 | loss  4.16 | ppl    63.985
| epoch   5 step    71000 |  10540 batches | lr 0.000249 | ms/batch 2624.71 | loss  4.16 | ppl    63.885
| epoch   5 step    71200 |  10740 batches | lr 0.000249 | ms/batch 2624.83 | loss  4.16 | ppl    63.948
| epoch   5 step    71400 |  10940 batches | lr 0.000248 | ms/batch 2624.68 | loss  4.16 | ppl    63.823
| epoch   5 step    71600 |  11140 batches | lr 0.000248 | ms/batch 2624.64 | loss  4.16 | ppl    63.956
| epoch   5 step    71800 |  11340 batches | lr 0.000248 | ms/batch 2624.50 | loss  4.16 | ppl    63.788
| epoch   5 step    72000 |  11540 batches | lr 0.000248 | ms/batch 2624.40 | loss  4.15 | ppl    63.628
----------------------------------------------------------------------------------------------------
| Eval  18 at step    72000 | time: 11195.11s | valid loss  4.07 | valid ppl    58.348
----------------------------------------------------------------------------------------------------
| epoch   5 step    72200 |  11740 batches | lr 0.000248 | ms/batch 6088.91 | loss  4.15 | ppl    63.430
| epoch   5 step    72400 |  11940 batches | lr 0.000248 | ms/batch 2624.39 | loss  4.15 | ppl    63.291
| epoch   5 step    72600 |  12140 batches | lr 0.000248 | ms/batch 2624.56 | loss  4.15 | ppl    63.597
| epoch   5 step    72800 |  12340 batches | lr 0.000248 | ms/batch 2624.35 | loss  4.16 | ppl    63.781
| epoch   5 step    73000 |  12540 batches | lr 0.000248 | ms/batch 2624.79 | loss  4.15 | ppl    63.400
| epoch   5 step    73200 |  12740 batches | lr 0.000248 | ms/batch 2631.72 | loss  4.15 | ppl    63.611
| epoch   5 step    73400 |  12940 batches | lr 0.000248 | ms/batch 2632.69 | loss  4.15 | ppl    63.404
| epoch   5 step    73600 |  13140 batches | lr 0.000248 | ms/batch 2633.30 | loss  4.15 | ppl    63.292
| epoch   5 step    73800 |  13340 batches | lr 0.000248 | ms/batch 2632.18 | loss  4.15 | ppl    63.526
| epoch   5 step    74000 |  13540 batches | lr 0.000248 | ms/batch 2632.04 | loss  4.16 | ppl    63.776
| epoch   5 step    74200 |  13740 batches | lr 0.000248 | ms/batch 2632.40 | loss  4.15 | ppl    63.414
| epoch   5 step    74400 |  13940 batches | lr 0.000248 | ms/batch 2633.12 | loss  4.15 | ppl    63.247
| epoch   5 step    74600 |  14140 batches | lr 0.000248 | ms/batch 2633.85 | loss  4.15 | ppl    63.386
| epoch   5 step    74800 |  14340 batches | lr 0.000248 | ms/batch 2631.35 | loss  4.14 | ppl    62.891
| epoch   5 step    75000 |  14540 batches | lr 0.000248 | ms/batch 2630.29 | loss  4.15 | ppl    63.222
| epoch   5 step    75200 |  14740 batches | lr 0.000248 | ms/batch 2630.47 | loss  4.14 | ppl    62.709
| epoch   5 step    75400 |  14940 batches | lr 0.000248 | ms/batch 2625.40 | loss  4.14 | ppl    63.038
| epoch   6 step    75600 |     25 batches | lr 0.000248 | ms/batch 2625.72 | loss  4.15 | ppl    63.215
| epoch   6 step    75800 |    225 batches | lr 0.000248 | ms/batch 2624.89 | loss  4.11 | ppl    60.982
| epoch   6 step    76000 |    425 batches | lr 0.000248 | ms/batch 2625.15 | loss  4.11 | ppl    60.896
----------------------------------------------------------------------------------------------------
| Eval  19 at step    76000 | time: 11207.96s | valid loss  4.05 | valid ppl    57.623
----------------------------------------------------------------------------------------------------
| epoch   6 step    76200 |    625 batches | lr 0.000248 | ms/batch 6095.39 | loss  4.11 | ppl    61.101
| epoch   6 step    76400 |    825 batches | lr 0.000248 | ms/batch 2624.59 | loss  4.12 | ppl    61.288
| epoch   6 step    76600 |   1025 batches | lr 0.000248 | ms/batch 2624.60 | loss  4.11 | ppl    61.192
| epoch   6 step    76800 |   1225 batches | lr 0.000248 | ms/batch 2624.51 | loss  4.12 | ppl    61.498
| epoch   6 step    77000 |   1425 batches | lr 0.000248 | ms/batch 2624.59 | loss  4.12 | ppl    61.619
| epoch   6 step    77200 |   1625 batches | lr 0.000248 | ms/batch 2624.66 | loss  4.12 | ppl    61.818
| epoch   6 step    77400 |   1825 batches | lr 0.000248 | ms/batch 2624.04 | loss  4.12 | ppl    61.500
| epoch   6 step    77600 |   2025 batches | lr 0.000248 | ms/batch 2624.93 | loss  4.12 | ppl    61.579
| epoch   6 step    77800 |   2225 batches | lr 0.000248 | ms/batch 2624.37 | loss  4.12 | ppl    61.354
| epoch   6 step    78000 |   2425 batches | lr 0.000248 | ms/batch 2624.68 | loss  4.12 | ppl    61.631
| epoch   6 step    78200 |   2625 batches | lr 0.000248 | ms/batch 2624.72 | loss  4.11 | ppl    61.225
| epoch   6 step    78400 |   2825 batches | lr 0.000248 | ms/batch 2624.58 | loss  4.12 | ppl    61.451
| epoch   6 step    78600 |   3025 batches | lr 0.000248 | ms/batch 2624.65 | loss  4.12 | ppl    61.320
| epoch   6 step    78800 |   3225 batches | lr 0.000248 | ms/batch 2624.41 | loss  4.12 | ppl    61.503
| epoch   6 step    79000 |   3425 batches | lr 0.000248 | ms/batch 2624.88 | loss  4.12 | ppl    61.496
| epoch   6 step    79200 |   3625 batches | lr 0.000248 | ms/batch 2624.64 | loss  4.12 | ppl    61.475
| epoch   6 step    79400 |   3825 batches | lr 0.000248 | ms/batch 2624.47 | loss  4.12 | ppl    61.629
| epoch   6 step    79600 |   4025 batches | lr 0.000248 | ms/batch 2624.43 | loss  4.12 | ppl    61.645
| epoch   6 step    79800 |   4225 batches | lr 0.000248 | ms/batch 2624.48 | loss  4.12 | ppl    61.513
| epoch   6 step    80000 |   4425 batches | lr 0.000248 | ms/batch 2624.30 | loss  4.12 | ppl    61.686
----------------------------------------------------------------------------------------------------
| Eval  20 at step    80000 | time: 11192.07s | valid loss  4.05 | valid ppl    57.220
----------------------------------------------------------------------------------------------------
| epoch   6 step    80200 |   4625 batches | lr 0.000248 | ms/batch 6101.83 | loss  4.12 | ppl    61.692
| epoch   6 step    80400 |   4825 batches | lr 0.000248 | ms/batch 2624.26 | loss  4.12 | ppl    61.636
| epoch   6 step    80600 |   5025 batches | lr 0.000248 | ms/batch 2624.66 | loss  4.11 | ppl    61.033
| epoch   6 step    80800 |   5225 batches | lr 0.000248 | ms/batch 2624.51 | loss  4.13 | ppl    61.927
| epoch   6 step    81000 |   5425 batches | lr 0.000248 | ms/batch 2624.48 | loss  4.12 | ppl    61.715
| epoch   6 step    81200 |   5625 batches | lr 0.000248 | ms/batch 2624.51 | loss  4.12 | ppl    61.758
| epoch   6 step    81400 |   5825 batches | lr 0.000248 | ms/batch 2624.75 | loss  4.12 | ppl    61.667
| epoch   6 step    81600 |   6025 batches | lr 0.000248 | ms/batch 2625.02 | loss  4.12 | ppl    61.373
| epoch   6 step    81800 |   6225 batches | lr 0.000248 | ms/batch 2624.31 | loss  4.12 | ppl    61.549
| epoch   6 step    82000 |   6425 batches | lr 0.000248 | ms/batch 2624.61 | loss  4.11 | ppl    61.201
| epoch   6 step    82200 |   6625 batches | lr 0.000248 | ms/batch 2624.09 | loss  4.12 | ppl    61.556
| epoch   6 step    82400 |   6825 batches | lr 0.000248 | ms/batch 2624.26 | loss  4.12 | ppl    61.746
| epoch   6 step    82600 |   7025 batches | lr 0.000248 | ms/batch 2624.54 | loss  4.12 | ppl    61.725
| epoch   6 step    82800 |   7225 batches | lr 0.000248 | ms/batch 2624.56 | loss  4.12 | ppl    61.842
| epoch   6 step    83000 |   7425 batches | lr 0.000248 | ms/batch 2625.48 | loss  4.12 | ppl    61.572
| epoch   6 step    83200 |   7625 batches | lr 0.000248 | ms/batch 2624.81 | loss  4.12 | ppl    61.399
| epoch   6 step    83400 |   7825 batches | lr 0.000248 | ms/batch 2624.95 | loss  4.12 | ppl    61.359
| epoch   6 step    83600 |   8025 batches | lr 0.000248 | ms/batch 2624.61 | loss  4.12 | ppl    61.704
| epoch   6 step    83800 |   8225 batches | lr 0.000248 | ms/batch 2624.53 | loss  4.12 | ppl    61.532
| epoch   6 step    84000 |   8425 batches | lr 0.000248 | ms/batch 2625.71 | loss  4.11 | ppl    60.947
----------------------------------------------------------------------------------------------------
| Eval  21 at step    84000 | time: 11195.05s | valid loss  4.04 | valid ppl    56.692
----------------------------------------------------------------------------------------------------
| epoch   6 step    84200 |   8625 batches | lr 0.000248 | ms/batch 6121.20 | loss  4.12 | ppl    61.751
| epoch   6 step    84400 |   8825 batches | lr 0.000248 | ms/batch 2624.32 | loss  4.12 | ppl    61.417
| epoch   6 step    84600 |   9025 batches | lr 0.000248 | ms/batch 2624.42 | loss  4.12 | ppl    61.351
| epoch   6 step    84800 |   9225 batches | lr 0.000248 | ms/batch 2624.49 | loss  4.12 | ppl    61.607
| epoch   6 step    85000 |   9425 batches | lr 0.000248 | ms/batch 2624.49 | loss  4.12 | ppl    61.849
| epoch   6 step    85200 |   9625 batches | lr 0.000248 | ms/batch 2624.44 | loss  4.12 | ppl    61.865
| epoch   6 step    85400 |   9825 batches | lr 0.000248 | ms/batch 2624.80 | loss  4.12 | ppl    61.430
| epoch   6 step    85600 |  10025 batches | lr 0.000248 | ms/batch 2625.09 | loss  4.12 | ppl    61.297
| epoch   6 step    85800 |  10225 batches | lr 0.000248 | ms/batch 2625.06 | loss  4.12 | ppl    61.371
| epoch   6 step    86000 |  10425 batches | lr 0.000248 | ms/batch 2624.41 | loss  4.12 | ppl    61.304
| epoch   6 step    86200 |  10625 batches | lr 0.000248 | ms/batch 2624.44 | loss  4.11 | ppl    61.250
| epoch   6 step    86400 |  10825 batches | lr 0.000247 | ms/batch 2624.49 | loss  4.12 | ppl    61.477
| epoch   6 step    86600 |  11025 batches | lr 0.000247 | ms/batch 2624.58 | loss  4.11 | ppl    60.893
| epoch   6 step    86800 |  11225 batches | lr 0.000247 | ms/batch 2625.23 | loss  4.12 | ppl    61.528
| epoch   6 step    87000 |  11425 batches | lr 0.000247 | ms/batch 2624.99 | loss  4.12 | ppl    61.354
| epoch   6 step    87200 |  11625 batches | lr 0.000247 | ms/batch 2624.46 | loss  4.12 | ppl    61.439
| epoch   6 step    87400 |  11825 batches | lr 0.000247 | ms/batch 2624.64 | loss  4.12 | ppl    61.543
| epoch   6 step    87600 |  12025 batches | lr 0.000247 | ms/batch 2624.81 | loss  4.12 | ppl    61.313
| epoch   6 step    87800 |  12225 batches | lr 0.000247 | ms/batch 2624.59 | loss  4.11 | ppl    61.223
| epoch   6 step    88000 |  12425 batches | lr 0.000247 | ms/batch 2624.40 | loss  4.11 | ppl    61.228
----------------------------------------------------------------------------------------------------
| Eval  22 at step    88000 | time: 11192.62s | valid loss  4.03 | valid ppl    56.145
----------------------------------------------------------------------------------------------------
| epoch   6 step    88200 |  12625 batches | lr 0.000247 | ms/batch 6108.34 | loss  4.11 | ppl    61.159
| epoch   6 step    88400 |  12825 batches | lr 0.000247 | ms/batch 2624.57 | loss  4.11 | ppl    60.826
| epoch   6 step    88600 |  13025 batches | lr 0.000247 | ms/batch 2624.29 | loss  4.12 | ppl    61.274
| epoch   6 step    88800 |  13225 batches | lr 0.000247 | ms/batch 2624.72 | loss  4.11 | ppl    61.034
| epoch   6 step    89000 |  13425 batches | lr 0.000247 | ms/batch 2624.86 | loss  4.13 | ppl    61.941
| epoch   6 step    89200 |  13625 batches | lr 0.000247 | ms/batch 2624.40 | loss  4.12 | ppl    61.375
| epoch   6 step    89400 |  13825 batches | lr 0.000247 | ms/batch 2624.47 | loss  4.11 | ppl    60.824
| epoch   6 step    89600 |  14025 batches | lr 0.000247 | ms/batch 2625.04 | loss  4.10 | ppl    60.610
| epoch   6 step    89800 |  14225 batches | lr 0.000247 | ms/batch 2625.18 | loss  4.11 | ppl    60.972
| epoch   6 step    90000 |  14425 batches | lr 0.000247 | ms/batch 2624.44 | loss  4.11 | ppl    61.036
| epoch   6 step    90200 |  14625 batches | lr 0.000247 | ms/batch 2624.28 | loss  4.11 | ppl    60.912
| epoch   6 step    90400 |  14825 batches | lr 0.000247 | ms/batch 2624.60 | loss  4.11 | ppl    61.241
| epoch   6 step    90600 |  15025 batches | lr 0.000247 | ms/batch 2624.55 | loss  4.12 | ppl    61.500
| epoch   7 step    90800 |    110 batches | lr 0.000247 | ms/batch 2625.85 | loss  4.09 | ppl    59.865
| epoch   7 step    91000 |    310 batches | lr 0.000247 | ms/batch 2624.75 | loss  4.08 | ppl    58.965
| epoch   7 step    91200 |    510 batches | lr 0.000247 | ms/batch 2624.18 | loss  4.07 | ppl    58.741
| epoch   7 step    91400 |    710 batches | lr 0.000247 | ms/batch 2624.47 | loss  4.08 | ppl    59.332
| epoch   7 step    91600 |    910 batches | lr 0.000247 | ms/batch 2624.69 | loss  4.09 | ppl    59.532
| epoch   7 step    91800 |   1110 batches | lr 0.000247 | ms/batch 2624.45 | loss  4.08 | ppl    59.327
| epoch   7 step    92000 |   1310 batches | lr 0.000247 | ms/batch 2625.01 | loss  4.08 | ppl    59.373
----------------------------------------------------------------------------------------------------
| Eval  23 at step    92000 | time: 11194.97s | valid loss  4.02 | valid ppl    55.674
----------------------------------------------------------------------------------------------------
| epoch   7 step    92200 |   1510 batches | lr 0.000247 | ms/batch 6115.86 | loss  4.08 | ppl    59.085
| epoch   7 step    92400 |   1710 batches | lr 0.000247 | ms/batch 2624.79 | loss  4.08 | ppl    59.309
| epoch   7 step    92600 |   1910 batches | lr 0.000247 | ms/batch 2624.65 | loss  4.09 | ppl    59.603
| epoch   7 step    92800 |   2110 batches | lr 0.000247 | ms/batch 2624.63 | loss  4.08 | ppl    59.224
| epoch   7 step    93000 |   2310 batches | lr 0.000247 | ms/batch 2624.49 | loss  4.08 | ppl    59.326
| epoch   7 step    93200 |   2510 batches | lr 0.000247 | ms/batch 2624.70 | loss  4.08 | ppl    59.270
| epoch   7 step    93400 |   2710 batches | lr 0.000247 | ms/batch 2624.55 | loss  4.09 | ppl    59.779
| epoch   7 step    93600 |   2910 batches | lr 0.000247 | ms/batch 2624.69 | loss  4.08 | ppl    59.357
| epoch   7 step    93800 |   3110 batches | lr 0.000247 | ms/batch 2624.37 | loss  4.09 | ppl    59.584
| epoch   7 step    94000 |   3310 batches | lr 0.000247 | ms/batch 2624.35 | loss  4.09 | ppl    59.723
| epoch   7 step    94200 |   3510 batches | lr 0.000247 | ms/batch 2624.66 | loss  4.08 | ppl    59.433
| epoch   7 step    94400 |   3710 batches | lr 0.000247 | ms/batch 2624.31 | loss  4.09 | ppl    59.473
| epoch   7 step    94600 |   3910 batches | lr 0.000247 | ms/batch 2624.56 | loss  4.09 | ppl    59.505
| epoch   7 step    94800 |   4110 batches | lr 0.000247 | ms/batch 2624.60 | loss  4.09 | ppl    59.664
| epoch   7 step    95000 |   4310 batches | lr 0.000247 | ms/batch 2624.59 | loss  4.09 | ppl    59.512
| epoch   7 step    95200 |   4510 batches | lr 0.000247 | ms/batch 2624.65 | loss  4.09 | ppl    59.815
| epoch   7 step    95400 |   4710 batches | lr 0.000247 | ms/batch 2624.43 | loss  4.09 | ppl    59.866
| epoch   7 step    95600 |   4910 batches | lr 0.000247 | ms/batch 2624.19 | loss  4.09 | ppl    59.786
| epoch   7 step    95800 |   5110 batches | lr 0.000247 | ms/batch 2624.30 | loss  4.09 | ppl    59.640
| epoch   7 step    96000 |   5310 batches | lr 0.000247 | ms/batch 2624.29 | loss  4.09 | ppl    59.585
----------------------------------------------------------------------------------------------------
| Eval  24 at step    96000 | time: 11192.52s | valid loss  4.01 | valid ppl    55.358
----------------------------------------------------------------------------------------------------
| epoch   7 step    96200 |   5510 batches | lr 0.000247 | ms/batch 6105.65 | loss  4.09 | ppl    59.668
| epoch   7 step    96400 |   5710 batches | lr 0.000247 | ms/batch 2624.36 | loss  4.09 | ppl    59.648
| epoch   7 step    96600 |   5910 batches | lr 0.000247 | ms/batch 2624.30 | loss  4.09 | ppl    59.726
| epoch   7 step    96800 |   6110 batches | lr 0.000247 | ms/batch 2624.65 | loss  4.09 | ppl    59.527
| epoch   7 step    97000 |   6310 batches | lr 0.000247 | ms/batch 2624.60 | loss  4.09 | ppl    59.782
| epoch   7 step    97200 |   6510 batches | lr 0.000247 | ms/batch 2624.57 | loss  4.09 | ppl    59.464
| epoch   7 step    97400 |   6710 batches | lr 0.000247 | ms/batch 2624.01 | loss  4.09 | ppl    59.805
| epoch   7 step    97600 |   6910 batches | lr 0.000247 | ms/batch 2624.65 | loss  4.09 | ppl    59.583
| epoch   7 step    97800 |   7110 batches | lr 0.000247 | ms/batch 2624.48 | loss  4.09 | ppl    59.872
| epoch   7 step    98000 |   7310 batches | lr 0.000247 | ms/batch 2624.41 | loss  4.09 | ppl    59.617
| epoch   7 step    98200 |   7510 batches | lr 0.000247 | ms/batch 2624.88 | loss  4.09 | ppl    59.563
| epoch   7 step    98400 |   7710 batches | lr 0.000247 | ms/batch 2624.63 | loss  4.10 | ppl    60.067
| epoch   7 step    98600 |   7910 batches | lr 0.000247 | ms/batch 2624.36 | loss  4.09 | ppl    59.502
| epoch   7 step    98800 |   8110 batches | lr 0.000247 | ms/batch 2624.58 | loss  4.09 | ppl    59.499
| epoch   7 step    99000 |   8310 batches | lr 0.000246 | ms/batch 2624.56 | loss  4.09 | ppl    59.658
| epoch   7 step    99200 |   8510 batches | lr 0.000246 | ms/batch 2624.31 | loss  4.09 | ppl    59.708
| epoch   7 step    99400 |   8710 batches | lr 0.000246 | ms/batch 2624.47 | loss  4.08 | ppl    59.135
| epoch   7 step    99600 |   8910 batches | lr 0.000246 | ms/batch 2624.47 | loss  4.09 | ppl    59.619
| epoch   7 step    99800 |   9110 batches | lr 0.000246 | ms/batch 2624.21 | loss  4.09 | ppl    59.764
| epoch   7 step   100000 |   9310 batches | lr 0.000246 | ms/batch 4388.44 | loss  4.09 | ppl    59.730
----------------------------------------------------------------------------------------------------
| Eval  25 at step   100000 | time: 11544.38s | valid loss  4.01 | valid ppl    54.985
----------------------------------------------------------------------------------------------------
| epoch   7 step   100200 |   9510 batches | lr 0.000246 | ms/batch 6104.93 | loss  4.09 | ppl    59.592
| epoch   7 step   100400 |   9710 batches | lr 0.000246 | ms/batch 2624.44 | loss  4.08 | ppl    59.152
| epoch   7 step   100600 |   9910 batches | lr 0.000246 | ms/batch 2624.02 | loss  4.09 | ppl    59.631
| epoch   7 step   100800 |  10110 batches | lr 0.000246 | ms/batch 2624.53 | loss  4.08 | ppl    59.432
| epoch   7 step   101000 |  10310 batches | lr 0.000246 | ms/batch 2624.30 | loss  4.08 | ppl    59.422
| epoch   7 step   101200 |  10510 batches | lr 0.000246 | ms/batch 2624.42 | loss  4.09 | ppl    59.652
| epoch   7 step   101400 |  10710 batches | lr 0.000246 | ms/batch 2627.00 | loss  4.09 | ppl    59.651
| epoch   7 step   101600 |  10910 batches | lr 0.000246 | ms/batch 2624.69 | loss  4.09 | ppl    59.605
| epoch   7 step   101800 |  11110 batches | lr 0.000246 | ms/batch 2624.31 | loss  4.09 | ppl    59.750
| epoch   7 step   102000 |  11310 batches | lr 0.000246 | ms/batch 2624.49 | loss  4.09 | ppl    59.585
| epoch   7 step   102200 |  11510 batches | lr 0.000246 | ms/batch 2624.31 | loss  4.09 | ppl    59.775
| epoch   7 step   102400 |  11710 batches | lr 0.000246 | ms/batch 2623.72 | loss  4.09 | ppl    59.530
| epoch   7 step   102600 |  11910 batches | lr 0.000246 | ms/batch 2624.51 | loss  4.08 | ppl    59.337
| epoch   7 step   102800 |  12110 batches | lr 0.000246 | ms/batch 2624.28 | loss  4.09 | ppl    59.518
| epoch   7 step   103000 |  12310 batches | lr 0.000246 | ms/batch 2624.70 | loss  4.09 | ppl    59.461
| epoch   7 step   103200 |  12510 batches | lr 0.000246 | ms/batch 2624.13 | loss  4.09 | ppl    59.456
| epoch   7 step   103400 |  12710 batches | lr 0.000246 | ms/batch 2624.40 | loss  4.09 | ppl    59.711
| epoch   7 step   103600 |  12910 batches | lr 0.000246 | ms/batch 2624.30 | loss  4.08 | ppl    59.419
| epoch   7 step   103800 |  13110 batches | lr 0.000246 | ms/batch 2624.17 | loss  4.08 | ppl    59.362
| epoch   7 step   104000 |  13310 batches | lr 0.000246 | ms/batch 2624.38 | loss  4.08 | ppl    59.292
----------------------------------------------------------------------------------------------------
| Eval  26 at step   104000 | time: 11193.35s | valid loss  4.00 | valid ppl    54.782
----------------------------------------------------------------------------------------------------
| epoch   7 step   104200 |  13510 batches | lr 0.000246 | ms/batch 6116.69 | loss  4.08 | ppl    59.348
| epoch   7 step   104400 |  13710 batches | lr 0.000246 | ms/batch 2624.57 | loss  4.09 | ppl    59.457
| epoch   7 step   104600 |  13910 batches | lr 0.000246 | ms/batch 2624.35 | loss  4.09 | ppl    59.531
| epoch   7 step   104800 |  14110 batches | lr 0.000246 | ms/batch 2624.24 | loss  4.09 | ppl    59.483
| epoch   7 step   105000 |  14310 batches | lr 0.000246 | ms/batch 2624.19 | loss  4.09 | ppl    59.681
| epoch   7 step   105200 |  14510 batches | lr 0.000246 | ms/batch 2624.62 | loss  4.08 | ppl    59.412
| epoch   7 step   105400 |  14710 batches | lr 0.000246 | ms/batch 2624.58 | loss  4.09 | ppl    59.862
| epoch   7 step   105600 |  14910 batches | lr 0.000246 | ms/batch 2624.59 | loss  4.08 | ppl    59.325
| epoch   7 step   105800 |  15110 batches | lr 0.000246 | ms/batch 2624.21 | loss  4.08 | ppl    59.408
| epoch   8 step   106000 |    195 batches | lr 0.000246 | ms/batch 2626.18 | loss  4.05 | ppl    57.673
| epoch   8 step   106200 |    395 batches | lr 0.000246 | ms/batch 2624.18 | loss  4.05 | ppl    57.375
| epoch   8 step   106400 |    595 batches | lr 0.000246 | ms/batch 2624.52 | loss  4.05 | ppl    57.525
| epoch   8 step   106600 |    795 batches | lr 0.000246 | ms/batch 2624.96 | loss  4.06 | ppl    58.037
| epoch   8 step   106800 |    995 batches | lr 0.000246 | ms/batch 2624.62 | loss  4.06 | ppl    57.726
| epoch   8 step   107000 |   1195 batches | lr 0.000246 | ms/batch 2624.62 | loss  4.05 | ppl    57.615
| epoch   8 step   107200 |   1395 batches | lr 0.000246 | ms/batch 2624.38 | loss  4.06 | ppl    57.915
| epoch   8 step   107400 |   1595 batches | lr 0.000246 | ms/batch 2624.41 | loss  4.06 | ppl    57.693
| epoch   8 step   107600 |   1795 batches | lr 0.000246 | ms/batch 2624.24 | loss  4.06 | ppl    58.020
| epoch   8 step   107800 |   1995 batches | lr 0.000246 | ms/batch 2624.30 | loss  4.06 | ppl    57.861
| epoch   8 step   108000 |   2195 batches | lr 0.000246 | ms/batch 2623.99 | loss  4.06 | ppl    57.973
----------------------------------------------------------------------------------------------------
| Eval  27 at step   108000 | time: 11191.09s | valid loss  3.99 | valid ppl    54.244
----------------------------------------------------------------------------------------------------
| epoch   8 step   108200 |   2395 batches | lr 0.000246 | ms/batch 6098.33 | loss  4.06 | ppl    57.905
| epoch   8 step   108400 |   2595 batches | lr 0.000246 | ms/batch 2624.35 | loss  4.06 | ppl    57.967
| epoch   8 step   108600 |   2795 batches | lr 0.000246 | ms/batch 2624.33 | loss  4.06 | ppl    58.077
| epoch   8 step   108800 |   2995 batches | lr 0.000246 | ms/batch 2624.15 | loss  4.06 | ppl    58.069
| epoch   8 step   109000 |   3195 batches | lr 0.000246 | ms/batch 2624.15 | loss  4.06 | ppl    58.142
| epoch   8 step   109200 |   3395 batches | lr 0.000246 | ms/batch 2624.21 | loss  4.06 | ppl    58.234
| epoch   8 step   109400 |   3595 batches | lr 0.000246 | ms/batch 2624.42 | loss  4.06 | ppl    58.111
| epoch   8 step   109600 |   3795 batches | lr 0.000246 | ms/batch 2624.56 | loss  4.06 | ppl    57.752
| epoch   8 step   109800 |   3995 batches | lr 0.000246 | ms/batch 2624.42 | loss  4.06 | ppl    58.200
| epoch   8 step   110000 |   4195 batches | lr 0.000246 | ms/batch 2624.04 | loss  4.06 | ppl    58.202
| epoch   8 step   110200 |   4395 batches | lr 0.000246 | ms/batch 2623.97 | loss  4.07 | ppl    58.274
| epoch   8 step   110400 |   4595 batches | lr 0.000245 | ms/batch 2624.39 | loss  4.06 | ppl    58.245
| epoch   8 step   110600 |   4795 batches | lr 0.000245 | ms/batch 2624.30 | loss  4.06 | ppl    58.118
| epoch   8 step   110800 |   4995 batches | lr 0.000245 | ms/batch 2623.96 | loss  4.06 | ppl    58.063
| epoch   8 step   111000 |   5195 batches | lr 0.000245 | ms/batch 2624.93 | loss  4.06 | ppl    58.211
| epoch   8 step   111200 |   5395 batches | lr 0.000245 | ms/batch 2624.34 | loss  4.06 | ppl    58.227
| epoch   8 step   111400 |   5595 batches | lr 0.000245 | ms/batch 2624.69 | loss  4.07 | ppl    58.714
| epoch   8 step   111600 |   5795 batches | lr 0.000245 | ms/batch 2624.56 | loss  4.07 | ppl    58.483
| epoch   8 step   111800 |   5995 batches | lr 0.000245 | ms/batch 2624.22 | loss  4.07 | ppl    58.534
| epoch   8 step   112000 |   6195 batches | lr 0.000245 | ms/batch 2624.33 | loss  4.07 | ppl    58.315
----------------------------------------------------------------------------------------------------
| Eval  28 at step   112000 | time: 11190.02s | valid loss  3.99 | valid ppl    53.995
----------------------------------------------------------------------------------------------------
| epoch   8 step   112200 |   6395 batches | lr 0.000245 | ms/batch 6097.27 | loss  4.06 | ppl    58.207
| epoch   8 step   112400 |   6595 batches | lr 0.000245 | ms/batch 2624.46 | loss  4.07 | ppl    58.397
| epoch   8 step   112600 |   6795 batches | lr 0.000245 | ms/batch 2624.33 | loss  4.06 | ppl    58.022
| epoch   8 step   112800 |   6995 batches | lr 0.000245 | ms/batch 2624.32 | loss  4.06 | ppl    58.184
| epoch   8 step   113000 |   7195 batches | lr 0.000245 | ms/batch 2624.75 | loss  4.07 | ppl    58.307
| epoch   8 step   113200 |   7395 batches | lr 0.000245 | ms/batch 2624.45 | loss  4.06 | ppl    58.258
| epoch   8 step   113400 |   7595 batches | lr 0.000245 | ms/batch 2623.98 | loss  4.07 | ppl    58.412
| epoch   8 step   113600 |   7795 batches | lr 0.000245 | ms/batch 2624.17 | loss  4.06 | ppl    57.798
| epoch   8 step   113800 |   7995 batches | lr 0.000245 | ms/batch 2624.54 | loss  4.07 | ppl    58.474
| epoch   8 step   114000 |   8195 batches | lr 0.000245 | ms/batch 2624.19 | loss  4.07 | ppl    58.468
| epoch   8 step   114200 |   8395 batches | lr 0.000245 | ms/batch 2624.12 | loss  4.07 | ppl    58.461
| epoch   8 step   114400 |   8595 batches | lr 0.000245 | ms/batch 2624.19 | loss  4.06 | ppl    58.249
| epoch   8 step   114600 |   8795 batches | lr 0.000245 | ms/batch 2624.65 | loss  4.06 | ppl    58.264
| epoch   8 step   114800 |   8995 batches | lr 0.000245 | ms/batch 2623.84 | loss  4.06 | ppl    58.062
| epoch   8 step   115000 |   9195 batches | lr 0.000245 | ms/batch 2624.14 | loss  4.06 | ppl    58.120
| epoch   8 step   115200 |   9395 batches | lr 0.000245 | ms/batch 2624.82 | loss  4.06 | ppl    57.961
| epoch   8 step   115400 |   9595 batches | lr 0.000245 | ms/batch 2624.28 | loss  4.06 | ppl    58.219
| epoch   8 step   115600 |   9795 batches | lr 0.000245 | ms/batch 2624.37 | loss  4.07 | ppl    58.400
| epoch   8 step   115800 |   9995 batches | lr 0.000245 | ms/batch 2624.61 | loss  4.06 | ppl    58.188
| epoch   8 step   116000 |  10195 batches | lr 0.000245 | ms/batch 2624.46 | loss  4.07 | ppl    58.378
----------------------------------------------------------------------------------------------------
| Eval  29 at step   116000 | time: 11189.22s | valid loss  3.98 | valid ppl    53.724
----------------------------------------------------------------------------------------------------
| epoch   8 step   116200 |  10395 batches | lr 0.000245 | ms/batch 6095.27 | loss  4.06 | ppl    58.149
| epoch   8 step   116400 |  10595 batches | lr 0.000245 | ms/batch 2624.80 | loss  4.06 | ppl    58.152
| epoch   8 step   116600 |  10795 batches | lr 0.000245 | ms/batch 2624.61 | loss  4.06 | ppl    58.178
| epoch   8 step   116800 |  10995 batches | lr 0.000245 | ms/batch 2624.25 | loss  4.06 | ppl    58.199
| epoch   8 step   117000 |  11195 batches | lr 0.000245 | ms/batch 2624.43 | loss  4.06 | ppl    58.117
| epoch   8 step   117200 |  11395 batches | lr 0.000245 | ms/batch 2624.34 | loss  4.06 | ppl    58.220
| epoch   8 step   117400 |  11595 batches | lr 0.000245 | ms/batch 2624.41 | loss  4.06 | ppl    58.215
| epoch   8 step   117600 |  11795 batches | lr 0.000245 | ms/batch 2624.58 | loss  4.06 | ppl    58.263
| epoch   8 step   117800 |  11995 batches | lr 0.000245 | ms/batch 2624.04 | loss  4.07 | ppl    58.304
| epoch   8 step   118000 |  12195 batches | lr 0.000245 | ms/batch 2623.75 | loss  4.07 | ppl    58.429
| epoch   8 step   118200 |  12395 batches | lr 0.000245 | ms/batch 2623.79 | loss  4.07 | ppl    58.424
| epoch   8 step   118400 |  12595 batches | lr 0.000245 | ms/batch 2624.51 | loss  4.07 | ppl    58.502
| epoch   8 step   118600 |  12795 batches | lr 0.000245 | ms/batch 2624.53 | loss  4.06 | ppl    57.881
| epoch   8 step   118800 |  12995 batches | lr 0.000245 | ms/batch 2624.40 | loss  4.07 | ppl    58.342
| epoch   8 step   119000 |  13195 batches | lr 0.000245 | ms/batch 2624.24 | loss  4.06 | ppl    58.155
| epoch   8 step   119200 |  13395 batches | lr 0.000245 | ms/batch 2623.98 | loss  4.06 | ppl    58.111
| epoch   8 step   119400 |  13595 batches | lr 0.000245 | ms/batch 2624.39 | loss  4.06 | ppl    58.074
| epoch   8 step   119600 |  13795 batches | lr 0.000245 | ms/batch 2624.15 | loss  4.06 | ppl    58.068
| epoch   8 step   119800 |  13995 batches | lr 0.000245 | ms/batch 2624.29 | loss  4.06 | ppl    57.960
| epoch   8 step   120000 |  14195 batches | lr 0.000245 | ms/batch 2624.43 | loss  4.06 | ppl    57.805
----------------------------------------------------------------------------------------------------
| Eval  30 at step   120000 | time: 11191.22s | valid loss  3.98 | valid ppl    53.441
----------------------------------------------------------------------------------------------------
| epoch   8 step   120200 |  14395 batches | lr 0.000245 | ms/batch 6102.60 | loss  4.06 | ppl    58.164
| epoch   8 step   120400 |  14595 batches | lr 0.000245 | ms/batch 2624.35 | loss  4.07 | ppl    58.316
| epoch   8 step   120600 |  14795 batches | lr 0.000244 | ms/batch 2624.58 | loss  4.07 | ppl    58.339
| epoch   8 step   120800 |  14995 batches | lr 0.000244 | ms/batch 2624.46 | loss  4.06 | ppl    57.990
| epoch   9 step   121000 |     80 batches | lr 0.000244 | ms/batch 2623.51 | loss  4.05 | ppl    57.636
| epoch   9 step   121200 |    280 batches | lr 0.000244 | ms/batch 2619.85 | loss  4.03 | ppl    56.030
| epoch   9 step   121400 |    480 batches | lr 0.000244 | ms/batch 2629.28 | loss  4.03 | ppl    56.353
| epoch   9 step   121600 |    680 batches | lr 0.000244 | ms/batch 4060.55 | loss  4.03 | ppl    56.531
| epoch   9 step   121800 |    880 batches | lr 0.000244 | ms/batch 2620.18 | loss  4.03 | ppl    56.357
| epoch   9 step   122000 |   1080 batches | lr 0.000244 | ms/batch 2620.22 | loss  4.03 | ppl    56.346
| epoch   9 step   122200 |   1280 batches | lr 0.000244 | ms/batch 2619.70 | loss  4.03 | ppl    56.431
| epoch   9 step   122400 |   1480 batches | lr 0.000244 | ms/batch 2620.31 | loss  4.03 | ppl    56.500
| epoch   9 step   122600 |   1680 batches | lr 0.000244 | ms/batch 2620.12 | loss  4.04 | ppl    56.682
| epoch   9 step   122800 |   1880 batches | lr 0.000244 | ms/batch 2620.18 | loss  4.04 | ppl    56.631
| epoch   9 step   123000 |   2080 batches | lr 0.000244 | ms/batch 2621.54 | loss  4.05 | ppl    57.202
| epoch   9 step   123200 |   2280 batches | lr 0.000244 | ms/batch 2620.25 | loss  4.04 | ppl    57.077
| epoch   9 step   123400 |   2480 batches | lr 0.000244 | ms/batch 2619.79 | loss  4.03 | ppl    56.532
| epoch   9 step   123600 |   2680 batches | lr 0.000244 | ms/batch 2619.66 | loss  4.04 | ppl    56.630
| epoch   9 step   123800 |   2880 batches | lr 0.000244 | ms/batch 2620.43 | loss  4.04 | ppl    56.767
| epoch   9 step   124000 |   3080 batches | lr 0.000244 | ms/batch 2620.14 | loss  4.04 | ppl    56.585
----------------------------------------------------------------------------------------------------
| Eval  31 at step   124000 | time: 11461.82s | valid loss  3.98 | valid ppl    53.257
----------------------------------------------------------------------------------------------------
| epoch   9 step   124200 |   3280 batches | lr 0.000244 | ms/batch 6066.81 | loss  4.05 | ppl    57.224
| epoch   9 step   124400 |   3480 batches | lr 0.000244 | ms/batch 2619.84 | loss  4.06 | ppl    57.703
| epoch   9 step   124600 |   3680 batches | lr 0.000244 | ms/batch 2619.49 | loss  4.05 | ppl    57.335
| epoch   9 step   124800 |   3880 batches | lr 0.000244 | ms/batch 2620.69 | loss  4.05 | ppl    57.429
| epoch   9 step   125000 |   4080 batches | lr 0.000244 | ms/batch 2620.40 | loss  4.04 | ppl    57.068
| epoch   9 step   125200 |   4280 batches | lr 0.000244 | ms/batch 2619.29 | loss  4.04 | ppl    57.054
| epoch   9 step   125400 |   4480 batches | lr 0.000244 | ms/batch 2619.93 | loss  4.05 | ppl    57.142
| epoch   9 step   125600 |   4680 batches | lr 0.000244 | ms/batch 2621.20 | loss  4.04 | ppl    56.982
| epoch   9 step   125800 |   4880 batches | lr 0.000244 | ms/batch 2620.27 | loss  4.09 | ppl    59.890
| epoch   9 step   126000 |   5080 batches | lr 0.000244 | ms/batch 2620.02 | loss  4.05 | ppl    57.180
| epoch   9 step   126200 |   5280 batches | lr 0.000244 | ms/batch 2619.78 | loss  4.05 | ppl    57.142
| epoch   9 step   126400 |   5480 batches | lr 0.000244 | ms/batch 2619.77 | loss  4.04 | ppl    56.922
| epoch   9 step   126600 |   5680 batches | lr 0.000244 | ms/batch 2620.82 | loss  4.05 | ppl    57.319
| epoch   9 step   126800 |   5880 batches | lr 0.000244 | ms/batch 3624.39 | loss  4.05 | ppl    57.118
| epoch   9 step   127000 |   6080 batches | lr 0.000244 | ms/batch 2619.92 | loss  4.05 | ppl    57.312
| epoch   9 step   127200 |   6280 batches | lr 0.000244 | ms/batch 2620.12 | loss  4.05 | ppl    57.322
| epoch   9 step   127400 |   6480 batches | lr 0.000244 | ms/batch 2619.78 | loss  4.04 | ppl    56.712
| epoch   9 step   127600 |   6680 batches | lr 0.000244 | ms/batch 2620.10 | loss  4.04 | ppl    57.017
| epoch   9 step   127800 |   6880 batches | lr 0.000244 | ms/batch 2619.52 | loss  4.05 | ppl    57.242
| epoch   9 step   128000 |   7080 batches | lr 0.000244 | ms/batch 2619.90 | loss  4.05 | ppl    57.300
----------------------------------------------------------------------------------------------------
| Eval  32 at step   128000 | time: 11366.48s | valid loss  3.97 | valid ppl    53.001
----------------------------------------------------------------------------------------------------
Traceback (most recent call last):
  File "train_kiel_train_schedule_restart.py", line 557, in <module>
    train()
  File "train_kiel_train_schedule_restart.py", line 531, in train
    with open(os.path.join(args.work_dir, 'trainstep.pt'), 'wb') as f:
ProcessLookupError: [Errno 3] No such process: '/m/triton/scratch/elec/puhe/p/jaina5/transformer-xl/FinnishXL/-Ktrain/20191007-145532/trainstep.pt'
srun: error: gpu33: task 0: Exited with exit code 1
srun: Terminating job step 45812221.0
