Run training...
/share/apps2/anaconda/anaconda3/latest/lib/python3.6/site-packages/torch/serialization.py:434: SourceChangeWarning: source code of class 'torch.nn.modules.container.ModuleList' has changed. you can retrieve the original source code by accessing the object's source attribute or set `torch.nn.Module.dump_patches = True` and use the patch tool to revert the changes.
  warnings.warn(msg, SourceChangeWarning)
/share/apps2/anaconda/anaconda3/latest/lib/python3.6/site-packages/torch/serialization.py:434: SourceChangeWarning: source code of class 'torch.nn.modules.sparse.Embedding' has changed. you can retrieve the original source code by accessing the object's source attribute or set `torch.nn.Module.dump_patches = True` and use the patch tool to revert the changes.
  warnings.warn(msg, SourceChangeWarning)
/share/apps2/anaconda/anaconda3/latest/lib/python3.6/site-packages/torch/serialization.py:434: SourceChangeWarning: source code of class 'torch.nn.modules.container.ParameterList' has changed. you can retrieve the original source code by accessing the object's source attribute or set `torch.nn.Module.dump_patches = True` and use the patch tool to revert the changes.
  warnings.warn(msg, SourceChangeWarning)
/share/apps2/anaconda/anaconda3/latest/lib/python3.6/site-packages/torch/serialization.py:434: SourceChangeWarning: source code of class 'torch.nn.modules.dropout.Dropout' has changed. you can retrieve the original source code by accessing the object's source attribute or set `torch.nn.Module.dump_patches = True` and use the patch tool to revert the changes.
  warnings.warn(msg, SourceChangeWarning)
/share/apps2/anaconda/anaconda3/latest/lib/python3.6/site-packages/torch/serialization.py:434: SourceChangeWarning: source code of class 'torch.nn.modules.linear.Linear' has changed. you can retrieve the original source code by accessing the object's source attribute or set `torch.nn.Module.dump_patches = True` and use the patch tool to revert the changes.
  warnings.warn(msg, SourceChangeWarning)
/share/apps2/anaconda/anaconda3/latest/lib/python3.6/site-packages/torch/serialization.py:434: SourceChangeWarning: source code of class 'torch.nn.modules.activation.ReLU' has changed. you can retrieve the original source code by accessing the object's source attribute or set `torch.nn.Module.dump_patches = True` and use the patch tool to revert the changes.
  warnings.warn(msg, SourceChangeWarning)
Experiment dir : /m/triton/scratch/elec/puhe/p/jaina5/transformer-xl/FinnishXL/-Ktrain/20191107-124416
Loading cached dataset...
====================================================================================================
    - data : /m/triton/scratch/elec/puhe/p/jaina5/transformer-xl/FinnishXL/data/kiel_data/
    - dataset : Ktrain
    - n_layer : 8
    - n_head : 8
    - d_head : 40
    - d_embed : 256
    - d_model : 256
    - d_inner : 1024
    - dropout : 0.05
    - dropatt : 0.05
    - init : normal
    - emb_init : normal
    - init_range : 0.1
    - emb_init_range : 0.01
    - init_std : 0.02
    - proj_init_std : 0.01
    - optim : adam
    - lr : 0.00025
    - mom : 0.0
    - scheduler : cosine
    - warmup_step : 0
    - decay_rate : 0.5
    - lr_min : 0.0
    - clip : 0.25
    - clip_nonemb : False
    - max_step : 1200000
    - batch_size : 512
    - batch_chunk : 4
    - tgt_len : 32
    - eval_tgt_len : 32
    - ext_len : 0
    - mem_len : 32
    - not_tied : False
    - seed : 1111
    - cuda : True
    - adaptive : False
    - div_val : 1
    - pre_lnorm : False
    - varlen : False
    - multi_gpu : False
    - log_interval : 200
    - eval_interval : 4000
    - work_dir : /m/triton/scratch/elec/puhe/p/jaina5/transformer-xl/FinnishXL/-Ktrain/20191107-124416
    - restart : True
    - restart_dir : /m/triton/scratch/elec/puhe/p/jaina5/transformer-xl/FinnishXL/-Ktrain/20191007-112506
    - debug : False
    - same_length : False
    - attn_type : 0
    - clamp_len : -1
    - eta_min : 0.0
    - gpu0_bsz : -1
    - max_eval_steps : -1
    - sample_softmax : -1
    - patience : 0
    - finetune_v2 : False
    - finetune_v3 : False
    - fp16 : False
    - static_loss_scale : 1
    - dynamic_loss_scale : False
    - tied : True
    - n_token : 34519
    - n_all_param : 16361559
    - n_nonemb_param : 7489536
====================================================================================================
#params = 16361559
#non emb params = 7489536
Traceback (most recent call last):
  File "train_kiel_train_schedule_restart_96.py", line 563, in <module>
    train()
  File "train_kiel_train_schedule_restart_96.py", line 451, in train
    ret = para_model(data_i, target_i, *mems[i])
  File "/share/apps2/anaconda/anaconda3/latest/lib/python3.6/site-packages/torch/nn/modules/module.py", line 489, in __call__
    result = self.forward(*input, **kwargs)
  File "/scratch/elec/puhe/p/jaina5/transformer-xl/FinnishXL/mem_transformer.py", line 745, in forward
    hidden, new_mems = self._forward(data, mems=mems)
  File "/scratch/elec/puhe/p/jaina5/transformer-xl/FinnishXL/mem_transformer.py", line 677, in _forward
    self.r_r_bias, dec_attn_mask=dec_attn_mask, mems=mems_i)
  File "/share/apps2/anaconda/anaconda3/latest/lib/python3.6/site-packages/torch/nn/modules/module.py", line 489, in __call__
    result = self.forward(*input, **kwargs)
  File "/scratch/elec/puhe/p/jaina5/transformer-xl/FinnishXL/mem_transformer.py", line 428, in forward
    output = self.pos_ff(output)
  File "/share/apps2/anaconda/anaconda3/latest/lib/python3.6/site-packages/torch/nn/modules/module.py", line 489, in __call__
    result = self.forward(*input, **kwargs)
  File "/scratch/elec/puhe/p/jaina5/transformer-xl/FinnishXL/mem_transformer.py", line 62, in forward
    core_out = self.CoreNet(inp)
  File "/share/apps2/anaconda/anaconda3/latest/lib/python3.6/site-packages/torch/nn/modules/module.py", line 489, in __call__
    result = self.forward(*input, **kwargs)
  File "/share/apps2/anaconda/anaconda3/latest/lib/python3.6/site-packages/torch/nn/modules/container.py", line 92, in forward
    input = module(input)
  File "/share/apps2/anaconda/anaconda3/latest/lib/python3.6/site-packages/torch/nn/modules/module.py", line 489, in __call__
    result = self.forward(*input, **kwargs)
  File "/share/apps2/anaconda/anaconda3/latest/lib/python3.6/site-packages/torch/nn/modules/activation.py", line 50, in forward
    return F.threshold(input, self.threshold, self.value, self.inplace)
  File "/share/apps2/anaconda/anaconda3/latest/lib/python3.6/site-packages/torch/nn/modules/module.py", line 535, in __getattr__
    type(self).__name__, name))
AttributeError: 'ReLU' object has no attribute 'threshold'
srun: error: gpu32: task 0: Exited with exit code 1
srun: Terminating job step 47449626.0
